[2024-11-26T17:53:57.179+0000] {processor.py:186} INFO - Started process (PID=91) to work on /home/airflow/.local/lib/python3.12/site-packages/airflow/example_dags/example_bash_decorator.py
[2024-11-26T17:53:57.180+0000] {processor.py:914} INFO - Processing file /home/airflow/.local/lib/python3.12/site-packages/airflow/example_dags/example_bash_decorator.py for tasks to queue
[2024-11-26T17:53:57.182+0000] {logging_mixin.py:190} INFO - [2024-11-26T17:53:57.181+0000] {dagbag.py:588} INFO - Filling up the DagBag from /home/airflow/.local/lib/python3.12/site-packages/airflow/example_dags/example_bash_decorator.py
[2024-11-26T17:53:57.195+0000] {processor.py:925} INFO - DAG(s) 'example_bash_decorator' retrieved from /home/airflow/.local/lib/python3.12/site-packages/airflow/example_dags/example_bash_decorator.py
[2024-11-26T17:53:57.312+0000] {logging_mixin.py:190} INFO - [2024-11-26T17:53:57.311+0000] {override.py:1911} INFO - Created Permission View: can read on DAG:example_bash_decorator
[2024-11-26T17:53:57.322+0000] {logging_mixin.py:190} INFO - [2024-11-26T17:53:57.321+0000] {override.py:1911} INFO - Created Permission View: can delete on DAG:example_bash_decorator
[2024-11-26T17:53:57.331+0000] {logging_mixin.py:190} INFO - [2024-11-26T17:53:57.331+0000] {override.py:1911} INFO - Created Permission View: can edit on DAG:example_bash_decorator
[2024-11-26T17:53:57.339+0000] {logging_mixin.py:190} INFO - [2024-11-26T17:53:57.339+0000] {override.py:1911} INFO - Created Permission View: can create on DAG Run:example_bash_decorator
[2024-11-26T17:53:57.348+0000] {logging_mixin.py:190} INFO - [2024-11-26T17:53:57.347+0000] {override.py:1911} INFO - Created Permission View: can read on DAG Run:example_bash_decorator
[2024-11-26T17:53:57.357+0000] {logging_mixin.py:190} INFO - [2024-11-26T17:53:57.357+0000] {override.py:1911} INFO - Created Permission View: can delete on DAG Run:example_bash_decorator
[2024-11-26T17:53:57.364+0000] {logging_mixin.py:190} INFO - [2024-11-26T17:53:57.364+0000] {override.py:1911} INFO - Created Permission View: menu access on DAG Run:example_bash_decorator
[2024-11-26T17:53:57.365+0000] {logging_mixin.py:190} INFO - [2024-11-26T17:53:57.365+0000] {dag.py:3239} INFO - Sync 1 DAGs
[2024-11-26T17:53:57.377+0000] {logging_mixin.py:190} INFO - [2024-11-26T17:53:57.377+0000] {dag.py:3262} INFO - Creating ORM DAG for example_bash_decorator
[2024-11-26T17:53:57.378+0000] {logging_mixin.py:190} INFO - [2024-11-26T17:53:57.378+0000] {dag.py:4180} INFO - Setting next_dagrun for example_bash_decorator to None, run_after=None
[2024-11-26T17:53:57.394+0000] {processor.py:208} INFO - Processing /home/airflow/.local/lib/python3.12/site-packages/airflow/example_dags/example_bash_decorator.py took 0.219 seconds
[2024-11-26T17:54:28.206+0000] {processor.py:186} INFO - Started process (PID=154) to work on /home/airflow/.local/lib/python3.12/site-packages/airflow/example_dags/example_bash_decorator.py
[2024-11-26T17:54:28.207+0000] {processor.py:914} INFO - Processing file /home/airflow/.local/lib/python3.12/site-packages/airflow/example_dags/example_bash_decorator.py for tasks to queue
[2024-11-26T17:54:28.209+0000] {logging_mixin.py:190} INFO - [2024-11-26T17:54:28.209+0000] {dagbag.py:588} INFO - Filling up the DagBag from /home/airflow/.local/lib/python3.12/site-packages/airflow/example_dags/example_bash_decorator.py
[2024-11-26T17:54:28.220+0000] {processor.py:925} INFO - DAG(s) 'example_bash_decorator' retrieved from /home/airflow/.local/lib/python3.12/site-packages/airflow/example_dags/example_bash_decorator.py
[2024-11-26T17:54:28.242+0000] {logging_mixin.py:190} INFO - [2024-11-26T17:54:28.242+0000] {dag.py:3239} INFO - Sync 1 DAGs
[2024-11-26T17:54:28.254+0000] {logging_mixin.py:190} INFO - [2024-11-26T17:54:28.253+0000] {dag.py:4180} INFO - Setting next_dagrun for example_bash_decorator to None, run_after=None
[2024-11-26T17:54:28.277+0000] {processor.py:208} INFO - Processing /home/airflow/.local/lib/python3.12/site-packages/airflow/example_dags/example_bash_decorator.py took 0.076 seconds
[2024-11-26T17:54:58.722+0000] {processor.py:186} INFO - Started process (PID=216) to work on /home/airflow/.local/lib/python3.12/site-packages/airflow/example_dags/example_bash_decorator.py
[2024-11-26T17:54:58.722+0000] {processor.py:914} INFO - Processing file /home/airflow/.local/lib/python3.12/site-packages/airflow/example_dags/example_bash_decorator.py for tasks to queue
[2024-11-26T17:54:58.724+0000] {logging_mixin.py:190} INFO - [2024-11-26T17:54:58.724+0000] {dagbag.py:588} INFO - Filling up the DagBag from /home/airflow/.local/lib/python3.12/site-packages/airflow/example_dags/example_bash_decorator.py
[2024-11-26T17:54:58.734+0000] {processor.py:925} INFO - DAG(s) 'example_bash_decorator' retrieved from /home/airflow/.local/lib/python3.12/site-packages/airflow/example_dags/example_bash_decorator.py
[2024-11-26T17:54:58.752+0000] {logging_mixin.py:190} INFO - [2024-11-26T17:54:58.752+0000] {dag.py:3239} INFO - Sync 1 DAGs
[2024-11-26T17:54:58.762+0000] {logging_mixin.py:190} INFO - [2024-11-26T17:54:58.762+0000] {dag.py:4180} INFO - Setting next_dagrun for example_bash_decorator to None, run_after=None
[2024-11-26T17:54:58.777+0000] {processor.py:208} INFO - Processing /home/airflow/.local/lib/python3.12/site-packages/airflow/example_dags/example_bash_decorator.py took 0.059 seconds
[2024-11-26T17:55:29.669+0000] {processor.py:186} INFO - Started process (PID=280) to work on /home/airflow/.local/lib/python3.12/site-packages/airflow/example_dags/example_bash_decorator.py
[2024-11-26T17:55:29.670+0000] {processor.py:914} INFO - Processing file /home/airflow/.local/lib/python3.12/site-packages/airflow/example_dags/example_bash_decorator.py for tasks to queue
[2024-11-26T17:55:29.672+0000] {logging_mixin.py:190} INFO - [2024-11-26T17:55:29.672+0000] {dagbag.py:588} INFO - Filling up the DagBag from /home/airflow/.local/lib/python3.12/site-packages/airflow/example_dags/example_bash_decorator.py
[2024-11-26T17:55:29.687+0000] {processor.py:925} INFO - DAG(s) 'example_bash_decorator' retrieved from /home/airflow/.local/lib/python3.12/site-packages/airflow/example_dags/example_bash_decorator.py
[2024-11-26T17:55:29.707+0000] {logging_mixin.py:190} INFO - [2024-11-26T17:55:29.707+0000] {dag.py:3239} INFO - Sync 1 DAGs
[2024-11-26T17:55:29.718+0000] {logging_mixin.py:190} INFO - [2024-11-26T17:55:29.718+0000] {dag.py:4180} INFO - Setting next_dagrun for example_bash_decorator to None, run_after=None
[2024-11-26T17:55:29.736+0000] {processor.py:208} INFO - Processing /home/airflow/.local/lib/python3.12/site-packages/airflow/example_dags/example_bash_decorator.py took 0.073 seconds
[2024-11-26T17:55:59.876+0000] {processor.py:186} INFO - Started process (PID=342) to work on /home/airflow/.local/lib/python3.12/site-packages/airflow/example_dags/example_bash_decorator.py
[2024-11-26T17:55:59.877+0000] {processor.py:914} INFO - Processing file /home/airflow/.local/lib/python3.12/site-packages/airflow/example_dags/example_bash_decorator.py for tasks to queue
[2024-11-26T17:55:59.879+0000] {logging_mixin.py:190} INFO - [2024-11-26T17:55:59.879+0000] {dagbag.py:588} INFO - Filling up the DagBag from /home/airflow/.local/lib/python3.12/site-packages/airflow/example_dags/example_bash_decorator.py
[2024-11-26T17:55:59.895+0000] {processor.py:925} INFO - DAG(s) 'example_bash_decorator' retrieved from /home/airflow/.local/lib/python3.12/site-packages/airflow/example_dags/example_bash_decorator.py
[2024-11-26T17:55:59.922+0000] {logging_mixin.py:190} INFO - [2024-11-26T17:55:59.922+0000] {dag.py:3239} INFO - Sync 1 DAGs
[2024-11-26T17:55:59.932+0000] {logging_mixin.py:190} INFO - [2024-11-26T17:55:59.932+0000] {dag.py:4180} INFO - Setting next_dagrun for example_bash_decorator to None, run_after=None
[2024-11-26T17:55:59.947+0000] {processor.py:208} INFO - Processing /home/airflow/.local/lib/python3.12/site-packages/airflow/example_dags/example_bash_decorator.py took 0.076 seconds
[2024-11-26T17:56:30.084+0000] {processor.py:186} INFO - Started process (PID=405) to work on /home/airflow/.local/lib/python3.12/site-packages/airflow/example_dags/example_bash_decorator.py
[2024-11-26T17:56:30.084+0000] {processor.py:914} INFO - Processing file /home/airflow/.local/lib/python3.12/site-packages/airflow/example_dags/example_bash_decorator.py for tasks to queue
[2024-11-26T17:56:30.086+0000] {logging_mixin.py:190} INFO - [2024-11-26T17:56:30.086+0000] {dagbag.py:588} INFO - Filling up the DagBag from /home/airflow/.local/lib/python3.12/site-packages/airflow/example_dags/example_bash_decorator.py
[2024-11-26T17:56:30.097+0000] {processor.py:925} INFO - DAG(s) 'example_bash_decorator' retrieved from /home/airflow/.local/lib/python3.12/site-packages/airflow/example_dags/example_bash_decorator.py
[2024-11-26T17:56:30.115+0000] {logging_mixin.py:190} INFO - [2024-11-26T17:56:30.114+0000] {dag.py:3239} INFO - Sync 1 DAGs
[2024-11-26T17:56:30.125+0000] {logging_mixin.py:190} INFO - [2024-11-26T17:56:30.125+0000] {dag.py:4180} INFO - Setting next_dagrun for example_bash_decorator to None, run_after=None
[2024-11-26T17:56:30.139+0000] {processor.py:208} INFO - Processing /home/airflow/.local/lib/python3.12/site-packages/airflow/example_dags/example_bash_decorator.py took 0.060 seconds
[2024-11-26T17:57:00.997+0000] {processor.py:186} INFO - Started process (PID=468) to work on /home/airflow/.local/lib/python3.12/site-packages/airflow/example_dags/example_bash_decorator.py
[2024-11-26T17:57:00.998+0000] {processor.py:914} INFO - Processing file /home/airflow/.local/lib/python3.12/site-packages/airflow/example_dags/example_bash_decorator.py for tasks to queue
[2024-11-26T17:57:01.000+0000] {logging_mixin.py:190} INFO - [2024-11-26T17:57:01.000+0000] {dagbag.py:588} INFO - Filling up the DagBag from /home/airflow/.local/lib/python3.12/site-packages/airflow/example_dags/example_bash_decorator.py
[2024-11-26T17:57:01.011+0000] {processor.py:925} INFO - DAG(s) 'example_bash_decorator' retrieved from /home/airflow/.local/lib/python3.12/site-packages/airflow/example_dags/example_bash_decorator.py
[2024-11-26T17:57:01.029+0000] {logging_mixin.py:190} INFO - [2024-11-26T17:57:01.029+0000] {dag.py:3239} INFO - Sync 1 DAGs
[2024-11-26T17:57:01.040+0000] {logging_mixin.py:190} INFO - [2024-11-26T17:57:01.040+0000] {dag.py:4180} INFO - Setting next_dagrun for example_bash_decorator to None, run_after=None
[2024-11-26T17:57:01.054+0000] {processor.py:208} INFO - Processing /home/airflow/.local/lib/python3.12/site-packages/airflow/example_dags/example_bash_decorator.py took 0.061 seconds
[2024-11-26T17:57:31.985+0000] {processor.py:186} INFO - Started process (PID=531) to work on /home/airflow/.local/lib/python3.12/site-packages/airflow/example_dags/example_bash_decorator.py
[2024-11-26T17:57:31.986+0000] {processor.py:914} INFO - Processing file /home/airflow/.local/lib/python3.12/site-packages/airflow/example_dags/example_bash_decorator.py for tasks to queue
[2024-11-26T17:57:31.988+0000] {logging_mixin.py:190} INFO - [2024-11-26T17:57:31.988+0000] {dagbag.py:588} INFO - Filling up the DagBag from /home/airflow/.local/lib/python3.12/site-packages/airflow/example_dags/example_bash_decorator.py
[2024-11-26T17:57:31.999+0000] {processor.py:925} INFO - DAG(s) 'example_bash_decorator' retrieved from /home/airflow/.local/lib/python3.12/site-packages/airflow/example_dags/example_bash_decorator.py
[2024-11-26T17:57:32.019+0000] {logging_mixin.py:190} INFO - [2024-11-26T17:57:32.018+0000] {dag.py:3239} INFO - Sync 1 DAGs
[2024-11-26T17:57:32.030+0000] {logging_mixin.py:190} INFO - [2024-11-26T17:57:32.030+0000] {dag.py:4180} INFO - Setting next_dagrun for example_bash_decorator to None, run_after=None
[2024-11-26T17:57:32.044+0000] {processor.py:208} INFO - Processing /home/airflow/.local/lib/python3.12/site-packages/airflow/example_dags/example_bash_decorator.py took 0.064 seconds
[2024-11-26T17:58:02.658+0000] {processor.py:186} INFO - Started process (PID=594) to work on /home/airflow/.local/lib/python3.12/site-packages/airflow/example_dags/example_bash_decorator.py
[2024-11-26T17:58:02.659+0000] {processor.py:914} INFO - Processing file /home/airflow/.local/lib/python3.12/site-packages/airflow/example_dags/example_bash_decorator.py for tasks to queue
[2024-11-26T17:58:02.660+0000] {logging_mixin.py:190} INFO - [2024-11-26T17:58:02.660+0000] {dagbag.py:588} INFO - Filling up the DagBag from /home/airflow/.local/lib/python3.12/site-packages/airflow/example_dags/example_bash_decorator.py
[2024-11-26T17:58:02.671+0000] {processor.py:925} INFO - DAG(s) 'example_bash_decorator' retrieved from /home/airflow/.local/lib/python3.12/site-packages/airflow/example_dags/example_bash_decorator.py
[2024-11-26T17:58:02.689+0000] {logging_mixin.py:190} INFO - [2024-11-26T17:58:02.689+0000] {dag.py:3239} INFO - Sync 1 DAGs
[2024-11-26T17:58:02.700+0000] {logging_mixin.py:190} INFO - [2024-11-26T17:58:02.700+0000] {dag.py:4180} INFO - Setting next_dagrun for example_bash_decorator to None, run_after=None
[2024-11-26T17:58:02.714+0000] {processor.py:208} INFO - Processing /home/airflow/.local/lib/python3.12/site-packages/airflow/example_dags/example_bash_decorator.py took 0.060 seconds
[2024-11-26T17:58:32.819+0000] {processor.py:186} INFO - Started process (PID=657) to work on /home/airflow/.local/lib/python3.12/site-packages/airflow/example_dags/example_bash_decorator.py
[2024-11-26T17:58:32.820+0000] {processor.py:914} INFO - Processing file /home/airflow/.local/lib/python3.12/site-packages/airflow/example_dags/example_bash_decorator.py for tasks to queue
[2024-11-26T17:58:32.822+0000] {logging_mixin.py:190} INFO - [2024-11-26T17:58:32.822+0000] {dagbag.py:588} INFO - Filling up the DagBag from /home/airflow/.local/lib/python3.12/site-packages/airflow/example_dags/example_bash_decorator.py
[2024-11-26T17:58:32.844+0000] {processor.py:925} INFO - DAG(s) 'example_bash_decorator' retrieved from /home/airflow/.local/lib/python3.12/site-packages/airflow/example_dags/example_bash_decorator.py
[2024-11-26T17:58:32.865+0000] {logging_mixin.py:190} INFO - [2024-11-26T17:58:32.864+0000] {dag.py:3239} INFO - Sync 1 DAGs
[2024-11-26T17:58:32.876+0000] {logging_mixin.py:190} INFO - [2024-11-26T17:58:32.876+0000] {dag.py:4180} INFO - Setting next_dagrun for example_bash_decorator to None, run_after=None
[2024-11-26T17:58:32.891+0000] {processor.py:208} INFO - Processing /home/airflow/.local/lib/python3.12/site-packages/airflow/example_dags/example_bash_decorator.py took 0.076 seconds
[2024-11-26T17:59:03.352+0000] {processor.py:186} INFO - Started process (PID=719) to work on /home/airflow/.local/lib/python3.12/site-packages/airflow/example_dags/example_bash_decorator.py
[2024-11-26T17:59:03.353+0000] {processor.py:914} INFO - Processing file /home/airflow/.local/lib/python3.12/site-packages/airflow/example_dags/example_bash_decorator.py for tasks to queue
[2024-11-26T17:59:03.354+0000] {logging_mixin.py:190} INFO - [2024-11-26T17:59:03.354+0000] {dagbag.py:588} INFO - Filling up the DagBag from /home/airflow/.local/lib/python3.12/site-packages/airflow/example_dags/example_bash_decorator.py
[2024-11-26T17:59:03.367+0000] {processor.py:925} INFO - DAG(s) 'example_bash_decorator' retrieved from /home/airflow/.local/lib/python3.12/site-packages/airflow/example_dags/example_bash_decorator.py
[2024-11-26T17:59:03.386+0000] {logging_mixin.py:190} INFO - [2024-11-26T17:59:03.386+0000] {dag.py:3239} INFO - Sync 1 DAGs
[2024-11-26T17:59:03.396+0000] {logging_mixin.py:190} INFO - [2024-11-26T17:59:03.396+0000] {dag.py:4180} INFO - Setting next_dagrun for example_bash_decorator to None, run_after=None
[2024-11-26T17:59:03.411+0000] {processor.py:208} INFO - Processing /home/airflow/.local/lib/python3.12/site-packages/airflow/example_dags/example_bash_decorator.py took 0.064 seconds
[2024-11-26T18:06:06.786+0000] {processor.py:186} INFO - Started process (PID=86) to work on /home/airflow/.local/lib/python3.12/site-packages/airflow/example_dags/example_bash_decorator.py
[2024-11-26T18:06:06.787+0000] {processor.py:914} INFO - Processing file /home/airflow/.local/lib/python3.12/site-packages/airflow/example_dags/example_bash_decorator.py for tasks to queue
[2024-11-26T18:06:06.788+0000] {logging_mixin.py:190} INFO - [2024-11-26T18:06:06.788+0000] {dagbag.py:588} INFO - Filling up the DagBag from /home/airflow/.local/lib/python3.12/site-packages/airflow/example_dags/example_bash_decorator.py
[2024-11-26T18:06:06.800+0000] {processor.py:925} INFO - DAG(s) 'example_bash_decorator' retrieved from /home/airflow/.local/lib/python3.12/site-packages/airflow/example_dags/example_bash_decorator.py
[2024-11-26T18:06:06.887+0000] {logging_mixin.py:190} INFO - [2024-11-26T18:06:06.887+0000] {dag.py:3239} INFO - Sync 1 DAGs
[2024-11-26T18:06:06.897+0000] {logging_mixin.py:190} INFO - [2024-11-26T18:06:06.897+0000] {dag.py:4180} INFO - Setting next_dagrun for example_bash_decorator to None, run_after=None
[2024-11-26T18:06:06.913+0000] {processor.py:208} INFO - Processing /home/airflow/.local/lib/python3.12/site-packages/airflow/example_dags/example_bash_decorator.py took 0.131 seconds
[2024-11-26T18:06:37.068+0000] {processor.py:186} INFO - Started process (PID=150) to work on /home/airflow/.local/lib/python3.12/site-packages/airflow/example_dags/example_bash_decorator.py
[2024-11-26T18:06:37.069+0000] {processor.py:914} INFO - Processing file /home/airflow/.local/lib/python3.12/site-packages/airflow/example_dags/example_bash_decorator.py for tasks to queue
[2024-11-26T18:06:37.071+0000] {logging_mixin.py:190} INFO - [2024-11-26T18:06:37.071+0000] {dagbag.py:588} INFO - Filling up the DagBag from /home/airflow/.local/lib/python3.12/site-packages/airflow/example_dags/example_bash_decorator.py
[2024-11-26T18:06:37.081+0000] {processor.py:925} INFO - DAG(s) 'example_bash_decorator' retrieved from /home/airflow/.local/lib/python3.12/site-packages/airflow/example_dags/example_bash_decorator.py
[2024-11-26T18:06:37.099+0000] {logging_mixin.py:190} INFO - [2024-11-26T18:06:37.099+0000] {dag.py:3239} INFO - Sync 1 DAGs
[2024-11-26T18:06:37.111+0000] {logging_mixin.py:190} INFO - [2024-11-26T18:06:37.110+0000] {dag.py:4180} INFO - Setting next_dagrun for example_bash_decorator to None, run_after=None
[2024-11-26T18:06:37.124+0000] {processor.py:208} INFO - Processing /home/airflow/.local/lib/python3.12/site-packages/airflow/example_dags/example_bash_decorator.py took 0.059 seconds
[2024-11-26T18:07:07.301+0000] {processor.py:186} INFO - Started process (PID=213) to work on /home/airflow/.local/lib/python3.12/site-packages/airflow/example_dags/example_bash_decorator.py
[2024-11-26T18:07:07.301+0000] {processor.py:914} INFO - Processing file /home/airflow/.local/lib/python3.12/site-packages/airflow/example_dags/example_bash_decorator.py for tasks to queue
[2024-11-26T18:07:07.303+0000] {logging_mixin.py:190} INFO - [2024-11-26T18:07:07.303+0000] {dagbag.py:588} INFO - Filling up the DagBag from /home/airflow/.local/lib/python3.12/site-packages/airflow/example_dags/example_bash_decorator.py
[2024-11-26T18:07:07.314+0000] {processor.py:925} INFO - DAG(s) 'example_bash_decorator' retrieved from /home/airflow/.local/lib/python3.12/site-packages/airflow/example_dags/example_bash_decorator.py
[2024-11-26T18:07:07.333+0000] {logging_mixin.py:190} INFO - [2024-11-26T18:07:07.333+0000] {dag.py:3239} INFO - Sync 1 DAGs
[2024-11-26T18:07:07.344+0000] {logging_mixin.py:190} INFO - [2024-11-26T18:07:07.344+0000] {dag.py:4180} INFO - Setting next_dagrun for example_bash_decorator to None, run_after=None
[2024-11-26T18:07:07.359+0000] {processor.py:208} INFO - Processing /home/airflow/.local/lib/python3.12/site-packages/airflow/example_dags/example_bash_decorator.py took 0.063 seconds
[2024-11-26T18:07:38.012+0000] {processor.py:186} INFO - Started process (PID=277) to work on /home/airflow/.local/lib/python3.12/site-packages/airflow/example_dags/example_bash_decorator.py
[2024-11-26T18:07:38.013+0000] {processor.py:914} INFO - Processing file /home/airflow/.local/lib/python3.12/site-packages/airflow/example_dags/example_bash_decorator.py for tasks to queue
[2024-11-26T18:07:38.016+0000] {logging_mixin.py:190} INFO - [2024-11-26T18:07:38.015+0000] {dagbag.py:588} INFO - Filling up the DagBag from /home/airflow/.local/lib/python3.12/site-packages/airflow/example_dags/example_bash_decorator.py
[2024-11-26T18:07:38.027+0000] {processor.py:925} INFO - DAG(s) 'example_bash_decorator' retrieved from /home/airflow/.local/lib/python3.12/site-packages/airflow/example_dags/example_bash_decorator.py
[2024-11-26T18:07:38.046+0000] {logging_mixin.py:190} INFO - [2024-11-26T18:07:38.045+0000] {dag.py:3239} INFO - Sync 1 DAGs
[2024-11-26T18:07:38.057+0000] {logging_mixin.py:190} INFO - [2024-11-26T18:07:38.056+0000] {dag.py:4180} INFO - Setting next_dagrun for example_bash_decorator to None, run_after=None
[2024-11-26T18:07:38.070+0000] {processor.py:208} INFO - Processing /home/airflow/.local/lib/python3.12/site-packages/airflow/example_dags/example_bash_decorator.py took 0.063 seconds
[2024-11-26T18:08:08.418+0000] {processor.py:186} INFO - Started process (PID=340) to work on /home/airflow/.local/lib/python3.12/site-packages/airflow/example_dags/example_bash_decorator.py
[2024-11-26T18:08:08.419+0000] {processor.py:914} INFO - Processing file /home/airflow/.local/lib/python3.12/site-packages/airflow/example_dags/example_bash_decorator.py for tasks to queue
[2024-11-26T18:08:08.421+0000] {logging_mixin.py:190} INFO - [2024-11-26T18:08:08.421+0000] {dagbag.py:588} INFO - Filling up the DagBag from /home/airflow/.local/lib/python3.12/site-packages/airflow/example_dags/example_bash_decorator.py
[2024-11-26T18:08:08.431+0000] {processor.py:925} INFO - DAG(s) 'example_bash_decorator' retrieved from /home/airflow/.local/lib/python3.12/site-packages/airflow/example_dags/example_bash_decorator.py
[2024-11-26T18:08:08.450+0000] {logging_mixin.py:190} INFO - [2024-11-26T18:08:08.449+0000] {dag.py:3239} INFO - Sync 1 DAGs
[2024-11-26T18:08:08.461+0000] {logging_mixin.py:190} INFO - [2024-11-26T18:08:08.461+0000] {dag.py:4180} INFO - Setting next_dagrun for example_bash_decorator to None, run_after=None
[2024-11-26T18:08:08.474+0000] {processor.py:208} INFO - Processing /home/airflow/.local/lib/python3.12/site-packages/airflow/example_dags/example_bash_decorator.py took 0.060 seconds
[2024-11-26T18:08:39.129+0000] {processor.py:186} INFO - Started process (PID=404) to work on /home/airflow/.local/lib/python3.12/site-packages/airflow/example_dags/example_bash_decorator.py
[2024-11-26T18:08:39.129+0000] {processor.py:914} INFO - Processing file /home/airflow/.local/lib/python3.12/site-packages/airflow/example_dags/example_bash_decorator.py for tasks to queue
[2024-11-26T18:08:39.131+0000] {logging_mixin.py:190} INFO - [2024-11-26T18:08:39.131+0000] {dagbag.py:588} INFO - Filling up the DagBag from /home/airflow/.local/lib/python3.12/site-packages/airflow/example_dags/example_bash_decorator.py
[2024-11-26T18:08:39.142+0000] {processor.py:925} INFO - DAG(s) 'example_bash_decorator' retrieved from /home/airflow/.local/lib/python3.12/site-packages/airflow/example_dags/example_bash_decorator.py
[2024-11-26T18:08:39.159+0000] {logging_mixin.py:190} INFO - [2024-11-26T18:08:39.159+0000] {dag.py:3239} INFO - Sync 1 DAGs
[2024-11-26T18:08:39.169+0000] {logging_mixin.py:190} INFO - [2024-11-26T18:08:39.169+0000] {dag.py:4180} INFO - Setting next_dagrun for example_bash_decorator to None, run_after=None
[2024-11-26T18:08:39.184+0000] {processor.py:208} INFO - Processing /home/airflow/.local/lib/python3.12/site-packages/airflow/example_dags/example_bash_decorator.py took 0.060 seconds
[2024-11-26T18:09:10.065+0000] {processor.py:186} INFO - Started process (PID=470) to work on /home/airflow/.local/lib/python3.12/site-packages/airflow/example_dags/example_bash_decorator.py
[2024-11-26T18:09:10.066+0000] {processor.py:914} INFO - Processing file /home/airflow/.local/lib/python3.12/site-packages/airflow/example_dags/example_bash_decorator.py for tasks to queue
[2024-11-26T18:09:10.067+0000] {logging_mixin.py:190} INFO - [2024-11-26T18:09:10.067+0000] {dagbag.py:588} INFO - Filling up the DagBag from /home/airflow/.local/lib/python3.12/site-packages/airflow/example_dags/example_bash_decorator.py
[2024-11-26T18:09:10.078+0000] {processor.py:925} INFO - DAG(s) 'example_bash_decorator' retrieved from /home/airflow/.local/lib/python3.12/site-packages/airflow/example_dags/example_bash_decorator.py
[2024-11-26T18:09:10.100+0000] {logging_mixin.py:190} INFO - [2024-11-26T18:09:10.100+0000] {dag.py:3239} INFO - Sync 1 DAGs
[2024-11-26T18:09:10.110+0000] {logging_mixin.py:190} INFO - [2024-11-26T18:09:10.110+0000] {dag.py:4180} INFO - Setting next_dagrun for example_bash_decorator to None, run_after=None
[2024-11-26T18:09:10.124+0000] {processor.py:208} INFO - Processing /home/airflow/.local/lib/python3.12/site-packages/airflow/example_dags/example_bash_decorator.py took 0.062 seconds
[2024-11-26T18:09:40.330+0000] {processor.py:186} INFO - Started process (PID=533) to work on /home/airflow/.local/lib/python3.12/site-packages/airflow/example_dags/example_bash_decorator.py
[2024-11-26T18:09:40.331+0000] {processor.py:914} INFO - Processing file /home/airflow/.local/lib/python3.12/site-packages/airflow/example_dags/example_bash_decorator.py for tasks to queue
[2024-11-26T18:09:40.332+0000] {logging_mixin.py:190} INFO - [2024-11-26T18:09:40.332+0000] {dagbag.py:588} INFO - Filling up the DagBag from /home/airflow/.local/lib/python3.12/site-packages/airflow/example_dags/example_bash_decorator.py
[2024-11-26T18:09:40.346+0000] {processor.py:925} INFO - DAG(s) 'example_bash_decorator' retrieved from /home/airflow/.local/lib/python3.12/site-packages/airflow/example_dags/example_bash_decorator.py
[2024-11-26T18:09:40.367+0000] {logging_mixin.py:190} INFO - [2024-11-26T18:09:40.367+0000] {dag.py:3239} INFO - Sync 1 DAGs
[2024-11-26T18:09:40.379+0000] {logging_mixin.py:190} INFO - [2024-11-26T18:09:40.379+0000] {dag.py:4180} INFO - Setting next_dagrun for example_bash_decorator to None, run_after=None
[2024-11-26T18:09:40.395+0000] {processor.py:208} INFO - Processing /home/airflow/.local/lib/python3.12/site-packages/airflow/example_dags/example_bash_decorator.py took 0.069 seconds
[2024-11-26T18:10:11.035+0000] {processor.py:186} INFO - Started process (PID=596) to work on /home/airflow/.local/lib/python3.12/site-packages/airflow/example_dags/example_bash_decorator.py
[2024-11-26T18:10:11.036+0000] {processor.py:914} INFO - Processing file /home/airflow/.local/lib/python3.12/site-packages/airflow/example_dags/example_bash_decorator.py for tasks to queue
[2024-11-26T18:10:11.037+0000] {logging_mixin.py:190} INFO - [2024-11-26T18:10:11.037+0000] {dagbag.py:588} INFO - Filling up the DagBag from /home/airflow/.local/lib/python3.12/site-packages/airflow/example_dags/example_bash_decorator.py
[2024-11-26T18:10:11.050+0000] {processor.py:925} INFO - DAG(s) 'example_bash_decorator' retrieved from /home/airflow/.local/lib/python3.12/site-packages/airflow/example_dags/example_bash_decorator.py
[2024-11-26T18:10:11.067+0000] {logging_mixin.py:190} INFO - [2024-11-26T18:10:11.066+0000] {dag.py:3239} INFO - Sync 1 DAGs
[2024-11-26T18:10:11.079+0000] {logging_mixin.py:190} INFO - [2024-11-26T18:10:11.078+0000] {dag.py:4180} INFO - Setting next_dagrun for example_bash_decorator to None, run_after=None
[2024-11-26T18:10:11.093+0000] {processor.py:208} INFO - Processing /home/airflow/.local/lib/python3.12/site-packages/airflow/example_dags/example_bash_decorator.py took 0.063 seconds
[2024-11-26T18:10:41.171+0000] {processor.py:186} INFO - Started process (PID=659) to work on /home/airflow/.local/lib/python3.12/site-packages/airflow/example_dags/example_bash_decorator.py
[2024-11-26T18:10:41.171+0000] {processor.py:914} INFO - Processing file /home/airflow/.local/lib/python3.12/site-packages/airflow/example_dags/example_bash_decorator.py for tasks to queue
[2024-11-26T18:10:41.172+0000] {logging_mixin.py:190} INFO - [2024-11-26T18:10:41.172+0000] {dagbag.py:588} INFO - Filling up the DagBag from /home/airflow/.local/lib/python3.12/site-packages/airflow/example_dags/example_bash_decorator.py
[2024-11-26T18:10:41.183+0000] {processor.py:925} INFO - DAG(s) 'example_bash_decorator' retrieved from /home/airflow/.local/lib/python3.12/site-packages/airflow/example_dags/example_bash_decorator.py
[2024-11-26T18:10:41.200+0000] {logging_mixin.py:190} INFO - [2024-11-26T18:10:41.200+0000] {dag.py:3239} INFO - Sync 1 DAGs
[2024-11-26T18:10:41.211+0000] {logging_mixin.py:190} INFO - [2024-11-26T18:10:41.211+0000] {dag.py:4180} INFO - Setting next_dagrun for example_bash_decorator to None, run_after=None
[2024-11-26T18:10:41.226+0000] {processor.py:208} INFO - Processing /home/airflow/.local/lib/python3.12/site-packages/airflow/example_dags/example_bash_decorator.py took 0.059 seconds
[2024-11-26T18:11:11.361+0000] {processor.py:186} INFO - Started process (PID=723) to work on /home/airflow/.local/lib/python3.12/site-packages/airflow/example_dags/example_bash_decorator.py
[2024-11-26T18:11:11.362+0000] {processor.py:914} INFO - Processing file /home/airflow/.local/lib/python3.12/site-packages/airflow/example_dags/example_bash_decorator.py for tasks to queue
[2024-11-26T18:11:11.363+0000] {logging_mixin.py:190} INFO - [2024-11-26T18:11:11.363+0000] {dagbag.py:588} INFO - Filling up the DagBag from /home/airflow/.local/lib/python3.12/site-packages/airflow/example_dags/example_bash_decorator.py
[2024-11-26T18:11:11.374+0000] {processor.py:925} INFO - DAG(s) 'example_bash_decorator' retrieved from /home/airflow/.local/lib/python3.12/site-packages/airflow/example_dags/example_bash_decorator.py
[2024-11-26T18:11:11.391+0000] {logging_mixin.py:190} INFO - [2024-11-26T18:11:11.391+0000] {dag.py:3239} INFO - Sync 1 DAGs
[2024-11-26T18:11:11.402+0000] {logging_mixin.py:190} INFO - [2024-11-26T18:11:11.402+0000] {dag.py:4180} INFO - Setting next_dagrun for example_bash_decorator to None, run_after=None
[2024-11-26T18:11:11.417+0000] {processor.py:208} INFO - Processing /home/airflow/.local/lib/python3.12/site-packages/airflow/example_dags/example_bash_decorator.py took 0.059 seconds
[2024-11-26T18:12:31.380+0000] {processor.py:186} INFO - Started process (PID=74) to work on /home/airflow/.local/lib/python3.12/site-packages/airflow/example_dags/example_bash_decorator.py
[2024-11-26T18:12:31.381+0000] {processor.py:914} INFO - Processing file /home/airflow/.local/lib/python3.12/site-packages/airflow/example_dags/example_bash_decorator.py for tasks to queue
[2024-11-26T18:12:31.384+0000] {logging_mixin.py:190} INFO - [2024-11-26T18:12:31.384+0000] {dagbag.py:588} INFO - Filling up the DagBag from /home/airflow/.local/lib/python3.12/site-packages/airflow/example_dags/example_bash_decorator.py
[2024-11-26T18:12:31.398+0000] {processor.py:925} INFO - DAG(s) 'example_bash_decorator' retrieved from /home/airflow/.local/lib/python3.12/site-packages/airflow/example_dags/example_bash_decorator.py
[2024-11-26T18:12:31.519+0000] {logging_mixin.py:190} INFO - [2024-11-26T18:12:31.519+0000] {dag.py:3239} INFO - Sync 1 DAGs
[2024-11-26T18:12:31.533+0000] {logging_mixin.py:190} INFO - [2024-11-26T18:12:31.532+0000] {dag.py:4180} INFO - Setting next_dagrun for example_bash_decorator to None, run_after=None
[2024-11-26T18:12:31.552+0000] {processor.py:208} INFO - Processing /home/airflow/.local/lib/python3.12/site-packages/airflow/example_dags/example_bash_decorator.py took 0.177 seconds
[2024-11-26T18:13:01.677+0000] {processor.py:186} INFO - Started process (PID=137) to work on /home/airflow/.local/lib/python3.12/site-packages/airflow/example_dags/example_bash_decorator.py
[2024-11-26T18:13:01.678+0000] {processor.py:914} INFO - Processing file /home/airflow/.local/lib/python3.12/site-packages/airflow/example_dags/example_bash_decorator.py for tasks to queue
[2024-11-26T18:13:01.679+0000] {logging_mixin.py:190} INFO - [2024-11-26T18:13:01.679+0000] {dagbag.py:588} INFO - Filling up the DagBag from /home/airflow/.local/lib/python3.12/site-packages/airflow/example_dags/example_bash_decorator.py
[2024-11-26T18:13:01.690+0000] {processor.py:925} INFO - DAG(s) 'example_bash_decorator' retrieved from /home/airflow/.local/lib/python3.12/site-packages/airflow/example_dags/example_bash_decorator.py
[2024-11-26T18:13:01.710+0000] {logging_mixin.py:190} INFO - [2024-11-26T18:13:01.709+0000] {dag.py:3239} INFO - Sync 1 DAGs
[2024-11-26T18:13:01.721+0000] {logging_mixin.py:190} INFO - [2024-11-26T18:13:01.721+0000] {dag.py:4180} INFO - Setting next_dagrun for example_bash_decorator to None, run_after=None
[2024-11-26T18:13:01.736+0000] {processor.py:208} INFO - Processing /home/airflow/.local/lib/python3.12/site-packages/airflow/example_dags/example_bash_decorator.py took 0.064 seconds
[2024-11-26T18:13:32.402+0000] {processor.py:186} INFO - Started process (PID=207) to work on /home/airflow/.local/lib/python3.12/site-packages/airflow/example_dags/example_bash_decorator.py
[2024-11-26T18:13:32.402+0000] {processor.py:914} INFO - Processing file /home/airflow/.local/lib/python3.12/site-packages/airflow/example_dags/example_bash_decorator.py for tasks to queue
[2024-11-26T18:13:32.404+0000] {logging_mixin.py:190} INFO - [2024-11-26T18:13:32.404+0000] {dagbag.py:588} INFO - Filling up the DagBag from /home/airflow/.local/lib/python3.12/site-packages/airflow/example_dags/example_bash_decorator.py
[2024-11-26T18:13:32.414+0000] {processor.py:925} INFO - DAG(s) 'example_bash_decorator' retrieved from /home/airflow/.local/lib/python3.12/site-packages/airflow/example_dags/example_bash_decorator.py
[2024-11-26T18:13:32.431+0000] {logging_mixin.py:190} INFO - [2024-11-26T18:13:32.431+0000] {dag.py:3239} INFO - Sync 1 DAGs
[2024-11-26T18:13:32.442+0000] {logging_mixin.py:190} INFO - [2024-11-26T18:13:32.442+0000] {dag.py:4180} INFO - Setting next_dagrun for example_bash_decorator to None, run_after=None
[2024-11-26T18:13:32.456+0000] {processor.py:208} INFO - Processing /home/airflow/.local/lib/python3.12/site-packages/airflow/example_dags/example_bash_decorator.py took 0.058 seconds
[2024-11-26T18:14:03.298+0000] {processor.py:186} INFO - Started process (PID=271) to work on /home/airflow/.local/lib/python3.12/site-packages/airflow/example_dags/example_bash_decorator.py
[2024-11-26T18:14:03.299+0000] {processor.py:914} INFO - Processing file /home/airflow/.local/lib/python3.12/site-packages/airflow/example_dags/example_bash_decorator.py for tasks to queue
[2024-11-26T18:14:03.301+0000] {logging_mixin.py:190} INFO - [2024-11-26T18:14:03.301+0000] {dagbag.py:588} INFO - Filling up the DagBag from /home/airflow/.local/lib/python3.12/site-packages/airflow/example_dags/example_bash_decorator.py
[2024-11-26T18:14:03.312+0000] {processor.py:925} INFO - DAG(s) 'example_bash_decorator' retrieved from /home/airflow/.local/lib/python3.12/site-packages/airflow/example_dags/example_bash_decorator.py
[2024-11-26T18:14:03.330+0000] {logging_mixin.py:190} INFO - [2024-11-26T18:14:03.330+0000] {dag.py:3239} INFO - Sync 1 DAGs
[2024-11-26T18:14:03.341+0000] {logging_mixin.py:190} INFO - [2024-11-26T18:14:03.340+0000] {dag.py:4180} INFO - Setting next_dagrun for example_bash_decorator to None, run_after=None
[2024-11-26T18:14:03.356+0000] {processor.py:208} INFO - Processing /home/airflow/.local/lib/python3.12/site-packages/airflow/example_dags/example_bash_decorator.py took 0.062 seconds
[2024-11-26T18:14:33.769+0000] {processor.py:186} INFO - Started process (PID=335) to work on /home/airflow/.local/lib/python3.12/site-packages/airflow/example_dags/example_bash_decorator.py
[2024-11-26T18:14:33.770+0000] {processor.py:914} INFO - Processing file /home/airflow/.local/lib/python3.12/site-packages/airflow/example_dags/example_bash_decorator.py for tasks to queue
[2024-11-26T18:14:33.772+0000] {logging_mixin.py:190} INFO - [2024-11-26T18:14:33.772+0000] {dagbag.py:588} INFO - Filling up the DagBag from /home/airflow/.local/lib/python3.12/site-packages/airflow/example_dags/example_bash_decorator.py
[2024-11-26T18:14:33.783+0000] {processor.py:925} INFO - DAG(s) 'example_bash_decorator' retrieved from /home/airflow/.local/lib/python3.12/site-packages/airflow/example_dags/example_bash_decorator.py
[2024-11-26T18:14:33.809+0000] {logging_mixin.py:190} INFO - [2024-11-26T18:14:33.809+0000] {dag.py:3239} INFO - Sync 1 DAGs
[2024-11-26T18:14:33.820+0000] {logging_mixin.py:190} INFO - [2024-11-26T18:14:33.820+0000] {dag.py:4180} INFO - Setting next_dagrun for example_bash_decorator to None, run_after=None
[2024-11-26T18:14:33.836+0000] {processor.py:208} INFO - Processing /home/airflow/.local/lib/python3.12/site-packages/airflow/example_dags/example_bash_decorator.py took 0.070 seconds
[2024-11-26T18:15:04.493+0000] {processor.py:186} INFO - Started process (PID=399) to work on /home/airflow/.local/lib/python3.12/site-packages/airflow/example_dags/example_bash_decorator.py
[2024-11-26T18:15:04.494+0000] {processor.py:914} INFO - Processing file /home/airflow/.local/lib/python3.12/site-packages/airflow/example_dags/example_bash_decorator.py for tasks to queue
[2024-11-26T18:15:04.495+0000] {logging_mixin.py:190} INFO - [2024-11-26T18:15:04.495+0000] {dagbag.py:588} INFO - Filling up the DagBag from /home/airflow/.local/lib/python3.12/site-packages/airflow/example_dags/example_bash_decorator.py
[2024-11-26T18:15:04.506+0000] {processor.py:925} INFO - DAG(s) 'example_bash_decorator' retrieved from /home/airflow/.local/lib/python3.12/site-packages/airflow/example_dags/example_bash_decorator.py
[2024-11-26T18:15:04.526+0000] {logging_mixin.py:190} INFO - [2024-11-26T18:15:04.525+0000] {dag.py:3239} INFO - Sync 1 DAGs
[2024-11-26T18:15:04.536+0000] {logging_mixin.py:190} INFO - [2024-11-26T18:15:04.536+0000] {dag.py:4180} INFO - Setting next_dagrun for example_bash_decorator to None, run_after=None
[2024-11-26T18:15:04.551+0000] {processor.py:208} INFO - Processing /home/airflow/.local/lib/python3.12/site-packages/airflow/example_dags/example_bash_decorator.py took 0.061 seconds
[2024-11-26T18:15:35.246+0000] {processor.py:186} INFO - Started process (PID=463) to work on /home/airflow/.local/lib/python3.12/site-packages/airflow/example_dags/example_bash_decorator.py
[2024-11-26T18:15:35.247+0000] {processor.py:914} INFO - Processing file /home/airflow/.local/lib/python3.12/site-packages/airflow/example_dags/example_bash_decorator.py for tasks to queue
[2024-11-26T18:15:35.249+0000] {logging_mixin.py:190} INFO - [2024-11-26T18:15:35.248+0000] {dagbag.py:588} INFO - Filling up the DagBag from /home/airflow/.local/lib/python3.12/site-packages/airflow/example_dags/example_bash_decorator.py
[2024-11-26T18:15:35.259+0000] {processor.py:925} INFO - DAG(s) 'example_bash_decorator' retrieved from /home/airflow/.local/lib/python3.12/site-packages/airflow/example_dags/example_bash_decorator.py
[2024-11-26T18:15:35.278+0000] {logging_mixin.py:190} INFO - [2024-11-26T18:15:35.278+0000] {dag.py:3239} INFO - Sync 1 DAGs
[2024-11-26T18:15:35.289+0000] {logging_mixin.py:190} INFO - [2024-11-26T18:15:35.288+0000] {dag.py:4180} INFO - Setting next_dagrun for example_bash_decorator to None, run_after=None
[2024-11-26T18:15:35.304+0000] {processor.py:208} INFO - Processing /home/airflow/.local/lib/python3.12/site-packages/airflow/example_dags/example_bash_decorator.py took 0.062 seconds
[2024-11-26T18:16:06.092+0000] {processor.py:186} INFO - Started process (PID=527) to work on /home/airflow/.local/lib/python3.12/site-packages/airflow/example_dags/example_bash_decorator.py
[2024-11-26T18:16:06.092+0000] {processor.py:914} INFO - Processing file /home/airflow/.local/lib/python3.12/site-packages/airflow/example_dags/example_bash_decorator.py for tasks to queue
[2024-11-26T18:16:06.094+0000] {logging_mixin.py:190} INFO - [2024-11-26T18:16:06.093+0000] {dagbag.py:588} INFO - Filling up the DagBag from /home/airflow/.local/lib/python3.12/site-packages/airflow/example_dags/example_bash_decorator.py
[2024-11-26T18:16:06.104+0000] {processor.py:925} INFO - DAG(s) 'example_bash_decorator' retrieved from /home/airflow/.local/lib/python3.12/site-packages/airflow/example_dags/example_bash_decorator.py
[2024-11-26T18:16:06.122+0000] {logging_mixin.py:190} INFO - [2024-11-26T18:16:06.121+0000] {dag.py:3239} INFO - Sync 1 DAGs
[2024-11-26T18:16:06.132+0000] {logging_mixin.py:190} INFO - [2024-11-26T18:16:06.132+0000] {dag.py:4180} INFO - Setting next_dagrun for example_bash_decorator to None, run_after=None
[2024-11-26T18:16:06.145+0000] {processor.py:208} INFO - Processing /home/airflow/.local/lib/python3.12/site-packages/airflow/example_dags/example_bash_decorator.py took 0.058 seconds
[2024-11-26T18:16:36.456+0000] {processor.py:186} INFO - Started process (PID=591) to work on /home/airflow/.local/lib/python3.12/site-packages/airflow/example_dags/example_bash_decorator.py
[2024-11-26T18:16:36.457+0000] {processor.py:914} INFO - Processing file /home/airflow/.local/lib/python3.12/site-packages/airflow/example_dags/example_bash_decorator.py for tasks to queue
[2024-11-26T18:16:36.459+0000] {logging_mixin.py:190} INFO - [2024-11-26T18:16:36.459+0000] {dagbag.py:588} INFO - Filling up the DagBag from /home/airflow/.local/lib/python3.12/site-packages/airflow/example_dags/example_bash_decorator.py
[2024-11-26T18:16:36.469+0000] {processor.py:925} INFO - DAG(s) 'example_bash_decorator' retrieved from /home/airflow/.local/lib/python3.12/site-packages/airflow/example_dags/example_bash_decorator.py
[2024-11-26T18:16:36.486+0000] {logging_mixin.py:190} INFO - [2024-11-26T18:16:36.486+0000] {dag.py:3239} INFO - Sync 1 DAGs
[2024-11-26T18:16:36.497+0000] {logging_mixin.py:190} INFO - [2024-11-26T18:16:36.496+0000] {dag.py:4180} INFO - Setting next_dagrun for example_bash_decorator to None, run_after=None
[2024-11-26T18:16:36.511+0000] {processor.py:208} INFO - Processing /home/airflow/.local/lib/python3.12/site-packages/airflow/example_dags/example_bash_decorator.py took 0.058 seconds
[2024-11-26T18:17:07.201+0000] {processor.py:186} INFO - Started process (PID=654) to work on /home/airflow/.local/lib/python3.12/site-packages/airflow/example_dags/example_bash_decorator.py
[2024-11-26T18:17:07.202+0000] {processor.py:914} INFO - Processing file /home/airflow/.local/lib/python3.12/site-packages/airflow/example_dags/example_bash_decorator.py for tasks to queue
[2024-11-26T18:17:07.204+0000] {logging_mixin.py:190} INFO - [2024-11-26T18:17:07.204+0000] {dagbag.py:588} INFO - Filling up the DagBag from /home/airflow/.local/lib/python3.12/site-packages/airflow/example_dags/example_bash_decorator.py
[2024-11-26T18:17:07.215+0000] {processor.py:925} INFO - DAG(s) 'example_bash_decorator' retrieved from /home/airflow/.local/lib/python3.12/site-packages/airflow/example_dags/example_bash_decorator.py
[2024-11-26T18:17:07.233+0000] {logging_mixin.py:190} INFO - [2024-11-26T18:17:07.233+0000] {dag.py:3239} INFO - Sync 1 DAGs
[2024-11-26T18:17:07.244+0000] {logging_mixin.py:190} INFO - [2024-11-26T18:17:07.244+0000] {dag.py:4180} INFO - Setting next_dagrun for example_bash_decorator to None, run_after=None
[2024-11-26T18:17:07.259+0000] {processor.py:208} INFO - Processing /home/airflow/.local/lib/python3.12/site-packages/airflow/example_dags/example_bash_decorator.py took 0.062 seconds
[2024-11-26T18:17:37.910+0000] {processor.py:186} INFO - Started process (PID=718) to work on /home/airflow/.local/lib/python3.12/site-packages/airflow/example_dags/example_bash_decorator.py
[2024-11-26T18:17:37.911+0000] {processor.py:914} INFO - Processing file /home/airflow/.local/lib/python3.12/site-packages/airflow/example_dags/example_bash_decorator.py for tasks to queue
[2024-11-26T18:17:37.912+0000] {logging_mixin.py:190} INFO - [2024-11-26T18:17:37.912+0000] {dagbag.py:588} INFO - Filling up the DagBag from /home/airflow/.local/lib/python3.12/site-packages/airflow/example_dags/example_bash_decorator.py
[2024-11-26T18:17:37.924+0000] {processor.py:925} INFO - DAG(s) 'example_bash_decorator' retrieved from /home/airflow/.local/lib/python3.12/site-packages/airflow/example_dags/example_bash_decorator.py
[2024-11-26T18:17:37.941+0000] {logging_mixin.py:190} INFO - [2024-11-26T18:17:37.941+0000] {dag.py:3239} INFO - Sync 1 DAGs
[2024-11-26T18:17:37.952+0000] {logging_mixin.py:190} INFO - [2024-11-26T18:17:37.952+0000] {dag.py:4180} INFO - Setting next_dagrun for example_bash_decorator to None, run_after=None
[2024-11-26T18:17:37.965+0000] {processor.py:208} INFO - Processing /home/airflow/.local/lib/python3.12/site-packages/airflow/example_dags/example_bash_decorator.py took 0.059 seconds
[2024-11-26T18:18:08.838+0000] {processor.py:186} INFO - Started process (PID=782) to work on /home/airflow/.local/lib/python3.12/site-packages/airflow/example_dags/example_bash_decorator.py
[2024-11-26T18:18:08.839+0000] {processor.py:914} INFO - Processing file /home/airflow/.local/lib/python3.12/site-packages/airflow/example_dags/example_bash_decorator.py for tasks to queue
[2024-11-26T18:18:08.841+0000] {logging_mixin.py:190} INFO - [2024-11-26T18:18:08.840+0000] {dagbag.py:588} INFO - Filling up the DagBag from /home/airflow/.local/lib/python3.12/site-packages/airflow/example_dags/example_bash_decorator.py
[2024-11-26T18:18:08.851+0000] {processor.py:925} INFO - DAG(s) 'example_bash_decorator' retrieved from /home/airflow/.local/lib/python3.12/site-packages/airflow/example_dags/example_bash_decorator.py
[2024-11-26T18:18:08.869+0000] {logging_mixin.py:190} INFO - [2024-11-26T18:18:08.869+0000] {dag.py:3239} INFO - Sync 1 DAGs
[2024-11-26T18:18:08.880+0000] {logging_mixin.py:190} INFO - [2024-11-26T18:18:08.880+0000] {dag.py:4180} INFO - Setting next_dagrun for example_bash_decorator to None, run_after=None
[2024-11-26T18:18:08.893+0000] {processor.py:208} INFO - Processing /home/airflow/.local/lib/python3.12/site-packages/airflow/example_dags/example_bash_decorator.py took 0.059 seconds
[2024-11-26T18:44:10.936+0000] {processor.py:186} INFO - Started process (PID=97) to work on /home/airflow/.local/lib/python3.12/site-packages/airflow/example_dags/example_bash_decorator.py
[2024-11-26T18:44:10.937+0000] {processor.py:914} INFO - Processing file /home/airflow/.local/lib/python3.12/site-packages/airflow/example_dags/example_bash_decorator.py for tasks to queue
[2024-11-26T18:44:10.940+0000] {logging_mixin.py:190} INFO - [2024-11-26T18:44:10.939+0000] {dagbag.py:588} INFO - Filling up the DagBag from /home/airflow/.local/lib/python3.12/site-packages/airflow/example_dags/example_bash_decorator.py
[2024-11-26T18:44:10.953+0000] {processor.py:925} INFO - DAG(s) 'example_bash_decorator' retrieved from /home/airflow/.local/lib/python3.12/site-packages/airflow/example_dags/example_bash_decorator.py
[2024-11-26T18:44:11.049+0000] {logging_mixin.py:190} INFO - [2024-11-26T18:44:11.049+0000] {dag.py:3239} INFO - Sync 1 DAGs
[2024-11-26T18:44:11.061+0000] {logging_mixin.py:190} INFO - [2024-11-26T18:44:11.061+0000] {dag.py:4180} INFO - Setting next_dagrun for example_bash_decorator to None, run_after=None
[2024-11-26T18:44:11.078+0000] {processor.py:208} INFO - Processing /home/airflow/.local/lib/python3.12/site-packages/airflow/example_dags/example_bash_decorator.py took 0.147 seconds
[2024-11-26T18:44:41.425+0000] {processor.py:186} INFO - Started process (PID=172) to work on /home/airflow/.local/lib/python3.12/site-packages/airflow/example_dags/example_bash_decorator.py
[2024-11-26T18:44:41.425+0000] {processor.py:914} INFO - Processing file /home/airflow/.local/lib/python3.12/site-packages/airflow/example_dags/example_bash_decorator.py for tasks to queue
[2024-11-26T18:44:41.427+0000] {logging_mixin.py:190} INFO - [2024-11-26T18:44:41.427+0000] {dagbag.py:588} INFO - Filling up the DagBag from /home/airflow/.local/lib/python3.12/site-packages/airflow/example_dags/example_bash_decorator.py
[2024-11-26T18:44:41.438+0000] {processor.py:925} INFO - DAG(s) 'example_bash_decorator' retrieved from /home/airflow/.local/lib/python3.12/site-packages/airflow/example_dags/example_bash_decorator.py
[2024-11-26T18:44:41.456+0000] {logging_mixin.py:190} INFO - [2024-11-26T18:44:41.456+0000] {dag.py:3239} INFO - Sync 1 DAGs
[2024-11-26T18:44:41.466+0000] {logging_mixin.py:190} INFO - [2024-11-26T18:44:41.466+0000] {dag.py:4180} INFO - Setting next_dagrun for example_bash_decorator to None, run_after=None
[2024-11-26T18:44:41.480+0000] {processor.py:208} INFO - Processing /home/airflow/.local/lib/python3.12/site-packages/airflow/example_dags/example_bash_decorator.py took 0.059 seconds
[2024-11-26T18:45:12.734+0000] {processor.py:186} INFO - Started process (PID=247) to work on /home/airflow/.local/lib/python3.12/site-packages/airflow/example_dags/example_bash_decorator.py
[2024-11-26T18:45:12.735+0000] {processor.py:914} INFO - Processing file /home/airflow/.local/lib/python3.12/site-packages/airflow/example_dags/example_bash_decorator.py for tasks to queue
[2024-11-26T18:45:12.736+0000] {logging_mixin.py:190} INFO - [2024-11-26T18:45:12.736+0000] {dagbag.py:588} INFO - Filling up the DagBag from /home/airflow/.local/lib/python3.12/site-packages/airflow/example_dags/example_bash_decorator.py
[2024-11-26T18:45:12.747+0000] {processor.py:925} INFO - DAG(s) 'example_bash_decorator' retrieved from /home/airflow/.local/lib/python3.12/site-packages/airflow/example_dags/example_bash_decorator.py
[2024-11-26T18:45:12.764+0000] {logging_mixin.py:190} INFO - [2024-11-26T18:45:12.764+0000] {dag.py:3239} INFO - Sync 1 DAGs
[2024-11-26T18:45:12.775+0000] {logging_mixin.py:190} INFO - [2024-11-26T18:45:12.775+0000] {dag.py:4180} INFO - Setting next_dagrun for example_bash_decorator to None, run_after=None
[2024-11-26T18:45:12.789+0000] {processor.py:208} INFO - Processing /home/airflow/.local/lib/python3.12/site-packages/airflow/example_dags/example_bash_decorator.py took 0.059 seconds
[2024-11-26T18:45:44.543+0000] {processor.py:186} INFO - Started process (PID=322) to work on /home/airflow/.local/lib/python3.12/site-packages/airflow/example_dags/example_bash_decorator.py
[2024-11-26T18:45:44.544+0000] {processor.py:914} INFO - Processing file /home/airflow/.local/lib/python3.12/site-packages/airflow/example_dags/example_bash_decorator.py for tasks to queue
[2024-11-26T18:45:44.546+0000] {logging_mixin.py:190} INFO - [2024-11-26T18:45:44.546+0000] {dagbag.py:588} INFO - Filling up the DagBag from /home/airflow/.local/lib/python3.12/site-packages/airflow/example_dags/example_bash_decorator.py
[2024-11-26T18:45:44.557+0000] {processor.py:925} INFO - DAG(s) 'example_bash_decorator' retrieved from /home/airflow/.local/lib/python3.12/site-packages/airflow/example_dags/example_bash_decorator.py
[2024-11-26T18:45:44.584+0000] {logging_mixin.py:190} INFO - [2024-11-26T18:45:44.583+0000] {dag.py:3239} INFO - Sync 1 DAGs
[2024-11-26T18:45:44.596+0000] {logging_mixin.py:190} INFO - [2024-11-26T18:45:44.596+0000] {dag.py:4180} INFO - Setting next_dagrun for example_bash_decorator to None, run_after=None
[2024-11-26T18:45:44.615+0000] {processor.py:208} INFO - Processing /home/airflow/.local/lib/python3.12/site-packages/airflow/example_dags/example_bash_decorator.py took 0.077 seconds
[2024-11-26T18:46:15.311+0000] {processor.py:186} INFO - Started process (PID=396) to work on /home/airflow/.local/lib/python3.12/site-packages/airflow/example_dags/example_bash_decorator.py
[2024-11-26T18:46:15.312+0000] {processor.py:914} INFO - Processing file /home/airflow/.local/lib/python3.12/site-packages/airflow/example_dags/example_bash_decorator.py for tasks to queue
[2024-11-26T18:46:15.314+0000] {logging_mixin.py:190} INFO - [2024-11-26T18:46:15.313+0000] {dagbag.py:588} INFO - Filling up the DagBag from /home/airflow/.local/lib/python3.12/site-packages/airflow/example_dags/example_bash_decorator.py
[2024-11-26T18:46:15.325+0000] {processor.py:925} INFO - DAG(s) 'example_bash_decorator' retrieved from /home/airflow/.local/lib/python3.12/site-packages/airflow/example_dags/example_bash_decorator.py
[2024-11-26T18:46:15.342+0000] {logging_mixin.py:190} INFO - [2024-11-26T18:46:15.342+0000] {dag.py:3239} INFO - Sync 1 DAGs
[2024-11-26T18:46:15.353+0000] {logging_mixin.py:190} INFO - [2024-11-26T18:46:15.352+0000] {dag.py:4180} INFO - Setting next_dagrun for example_bash_decorator to None, run_after=None
[2024-11-26T18:46:15.367+0000] {processor.py:208} INFO - Processing /home/airflow/.local/lib/python3.12/site-packages/airflow/example_dags/example_bash_decorator.py took 0.060 seconds
