[2024-11-26T17:54:00.352+0000] {processor.py:186} INFO - Started process (PID=112) to work on /home/airflow/.local/lib/python3.12/site-packages/airflow/example_dags/example_skip_dag.py
[2024-11-26T17:54:00.353+0000] {processor.py:914} INFO - Processing file /home/airflow/.local/lib/python3.12/site-packages/airflow/example_dags/example_skip_dag.py for tasks to queue
[2024-11-26T17:54:00.355+0000] {logging_mixin.py:190} INFO - [2024-11-26T17:54:00.354+0000] {dagbag.py:588} INFO - Filling up the DagBag from /home/airflow/.local/lib/python3.12/site-packages/airflow/example_dags/example_skip_dag.py
[2024-11-26T17:54:00.362+0000] {processor.py:925} INFO - DAG(s) 'example_skip_dag' retrieved from /home/airflow/.local/lib/python3.12/site-packages/airflow/example_dags/example_skip_dag.py
[2024-11-26T17:54:00.446+0000] {logging_mixin.py:190} INFO - [2024-11-26T17:54:00.445+0000] {override.py:1911} INFO - Created Permission View: can read on DAG:example_skip_dag
[2024-11-26T17:54:00.454+0000] {logging_mixin.py:190} INFO - [2024-11-26T17:54:00.454+0000] {override.py:1911} INFO - Created Permission View: can delete on DAG:example_skip_dag
[2024-11-26T17:54:00.461+0000] {logging_mixin.py:190} INFO - [2024-11-26T17:54:00.461+0000] {override.py:1911} INFO - Created Permission View: can edit on DAG:example_skip_dag
[2024-11-26T17:54:00.469+0000] {logging_mixin.py:190} INFO - [2024-11-26T17:54:00.469+0000] {override.py:1911} INFO - Created Permission View: can create on DAG Run:example_skip_dag
[2024-11-26T17:54:00.476+0000] {logging_mixin.py:190} INFO - [2024-11-26T17:54:00.476+0000] {override.py:1911} INFO - Created Permission View: can read on DAG Run:example_skip_dag
[2024-11-26T17:54:00.483+0000] {logging_mixin.py:190} INFO - [2024-11-26T17:54:00.483+0000] {override.py:1911} INFO - Created Permission View: can delete on DAG Run:example_skip_dag
[2024-11-26T17:54:00.492+0000] {logging_mixin.py:190} INFO - [2024-11-26T17:54:00.491+0000] {override.py:1911} INFO - Created Permission View: menu access on DAG Run:example_skip_dag
[2024-11-26T17:54:00.492+0000] {logging_mixin.py:190} INFO - [2024-11-26T17:54:00.492+0000] {dag.py:3239} INFO - Sync 1 DAGs
[2024-11-26T17:54:00.502+0000] {logging_mixin.py:190} INFO - [2024-11-26T17:54:00.501+0000] {dag.py:3262} INFO - Creating ORM DAG for example_skip_dag
[2024-11-26T17:54:00.510+0000] {logging_mixin.py:190} INFO - [2024-11-26T17:54:00.510+0000] {dag.py:4180} INFO - Setting next_dagrun for example_skip_dag to 2024-11-25 00:00:00+00:00, run_after=2024-11-26 00:00:00+00:00
[2024-11-26T17:54:00.525+0000] {processor.py:208} INFO - Processing /home/airflow/.local/lib/python3.12/site-packages/airflow/example_dags/example_skip_dag.py took 0.176 seconds
[2024-11-26T17:54:30.676+0000] {processor.py:186} INFO - Started process (PID=175) to work on /home/airflow/.local/lib/python3.12/site-packages/airflow/example_dags/example_skip_dag.py
[2024-11-26T17:54:30.677+0000] {processor.py:914} INFO - Processing file /home/airflow/.local/lib/python3.12/site-packages/airflow/example_dags/example_skip_dag.py for tasks to queue
[2024-11-26T17:54:30.679+0000] {logging_mixin.py:190} INFO - [2024-11-26T17:54:30.678+0000] {dagbag.py:588} INFO - Filling up the DagBag from /home/airflow/.local/lib/python3.12/site-packages/airflow/example_dags/example_skip_dag.py
[2024-11-26T17:54:30.684+0000] {processor.py:925} INFO - DAG(s) 'example_skip_dag' retrieved from /home/airflow/.local/lib/python3.12/site-packages/airflow/example_dags/example_skip_dag.py
[2024-11-26T17:54:30.701+0000] {logging_mixin.py:190} INFO - [2024-11-26T17:54:30.701+0000] {dag.py:3239} INFO - Sync 1 DAGs
[2024-11-26T17:54:30.720+0000] {logging_mixin.py:190} INFO - [2024-11-26T17:54:30.720+0000] {dag.py:4180} INFO - Setting next_dagrun for example_skip_dag to 2024-11-25 00:00:00+00:00, run_after=2024-11-26 00:00:00+00:00
[2024-11-26T17:54:30.746+0000] {processor.py:208} INFO - Processing /home/airflow/.local/lib/python3.12/site-packages/airflow/example_dags/example_skip_dag.py took 0.074 seconds
[2024-11-26T17:55:01.002+0000] {processor.py:186} INFO - Started process (PID=237) to work on /home/airflow/.local/lib/python3.12/site-packages/airflow/example_dags/example_skip_dag.py
[2024-11-26T17:55:01.003+0000] {processor.py:914} INFO - Processing file /home/airflow/.local/lib/python3.12/site-packages/airflow/example_dags/example_skip_dag.py for tasks to queue
[2024-11-26T17:55:01.005+0000] {logging_mixin.py:190} INFO - [2024-11-26T17:55:01.004+0000] {dagbag.py:588} INFO - Filling up the DagBag from /home/airflow/.local/lib/python3.12/site-packages/airflow/example_dags/example_skip_dag.py
[2024-11-26T17:55:01.011+0000] {processor.py:925} INFO - DAG(s) 'example_skip_dag' retrieved from /home/airflow/.local/lib/python3.12/site-packages/airflow/example_dags/example_skip_dag.py
[2024-11-26T17:55:01.027+0000] {logging_mixin.py:190} INFO - [2024-11-26T17:55:01.027+0000] {dag.py:3239} INFO - Sync 1 DAGs
[2024-11-26T17:55:01.046+0000] {logging_mixin.py:190} INFO - [2024-11-26T17:55:01.046+0000] {dag.py:4180} INFO - Setting next_dagrun for example_skip_dag to 2024-11-25 00:00:00+00:00, run_after=2024-11-26 00:00:00+00:00
[2024-11-26T17:55:01.061+0000] {processor.py:208} INFO - Processing /home/airflow/.local/lib/python3.12/site-packages/airflow/example_dags/example_skip_dag.py took 0.063 seconds
[2024-11-26T17:55:31.172+0000] {processor.py:186} INFO - Started process (PID=299) to work on /home/airflow/.local/lib/python3.12/site-packages/airflow/example_dags/example_skip_dag.py
[2024-11-26T17:55:31.172+0000] {processor.py:914} INFO - Processing file /home/airflow/.local/lib/python3.12/site-packages/airflow/example_dags/example_skip_dag.py for tasks to queue
[2024-11-26T17:55:31.174+0000] {logging_mixin.py:190} INFO - [2024-11-26T17:55:31.174+0000] {dagbag.py:588} INFO - Filling up the DagBag from /home/airflow/.local/lib/python3.12/site-packages/airflow/example_dags/example_skip_dag.py
[2024-11-26T17:55:31.180+0000] {processor.py:925} INFO - DAG(s) 'example_skip_dag' retrieved from /home/airflow/.local/lib/python3.12/site-packages/airflow/example_dags/example_skip_dag.py
[2024-11-26T17:55:31.196+0000] {logging_mixin.py:190} INFO - [2024-11-26T17:55:31.196+0000] {dag.py:3239} INFO - Sync 1 DAGs
[2024-11-26T17:55:31.213+0000] {logging_mixin.py:190} INFO - [2024-11-26T17:55:31.213+0000] {dag.py:4180} INFO - Setting next_dagrun for example_skip_dag to 2024-11-25 00:00:00+00:00, run_after=2024-11-26 00:00:00+00:00
[2024-11-26T17:55:31.227+0000] {processor.py:208} INFO - Processing /home/airflow/.local/lib/python3.12/site-packages/airflow/example_dags/example_skip_dag.py took 0.060 seconds
[2024-11-26T17:56:01.429+0000] {processor.py:186} INFO - Started process (PID=362) to work on /home/airflow/.local/lib/python3.12/site-packages/airflow/example_dags/example_skip_dag.py
[2024-11-26T17:56:01.429+0000] {processor.py:914} INFO - Processing file /home/airflow/.local/lib/python3.12/site-packages/airflow/example_dags/example_skip_dag.py for tasks to queue
[2024-11-26T17:56:01.431+0000] {logging_mixin.py:190} INFO - [2024-11-26T17:56:01.431+0000] {dagbag.py:588} INFO - Filling up the DagBag from /home/airflow/.local/lib/python3.12/site-packages/airflow/example_dags/example_skip_dag.py
[2024-11-26T17:56:01.438+0000] {processor.py:925} INFO - DAG(s) 'example_skip_dag' retrieved from /home/airflow/.local/lib/python3.12/site-packages/airflow/example_dags/example_skip_dag.py
[2024-11-26T17:56:01.456+0000] {logging_mixin.py:190} INFO - [2024-11-26T17:56:01.456+0000] {dag.py:3239} INFO - Sync 1 DAGs
[2024-11-26T17:56:01.474+0000] {logging_mixin.py:190} INFO - [2024-11-26T17:56:01.473+0000] {dag.py:4180} INFO - Setting next_dagrun for example_skip_dag to 2024-11-25 00:00:00+00:00, run_after=2024-11-26 00:00:00+00:00
[2024-11-26T17:56:01.487+0000] {processor.py:208} INFO - Processing /home/airflow/.local/lib/python3.12/site-packages/airflow/example_dags/example_skip_dag.py took 0.064 seconds
[2024-11-26T17:56:32.326+0000] {processor.py:186} INFO - Started process (PID=425) to work on /home/airflow/.local/lib/python3.12/site-packages/airflow/example_dags/example_skip_dag.py
[2024-11-26T17:56:32.326+0000] {processor.py:914} INFO - Processing file /home/airflow/.local/lib/python3.12/site-packages/airflow/example_dags/example_skip_dag.py for tasks to queue
[2024-11-26T17:56:32.328+0000] {logging_mixin.py:190} INFO - [2024-11-26T17:56:32.328+0000] {dagbag.py:588} INFO - Filling up the DagBag from /home/airflow/.local/lib/python3.12/site-packages/airflow/example_dags/example_skip_dag.py
[2024-11-26T17:56:32.336+0000] {processor.py:925} INFO - DAG(s) 'example_skip_dag' retrieved from /home/airflow/.local/lib/python3.12/site-packages/airflow/example_dags/example_skip_dag.py
[2024-11-26T17:56:32.356+0000] {logging_mixin.py:190} INFO - [2024-11-26T17:56:32.355+0000] {dag.py:3239} INFO - Sync 1 DAGs
[2024-11-26T17:56:32.372+0000] {logging_mixin.py:190} INFO - [2024-11-26T17:56:32.372+0000] {dag.py:4180} INFO - Setting next_dagrun for example_skip_dag to 2024-11-25 00:00:00+00:00, run_after=2024-11-26 00:00:00+00:00
[2024-11-26T17:56:32.386+0000] {processor.py:208} INFO - Processing /home/airflow/.local/lib/python3.12/site-packages/airflow/example_dags/example_skip_dag.py took 0.064 seconds
[2024-11-26T17:57:03.269+0000] {processor.py:186} INFO - Started process (PID=488) to work on /home/airflow/.local/lib/python3.12/site-packages/airflow/example_dags/example_skip_dag.py
[2024-11-26T17:57:03.270+0000] {processor.py:914} INFO - Processing file /home/airflow/.local/lib/python3.12/site-packages/airflow/example_dags/example_skip_dag.py for tasks to queue
[2024-11-26T17:57:03.272+0000] {logging_mixin.py:190} INFO - [2024-11-26T17:57:03.272+0000] {dagbag.py:588} INFO - Filling up the DagBag from /home/airflow/.local/lib/python3.12/site-packages/airflow/example_dags/example_skip_dag.py
[2024-11-26T17:57:03.278+0000] {processor.py:925} INFO - DAG(s) 'example_skip_dag' retrieved from /home/airflow/.local/lib/python3.12/site-packages/airflow/example_dags/example_skip_dag.py
[2024-11-26T17:57:03.297+0000] {logging_mixin.py:190} INFO - [2024-11-26T17:57:03.297+0000] {dag.py:3239} INFO - Sync 1 DAGs
[2024-11-26T17:57:03.315+0000] {logging_mixin.py:190} INFO - [2024-11-26T17:57:03.315+0000] {dag.py:4180} INFO - Setting next_dagrun for example_skip_dag to 2024-11-25 00:00:00+00:00, run_after=2024-11-26 00:00:00+00:00
[2024-11-26T17:57:03.329+0000] {processor.py:208} INFO - Processing /home/airflow/.local/lib/python3.12/site-packages/airflow/example_dags/example_skip_dag.py took 0.065 seconds
[2024-11-26T17:57:34.213+0000] {processor.py:186} INFO - Started process (PID=551) to work on /home/airflow/.local/lib/python3.12/site-packages/airflow/example_dags/example_skip_dag.py
[2024-11-26T17:57:34.215+0000] {processor.py:914} INFO - Processing file /home/airflow/.local/lib/python3.12/site-packages/airflow/example_dags/example_skip_dag.py for tasks to queue
[2024-11-26T17:57:34.216+0000] {logging_mixin.py:190} INFO - [2024-11-26T17:57:34.216+0000] {dagbag.py:588} INFO - Filling up the DagBag from /home/airflow/.local/lib/python3.12/site-packages/airflow/example_dags/example_skip_dag.py
[2024-11-26T17:57:34.223+0000] {processor.py:925} INFO - DAG(s) 'example_skip_dag' retrieved from /home/airflow/.local/lib/python3.12/site-packages/airflow/example_dags/example_skip_dag.py
[2024-11-26T17:57:34.243+0000] {logging_mixin.py:190} INFO - [2024-11-26T17:57:34.242+0000] {dag.py:3239} INFO - Sync 1 DAGs
[2024-11-26T17:57:34.260+0000] {logging_mixin.py:190} INFO - [2024-11-26T17:57:34.260+0000] {dag.py:4180} INFO - Setting next_dagrun for example_skip_dag to 2024-11-25 00:00:00+00:00, run_after=2024-11-26 00:00:00+00:00
[2024-11-26T17:57:34.275+0000] {processor.py:208} INFO - Processing /home/airflow/.local/lib/python3.12/site-packages/airflow/example_dags/example_skip_dag.py took 0.066 seconds
[2024-11-26T17:58:04.772+0000] {processor.py:186} INFO - Started process (PID=613) to work on /home/airflow/.local/lib/python3.12/site-packages/airflow/example_dags/example_skip_dag.py
[2024-11-26T17:58:04.772+0000] {processor.py:914} INFO - Processing file /home/airflow/.local/lib/python3.12/site-packages/airflow/example_dags/example_skip_dag.py for tasks to queue
[2024-11-26T17:58:04.774+0000] {logging_mixin.py:190} INFO - [2024-11-26T17:58:04.774+0000] {dagbag.py:588} INFO - Filling up the DagBag from /home/airflow/.local/lib/python3.12/site-packages/airflow/example_dags/example_skip_dag.py
[2024-11-26T17:58:04.780+0000] {processor.py:925} INFO - DAG(s) 'example_skip_dag' retrieved from /home/airflow/.local/lib/python3.12/site-packages/airflow/example_dags/example_skip_dag.py
[2024-11-26T17:58:04.798+0000] {logging_mixin.py:190} INFO - [2024-11-26T17:58:04.798+0000] {dag.py:3239} INFO - Sync 1 DAGs
[2024-11-26T17:58:04.815+0000] {logging_mixin.py:190} INFO - [2024-11-26T17:58:04.815+0000] {dag.py:4180} INFO - Setting next_dagrun for example_skip_dag to 2024-11-25 00:00:00+00:00, run_after=2024-11-26 00:00:00+00:00
[2024-11-26T17:58:04.831+0000] {processor.py:208} INFO - Processing /home/airflow/.local/lib/python3.12/site-packages/airflow/example_dags/example_skip_dag.py took 0.063 seconds
[2024-11-26T17:58:35.219+0000] {processor.py:186} INFO - Started process (PID=676) to work on /home/airflow/.local/lib/python3.12/site-packages/airflow/example_dags/example_skip_dag.py
[2024-11-26T17:58:35.220+0000] {processor.py:914} INFO - Processing file /home/airflow/.local/lib/python3.12/site-packages/airflow/example_dags/example_skip_dag.py for tasks to queue
[2024-11-26T17:58:35.222+0000] {logging_mixin.py:190} INFO - [2024-11-26T17:58:35.222+0000] {dagbag.py:588} INFO - Filling up the DagBag from /home/airflow/.local/lib/python3.12/site-packages/airflow/example_dags/example_skip_dag.py
[2024-11-26T17:58:35.228+0000] {processor.py:925} INFO - DAG(s) 'example_skip_dag' retrieved from /home/airflow/.local/lib/python3.12/site-packages/airflow/example_dags/example_skip_dag.py
[2024-11-26T17:58:35.247+0000] {logging_mixin.py:190} INFO - [2024-11-26T17:58:35.247+0000] {dag.py:3239} INFO - Sync 1 DAGs
[2024-11-26T17:58:35.265+0000] {logging_mixin.py:190} INFO - [2024-11-26T17:58:35.265+0000] {dag.py:4180} INFO - Setting next_dagrun for example_skip_dag to 2024-11-25 00:00:00+00:00, run_after=2024-11-26 00:00:00+00:00
[2024-11-26T17:58:35.279+0000] {processor.py:208} INFO - Processing /home/airflow/.local/lib/python3.12/site-packages/airflow/example_dags/example_skip_dag.py took 0.064 seconds
[2024-11-26T17:59:05.645+0000] {processor.py:186} INFO - Started process (PID=739) to work on /home/airflow/.local/lib/python3.12/site-packages/airflow/example_dags/example_skip_dag.py
[2024-11-26T17:59:05.646+0000] {processor.py:914} INFO - Processing file /home/airflow/.local/lib/python3.12/site-packages/airflow/example_dags/example_skip_dag.py for tasks to queue
[2024-11-26T17:59:05.647+0000] {logging_mixin.py:190} INFO - [2024-11-26T17:59:05.647+0000] {dagbag.py:588} INFO - Filling up the DagBag from /home/airflow/.local/lib/python3.12/site-packages/airflow/example_dags/example_skip_dag.py
[2024-11-26T17:59:05.653+0000] {processor.py:925} INFO - DAG(s) 'example_skip_dag' retrieved from /home/airflow/.local/lib/python3.12/site-packages/airflow/example_dags/example_skip_dag.py
[2024-11-26T17:59:05.669+0000] {logging_mixin.py:190} INFO - [2024-11-26T17:59:05.669+0000] {dag.py:3239} INFO - Sync 1 DAGs
[2024-11-26T17:59:05.686+0000] {logging_mixin.py:190} INFO - [2024-11-26T17:59:05.686+0000] {dag.py:4180} INFO - Setting next_dagrun for example_skip_dag to 2024-11-25 00:00:00+00:00, run_after=2024-11-26 00:00:00+00:00
[2024-11-26T17:59:05.700+0000] {processor.py:208} INFO - Processing /home/airflow/.local/lib/python3.12/site-packages/airflow/example_dags/example_skip_dag.py took 0.059 seconds
[2024-11-26T18:06:08.926+0000] {processor.py:186} INFO - Started process (PID=107) to work on /home/airflow/.local/lib/python3.12/site-packages/airflow/example_dags/example_skip_dag.py
[2024-11-26T18:06:08.927+0000] {processor.py:914} INFO - Processing file /home/airflow/.local/lib/python3.12/site-packages/airflow/example_dags/example_skip_dag.py for tasks to queue
[2024-11-26T18:06:08.929+0000] {logging_mixin.py:190} INFO - [2024-11-26T18:06:08.928+0000] {dagbag.py:588} INFO - Filling up the DagBag from /home/airflow/.local/lib/python3.12/site-packages/airflow/example_dags/example_skip_dag.py
[2024-11-26T18:06:08.936+0000] {processor.py:925} INFO - DAG(s) 'example_skip_dag' retrieved from /home/airflow/.local/lib/python3.12/site-packages/airflow/example_dags/example_skip_dag.py
[2024-11-26T18:06:08.954+0000] {logging_mixin.py:190} INFO - [2024-11-26T18:06:08.954+0000] {dag.py:3239} INFO - Sync 1 DAGs
[2024-11-26T18:06:08.973+0000] {logging_mixin.py:190} INFO - [2024-11-26T18:06:08.973+0000] {dag.py:4180} INFO - Setting next_dagrun for example_skip_dag to 2024-11-25 00:00:00+00:00, run_after=2024-11-26 00:00:00+00:00
[2024-11-26T18:06:08.988+0000] {processor.py:208} INFO - Processing /home/airflow/.local/lib/python3.12/site-packages/airflow/example_dags/example_skip_dag.py took 0.067 seconds
[2024-11-26T18:06:40.100+0000] {processor.py:186} INFO - Started process (PID=171) to work on /home/airflow/.local/lib/python3.12/site-packages/airflow/example_dags/example_skip_dag.py
[2024-11-26T18:06:40.101+0000] {processor.py:914} INFO - Processing file /home/airflow/.local/lib/python3.12/site-packages/airflow/example_dags/example_skip_dag.py for tasks to queue
[2024-11-26T18:06:40.103+0000] {logging_mixin.py:190} INFO - [2024-11-26T18:06:40.103+0000] {dagbag.py:588} INFO - Filling up the DagBag from /home/airflow/.local/lib/python3.12/site-packages/airflow/example_dags/example_skip_dag.py
[2024-11-26T18:06:40.110+0000] {processor.py:925} INFO - DAG(s) 'example_skip_dag' retrieved from /home/airflow/.local/lib/python3.12/site-packages/airflow/example_dags/example_skip_dag.py
[2024-11-26T18:06:40.129+0000] {logging_mixin.py:190} INFO - [2024-11-26T18:06:40.129+0000] {dag.py:3239} INFO - Sync 1 DAGs
[2024-11-26T18:06:40.149+0000] {logging_mixin.py:190} INFO - [2024-11-26T18:06:40.149+0000] {dag.py:4180} INFO - Setting next_dagrun for example_skip_dag to 2024-11-25 00:00:00+00:00, run_after=2024-11-26 00:00:00+00:00
[2024-11-26T18:06:40.164+0000] {processor.py:208} INFO - Processing /home/airflow/.local/lib/python3.12/site-packages/airflow/example_dags/example_skip_dag.py took 0.068 seconds
[2024-11-26T18:07:11.160+0000] {processor.py:186} INFO - Started process (PID=235) to work on /home/airflow/.local/lib/python3.12/site-packages/airflow/example_dags/example_skip_dag.py
[2024-11-26T18:07:11.161+0000] {processor.py:914} INFO - Processing file /home/airflow/.local/lib/python3.12/site-packages/airflow/example_dags/example_skip_dag.py for tasks to queue
[2024-11-26T18:07:11.162+0000] {logging_mixin.py:190} INFO - [2024-11-26T18:07:11.162+0000] {dagbag.py:588} INFO - Filling up the DagBag from /home/airflow/.local/lib/python3.12/site-packages/airflow/example_dags/example_skip_dag.py
[2024-11-26T18:07:11.167+0000] {processor.py:925} INFO - DAG(s) 'example_skip_dag' retrieved from /home/airflow/.local/lib/python3.12/site-packages/airflow/example_dags/example_skip_dag.py
[2024-11-26T18:07:11.183+0000] {logging_mixin.py:190} INFO - [2024-11-26T18:07:11.183+0000] {dag.py:3239} INFO - Sync 1 DAGs
[2024-11-26T18:07:11.200+0000] {logging_mixin.py:190} INFO - [2024-11-26T18:07:11.200+0000] {dag.py:4180} INFO - Setting next_dagrun for example_skip_dag to 2024-11-25 00:00:00+00:00, run_after=2024-11-26 00:00:00+00:00
[2024-11-26T18:07:11.213+0000] {processor.py:208} INFO - Processing /home/airflow/.local/lib/python3.12/site-packages/airflow/example_dags/example_skip_dag.py took 0.057 seconds
[2024-11-26T18:07:41.778+0000] {processor.py:186} INFO - Started process (PID=299) to work on /home/airflow/.local/lib/python3.12/site-packages/airflow/example_dags/example_skip_dag.py
[2024-11-26T18:07:41.779+0000] {processor.py:914} INFO - Processing file /home/airflow/.local/lib/python3.12/site-packages/airflow/example_dags/example_skip_dag.py for tasks to queue
[2024-11-26T18:07:41.780+0000] {logging_mixin.py:190} INFO - [2024-11-26T18:07:41.780+0000] {dagbag.py:588} INFO - Filling up the DagBag from /home/airflow/.local/lib/python3.12/site-packages/airflow/example_dags/example_skip_dag.py
[2024-11-26T18:07:41.786+0000] {processor.py:925} INFO - DAG(s) 'example_skip_dag' retrieved from /home/airflow/.local/lib/python3.12/site-packages/airflow/example_dags/example_skip_dag.py
[2024-11-26T18:07:41.802+0000] {logging_mixin.py:190} INFO - [2024-11-26T18:07:41.802+0000] {dag.py:3239} INFO - Sync 1 DAGs
[2024-11-26T18:07:41.818+0000] {logging_mixin.py:190} INFO - [2024-11-26T18:07:41.818+0000] {dag.py:4180} INFO - Setting next_dagrun for example_skip_dag to 2024-11-25 00:00:00+00:00, run_after=2024-11-26 00:00:00+00:00
[2024-11-26T18:07:41.831+0000] {processor.py:208} INFO - Processing /home/airflow/.local/lib/python3.12/site-packages/airflow/example_dags/example_skip_dag.py took 0.057 seconds
[2024-11-26T18:08:12.429+0000] {processor.py:186} INFO - Started process (PID=363) to work on /home/airflow/.local/lib/python3.12/site-packages/airflow/example_dags/example_skip_dag.py
[2024-11-26T18:08:12.430+0000] {processor.py:914} INFO - Processing file /home/airflow/.local/lib/python3.12/site-packages/airflow/example_dags/example_skip_dag.py for tasks to queue
[2024-11-26T18:08:12.431+0000] {logging_mixin.py:190} INFO - [2024-11-26T18:08:12.431+0000] {dagbag.py:588} INFO - Filling up the DagBag from /home/airflow/.local/lib/python3.12/site-packages/airflow/example_dags/example_skip_dag.py
[2024-11-26T18:08:12.437+0000] {processor.py:925} INFO - DAG(s) 'example_skip_dag' retrieved from /home/airflow/.local/lib/python3.12/site-packages/airflow/example_dags/example_skip_dag.py
[2024-11-26T18:08:12.454+0000] {logging_mixin.py:190} INFO - [2024-11-26T18:08:12.453+0000] {dag.py:3239} INFO - Sync 1 DAGs
[2024-11-26T18:08:12.471+0000] {logging_mixin.py:190} INFO - [2024-11-26T18:08:12.471+0000] {dag.py:4180} INFO - Setting next_dagrun for example_skip_dag to 2024-11-25 00:00:00+00:00, run_after=2024-11-26 00:00:00+00:00
[2024-11-26T18:08:12.487+0000] {processor.py:208} INFO - Processing /home/airflow/.local/lib/python3.12/site-packages/airflow/example_dags/example_skip_dag.py took 0.063 seconds
[2024-11-26T18:08:43.188+0000] {processor.py:186} INFO - Started process (PID=427) to work on /home/airflow/.local/lib/python3.12/site-packages/airflow/example_dags/example_skip_dag.py
[2024-11-26T18:08:43.189+0000] {processor.py:914} INFO - Processing file /home/airflow/.local/lib/python3.12/site-packages/airflow/example_dags/example_skip_dag.py for tasks to queue
[2024-11-26T18:08:43.191+0000] {logging_mixin.py:190} INFO - [2024-11-26T18:08:43.190+0000] {dagbag.py:588} INFO - Filling up the DagBag from /home/airflow/.local/lib/python3.12/site-packages/airflow/example_dags/example_skip_dag.py
[2024-11-26T18:08:43.196+0000] {processor.py:925} INFO - DAG(s) 'example_skip_dag' retrieved from /home/airflow/.local/lib/python3.12/site-packages/airflow/example_dags/example_skip_dag.py
[2024-11-26T18:08:43.213+0000] {logging_mixin.py:190} INFO - [2024-11-26T18:08:43.212+0000] {dag.py:3239} INFO - Sync 1 DAGs
[2024-11-26T18:08:43.230+0000] {logging_mixin.py:190} INFO - [2024-11-26T18:08:43.230+0000] {dag.py:4180} INFO - Setting next_dagrun for example_skip_dag to 2024-11-25 00:00:00+00:00, run_after=2024-11-26 00:00:00+00:00
[2024-11-26T18:08:43.245+0000] {processor.py:208} INFO - Processing /home/airflow/.local/lib/python3.12/site-packages/airflow/example_dags/example_skip_dag.py took 0.061 seconds
[2024-11-26T18:09:14.017+0000] {processor.py:186} INFO - Started process (PID=491) to work on /home/airflow/.local/lib/python3.12/site-packages/airflow/example_dags/example_skip_dag.py
[2024-11-26T18:09:14.017+0000] {processor.py:914} INFO - Processing file /home/airflow/.local/lib/python3.12/site-packages/airflow/example_dags/example_skip_dag.py for tasks to queue
[2024-11-26T18:09:14.020+0000] {logging_mixin.py:190} INFO - [2024-11-26T18:09:14.019+0000] {dagbag.py:588} INFO - Filling up the DagBag from /home/airflow/.local/lib/python3.12/site-packages/airflow/example_dags/example_skip_dag.py
[2024-11-26T18:09:14.026+0000] {processor.py:925} INFO - DAG(s) 'example_skip_dag' retrieved from /home/airflow/.local/lib/python3.12/site-packages/airflow/example_dags/example_skip_dag.py
[2024-11-26T18:09:14.047+0000] {logging_mixin.py:190} INFO - [2024-11-26T18:09:14.046+0000] {dag.py:3239} INFO - Sync 1 DAGs
[2024-11-26T18:09:14.066+0000] {logging_mixin.py:190} INFO - [2024-11-26T18:09:14.065+0000] {dag.py:4180} INFO - Setting next_dagrun for example_skip_dag to 2024-11-25 00:00:00+00:00, run_after=2024-11-26 00:00:00+00:00
[2024-11-26T18:09:14.082+0000] {processor.py:208} INFO - Processing /home/airflow/.local/lib/python3.12/site-packages/airflow/example_dags/example_skip_dag.py took 0.070 seconds
[2024-11-26T18:09:44.935+0000] {processor.py:186} INFO - Started process (PID=555) to work on /home/airflow/.local/lib/python3.12/site-packages/airflow/example_dags/example_skip_dag.py
[2024-11-26T18:09:44.936+0000] {processor.py:914} INFO - Processing file /home/airflow/.local/lib/python3.12/site-packages/airflow/example_dags/example_skip_dag.py for tasks to queue
[2024-11-26T18:09:44.938+0000] {logging_mixin.py:190} INFO - [2024-11-26T18:09:44.938+0000] {dagbag.py:588} INFO - Filling up the DagBag from /home/airflow/.local/lib/python3.12/site-packages/airflow/example_dags/example_skip_dag.py
[2024-11-26T18:09:44.944+0000] {processor.py:925} INFO - DAG(s) 'example_skip_dag' retrieved from /home/airflow/.local/lib/python3.12/site-packages/airflow/example_dags/example_skip_dag.py
[2024-11-26T18:09:44.961+0000] {logging_mixin.py:190} INFO - [2024-11-26T18:09:44.961+0000] {dag.py:3239} INFO - Sync 1 DAGs
[2024-11-26T18:09:44.978+0000] {logging_mixin.py:190} INFO - [2024-11-26T18:09:44.978+0000] {dag.py:4180} INFO - Setting next_dagrun for example_skip_dag to 2024-11-25 00:00:00+00:00, run_after=2024-11-26 00:00:00+00:00
[2024-11-26T18:09:44.993+0000] {processor.py:208} INFO - Processing /home/airflow/.local/lib/python3.12/site-packages/airflow/example_dags/example_skip_dag.py took 0.062 seconds
[2024-11-26T18:10:15.899+0000] {processor.py:186} INFO - Started process (PID=619) to work on /home/airflow/.local/lib/python3.12/site-packages/airflow/example_dags/example_skip_dag.py
[2024-11-26T18:10:15.900+0000] {processor.py:914} INFO - Processing file /home/airflow/.local/lib/python3.12/site-packages/airflow/example_dags/example_skip_dag.py for tasks to queue
[2024-11-26T18:10:15.902+0000] {logging_mixin.py:190} INFO - [2024-11-26T18:10:15.901+0000] {dagbag.py:588} INFO - Filling up the DagBag from /home/airflow/.local/lib/python3.12/site-packages/airflow/example_dags/example_skip_dag.py
[2024-11-26T18:10:15.912+0000] {processor.py:925} INFO - DAG(s) 'example_skip_dag' retrieved from /home/airflow/.local/lib/python3.12/site-packages/airflow/example_dags/example_skip_dag.py
[2024-11-26T18:10:15.941+0000] {logging_mixin.py:190} INFO - [2024-11-26T18:10:15.940+0000] {dag.py:3239} INFO - Sync 1 DAGs
[2024-11-26T18:10:15.970+0000] {logging_mixin.py:190} INFO - [2024-11-26T18:10:15.970+0000] {dag.py:4180} INFO - Setting next_dagrun for example_skip_dag to 2024-11-25 00:00:00+00:00, run_after=2024-11-26 00:00:00+00:00
[2024-11-26T18:10:15.996+0000] {processor.py:208} INFO - Processing /home/airflow/.local/lib/python3.12/site-packages/airflow/example_dags/example_skip_dag.py took 0.105 seconds
[2024-11-26T18:10:46.837+0000] {processor.py:186} INFO - Started process (PID=681) to work on /home/airflow/.local/lib/python3.12/site-packages/airflow/example_dags/example_skip_dag.py
[2024-11-26T18:10:46.837+0000] {processor.py:914} INFO - Processing file /home/airflow/.local/lib/python3.12/site-packages/airflow/example_dags/example_skip_dag.py for tasks to queue
[2024-11-26T18:10:46.838+0000] {logging_mixin.py:190} INFO - [2024-11-26T18:10:46.838+0000] {dagbag.py:588} INFO - Filling up the DagBag from /home/airflow/.local/lib/python3.12/site-packages/airflow/example_dags/example_skip_dag.py
[2024-11-26T18:10:46.844+0000] {processor.py:925} INFO - DAG(s) 'example_skip_dag' retrieved from /home/airflow/.local/lib/python3.12/site-packages/airflow/example_dags/example_skip_dag.py
[2024-11-26T18:10:46.861+0000] {logging_mixin.py:190} INFO - [2024-11-26T18:10:46.861+0000] {dag.py:3239} INFO - Sync 1 DAGs
[2024-11-26T18:10:46.879+0000] {logging_mixin.py:190} INFO - [2024-11-26T18:10:46.879+0000] {dag.py:4180} INFO - Setting next_dagrun for example_skip_dag to 2024-11-25 00:00:00+00:00, run_after=2024-11-26 00:00:00+00:00
[2024-11-26T18:10:46.893+0000] {processor.py:208} INFO - Processing /home/airflow/.local/lib/python3.12/site-packages/airflow/example_dags/example_skip_dag.py took 0.061 seconds
[2024-11-26T18:11:17.855+0000] {processor.py:186} INFO - Started process (PID=745) to work on /home/airflow/.local/lib/python3.12/site-packages/airflow/example_dags/example_skip_dag.py
[2024-11-26T18:11:17.856+0000] {processor.py:914} INFO - Processing file /home/airflow/.local/lib/python3.12/site-packages/airflow/example_dags/example_skip_dag.py for tasks to queue
[2024-11-26T18:11:17.857+0000] {logging_mixin.py:190} INFO - [2024-11-26T18:11:17.857+0000] {dagbag.py:588} INFO - Filling up the DagBag from /home/airflow/.local/lib/python3.12/site-packages/airflow/example_dags/example_skip_dag.py
[2024-11-26T18:11:17.864+0000] {processor.py:925} INFO - DAG(s) 'example_skip_dag' retrieved from /home/airflow/.local/lib/python3.12/site-packages/airflow/example_dags/example_skip_dag.py
[2024-11-26T18:11:17.881+0000] {logging_mixin.py:190} INFO - [2024-11-26T18:11:17.881+0000] {dag.py:3239} INFO - Sync 1 DAGs
[2024-11-26T18:11:17.898+0000] {logging_mixin.py:190} INFO - [2024-11-26T18:11:17.898+0000] {dag.py:4180} INFO - Setting next_dagrun for example_skip_dag to 2024-11-25 00:00:00+00:00, run_after=2024-11-26 00:00:00+00:00
[2024-11-26T18:11:17.912+0000] {processor.py:208} INFO - Processing /home/airflow/.local/lib/python3.12/site-packages/airflow/example_dags/example_skip_dag.py took 0.061 seconds
[2024-11-26T18:12:33.704+0000] {processor.py:186} INFO - Started process (PID=101) to work on /home/airflow/.local/lib/python3.12/site-packages/airflow/example_dags/example_skip_dag.py
[2024-11-26T18:12:33.705+0000] {processor.py:914} INFO - Processing file /home/airflow/.local/lib/python3.12/site-packages/airflow/example_dags/example_skip_dag.py for tasks to queue
[2024-11-26T18:12:33.707+0000] {logging_mixin.py:190} INFO - [2024-11-26T18:12:33.706+0000] {dagbag.py:588} INFO - Filling up the DagBag from /home/airflow/.local/lib/python3.12/site-packages/airflow/example_dags/example_skip_dag.py
[2024-11-26T18:12:33.712+0000] {processor.py:925} INFO - DAG(s) 'example_skip_dag' retrieved from /home/airflow/.local/lib/python3.12/site-packages/airflow/example_dags/example_skip_dag.py
[2024-11-26T18:12:33.728+0000] {logging_mixin.py:190} INFO - [2024-11-26T18:12:33.728+0000] {dag.py:3239} INFO - Sync 1 DAGs
[2024-11-26T18:12:33.745+0000] {logging_mixin.py:190} INFO - [2024-11-26T18:12:33.744+0000] {dag.py:4180} INFO - Setting next_dagrun for example_skip_dag to 2024-11-25 00:00:00+00:00, run_after=2024-11-26 00:00:00+00:00
[2024-11-26T18:12:33.758+0000] {processor.py:208} INFO - Processing /home/airflow/.local/lib/python3.12/site-packages/airflow/example_dags/example_skip_dag.py took 0.058 seconds
[2024-11-26T18:13:04.249+0000] {processor.py:186} INFO - Started process (PID=165) to work on /home/airflow/.local/lib/python3.12/site-packages/airflow/example_dags/example_skip_dag.py
[2024-11-26T18:13:04.250+0000] {processor.py:914} INFO - Processing file /home/airflow/.local/lib/python3.12/site-packages/airflow/example_dags/example_skip_dag.py for tasks to queue
[2024-11-26T18:13:04.251+0000] {logging_mixin.py:190} INFO - [2024-11-26T18:13:04.251+0000] {dagbag.py:588} INFO - Filling up the DagBag from /home/airflow/.local/lib/python3.12/site-packages/airflow/example_dags/example_skip_dag.py
[2024-11-26T18:13:04.257+0000] {processor.py:925} INFO - DAG(s) 'example_skip_dag' retrieved from /home/airflow/.local/lib/python3.12/site-packages/airflow/example_dags/example_skip_dag.py
[2024-11-26T18:13:04.273+0000] {logging_mixin.py:190} INFO - [2024-11-26T18:13:04.272+0000] {dag.py:3239} INFO - Sync 1 DAGs
[2024-11-26T18:13:04.289+0000] {logging_mixin.py:190} INFO - [2024-11-26T18:13:04.289+0000] {dag.py:4180} INFO - Setting next_dagrun for example_skip_dag to 2024-11-25 00:00:00+00:00, run_after=2024-11-26 00:00:00+00:00
[2024-11-26T18:13:04.303+0000] {processor.py:208} INFO - Processing /home/airflow/.local/lib/python3.12/site-packages/airflow/example_dags/example_skip_dag.py took 0.058 seconds
[2024-11-26T18:13:35.502+0000] {processor.py:186} INFO - Started process (PID=229) to work on /home/airflow/.local/lib/python3.12/site-packages/airflow/example_dags/example_skip_dag.py
[2024-11-26T18:13:35.503+0000] {processor.py:914} INFO - Processing file /home/airflow/.local/lib/python3.12/site-packages/airflow/example_dags/example_skip_dag.py for tasks to queue
[2024-11-26T18:13:35.504+0000] {logging_mixin.py:190} INFO - [2024-11-26T18:13:35.504+0000] {dagbag.py:588} INFO - Filling up the DagBag from /home/airflow/.local/lib/python3.12/site-packages/airflow/example_dags/example_skip_dag.py
[2024-11-26T18:13:35.510+0000] {processor.py:925} INFO - DAG(s) 'example_skip_dag' retrieved from /home/airflow/.local/lib/python3.12/site-packages/airflow/example_dags/example_skip_dag.py
[2024-11-26T18:13:35.526+0000] {logging_mixin.py:190} INFO - [2024-11-26T18:13:35.525+0000] {dag.py:3239} INFO - Sync 1 DAGs
[2024-11-26T18:13:35.542+0000] {logging_mixin.py:190} INFO - [2024-11-26T18:13:35.542+0000] {dag.py:4180} INFO - Setting next_dagrun for example_skip_dag to 2024-11-25 00:00:00+00:00, run_after=2024-11-26 00:00:00+00:00
[2024-11-26T18:13:35.555+0000] {processor.py:208} INFO - Processing /home/airflow/.local/lib/python3.12/site-packages/airflow/example_dags/example_skip_dag.py took 0.057 seconds
[2024-11-26T18:14:06.624+0000] {processor.py:186} INFO - Started process (PID=293) to work on /home/airflow/.local/lib/python3.12/site-packages/airflow/example_dags/example_skip_dag.py
[2024-11-26T18:14:06.624+0000] {processor.py:914} INFO - Processing file /home/airflow/.local/lib/python3.12/site-packages/airflow/example_dags/example_skip_dag.py for tasks to queue
[2024-11-26T18:14:06.626+0000] {logging_mixin.py:190} INFO - [2024-11-26T18:14:06.626+0000] {dagbag.py:588} INFO - Filling up the DagBag from /home/airflow/.local/lib/python3.12/site-packages/airflow/example_dags/example_skip_dag.py
[2024-11-26T18:14:06.633+0000] {processor.py:925} INFO - DAG(s) 'example_skip_dag' retrieved from /home/airflow/.local/lib/python3.12/site-packages/airflow/example_dags/example_skip_dag.py
[2024-11-26T18:14:06.650+0000] {logging_mixin.py:190} INFO - [2024-11-26T18:14:06.650+0000] {dag.py:3239} INFO - Sync 1 DAGs
[2024-11-26T18:14:06.679+0000] {logging_mixin.py:190} INFO - [2024-11-26T18:14:06.679+0000] {dag.py:4180} INFO - Setting next_dagrun for example_skip_dag to 2024-11-25 00:00:00+00:00, run_after=2024-11-26 00:00:00+00:00
[2024-11-26T18:14:06.695+0000] {processor.py:208} INFO - Processing /home/airflow/.local/lib/python3.12/site-packages/airflow/example_dags/example_skip_dag.py took 0.076 seconds
[2024-11-26T18:14:37.532+0000] {processor.py:186} INFO - Started process (PID=357) to work on /home/airflow/.local/lib/python3.12/site-packages/airflow/example_dags/example_skip_dag.py
[2024-11-26T18:14:37.532+0000] {processor.py:914} INFO - Processing file /home/airflow/.local/lib/python3.12/site-packages/airflow/example_dags/example_skip_dag.py for tasks to queue
[2024-11-26T18:14:37.534+0000] {logging_mixin.py:190} INFO - [2024-11-26T18:14:37.534+0000] {dagbag.py:588} INFO - Filling up the DagBag from /home/airflow/.local/lib/python3.12/site-packages/airflow/example_dags/example_skip_dag.py
[2024-11-26T18:14:37.540+0000] {processor.py:925} INFO - DAG(s) 'example_skip_dag' retrieved from /home/airflow/.local/lib/python3.12/site-packages/airflow/example_dags/example_skip_dag.py
[2024-11-26T18:14:37.558+0000] {logging_mixin.py:190} INFO - [2024-11-26T18:14:37.557+0000] {dag.py:3239} INFO - Sync 1 DAGs
[2024-11-26T18:14:37.580+0000] {logging_mixin.py:190} INFO - [2024-11-26T18:14:37.580+0000] {dag.py:4180} INFO - Setting next_dagrun for example_skip_dag to 2024-11-25 00:00:00+00:00, run_after=2024-11-26 00:00:00+00:00
[2024-11-26T18:14:37.597+0000] {processor.py:208} INFO - Processing /home/airflow/.local/lib/python3.12/site-packages/airflow/example_dags/example_skip_dag.py took 0.069 seconds
[2024-11-26T18:15:08.285+0000] {processor.py:186} INFO - Started process (PID=421) to work on /home/airflow/.local/lib/python3.12/site-packages/airflow/example_dags/example_skip_dag.py
[2024-11-26T18:15:08.286+0000] {processor.py:914} INFO - Processing file /home/airflow/.local/lib/python3.12/site-packages/airflow/example_dags/example_skip_dag.py for tasks to queue
[2024-11-26T18:15:08.288+0000] {logging_mixin.py:190} INFO - [2024-11-26T18:15:08.287+0000] {dagbag.py:588} INFO - Filling up the DagBag from /home/airflow/.local/lib/python3.12/site-packages/airflow/example_dags/example_skip_dag.py
[2024-11-26T18:15:08.293+0000] {processor.py:925} INFO - DAG(s) 'example_skip_dag' retrieved from /home/airflow/.local/lib/python3.12/site-packages/airflow/example_dags/example_skip_dag.py
[2024-11-26T18:15:08.311+0000] {logging_mixin.py:190} INFO - [2024-11-26T18:15:08.311+0000] {dag.py:3239} INFO - Sync 1 DAGs
[2024-11-26T18:15:08.331+0000] {logging_mixin.py:190} INFO - [2024-11-26T18:15:08.330+0000] {dag.py:4180} INFO - Setting next_dagrun for example_skip_dag to 2024-11-25 00:00:00+00:00, run_after=2024-11-26 00:00:00+00:00
[2024-11-26T18:15:08.346+0000] {processor.py:208} INFO - Processing /home/airflow/.local/lib/python3.12/site-packages/airflow/example_dags/example_skip_dag.py took 0.064 seconds
[2024-11-26T18:15:39.137+0000] {processor.py:186} INFO - Started process (PID=485) to work on /home/airflow/.local/lib/python3.12/site-packages/airflow/example_dags/example_skip_dag.py
[2024-11-26T18:15:39.138+0000] {processor.py:914} INFO - Processing file /home/airflow/.local/lib/python3.12/site-packages/airflow/example_dags/example_skip_dag.py for tasks to queue
[2024-11-26T18:15:39.140+0000] {logging_mixin.py:190} INFO - [2024-11-26T18:15:39.140+0000] {dagbag.py:588} INFO - Filling up the DagBag from /home/airflow/.local/lib/python3.12/site-packages/airflow/example_dags/example_skip_dag.py
[2024-11-26T18:15:39.146+0000] {processor.py:925} INFO - DAG(s) 'example_skip_dag' retrieved from /home/airflow/.local/lib/python3.12/site-packages/airflow/example_dags/example_skip_dag.py
[2024-11-26T18:15:39.166+0000] {logging_mixin.py:190} INFO - [2024-11-26T18:15:39.166+0000] {dag.py:3239} INFO - Sync 1 DAGs
[2024-11-26T18:15:39.185+0000] {logging_mixin.py:190} INFO - [2024-11-26T18:15:39.185+0000] {dag.py:4180} INFO - Setting next_dagrun for example_skip_dag to 2024-11-25 00:00:00+00:00, run_after=2024-11-26 00:00:00+00:00
[2024-11-26T18:15:39.202+0000] {processor.py:208} INFO - Processing /home/airflow/.local/lib/python3.12/site-packages/airflow/example_dags/example_skip_dag.py took 0.070 seconds
[2024-11-26T18:16:09.812+0000] {processor.py:186} INFO - Started process (PID=549) to work on /home/airflow/.local/lib/python3.12/site-packages/airflow/example_dags/example_skip_dag.py
[2024-11-26T18:16:09.813+0000] {processor.py:914} INFO - Processing file /home/airflow/.local/lib/python3.12/site-packages/airflow/example_dags/example_skip_dag.py for tasks to queue
[2024-11-26T18:16:09.814+0000] {logging_mixin.py:190} INFO - [2024-11-26T18:16:09.814+0000] {dagbag.py:588} INFO - Filling up the DagBag from /home/airflow/.local/lib/python3.12/site-packages/airflow/example_dags/example_skip_dag.py
[2024-11-26T18:16:09.820+0000] {processor.py:925} INFO - DAG(s) 'example_skip_dag' retrieved from /home/airflow/.local/lib/python3.12/site-packages/airflow/example_dags/example_skip_dag.py
[2024-11-26T18:16:09.836+0000] {logging_mixin.py:190} INFO - [2024-11-26T18:16:09.836+0000] {dag.py:3239} INFO - Sync 1 DAGs
[2024-11-26T18:16:09.854+0000] {logging_mixin.py:190} INFO - [2024-11-26T18:16:09.854+0000] {dag.py:4180} INFO - Setting next_dagrun for example_skip_dag to 2024-11-25 00:00:00+00:00, run_after=2024-11-26 00:00:00+00:00
[2024-11-26T18:16:09.867+0000] {processor.py:208} INFO - Processing /home/airflow/.local/lib/python3.12/site-packages/airflow/example_dags/example_skip_dag.py took 0.059 seconds
[2024-11-26T18:16:40.448+0000] {processor.py:186} INFO - Started process (PID=613) to work on /home/airflow/.local/lib/python3.12/site-packages/airflow/example_dags/example_skip_dag.py
[2024-11-26T18:16:40.586+0000] {processor.py:914} INFO - Processing file /home/airflow/.local/lib/python3.12/site-packages/airflow/example_dags/example_skip_dag.py for tasks to queue
[2024-11-26T18:16:40.588+0000] {logging_mixin.py:190} INFO - [2024-11-26T18:16:40.588+0000] {dagbag.py:588} INFO - Filling up the DagBag from /home/airflow/.local/lib/python3.12/site-packages/airflow/example_dags/example_skip_dag.py
[2024-11-26T18:16:40.594+0000] {processor.py:925} INFO - DAG(s) 'example_skip_dag' retrieved from /home/airflow/.local/lib/python3.12/site-packages/airflow/example_dags/example_skip_dag.py
[2024-11-26T18:16:40.611+0000] {logging_mixin.py:190} INFO - [2024-11-26T18:16:40.611+0000] {dag.py:3239} INFO - Sync 1 DAGs
[2024-11-26T18:16:40.629+0000] {logging_mixin.py:190} INFO - [2024-11-26T18:16:40.629+0000] {dag.py:4180} INFO - Setting next_dagrun for example_skip_dag to 2024-11-25 00:00:00+00:00, run_after=2024-11-26 00:00:00+00:00
[2024-11-26T18:16:40.644+0000] {processor.py:208} INFO - Processing /home/airflow/.local/lib/python3.12/site-packages/airflow/example_dags/example_skip_dag.py took 0.200 seconds
[2024-11-26T18:17:11.386+0000] {processor.py:186} INFO - Started process (PID=678) to work on /home/airflow/.local/lib/python3.12/site-packages/airflow/example_dags/example_skip_dag.py
[2024-11-26T18:17:11.387+0000] {processor.py:914} INFO - Processing file /home/airflow/.local/lib/python3.12/site-packages/airflow/example_dags/example_skip_dag.py for tasks to queue
[2024-11-26T18:17:11.389+0000] {logging_mixin.py:190} INFO - [2024-11-26T18:17:11.388+0000] {dagbag.py:588} INFO - Filling up the DagBag from /home/airflow/.local/lib/python3.12/site-packages/airflow/example_dags/example_skip_dag.py
[2024-11-26T18:17:11.394+0000] {processor.py:925} INFO - DAG(s) 'example_skip_dag' retrieved from /home/airflow/.local/lib/python3.12/site-packages/airflow/example_dags/example_skip_dag.py
[2024-11-26T18:17:11.411+0000] {logging_mixin.py:190} INFO - [2024-11-26T18:17:11.411+0000] {dag.py:3239} INFO - Sync 1 DAGs
[2024-11-26T18:17:11.428+0000] {logging_mixin.py:190} INFO - [2024-11-26T18:17:11.428+0000] {dag.py:4180} INFO - Setting next_dagrun for example_skip_dag to 2024-11-25 00:00:00+00:00, run_after=2024-11-26 00:00:00+00:00
[2024-11-26T18:17:11.441+0000] {processor.py:208} INFO - Processing /home/airflow/.local/lib/python3.12/site-packages/airflow/example_dags/example_skip_dag.py took 0.059 seconds
[2024-11-26T18:17:42.390+0000] {processor.py:186} INFO - Started process (PID=741) to work on /home/airflow/.local/lib/python3.12/site-packages/airflow/example_dags/example_skip_dag.py
[2024-11-26T18:17:42.390+0000] {processor.py:914} INFO - Processing file /home/airflow/.local/lib/python3.12/site-packages/airflow/example_dags/example_skip_dag.py for tasks to queue
[2024-11-26T18:17:42.392+0000] {logging_mixin.py:190} INFO - [2024-11-26T18:17:42.392+0000] {dagbag.py:588} INFO - Filling up the DagBag from /home/airflow/.local/lib/python3.12/site-packages/airflow/example_dags/example_skip_dag.py
[2024-11-26T18:17:42.397+0000] {processor.py:925} INFO - DAG(s) 'example_skip_dag' retrieved from /home/airflow/.local/lib/python3.12/site-packages/airflow/example_dags/example_skip_dag.py
[2024-11-26T18:17:42.413+0000] {logging_mixin.py:190} INFO - [2024-11-26T18:17:42.413+0000] {dag.py:3239} INFO - Sync 1 DAGs
[2024-11-26T18:17:42.431+0000] {logging_mixin.py:190} INFO - [2024-11-26T18:17:42.431+0000] {dag.py:4180} INFO - Setting next_dagrun for example_skip_dag to 2024-11-25 00:00:00+00:00, run_after=2024-11-26 00:00:00+00:00
[2024-11-26T18:17:42.444+0000] {processor.py:208} INFO - Processing /home/airflow/.local/lib/python3.12/site-packages/airflow/example_dags/example_skip_dag.py took 0.059 seconds
[2024-11-26T18:18:13.029+0000] {processor.py:186} INFO - Started process (PID=805) to work on /home/airflow/.local/lib/python3.12/site-packages/airflow/example_dags/example_skip_dag.py
[2024-11-26T18:18:13.030+0000] {processor.py:914} INFO - Processing file /home/airflow/.local/lib/python3.12/site-packages/airflow/example_dags/example_skip_dag.py for tasks to queue
[2024-11-26T18:18:13.033+0000] {logging_mixin.py:190} INFO - [2024-11-26T18:18:13.032+0000] {dagbag.py:588} INFO - Filling up the DagBag from /home/airflow/.local/lib/python3.12/site-packages/airflow/example_dags/example_skip_dag.py
[2024-11-26T18:18:13.038+0000] {processor.py:925} INFO - DAG(s) 'example_skip_dag' retrieved from /home/airflow/.local/lib/python3.12/site-packages/airflow/example_dags/example_skip_dag.py
[2024-11-26T18:18:13.054+0000] {logging_mixin.py:190} INFO - [2024-11-26T18:18:13.054+0000] {dag.py:3239} INFO - Sync 1 DAGs
[2024-11-26T18:18:13.071+0000] {logging_mixin.py:190} INFO - [2024-11-26T18:18:13.071+0000] {dag.py:4180} INFO - Setting next_dagrun for example_skip_dag to 2024-11-25 00:00:00+00:00, run_after=2024-11-26 00:00:00+00:00
[2024-11-26T18:18:13.085+0000] {processor.py:208} INFO - Processing /home/airflow/.local/lib/python3.12/site-packages/airflow/example_dags/example_skip_dag.py took 0.060 seconds
[2024-11-26T18:44:13.008+0000] {processor.py:186} INFO - Started process (PID=118) to work on /home/airflow/.local/lib/python3.12/site-packages/airflow/example_dags/example_skip_dag.py
[2024-11-26T18:44:13.009+0000] {processor.py:914} INFO - Processing file /home/airflow/.local/lib/python3.12/site-packages/airflow/example_dags/example_skip_dag.py for tasks to queue
[2024-11-26T18:44:13.011+0000] {logging_mixin.py:190} INFO - [2024-11-26T18:44:13.011+0000] {dagbag.py:588} INFO - Filling up the DagBag from /home/airflow/.local/lib/python3.12/site-packages/airflow/example_dags/example_skip_dag.py
[2024-11-26T18:44:13.018+0000] {processor.py:925} INFO - DAG(s) 'example_skip_dag' retrieved from /home/airflow/.local/lib/python3.12/site-packages/airflow/example_dags/example_skip_dag.py
[2024-11-26T18:44:13.034+0000] {logging_mixin.py:190} INFO - [2024-11-26T18:44:13.034+0000] {dag.py:3239} INFO - Sync 1 DAGs
[2024-11-26T18:44:13.051+0000] {logging_mixin.py:190} INFO - [2024-11-26T18:44:13.051+0000] {dag.py:4180} INFO - Setting next_dagrun for example_skip_dag to 2024-11-25 00:00:00+00:00, run_after=2024-11-26 00:00:00+00:00
[2024-11-26T18:44:13.065+0000] {processor.py:208} INFO - Processing /home/airflow/.local/lib/python3.12/site-packages/airflow/example_dags/example_skip_dag.py took 0.061 seconds
[2024-11-26T18:44:44.315+0000] {processor.py:186} INFO - Started process (PID=193) to work on /home/airflow/.local/lib/python3.12/site-packages/airflow/example_dags/example_skip_dag.py
[2024-11-26T18:44:44.315+0000] {processor.py:914} INFO - Processing file /home/airflow/.local/lib/python3.12/site-packages/airflow/example_dags/example_skip_dag.py for tasks to queue
[2024-11-26T18:44:44.317+0000] {logging_mixin.py:190} INFO - [2024-11-26T18:44:44.317+0000] {dagbag.py:588} INFO - Filling up the DagBag from /home/airflow/.local/lib/python3.12/site-packages/airflow/example_dags/example_skip_dag.py
[2024-11-26T18:44:44.323+0000] {processor.py:925} INFO - DAG(s) 'example_skip_dag' retrieved from /home/airflow/.local/lib/python3.12/site-packages/airflow/example_dags/example_skip_dag.py
[2024-11-26T18:44:44.339+0000] {logging_mixin.py:190} INFO - [2024-11-26T18:44:44.338+0000] {dag.py:3239} INFO - Sync 1 DAGs
[2024-11-26T18:44:44.355+0000] {logging_mixin.py:190} INFO - [2024-11-26T18:44:44.355+0000] {dag.py:4180} INFO - Setting next_dagrun for example_skip_dag to 2024-11-25 00:00:00+00:00, run_after=2024-11-26 00:00:00+00:00
[2024-11-26T18:44:44.369+0000] {processor.py:208} INFO - Processing /home/airflow/.local/lib/python3.12/site-packages/airflow/example_dags/example_skip_dag.py took 0.058 seconds
[2024-11-26T18:45:15.625+0000] {processor.py:186} INFO - Started process (PID=268) to work on /home/airflow/.local/lib/python3.12/site-packages/airflow/example_dags/example_skip_dag.py
[2024-11-26T18:45:15.625+0000] {processor.py:914} INFO - Processing file /home/airflow/.local/lib/python3.12/site-packages/airflow/example_dags/example_skip_dag.py for tasks to queue
[2024-11-26T18:45:15.627+0000] {logging_mixin.py:190} INFO - [2024-11-26T18:45:15.627+0000] {dagbag.py:588} INFO - Filling up the DagBag from /home/airflow/.local/lib/python3.12/site-packages/airflow/example_dags/example_skip_dag.py
[2024-11-26T18:45:15.634+0000] {processor.py:925} INFO - DAG(s) 'example_skip_dag' retrieved from /home/airflow/.local/lib/python3.12/site-packages/airflow/example_dags/example_skip_dag.py
[2024-11-26T18:45:15.654+0000] {logging_mixin.py:190} INFO - [2024-11-26T18:45:15.654+0000] {dag.py:3239} INFO - Sync 1 DAGs
[2024-11-26T18:45:15.674+0000] {logging_mixin.py:190} INFO - [2024-11-26T18:45:15.674+0000] {dag.py:4180} INFO - Setting next_dagrun for example_skip_dag to 2024-11-25 00:00:00+00:00, run_after=2024-11-26 00:00:00+00:00
[2024-11-26T18:45:15.696+0000] {processor.py:208} INFO - Processing /home/airflow/.local/lib/python3.12/site-packages/airflow/example_dags/example_skip_dag.py took 0.075 seconds
[2024-11-26T18:45:46.513+0000] {processor.py:186} INFO - Started process (PID=343) to work on /home/airflow/.local/lib/python3.12/site-packages/airflow/example_dags/example_skip_dag.py
[2024-11-26T18:45:46.514+0000] {processor.py:914} INFO - Processing file /home/airflow/.local/lib/python3.12/site-packages/airflow/example_dags/example_skip_dag.py for tasks to queue
[2024-11-26T18:45:46.515+0000] {logging_mixin.py:190} INFO - [2024-11-26T18:45:46.515+0000] {dagbag.py:588} INFO - Filling up the DagBag from /home/airflow/.local/lib/python3.12/site-packages/airflow/example_dags/example_skip_dag.py
[2024-11-26T18:45:46.523+0000] {processor.py:925} INFO - DAG(s) 'example_skip_dag' retrieved from /home/airflow/.local/lib/python3.12/site-packages/airflow/example_dags/example_skip_dag.py
[2024-11-26T18:45:46.545+0000] {logging_mixin.py:190} INFO - [2024-11-26T18:45:46.545+0000] {dag.py:3239} INFO - Sync 1 DAGs
[2024-11-26T18:45:46.580+0000] {logging_mixin.py:190} INFO - [2024-11-26T18:45:46.579+0000] {dag.py:4180} INFO - Setting next_dagrun for example_skip_dag to 2024-11-25 00:00:00+00:00, run_after=2024-11-26 00:00:00+00:00
[2024-11-26T18:45:46.612+0000] {processor.py:208} INFO - Processing /home/airflow/.local/lib/python3.12/site-packages/airflow/example_dags/example_skip_dag.py took 0.103 seconds
[2024-11-26T18:46:17.373+0000] {processor.py:186} INFO - Started process (PID=418) to work on /home/airflow/.local/lib/python3.12/site-packages/airflow/example_dags/example_skip_dag.py
[2024-11-26T18:46:17.374+0000] {processor.py:914} INFO - Processing file /home/airflow/.local/lib/python3.12/site-packages/airflow/example_dags/example_skip_dag.py for tasks to queue
[2024-11-26T18:46:17.376+0000] {logging_mixin.py:190} INFO - [2024-11-26T18:46:17.376+0000] {dagbag.py:588} INFO - Filling up the DagBag from /home/airflow/.local/lib/python3.12/site-packages/airflow/example_dags/example_skip_dag.py
[2024-11-26T18:46:17.382+0000] {processor.py:925} INFO - DAG(s) 'example_skip_dag' retrieved from /home/airflow/.local/lib/python3.12/site-packages/airflow/example_dags/example_skip_dag.py
[2024-11-26T18:46:17.402+0000] {logging_mixin.py:190} INFO - [2024-11-26T18:46:17.402+0000] {dag.py:3239} INFO - Sync 1 DAGs
[2024-11-26T18:46:17.422+0000] {logging_mixin.py:190} INFO - [2024-11-26T18:46:17.422+0000] {dag.py:4180} INFO - Setting next_dagrun for example_skip_dag to 2024-11-25 00:00:00+00:00, run_after=2024-11-26 00:00:00+00:00
[2024-11-26T18:46:17.438+0000] {processor.py:208} INFO - Processing /home/airflow/.local/lib/python3.12/site-packages/airflow/example_dags/example_skip_dag.py took 0.069 seconds
