[2024-11-26T17:53:58.653+0000] {processor.py:186} INFO - Started process (PID=102) to work on /home/airflow/.local/lib/python3.12/site-packages/airflow/example_dags/example_xcomargs.py
[2024-11-26T17:53:58.653+0000] {processor.py:914} INFO - Processing file /home/airflow/.local/lib/python3.12/site-packages/airflow/example_dags/example_xcomargs.py for tasks to queue
[2024-11-26T17:53:58.655+0000] {logging_mixin.py:190} INFO - [2024-11-26T17:53:58.655+0000] {dagbag.py:588} INFO - Filling up the DagBag from /home/airflow/.local/lib/python3.12/site-packages/airflow/example_dags/example_xcomargs.py
[2024-11-26T17:53:58.664+0000] {processor.py:925} INFO - DAG(s) 'example_xcom_args_with_operators', 'example_xcom_args' retrieved from /home/airflow/.local/lib/python3.12/site-packages/airflow/example_dags/example_xcomargs.py
[2024-11-26T17:53:58.749+0000] {logging_mixin.py:190} INFO - [2024-11-26T17:53:58.748+0000] {override.py:1911} INFO - Created Permission View: can read on DAG:example_xcom_args_with_operators
[2024-11-26T17:53:58.758+0000] {logging_mixin.py:190} INFO - [2024-11-26T17:53:58.758+0000] {override.py:1911} INFO - Created Permission View: can delete on DAG:example_xcom_args_with_operators
[2024-11-26T17:53:58.765+0000] {logging_mixin.py:190} INFO - [2024-11-26T17:53:58.765+0000] {override.py:1911} INFO - Created Permission View: can edit on DAG:example_xcom_args_with_operators
[2024-11-26T17:53:58.777+0000] {logging_mixin.py:190} INFO - [2024-11-26T17:53:58.777+0000] {override.py:1911} INFO - Created Permission View: can create on DAG Run:example_xcom_args_with_operators
[2024-11-26T17:53:58.787+0000] {logging_mixin.py:190} INFO - [2024-11-26T17:53:58.787+0000] {override.py:1911} INFO - Created Permission View: can read on DAG Run:example_xcom_args_with_operators
[2024-11-26T17:53:58.798+0000] {logging_mixin.py:190} INFO - [2024-11-26T17:53:58.797+0000] {override.py:1911} INFO - Created Permission View: can delete on DAG Run:example_xcom_args_with_operators
[2024-11-26T17:53:58.805+0000] {logging_mixin.py:190} INFO - [2024-11-26T17:53:58.804+0000] {override.py:1911} INFO - Created Permission View: menu access on DAG Run:example_xcom_args_with_operators
[2024-11-26T17:53:58.818+0000] {logging_mixin.py:190} INFO - [2024-11-26T17:53:58.818+0000] {override.py:1911} INFO - Created Permission View: can read on DAG:example_xcom_args
[2024-11-26T17:53:58.825+0000] {logging_mixin.py:190} INFO - [2024-11-26T17:53:58.825+0000] {override.py:1911} INFO - Created Permission View: can delete on DAG:example_xcom_args
[2024-11-26T17:53:58.832+0000] {logging_mixin.py:190} INFO - [2024-11-26T17:53:58.832+0000] {override.py:1911} INFO - Created Permission View: can edit on DAG:example_xcom_args
[2024-11-26T17:53:58.841+0000] {logging_mixin.py:190} INFO - [2024-11-26T17:53:58.840+0000] {override.py:1911} INFO - Created Permission View: can create on DAG Run:example_xcom_args
[2024-11-26T17:53:58.847+0000] {logging_mixin.py:190} INFO - [2024-11-26T17:53:58.847+0000] {override.py:1911} INFO - Created Permission View: can read on DAG Run:example_xcom_args
[2024-11-26T17:53:58.853+0000] {logging_mixin.py:190} INFO - [2024-11-26T17:53:58.853+0000] {override.py:1911} INFO - Created Permission View: can delete on DAG Run:example_xcom_args
[2024-11-26T17:53:58.860+0000] {logging_mixin.py:190} INFO - [2024-11-26T17:53:58.859+0000] {override.py:1911} INFO - Created Permission View: menu access on DAG Run:example_xcom_args
[2024-11-26T17:53:58.860+0000] {logging_mixin.py:190} INFO - [2024-11-26T17:53:58.860+0000] {dag.py:3239} INFO - Sync 2 DAGs
[2024-11-26T17:53:58.871+0000] {logging_mixin.py:190} INFO - [2024-11-26T17:53:58.871+0000] {dag.py:3262} INFO - Creating ORM DAG for example_xcom_args_with_operators
[2024-11-26T17:53:58.872+0000] {logging_mixin.py:190} INFO - [2024-11-26T17:53:58.872+0000] {dag.py:3262} INFO - Creating ORM DAG for example_xcom_args
[2024-11-26T17:53:58.873+0000] {logging_mixin.py:190} INFO - [2024-11-26T17:53:58.873+0000] {dag.py:4180} INFO - Setting next_dagrun for example_xcom_args to None, run_after=None
[2024-11-26T17:53:58.873+0000] {logging_mixin.py:190} INFO - [2024-11-26T17:53:58.873+0000] {dag.py:4180} INFO - Setting next_dagrun for example_xcom_args_with_operators to None, run_after=None
[2024-11-26T17:53:58.887+0000] {processor.py:208} INFO - Processing /home/airflow/.local/lib/python3.12/site-packages/airflow/example_dags/example_xcomargs.py took 0.239 seconds
[2024-11-26T17:54:29.502+0000] {processor.py:186} INFO - Started process (PID=165) to work on /home/airflow/.local/lib/python3.12/site-packages/airflow/example_dags/example_xcomargs.py
[2024-11-26T17:54:29.503+0000] {processor.py:914} INFO - Processing file /home/airflow/.local/lib/python3.12/site-packages/airflow/example_dags/example_xcomargs.py for tasks to queue
[2024-11-26T17:54:29.506+0000] {logging_mixin.py:190} INFO - [2024-11-26T17:54:29.506+0000] {dagbag.py:588} INFO - Filling up the DagBag from /home/airflow/.local/lib/python3.12/site-packages/airflow/example_dags/example_xcomargs.py
[2024-11-26T17:54:29.514+0000] {processor.py:925} INFO - DAG(s) 'example_xcom_args', 'example_xcom_args_with_operators' retrieved from /home/airflow/.local/lib/python3.12/site-packages/airflow/example_dags/example_xcomargs.py
[2024-11-26T17:54:29.534+0000] {logging_mixin.py:190} INFO - [2024-11-26T17:54:29.534+0000] {dag.py:3239} INFO - Sync 2 DAGs
[2024-11-26T17:54:29.548+0000] {logging_mixin.py:190} INFO - [2024-11-26T17:54:29.547+0000] {dag.py:4180} INFO - Setting next_dagrun for example_xcom_args to None, run_after=None
[2024-11-26T17:54:29.551+0000] {logging_mixin.py:190} INFO - [2024-11-26T17:54:29.551+0000] {dag.py:4180} INFO - Setting next_dagrun for example_xcom_args_with_operators to None, run_after=None
[2024-11-26T17:54:29.567+0000] {processor.py:208} INFO - Processing /home/airflow/.local/lib/python3.12/site-packages/airflow/example_dags/example_xcomargs.py took 0.069 seconds
[2024-11-26T17:55:00.352+0000] {processor.py:186} INFO - Started process (PID=228) to work on /home/airflow/.local/lib/python3.12/site-packages/airflow/example_dags/example_xcomargs.py
[2024-11-26T17:55:00.353+0000] {processor.py:914} INFO - Processing file /home/airflow/.local/lib/python3.12/site-packages/airflow/example_dags/example_xcomargs.py for tasks to queue
[2024-11-26T17:55:00.354+0000] {logging_mixin.py:190} INFO - [2024-11-26T17:55:00.354+0000] {dagbag.py:588} INFO - Filling up the DagBag from /home/airflow/.local/lib/python3.12/site-packages/airflow/example_dags/example_xcomargs.py
[2024-11-26T17:55:00.361+0000] {processor.py:925} INFO - DAG(s) 'example_xcom_args_with_operators', 'example_xcom_args' retrieved from /home/airflow/.local/lib/python3.12/site-packages/airflow/example_dags/example_xcomargs.py
[2024-11-26T17:55:00.377+0000] {logging_mixin.py:190} INFO - [2024-11-26T17:55:00.377+0000] {dag.py:3239} INFO - Sync 2 DAGs
[2024-11-26T17:55:00.388+0000] {logging_mixin.py:190} INFO - [2024-11-26T17:55:00.388+0000] {dag.py:4180} INFO - Setting next_dagrun for example_xcom_args to None, run_after=None
[2024-11-26T17:55:00.391+0000] {logging_mixin.py:190} INFO - [2024-11-26T17:55:00.391+0000] {dag.py:4180} INFO - Setting next_dagrun for example_xcom_args_with_operators to None, run_after=None
[2024-11-26T17:55:00.404+0000] {processor.py:208} INFO - Processing /home/airflow/.local/lib/python3.12/site-packages/airflow/example_dags/example_xcomargs.py took 0.056 seconds
[2024-11-26T17:55:30.509+0000] {processor.py:186} INFO - Started process (PID=292) to work on /home/airflow/.local/lib/python3.12/site-packages/airflow/example_dags/example_xcomargs.py
[2024-11-26T17:55:30.509+0000] {processor.py:914} INFO - Processing file /home/airflow/.local/lib/python3.12/site-packages/airflow/example_dags/example_xcomargs.py for tasks to queue
[2024-11-26T17:55:30.512+0000] {logging_mixin.py:190} INFO - [2024-11-26T17:55:30.511+0000] {dagbag.py:588} INFO - Filling up the DagBag from /home/airflow/.local/lib/python3.12/site-packages/airflow/example_dags/example_xcomargs.py
[2024-11-26T17:55:30.519+0000] {processor.py:925} INFO - DAG(s) 'example_xcom_args_with_operators', 'example_xcom_args' retrieved from /home/airflow/.local/lib/python3.12/site-packages/airflow/example_dags/example_xcomargs.py
[2024-11-26T17:55:30.540+0000] {logging_mixin.py:190} INFO - [2024-11-26T17:55:30.539+0000] {dag.py:3239} INFO - Sync 2 DAGs
[2024-11-26T17:55:30.552+0000] {logging_mixin.py:190} INFO - [2024-11-26T17:55:30.551+0000] {dag.py:4180} INFO - Setting next_dagrun for example_xcom_args to None, run_after=None
[2024-11-26T17:55:30.555+0000] {logging_mixin.py:190} INFO - [2024-11-26T17:55:30.555+0000] {dag.py:4180} INFO - Setting next_dagrun for example_xcom_args_with_operators to None, run_after=None
[2024-11-26T17:55:30.568+0000] {processor.py:208} INFO - Processing /home/airflow/.local/lib/python3.12/site-packages/airflow/example_dags/example_xcomargs.py took 0.064 seconds
[2024-11-26T17:56:00.728+0000] {processor.py:186} INFO - Started process (PID=353) to work on /home/airflow/.local/lib/python3.12/site-packages/airflow/example_dags/example_xcomargs.py
[2024-11-26T17:56:00.730+0000] {processor.py:914} INFO - Processing file /home/airflow/.local/lib/python3.12/site-packages/airflow/example_dags/example_xcomargs.py for tasks to queue
[2024-11-26T17:56:00.731+0000] {logging_mixin.py:190} INFO - [2024-11-26T17:56:00.731+0000] {dagbag.py:588} INFO - Filling up the DagBag from /home/airflow/.local/lib/python3.12/site-packages/airflow/example_dags/example_xcomargs.py
[2024-11-26T17:56:00.741+0000] {processor.py:925} INFO - DAG(s) 'example_xcom_args_with_operators', 'example_xcom_args' retrieved from /home/airflow/.local/lib/python3.12/site-packages/airflow/example_dags/example_xcomargs.py
[2024-11-26T17:56:00.760+0000] {logging_mixin.py:190} INFO - [2024-11-26T17:56:00.760+0000] {dag.py:3239} INFO - Sync 2 DAGs
[2024-11-26T17:56:00.773+0000] {logging_mixin.py:190} INFO - [2024-11-26T17:56:00.772+0000] {dag.py:4180} INFO - Setting next_dagrun for example_xcom_args to None, run_after=None
[2024-11-26T17:56:00.776+0000] {logging_mixin.py:190} INFO - [2024-11-26T17:56:00.776+0000] {dag.py:4180} INFO - Setting next_dagrun for example_xcom_args_with_operators to None, run_after=None
[2024-11-26T17:56:00.791+0000] {processor.py:208} INFO - Processing /home/airflow/.local/lib/python3.12/site-packages/airflow/example_dags/example_xcomargs.py took 0.068 seconds
[2024-11-26T17:56:31.772+0000] {processor.py:186} INFO - Started process (PID=416) to work on /home/airflow/.local/lib/python3.12/site-packages/airflow/example_dags/example_xcomargs.py
[2024-11-26T17:56:31.773+0000] {processor.py:914} INFO - Processing file /home/airflow/.local/lib/python3.12/site-packages/airflow/example_dags/example_xcomargs.py for tasks to queue
[2024-11-26T17:56:31.774+0000] {logging_mixin.py:190} INFO - [2024-11-26T17:56:31.774+0000] {dagbag.py:588} INFO - Filling up the DagBag from /home/airflow/.local/lib/python3.12/site-packages/airflow/example_dags/example_xcomargs.py
[2024-11-26T17:56:31.781+0000] {processor.py:925} INFO - DAG(s) 'example_xcom_args_with_operators', 'example_xcom_args' retrieved from /home/airflow/.local/lib/python3.12/site-packages/airflow/example_dags/example_xcomargs.py
[2024-11-26T17:56:31.801+0000] {logging_mixin.py:190} INFO - [2024-11-26T17:56:31.801+0000] {dag.py:3239} INFO - Sync 2 DAGs
[2024-11-26T17:56:31.812+0000] {logging_mixin.py:190} INFO - [2024-11-26T17:56:31.812+0000] {dag.py:4180} INFO - Setting next_dagrun for example_xcom_args to None, run_after=None
[2024-11-26T17:56:31.816+0000] {logging_mixin.py:190} INFO - [2024-11-26T17:56:31.816+0000] {dag.py:4180} INFO - Setting next_dagrun for example_xcom_args_with_operators to None, run_after=None
[2024-11-26T17:56:31.829+0000] {processor.py:208} INFO - Processing /home/airflow/.local/lib/python3.12/site-packages/airflow/example_dags/example_xcomargs.py took 0.063 seconds
[2024-11-26T17:57:02.703+0000] {processor.py:186} INFO - Started process (PID=479) to work on /home/airflow/.local/lib/python3.12/site-packages/airflow/example_dags/example_xcomargs.py
[2024-11-26T17:57:02.704+0000] {processor.py:914} INFO - Processing file /home/airflow/.local/lib/python3.12/site-packages/airflow/example_dags/example_xcomargs.py for tasks to queue
[2024-11-26T17:57:02.706+0000] {logging_mixin.py:190} INFO - [2024-11-26T17:57:02.706+0000] {dagbag.py:588} INFO - Filling up the DagBag from /home/airflow/.local/lib/python3.12/site-packages/airflow/example_dags/example_xcomargs.py
[2024-11-26T17:57:02.714+0000] {processor.py:925} INFO - DAG(s) 'example_xcom_args_with_operators', 'example_xcom_args' retrieved from /home/airflow/.local/lib/python3.12/site-packages/airflow/example_dags/example_xcomargs.py
[2024-11-26T17:57:02.733+0000] {logging_mixin.py:190} INFO - [2024-11-26T17:57:02.733+0000] {dag.py:3239} INFO - Sync 2 DAGs
[2024-11-26T17:57:02.746+0000] {logging_mixin.py:190} INFO - [2024-11-26T17:57:02.745+0000] {dag.py:4180} INFO - Setting next_dagrun for example_xcom_args to None, run_after=None
[2024-11-26T17:57:02.750+0000] {logging_mixin.py:190} INFO - [2024-11-26T17:57:02.750+0000] {dag.py:4180} INFO - Setting next_dagrun for example_xcom_args_with_operators to None, run_after=None
[2024-11-26T17:57:02.763+0000] {processor.py:208} INFO - Processing /home/airflow/.local/lib/python3.12/site-packages/airflow/example_dags/example_xcomargs.py took 0.065 seconds
[2024-11-26T17:57:33.635+0000] {processor.py:186} INFO - Started process (PID=542) to work on /home/airflow/.local/lib/python3.12/site-packages/airflow/example_dags/example_xcomargs.py
[2024-11-26T17:57:33.636+0000] {processor.py:914} INFO - Processing file /home/airflow/.local/lib/python3.12/site-packages/airflow/example_dags/example_xcomargs.py for tasks to queue
[2024-11-26T17:57:33.638+0000] {logging_mixin.py:190} INFO - [2024-11-26T17:57:33.637+0000] {dagbag.py:588} INFO - Filling up the DagBag from /home/airflow/.local/lib/python3.12/site-packages/airflow/example_dags/example_xcomargs.py
[2024-11-26T17:57:33.645+0000] {processor.py:925} INFO - DAG(s) 'example_xcom_args', 'example_xcom_args_with_operators' retrieved from /home/airflow/.local/lib/python3.12/site-packages/airflow/example_dags/example_xcomargs.py
[2024-11-26T17:57:33.663+0000] {logging_mixin.py:190} INFO - [2024-11-26T17:57:33.662+0000] {dag.py:3239} INFO - Sync 2 DAGs
[2024-11-26T17:57:33.675+0000] {logging_mixin.py:190} INFO - [2024-11-26T17:57:33.675+0000] {dag.py:4180} INFO - Setting next_dagrun for example_xcom_args to None, run_after=None
[2024-11-26T17:57:33.678+0000] {logging_mixin.py:190} INFO - [2024-11-26T17:57:33.678+0000] {dag.py:4180} INFO - Setting next_dagrun for example_xcom_args_with_operators to None, run_after=None
[2024-11-26T17:57:33.691+0000] {processor.py:208} INFO - Processing /home/airflow/.local/lib/python3.12/site-packages/airflow/example_dags/example_xcomargs.py took 0.060 seconds
[2024-11-26T17:58:04.306+0000] {processor.py:186} INFO - Started process (PID=605) to work on /home/airflow/.local/lib/python3.12/site-packages/airflow/example_dags/example_xcomargs.py
[2024-11-26T17:58:04.307+0000] {processor.py:914} INFO - Processing file /home/airflow/.local/lib/python3.12/site-packages/airflow/example_dags/example_xcomargs.py for tasks to queue
[2024-11-26T17:58:04.309+0000] {logging_mixin.py:190} INFO - [2024-11-26T17:58:04.308+0000] {dagbag.py:588} INFO - Filling up the DagBag from /home/airflow/.local/lib/python3.12/site-packages/airflow/example_dags/example_xcomargs.py
[2024-11-26T17:58:04.316+0000] {processor.py:925} INFO - DAG(s) 'example_xcom_args', 'example_xcom_args_with_operators' retrieved from /home/airflow/.local/lib/python3.12/site-packages/airflow/example_dags/example_xcomargs.py
[2024-11-26T17:58:04.339+0000] {logging_mixin.py:190} INFO - [2024-11-26T17:58:04.339+0000] {dag.py:3239} INFO - Sync 2 DAGs
[2024-11-26T17:58:04.352+0000] {logging_mixin.py:190} INFO - [2024-11-26T17:58:04.352+0000] {dag.py:4180} INFO - Setting next_dagrun for example_xcom_args to None, run_after=None
[2024-11-26T17:58:04.355+0000] {logging_mixin.py:190} INFO - [2024-11-26T17:58:04.355+0000] {dag.py:4180} INFO - Setting next_dagrun for example_xcom_args_with_operators to None, run_after=None
[2024-11-26T17:58:04.368+0000] {processor.py:208} INFO - Processing /home/airflow/.local/lib/python3.12/site-packages/airflow/example_dags/example_xcomargs.py took 0.066 seconds
[2024-11-26T17:58:34.624+0000] {processor.py:186} INFO - Started process (PID=668) to work on /home/airflow/.local/lib/python3.12/site-packages/airflow/example_dags/example_xcomargs.py
[2024-11-26T17:58:34.625+0000] {processor.py:914} INFO - Processing file /home/airflow/.local/lib/python3.12/site-packages/airflow/example_dags/example_xcomargs.py for tasks to queue
[2024-11-26T17:58:34.627+0000] {logging_mixin.py:190} INFO - [2024-11-26T17:58:34.627+0000] {dagbag.py:588} INFO - Filling up the DagBag from /home/airflow/.local/lib/python3.12/site-packages/airflow/example_dags/example_xcomargs.py
[2024-11-26T17:58:34.636+0000] {processor.py:925} INFO - DAG(s) 'example_xcom_args_with_operators', 'example_xcom_args' retrieved from /home/airflow/.local/lib/python3.12/site-packages/airflow/example_dags/example_xcomargs.py
[2024-11-26T17:58:34.656+0000] {logging_mixin.py:190} INFO - [2024-11-26T17:58:34.656+0000] {dag.py:3239} INFO - Sync 2 DAGs
[2024-11-26T17:58:34.669+0000] {logging_mixin.py:190} INFO - [2024-11-26T17:58:34.669+0000] {dag.py:4180} INFO - Setting next_dagrun for example_xcom_args to None, run_after=None
[2024-11-26T17:58:34.672+0000] {logging_mixin.py:190} INFO - [2024-11-26T17:58:34.672+0000] {dag.py:4180} INFO - Setting next_dagrun for example_xcom_args_with_operators to None, run_after=None
[2024-11-26T17:58:34.686+0000] {processor.py:208} INFO - Processing /home/airflow/.local/lib/python3.12/site-packages/airflow/example_dags/example_xcomargs.py took 0.066 seconds
[2024-11-26T17:59:05.011+0000] {processor.py:186} INFO - Started process (PID=730) to work on /home/airflow/.local/lib/python3.12/site-packages/airflow/example_dags/example_xcomargs.py
[2024-11-26T17:59:05.012+0000] {processor.py:914} INFO - Processing file /home/airflow/.local/lib/python3.12/site-packages/airflow/example_dags/example_xcomargs.py for tasks to queue
[2024-11-26T17:59:05.013+0000] {logging_mixin.py:190} INFO - [2024-11-26T17:59:05.013+0000] {dagbag.py:588} INFO - Filling up the DagBag from /home/airflow/.local/lib/python3.12/site-packages/airflow/example_dags/example_xcomargs.py
[2024-11-26T17:59:05.021+0000] {processor.py:925} INFO - DAG(s) 'example_xcom_args_with_operators', 'example_xcom_args' retrieved from /home/airflow/.local/lib/python3.12/site-packages/airflow/example_dags/example_xcomargs.py
[2024-11-26T17:59:05.038+0000] {logging_mixin.py:190} INFO - [2024-11-26T17:59:05.038+0000] {dag.py:3239} INFO - Sync 2 DAGs
[2024-11-26T17:59:05.050+0000] {logging_mixin.py:190} INFO - [2024-11-26T17:59:05.050+0000] {dag.py:4180} INFO - Setting next_dagrun for example_xcom_args to None, run_after=None
[2024-11-26T17:59:05.053+0000] {logging_mixin.py:190} INFO - [2024-11-26T17:59:05.052+0000] {dag.py:4180} INFO - Setting next_dagrun for example_xcom_args_with_operators to None, run_after=None
[2024-11-26T17:59:05.064+0000] {processor.py:208} INFO - Processing /home/airflow/.local/lib/python3.12/site-packages/airflow/example_dags/example_xcomargs.py took 0.057 seconds
[2024-11-26T18:06:07.816+0000] {processor.py:186} INFO - Started process (PID=97) to work on /home/airflow/.local/lib/python3.12/site-packages/airflow/example_dags/example_xcomargs.py
[2024-11-26T18:06:07.817+0000] {processor.py:914} INFO - Processing file /home/airflow/.local/lib/python3.12/site-packages/airflow/example_dags/example_xcomargs.py for tasks to queue
[2024-11-26T18:06:07.818+0000] {logging_mixin.py:190} INFO - [2024-11-26T18:06:07.818+0000] {dagbag.py:588} INFO - Filling up the DagBag from /home/airflow/.local/lib/python3.12/site-packages/airflow/example_dags/example_xcomargs.py
[2024-11-26T18:06:07.826+0000] {processor.py:925} INFO - DAG(s) 'example_xcom_args_with_operators', 'example_xcom_args' retrieved from /home/airflow/.local/lib/python3.12/site-packages/airflow/example_dags/example_xcomargs.py
[2024-11-26T18:06:07.844+0000] {logging_mixin.py:190} INFO - [2024-11-26T18:06:07.843+0000] {dag.py:3239} INFO - Sync 2 DAGs
[2024-11-26T18:06:07.856+0000] {logging_mixin.py:190} INFO - [2024-11-26T18:06:07.856+0000] {dag.py:4180} INFO - Setting next_dagrun for example_xcom_args to None, run_after=None
[2024-11-26T18:06:07.859+0000] {logging_mixin.py:190} INFO - [2024-11-26T18:06:07.859+0000] {dag.py:4180} INFO - Setting next_dagrun for example_xcom_args_with_operators to None, run_after=None
[2024-11-26T18:06:07.872+0000] {processor.py:208} INFO - Processing /home/airflow/.local/lib/python3.12/site-packages/airflow/example_dags/example_xcomargs.py took 0.060 seconds
[2024-11-26T18:06:37.967+0000] {processor.py:186} INFO - Started process (PID=162) to work on /home/airflow/.local/lib/python3.12/site-packages/airflow/example_dags/example_xcomargs.py
[2024-11-26T18:06:37.968+0000] {processor.py:914} INFO - Processing file /home/airflow/.local/lib/python3.12/site-packages/airflow/example_dags/example_xcomargs.py for tasks to queue
[2024-11-26T18:06:37.970+0000] {logging_mixin.py:190} INFO - [2024-11-26T18:06:37.969+0000] {dagbag.py:588} INFO - Filling up the DagBag from /home/airflow/.local/lib/python3.12/site-packages/airflow/example_dags/example_xcomargs.py
[2024-11-26T18:06:37.976+0000] {processor.py:925} INFO - DAG(s) 'example_xcom_args_with_operators', 'example_xcom_args' retrieved from /home/airflow/.local/lib/python3.12/site-packages/airflow/example_dags/example_xcomargs.py
[2024-11-26T18:06:37.994+0000] {logging_mixin.py:190} INFO - [2024-11-26T18:06:37.993+0000] {dag.py:3239} INFO - Sync 2 DAGs
[2024-11-26T18:06:38.005+0000] {logging_mixin.py:190} INFO - [2024-11-26T18:06:38.005+0000] {dag.py:4180} INFO - Setting next_dagrun for example_xcom_args to None, run_after=None
[2024-11-26T18:06:38.009+0000] {logging_mixin.py:190} INFO - [2024-11-26T18:06:38.008+0000] {dag.py:4180} INFO - Setting next_dagrun for example_xcom_args_with_operators to None, run_after=None
[2024-11-26T18:06:38.020+0000] {processor.py:208} INFO - Processing /home/airflow/.local/lib/python3.12/site-packages/airflow/example_dags/example_xcomargs.py took 0.057 seconds
[2024-11-26T18:07:08.143+0000] {processor.py:186} INFO - Started process (PID=225) to work on /home/airflow/.local/lib/python3.12/site-packages/airflow/example_dags/example_xcomargs.py
[2024-11-26T18:07:08.143+0000] {processor.py:914} INFO - Processing file /home/airflow/.local/lib/python3.12/site-packages/airflow/example_dags/example_xcomargs.py for tasks to queue
[2024-11-26T18:07:08.145+0000] {logging_mixin.py:190} INFO - [2024-11-26T18:07:08.145+0000] {dagbag.py:588} INFO - Filling up the DagBag from /home/airflow/.local/lib/python3.12/site-packages/airflow/example_dags/example_xcomargs.py
[2024-11-26T18:07:08.152+0000] {processor.py:925} INFO - DAG(s) 'example_xcom_args_with_operators', 'example_xcom_args' retrieved from /home/airflow/.local/lib/python3.12/site-packages/airflow/example_dags/example_xcomargs.py
[2024-11-26T18:07:08.170+0000] {logging_mixin.py:190} INFO - [2024-11-26T18:07:08.170+0000] {dag.py:3239} INFO - Sync 2 DAGs
[2024-11-26T18:07:08.181+0000] {logging_mixin.py:190} INFO - [2024-11-26T18:07:08.181+0000] {dag.py:4180} INFO - Setting next_dagrun for example_xcom_args to None, run_after=None
[2024-11-26T18:07:08.184+0000] {logging_mixin.py:190} INFO - [2024-11-26T18:07:08.184+0000] {dag.py:4180} INFO - Setting next_dagrun for example_xcom_args_with_operators to None, run_after=None
[2024-11-26T18:07:08.197+0000] {processor.py:208} INFO - Processing /home/airflow/.local/lib/python3.12/site-packages/airflow/example_dags/example_xcomargs.py took 0.058 seconds
[2024-11-26T18:07:39.165+0000] {processor.py:186} INFO - Started process (PID=288) to work on /home/airflow/.local/lib/python3.12/site-packages/airflow/example_dags/example_xcomargs.py
[2024-11-26T18:07:39.165+0000] {processor.py:914} INFO - Processing file /home/airflow/.local/lib/python3.12/site-packages/airflow/example_dags/example_xcomargs.py for tasks to queue
[2024-11-26T18:07:39.167+0000] {logging_mixin.py:190} INFO - [2024-11-26T18:07:39.167+0000] {dagbag.py:588} INFO - Filling up the DagBag from /home/airflow/.local/lib/python3.12/site-packages/airflow/example_dags/example_xcomargs.py
[2024-11-26T18:07:39.173+0000] {processor.py:925} INFO - DAG(s) 'example_xcom_args', 'example_xcom_args_with_operators' retrieved from /home/airflow/.local/lib/python3.12/site-packages/airflow/example_dags/example_xcomargs.py
[2024-11-26T18:07:39.190+0000] {logging_mixin.py:190} INFO - [2024-11-26T18:07:39.190+0000] {dag.py:3239} INFO - Sync 2 DAGs
[2024-11-26T18:07:39.200+0000] {logging_mixin.py:190} INFO - [2024-11-26T18:07:39.200+0000] {dag.py:4180} INFO - Setting next_dagrun for example_xcom_args to None, run_after=None
[2024-11-26T18:07:39.203+0000] {logging_mixin.py:190} INFO - [2024-11-26T18:07:39.203+0000] {dag.py:4180} INFO - Setting next_dagrun for example_xcom_args_with_operators to None, run_after=None
[2024-11-26T18:07:39.216+0000] {processor.py:208} INFO - Processing /home/airflow/.local/lib/python3.12/site-packages/airflow/example_dags/example_xcomargs.py took 0.056 seconds
[2024-11-26T18:08:09.804+0000] {processor.py:186} INFO - Started process (PID=352) to work on /home/airflow/.local/lib/python3.12/site-packages/airflow/example_dags/example_xcomargs.py
[2024-11-26T18:08:09.805+0000] {processor.py:914} INFO - Processing file /home/airflow/.local/lib/python3.12/site-packages/airflow/example_dags/example_xcomargs.py for tasks to queue
[2024-11-26T18:08:09.807+0000] {logging_mixin.py:190} INFO - [2024-11-26T18:08:09.806+0000] {dagbag.py:588} INFO - Filling up the DagBag from /home/airflow/.local/lib/python3.12/site-packages/airflow/example_dags/example_xcomargs.py
[2024-11-26T18:08:09.813+0000] {processor.py:925} INFO - DAG(s) 'example_xcom_args', 'example_xcom_args_with_operators' retrieved from /home/airflow/.local/lib/python3.12/site-packages/airflow/example_dags/example_xcomargs.py
[2024-11-26T18:08:09.831+0000] {logging_mixin.py:190} INFO - [2024-11-26T18:08:09.831+0000] {dag.py:3239} INFO - Sync 2 DAGs
[2024-11-26T18:08:09.842+0000] {logging_mixin.py:190} INFO - [2024-11-26T18:08:09.842+0000] {dag.py:4180} INFO - Setting next_dagrun for example_xcom_args to None, run_after=None
[2024-11-26T18:08:09.846+0000] {logging_mixin.py:190} INFO - [2024-11-26T18:08:09.845+0000] {dag.py:4180} INFO - Setting next_dagrun for example_xcom_args_with_operators to None, run_after=None
[2024-11-26T18:08:09.860+0000] {processor.py:208} INFO - Processing /home/airflow/.local/lib/python3.12/site-packages/airflow/example_dags/example_xcomargs.py took 0.059 seconds
[2024-11-26T18:08:39.987+0000] {processor.py:186} INFO - Started process (PID=416) to work on /home/airflow/.local/lib/python3.12/site-packages/airflow/example_dags/example_xcomargs.py
[2024-11-26T18:08:39.987+0000] {processor.py:914} INFO - Processing file /home/airflow/.local/lib/python3.12/site-packages/airflow/example_dags/example_xcomargs.py for tasks to queue
[2024-11-26T18:08:39.989+0000] {logging_mixin.py:190} INFO - [2024-11-26T18:08:39.989+0000] {dagbag.py:588} INFO - Filling up the DagBag from /home/airflow/.local/lib/python3.12/site-packages/airflow/example_dags/example_xcomargs.py
[2024-11-26T18:08:39.996+0000] {processor.py:925} INFO - DAG(s) 'example_xcom_args', 'example_xcom_args_with_operators' retrieved from /home/airflow/.local/lib/python3.12/site-packages/airflow/example_dags/example_xcomargs.py
[2024-11-26T18:08:40.013+0000] {logging_mixin.py:190} INFO - [2024-11-26T18:08:40.012+0000] {dag.py:3239} INFO - Sync 2 DAGs
[2024-11-26T18:08:40.025+0000] {logging_mixin.py:190} INFO - [2024-11-26T18:08:40.025+0000] {dag.py:4180} INFO - Setting next_dagrun for example_xcom_args to None, run_after=None
[2024-11-26T18:08:40.028+0000] {logging_mixin.py:190} INFO - [2024-11-26T18:08:40.028+0000] {dag.py:4180} INFO - Setting next_dagrun for example_xcom_args_with_operators to None, run_after=None
[2024-11-26T18:08:40.041+0000] {processor.py:208} INFO - Processing /home/airflow/.local/lib/python3.12/site-packages/airflow/example_dags/example_xcomargs.py took 0.058 seconds
[2024-11-26T18:09:10.832+0000] {processor.py:186} INFO - Started process (PID=481) to work on /home/airflow/.local/lib/python3.12/site-packages/airflow/example_dags/example_xcomargs.py
[2024-11-26T18:09:10.833+0000] {processor.py:914} INFO - Processing file /home/airflow/.local/lib/python3.12/site-packages/airflow/example_dags/example_xcomargs.py for tasks to queue
[2024-11-26T18:09:10.835+0000] {logging_mixin.py:190} INFO - [2024-11-26T18:09:10.834+0000] {dagbag.py:588} INFO - Filling up the DagBag from /home/airflow/.local/lib/python3.12/site-packages/airflow/example_dags/example_xcomargs.py
[2024-11-26T18:09:10.842+0000] {processor.py:925} INFO - DAG(s) 'example_xcom_args', 'example_xcom_args_with_operators' retrieved from /home/airflow/.local/lib/python3.12/site-packages/airflow/example_dags/example_xcomargs.py
[2024-11-26T18:09:10.861+0000] {logging_mixin.py:190} INFO - [2024-11-26T18:09:10.861+0000] {dag.py:3239} INFO - Sync 2 DAGs
[2024-11-26T18:09:10.873+0000] {logging_mixin.py:190} INFO - [2024-11-26T18:09:10.872+0000] {dag.py:4180} INFO - Setting next_dagrun for example_xcom_args to None, run_after=None
[2024-11-26T18:09:10.876+0000] {logging_mixin.py:190} INFO - [2024-11-26T18:09:10.876+0000] {dag.py:4180} INFO - Setting next_dagrun for example_xcom_args_with_operators to None, run_after=None
[2024-11-26T18:09:10.889+0000] {processor.py:208} INFO - Processing /home/airflow/.local/lib/python3.12/site-packages/airflow/example_dags/example_xcomargs.py took 0.061 seconds
[2024-11-26T18:09:41.816+0000] {processor.py:186} INFO - Started process (PID=545) to work on /home/airflow/.local/lib/python3.12/site-packages/airflow/example_dags/example_xcomargs.py
[2024-11-26T18:09:41.817+0000] {processor.py:914} INFO - Processing file /home/airflow/.local/lib/python3.12/site-packages/airflow/example_dags/example_xcomargs.py for tasks to queue
[2024-11-26T18:09:41.820+0000] {logging_mixin.py:190} INFO - [2024-11-26T18:09:41.819+0000] {dagbag.py:588} INFO - Filling up the DagBag from /home/airflow/.local/lib/python3.12/site-packages/airflow/example_dags/example_xcomargs.py
[2024-11-26T18:09:41.827+0000] {processor.py:925} INFO - DAG(s) 'example_xcom_args', 'example_xcom_args_with_operators' retrieved from /home/airflow/.local/lib/python3.12/site-packages/airflow/example_dags/example_xcomargs.py
[2024-11-26T18:09:41.848+0000] {logging_mixin.py:190} INFO - [2024-11-26T18:09:41.848+0000] {dag.py:3239} INFO - Sync 2 DAGs
[2024-11-26T18:09:41.863+0000] {logging_mixin.py:190} INFO - [2024-11-26T18:09:41.863+0000] {dag.py:4180} INFO - Setting next_dagrun for example_xcom_args to None, run_after=None
[2024-11-26T18:09:41.867+0000] {logging_mixin.py:190} INFO - [2024-11-26T18:09:41.866+0000] {dag.py:4180} INFO - Setting next_dagrun for example_xcom_args_with_operators to None, run_after=None
[2024-11-26T18:09:41.880+0000] {processor.py:208} INFO - Processing /home/airflow/.local/lib/python3.12/site-packages/airflow/example_dags/example_xcomargs.py took 0.069 seconds
[2024-11-26T18:10:12.267+0000] {processor.py:186} INFO - Started process (PID=607) to work on /home/airflow/.local/lib/python3.12/site-packages/airflow/example_dags/example_xcomargs.py
[2024-11-26T18:10:12.268+0000] {processor.py:914} INFO - Processing file /home/airflow/.local/lib/python3.12/site-packages/airflow/example_dags/example_xcomargs.py for tasks to queue
[2024-11-26T18:10:12.269+0000] {logging_mixin.py:190} INFO - [2024-11-26T18:10:12.269+0000] {dagbag.py:588} INFO - Filling up the DagBag from /home/airflow/.local/lib/python3.12/site-packages/airflow/example_dags/example_xcomargs.py
[2024-11-26T18:10:12.276+0000] {processor.py:925} INFO - DAG(s) 'example_xcom_args', 'example_xcom_args_with_operators' retrieved from /home/airflow/.local/lib/python3.12/site-packages/airflow/example_dags/example_xcomargs.py
[2024-11-26T18:10:12.294+0000] {logging_mixin.py:190} INFO - [2024-11-26T18:10:12.294+0000] {dag.py:3239} INFO - Sync 2 DAGs
[2024-11-26T18:10:12.305+0000] {logging_mixin.py:190} INFO - [2024-11-26T18:10:12.305+0000] {dag.py:4180} INFO - Setting next_dagrun for example_xcom_args to None, run_after=None
[2024-11-26T18:10:12.308+0000] {logging_mixin.py:190} INFO - [2024-11-26T18:10:12.308+0000] {dag.py:4180} INFO - Setting next_dagrun for example_xcom_args_with_operators to None, run_after=None
[2024-11-26T18:10:12.319+0000] {processor.py:208} INFO - Processing /home/airflow/.local/lib/python3.12/site-packages/airflow/example_dags/example_xcomargs.py took 0.056 seconds
[2024-11-26T18:10:42.834+0000] {processor.py:186} INFO - Started process (PID=670) to work on /home/airflow/.local/lib/python3.12/site-packages/airflow/example_dags/example_xcomargs.py
[2024-11-26T18:10:42.835+0000] {processor.py:914} INFO - Processing file /home/airflow/.local/lib/python3.12/site-packages/airflow/example_dags/example_xcomargs.py for tasks to queue
[2024-11-26T18:10:42.836+0000] {logging_mixin.py:190} INFO - [2024-11-26T18:10:42.836+0000] {dagbag.py:588} INFO - Filling up the DagBag from /home/airflow/.local/lib/python3.12/site-packages/airflow/example_dags/example_xcomargs.py
[2024-11-26T18:10:42.843+0000] {processor.py:925} INFO - DAG(s) 'example_xcom_args_with_operators', 'example_xcom_args' retrieved from /home/airflow/.local/lib/python3.12/site-packages/airflow/example_dags/example_xcomargs.py
[2024-11-26T18:10:42.860+0000] {logging_mixin.py:190} INFO - [2024-11-26T18:10:42.860+0000] {dag.py:3239} INFO - Sync 2 DAGs
[2024-11-26T18:10:42.872+0000] {logging_mixin.py:190} INFO - [2024-11-26T18:10:42.872+0000] {dag.py:4180} INFO - Setting next_dagrun for example_xcom_args to None, run_after=None
[2024-11-26T18:10:42.875+0000] {logging_mixin.py:190} INFO - [2024-11-26T18:10:42.875+0000] {dag.py:4180} INFO - Setting next_dagrun for example_xcom_args_with_operators to None, run_after=None
[2024-11-26T18:10:42.887+0000] {processor.py:208} INFO - Processing /home/airflow/.local/lib/python3.12/site-packages/airflow/example_dags/example_xcomargs.py took 0.057 seconds
[2024-11-26T18:11:13.072+0000] {processor.py:186} INFO - Started process (PID=734) to work on /home/airflow/.local/lib/python3.12/site-packages/airflow/example_dags/example_xcomargs.py
[2024-11-26T18:11:13.072+0000] {processor.py:914} INFO - Processing file /home/airflow/.local/lib/python3.12/site-packages/airflow/example_dags/example_xcomargs.py for tasks to queue
[2024-11-26T18:11:13.073+0000] {logging_mixin.py:190} INFO - [2024-11-26T18:11:13.073+0000] {dagbag.py:588} INFO - Filling up the DagBag from /home/airflow/.local/lib/python3.12/site-packages/airflow/example_dags/example_xcomargs.py
[2024-11-26T18:11:13.080+0000] {processor.py:925} INFO - DAG(s) 'example_xcom_args_with_operators', 'example_xcom_args' retrieved from /home/airflow/.local/lib/python3.12/site-packages/airflow/example_dags/example_xcomargs.py
[2024-11-26T18:11:13.098+0000] {logging_mixin.py:190} INFO - [2024-11-26T18:11:13.098+0000] {dag.py:3239} INFO - Sync 2 DAGs
[2024-11-26T18:11:13.109+0000] {logging_mixin.py:190} INFO - [2024-11-26T18:11:13.109+0000] {dag.py:4180} INFO - Setting next_dagrun for example_xcom_args to None, run_after=None
[2024-11-26T18:11:13.112+0000] {logging_mixin.py:190} INFO - [2024-11-26T18:11:13.112+0000] {dag.py:4180} INFO - Setting next_dagrun for example_xcom_args_with_operators to None, run_after=None
[2024-11-26T18:11:13.126+0000] {processor.py:208} INFO - Processing /home/airflow/.local/lib/python3.12/site-packages/airflow/example_dags/example_xcomargs.py took 0.058 seconds
[2024-11-26T18:12:32.729+0000] {processor.py:186} INFO - Started process (PID=91) to work on /home/airflow/.local/lib/python3.12/site-packages/airflow/example_dags/example_xcomargs.py
[2024-11-26T18:12:32.730+0000] {processor.py:914} INFO - Processing file /home/airflow/.local/lib/python3.12/site-packages/airflow/example_dags/example_xcomargs.py for tasks to queue
[2024-11-26T18:12:32.731+0000] {logging_mixin.py:190} INFO - [2024-11-26T18:12:32.731+0000] {dagbag.py:588} INFO - Filling up the DagBag from /home/airflow/.local/lib/python3.12/site-packages/airflow/example_dags/example_xcomargs.py
[2024-11-26T18:12:32.739+0000] {processor.py:925} INFO - DAG(s) 'example_xcom_args', 'example_xcom_args_with_operators' retrieved from /home/airflow/.local/lib/python3.12/site-packages/airflow/example_dags/example_xcomargs.py
[2024-11-26T18:12:32.755+0000] {logging_mixin.py:190} INFO - [2024-11-26T18:12:32.755+0000] {dag.py:3239} INFO - Sync 2 DAGs
[2024-11-26T18:12:32.766+0000] {logging_mixin.py:190} INFO - [2024-11-26T18:12:32.766+0000] {dag.py:4180} INFO - Setting next_dagrun for example_xcom_args to None, run_after=None
[2024-11-26T18:12:32.769+0000] {logging_mixin.py:190} INFO - [2024-11-26T18:12:32.769+0000] {dag.py:4180} INFO - Setting next_dagrun for example_xcom_args_with_operators to None, run_after=None
[2024-11-26T18:12:32.782+0000] {processor.py:208} INFO - Processing /home/airflow/.local/lib/python3.12/site-packages/airflow/example_dags/example_xcomargs.py took 0.057 seconds
[2024-11-26T18:13:03.166+0000] {processor.py:186} INFO - Started process (PID=155) to work on /home/airflow/.local/lib/python3.12/site-packages/airflow/example_dags/example_xcomargs.py
[2024-11-26T18:13:03.166+0000] {processor.py:914} INFO - Processing file /home/airflow/.local/lib/python3.12/site-packages/airflow/example_dags/example_xcomargs.py for tasks to queue
[2024-11-26T18:13:03.168+0000] {logging_mixin.py:190} INFO - [2024-11-26T18:13:03.168+0000] {dagbag.py:588} INFO - Filling up the DagBag from /home/airflow/.local/lib/python3.12/site-packages/airflow/example_dags/example_xcomargs.py
[2024-11-26T18:13:03.174+0000] {processor.py:925} INFO - DAG(s) 'example_xcom_args', 'example_xcom_args_with_operators' retrieved from /home/airflow/.local/lib/python3.12/site-packages/airflow/example_dags/example_xcomargs.py
[2024-11-26T18:13:03.191+0000] {logging_mixin.py:190} INFO - [2024-11-26T18:13:03.191+0000] {dag.py:3239} INFO - Sync 2 DAGs
[2024-11-26T18:13:03.202+0000] {logging_mixin.py:190} INFO - [2024-11-26T18:13:03.202+0000] {dag.py:4180} INFO - Setting next_dagrun for example_xcom_args to None, run_after=None
[2024-11-26T18:13:03.205+0000] {logging_mixin.py:190} INFO - [2024-11-26T18:13:03.205+0000] {dag.py:4180} INFO - Setting next_dagrun for example_xcom_args_with_operators to None, run_after=None
[2024-11-26T18:13:03.218+0000] {processor.py:208} INFO - Processing /home/airflow/.local/lib/python3.12/site-packages/airflow/example_dags/example_xcomargs.py took 0.055 seconds
[2024-11-26T18:13:33.331+0000] {processor.py:186} INFO - Started process (PID=219) to work on /home/airflow/.local/lib/python3.12/site-packages/airflow/example_dags/example_xcomargs.py
[2024-11-26T18:13:33.331+0000] {processor.py:914} INFO - Processing file /home/airflow/.local/lib/python3.12/site-packages/airflow/example_dags/example_xcomargs.py for tasks to queue
[2024-11-26T18:13:33.333+0000] {logging_mixin.py:190} INFO - [2024-11-26T18:13:33.333+0000] {dagbag.py:588} INFO - Filling up the DagBag from /home/airflow/.local/lib/python3.12/site-packages/airflow/example_dags/example_xcomargs.py
[2024-11-26T18:13:33.341+0000] {processor.py:925} INFO - DAG(s) 'example_xcom_args', 'example_xcom_args_with_operators' retrieved from /home/airflow/.local/lib/python3.12/site-packages/airflow/example_dags/example_xcomargs.py
[2024-11-26T18:13:33.360+0000] {logging_mixin.py:190} INFO - [2024-11-26T18:13:33.360+0000] {dag.py:3239} INFO - Sync 2 DAGs
[2024-11-26T18:13:33.371+0000] {logging_mixin.py:190} INFO - [2024-11-26T18:13:33.371+0000] {dag.py:4180} INFO - Setting next_dagrun for example_xcom_args to None, run_after=None
[2024-11-26T18:13:33.375+0000] {logging_mixin.py:190} INFO - [2024-11-26T18:13:33.375+0000] {dag.py:4180} INFO - Setting next_dagrun for example_xcom_args_with_operators to None, run_after=None
[2024-11-26T18:13:33.387+0000] {processor.py:208} INFO - Processing /home/airflow/.local/lib/python3.12/site-packages/airflow/example_dags/example_xcomargs.py took 0.060 seconds
[2024-11-26T18:14:04.443+0000] {processor.py:186} INFO - Started process (PID=282) to work on /home/airflow/.local/lib/python3.12/site-packages/airflow/example_dags/example_xcomargs.py
[2024-11-26T18:14:04.444+0000] {processor.py:914} INFO - Processing file /home/airflow/.local/lib/python3.12/site-packages/airflow/example_dags/example_xcomargs.py for tasks to queue
[2024-11-26T18:14:04.446+0000] {logging_mixin.py:190} INFO - [2024-11-26T18:14:04.446+0000] {dagbag.py:588} INFO - Filling up the DagBag from /home/airflow/.local/lib/python3.12/site-packages/airflow/example_dags/example_xcomargs.py
[2024-11-26T18:14:04.454+0000] {processor.py:925} INFO - DAG(s) 'example_xcom_args_with_operators', 'example_xcom_args' retrieved from /home/airflow/.local/lib/python3.12/site-packages/airflow/example_dags/example_xcomargs.py
[2024-11-26T18:14:04.472+0000] {logging_mixin.py:190} INFO - [2024-11-26T18:14:04.472+0000] {dag.py:3239} INFO - Sync 2 DAGs
[2024-11-26T18:14:04.484+0000] {logging_mixin.py:190} INFO - [2024-11-26T18:14:04.484+0000] {dag.py:4180} INFO - Setting next_dagrun for example_xcom_args to None, run_after=None
[2024-11-26T18:14:04.487+0000] {logging_mixin.py:190} INFO - [2024-11-26T18:14:04.487+0000] {dag.py:4180} INFO - Setting next_dagrun for example_xcom_args_with_operators to None, run_after=None
[2024-11-26T18:14:04.500+0000] {processor.py:208} INFO - Processing /home/airflow/.local/lib/python3.12/site-packages/airflow/example_dags/example_xcomargs.py took 0.060 seconds
[2024-11-26T18:14:35.032+0000] {processor.py:186} INFO - Started process (PID=346) to work on /home/airflow/.local/lib/python3.12/site-packages/airflow/example_dags/example_xcomargs.py
[2024-11-26T18:14:35.033+0000] {processor.py:914} INFO - Processing file /home/airflow/.local/lib/python3.12/site-packages/airflow/example_dags/example_xcomargs.py for tasks to queue
[2024-11-26T18:14:35.035+0000] {logging_mixin.py:190} INFO - [2024-11-26T18:14:35.034+0000] {dagbag.py:588} INFO - Filling up the DagBag from /home/airflow/.local/lib/python3.12/site-packages/airflow/example_dags/example_xcomargs.py
[2024-11-26T18:14:35.042+0000] {processor.py:925} INFO - DAG(s) 'example_xcom_args', 'example_xcom_args_with_operators' retrieved from /home/airflow/.local/lib/python3.12/site-packages/airflow/example_dags/example_xcomargs.py
[2024-11-26T18:14:35.059+0000] {logging_mixin.py:190} INFO - [2024-11-26T18:14:35.058+0000] {dag.py:3239} INFO - Sync 2 DAGs
[2024-11-26T18:14:35.069+0000] {logging_mixin.py:190} INFO - [2024-11-26T18:14:35.069+0000] {dag.py:4180} INFO - Setting next_dagrun for example_xcom_args to None, run_after=None
[2024-11-26T18:14:35.073+0000] {logging_mixin.py:190} INFO - [2024-11-26T18:14:35.072+0000] {dag.py:4180} INFO - Setting next_dagrun for example_xcom_args_with_operators to None, run_after=None
[2024-11-26T18:14:35.085+0000] {processor.py:208} INFO - Processing /home/airflow/.local/lib/python3.12/site-packages/airflow/example_dags/example_xcomargs.py took 0.057 seconds
[2024-11-26T18:15:06.045+0000] {processor.py:186} INFO - Started process (PID=410) to work on /home/airflow/.local/lib/python3.12/site-packages/airflow/example_dags/example_xcomargs.py
[2024-11-26T18:15:06.046+0000] {processor.py:914} INFO - Processing file /home/airflow/.local/lib/python3.12/site-packages/airflow/example_dags/example_xcomargs.py for tasks to queue
[2024-11-26T18:15:06.048+0000] {logging_mixin.py:190} INFO - [2024-11-26T18:15:06.048+0000] {dagbag.py:588} INFO - Filling up the DagBag from /home/airflow/.local/lib/python3.12/site-packages/airflow/example_dags/example_xcomargs.py
[2024-11-26T18:15:06.054+0000] {processor.py:925} INFO - DAG(s) 'example_xcom_args_with_operators', 'example_xcom_args' retrieved from /home/airflow/.local/lib/python3.12/site-packages/airflow/example_dags/example_xcomargs.py
[2024-11-26T18:15:06.074+0000] {logging_mixin.py:190} INFO - [2024-11-26T18:15:06.074+0000] {dag.py:3239} INFO - Sync 2 DAGs
[2024-11-26T18:15:06.085+0000] {logging_mixin.py:190} INFO - [2024-11-26T18:15:06.085+0000] {dag.py:4180} INFO - Setting next_dagrun for example_xcom_args to None, run_after=None
[2024-11-26T18:15:06.088+0000] {logging_mixin.py:190} INFO - [2024-11-26T18:15:06.088+0000] {dag.py:4180} INFO - Setting next_dagrun for example_xcom_args_with_operators to None, run_after=None
[2024-11-26T18:15:06.100+0000] {processor.py:208} INFO - Processing /home/airflow/.local/lib/python3.12/site-packages/airflow/example_dags/example_xcomargs.py took 0.060 seconds
[2024-11-26T18:15:36.880+0000] {processor.py:186} INFO - Started process (PID=474) to work on /home/airflow/.local/lib/python3.12/site-packages/airflow/example_dags/example_xcomargs.py
[2024-11-26T18:15:36.881+0000] {processor.py:914} INFO - Processing file /home/airflow/.local/lib/python3.12/site-packages/airflow/example_dags/example_xcomargs.py for tasks to queue
[2024-11-26T18:15:36.883+0000] {logging_mixin.py:190} INFO - [2024-11-26T18:15:36.883+0000] {dagbag.py:588} INFO - Filling up the DagBag from /home/airflow/.local/lib/python3.12/site-packages/airflow/example_dags/example_xcomargs.py
[2024-11-26T18:15:36.891+0000] {processor.py:925} INFO - DAG(s) 'example_xcom_args_with_operators', 'example_xcom_args' retrieved from /home/airflow/.local/lib/python3.12/site-packages/airflow/example_dags/example_xcomargs.py
[2024-11-26T18:15:36.911+0000] {logging_mixin.py:190} INFO - [2024-11-26T18:15:36.910+0000] {dag.py:3239} INFO - Sync 2 DAGs
[2024-11-26T18:15:36.922+0000] {logging_mixin.py:190} INFO - [2024-11-26T18:15:36.922+0000] {dag.py:4180} INFO - Setting next_dagrun for example_xcom_args to None, run_after=None
[2024-11-26T18:15:36.926+0000] {logging_mixin.py:190} INFO - [2024-11-26T18:15:36.926+0000] {dag.py:4180} INFO - Setting next_dagrun for example_xcom_args_with_operators to None, run_after=None
[2024-11-26T18:15:36.939+0000] {processor.py:208} INFO - Processing /home/airflow/.local/lib/python3.12/site-packages/airflow/example_dags/example_xcomargs.py took 0.062 seconds
[2024-11-26T18:16:07.679+0000] {processor.py:186} INFO - Started process (PID=538) to work on /home/airflow/.local/lib/python3.12/site-packages/airflow/example_dags/example_xcomargs.py
[2024-11-26T18:16:07.680+0000] {processor.py:914} INFO - Processing file /home/airflow/.local/lib/python3.12/site-packages/airflow/example_dags/example_xcomargs.py for tasks to queue
[2024-11-26T18:16:07.682+0000] {logging_mixin.py:190} INFO - [2024-11-26T18:16:07.681+0000] {dagbag.py:588} INFO - Filling up the DagBag from /home/airflow/.local/lib/python3.12/site-packages/airflow/example_dags/example_xcomargs.py
[2024-11-26T18:16:07.689+0000] {processor.py:925} INFO - DAG(s) 'example_xcom_args', 'example_xcom_args_with_operators' retrieved from /home/airflow/.local/lib/python3.12/site-packages/airflow/example_dags/example_xcomargs.py
[2024-11-26T18:16:07.708+0000] {logging_mixin.py:190} INFO - [2024-11-26T18:16:07.708+0000] {dag.py:3239} INFO - Sync 2 DAGs
[2024-11-26T18:16:07.719+0000] {logging_mixin.py:190} INFO - [2024-11-26T18:16:07.719+0000] {dag.py:4180} INFO - Setting next_dagrun for example_xcom_args to None, run_after=None
[2024-11-26T18:16:07.723+0000] {logging_mixin.py:190} INFO - [2024-11-26T18:16:07.723+0000] {dag.py:4180} INFO - Setting next_dagrun for example_xcom_args_with_operators to None, run_after=None
[2024-11-26T18:16:07.736+0000] {processor.py:208} INFO - Processing /home/airflow/.local/lib/python3.12/site-packages/airflow/example_dags/example_xcomargs.py took 0.061 seconds
[2024-11-26T18:16:38.148+0000] {processor.py:186} INFO - Started process (PID=601) to work on /home/airflow/.local/lib/python3.12/site-packages/airflow/example_dags/example_xcomargs.py
[2024-11-26T18:16:38.148+0000] {processor.py:914} INFO - Processing file /home/airflow/.local/lib/python3.12/site-packages/airflow/example_dags/example_xcomargs.py for tasks to queue
[2024-11-26T18:16:38.150+0000] {logging_mixin.py:190} INFO - [2024-11-26T18:16:38.150+0000] {dagbag.py:588} INFO - Filling up the DagBag from /home/airflow/.local/lib/python3.12/site-packages/airflow/example_dags/example_xcomargs.py
[2024-11-26T18:16:38.158+0000] {processor.py:925} INFO - DAG(s) 'example_xcom_args_with_operators', 'example_xcom_args' retrieved from /home/airflow/.local/lib/python3.12/site-packages/airflow/example_dags/example_xcomargs.py
[2024-11-26T18:16:38.188+0000] {logging_mixin.py:190} INFO - [2024-11-26T18:16:38.188+0000] {dag.py:3239} INFO - Sync 2 DAGs
[2024-11-26T18:16:38.202+0000] {logging_mixin.py:190} INFO - [2024-11-26T18:16:38.202+0000] {dag.py:4180} INFO - Setting next_dagrun for example_xcom_args to None, run_after=None
[2024-11-26T18:16:38.205+0000] {logging_mixin.py:190} INFO - [2024-11-26T18:16:38.205+0000] {dag.py:4180} INFO - Setting next_dagrun for example_xcom_args_with_operators to None, run_after=None
[2024-11-26T18:16:38.218+0000] {processor.py:208} INFO - Processing /home/airflow/.local/lib/python3.12/site-packages/airflow/example_dags/example_xcomargs.py took 0.074 seconds
[2024-11-26T18:17:08.809+0000] {processor.py:186} INFO - Started process (PID=665) to work on /home/airflow/.local/lib/python3.12/site-packages/airflow/example_dags/example_xcomargs.py
[2024-11-26T18:17:08.810+0000] {processor.py:914} INFO - Processing file /home/airflow/.local/lib/python3.12/site-packages/airflow/example_dags/example_xcomargs.py for tasks to queue
[2024-11-26T18:17:08.811+0000] {logging_mixin.py:190} INFO - [2024-11-26T18:17:08.811+0000] {dagbag.py:588} INFO - Filling up the DagBag from /home/airflow/.local/lib/python3.12/site-packages/airflow/example_dags/example_xcomargs.py
[2024-11-26T18:17:08.818+0000] {processor.py:925} INFO - DAG(s) 'example_xcom_args_with_operators', 'example_xcom_args' retrieved from /home/airflow/.local/lib/python3.12/site-packages/airflow/example_dags/example_xcomargs.py
[2024-11-26T18:17:08.836+0000] {logging_mixin.py:190} INFO - [2024-11-26T18:17:08.836+0000] {dag.py:3239} INFO - Sync 2 DAGs
[2024-11-26T18:17:08.847+0000] {logging_mixin.py:190} INFO - [2024-11-26T18:17:08.846+0000] {dag.py:4180} INFO - Setting next_dagrun for example_xcom_args to None, run_after=None
[2024-11-26T18:17:08.849+0000] {logging_mixin.py:190} INFO - [2024-11-26T18:17:08.849+0000] {dag.py:4180} INFO - Setting next_dagrun for example_xcom_args_with_operators to None, run_after=None
[2024-11-26T18:17:08.862+0000] {processor.py:208} INFO - Processing /home/airflow/.local/lib/python3.12/site-packages/airflow/example_dags/example_xcomargs.py took 0.057 seconds
[2024-11-26T18:17:38.927+0000] {processor.py:186} INFO - Started process (PID=729) to work on /home/airflow/.local/lib/python3.12/site-packages/airflow/example_dags/example_xcomargs.py
[2024-11-26T18:17:38.928+0000] {processor.py:914} INFO - Processing file /home/airflow/.local/lib/python3.12/site-packages/airflow/example_dags/example_xcomargs.py for tasks to queue
[2024-11-26T18:17:38.929+0000] {logging_mixin.py:190} INFO - [2024-11-26T18:17:38.929+0000] {dagbag.py:588} INFO - Filling up the DagBag from /home/airflow/.local/lib/python3.12/site-packages/airflow/example_dags/example_xcomargs.py
[2024-11-26T18:17:38.938+0000] {processor.py:925} INFO - DAG(s) 'example_xcom_args', 'example_xcom_args_with_operators' retrieved from /home/airflow/.local/lib/python3.12/site-packages/airflow/example_dags/example_xcomargs.py
[2024-11-26T18:17:38.954+0000] {logging_mixin.py:190} INFO - [2024-11-26T18:17:38.954+0000] {dag.py:3239} INFO - Sync 2 DAGs
[2024-11-26T18:17:38.964+0000] {logging_mixin.py:190} INFO - [2024-11-26T18:17:38.964+0000] {dag.py:4180} INFO - Setting next_dagrun for example_xcom_args to None, run_after=None
[2024-11-26T18:17:38.967+0000] {logging_mixin.py:190} INFO - [2024-11-26T18:17:38.967+0000] {dag.py:4180} INFO - Setting next_dagrun for example_xcom_args_with_operators to None, run_after=None
[2024-11-26T18:17:38.981+0000] {processor.py:208} INFO - Processing /home/airflow/.local/lib/python3.12/site-packages/airflow/example_dags/example_xcomargs.py took 0.057 seconds
[2024-11-26T18:18:09.407+0000] {processor.py:186} INFO - Started process (PID=793) to work on /home/airflow/.local/lib/python3.12/site-packages/airflow/example_dags/example_xcomargs.py
[2024-11-26T18:18:09.408+0000] {processor.py:914} INFO - Processing file /home/airflow/.local/lib/python3.12/site-packages/airflow/example_dags/example_xcomargs.py for tasks to queue
[2024-11-26T18:18:09.410+0000] {logging_mixin.py:190} INFO - [2024-11-26T18:18:09.410+0000] {dagbag.py:588} INFO - Filling up the DagBag from /home/airflow/.local/lib/python3.12/site-packages/airflow/example_dags/example_xcomargs.py
[2024-11-26T18:18:09.417+0000] {processor.py:925} INFO - DAG(s) 'example_xcom_args_with_operators', 'example_xcom_args' retrieved from /home/airflow/.local/lib/python3.12/site-packages/airflow/example_dags/example_xcomargs.py
[2024-11-26T18:18:09.435+0000] {logging_mixin.py:190} INFO - [2024-11-26T18:18:09.435+0000] {dag.py:3239} INFO - Sync 2 DAGs
[2024-11-26T18:18:09.446+0000] {logging_mixin.py:190} INFO - [2024-11-26T18:18:09.446+0000] {dag.py:4180} INFO - Setting next_dagrun for example_xcom_args to None, run_after=None
[2024-11-26T18:18:09.450+0000] {logging_mixin.py:190} INFO - [2024-11-26T18:18:09.450+0000] {dag.py:4180} INFO - Setting next_dagrun for example_xcom_args_with_operators to None, run_after=None
[2024-11-26T18:18:09.462+0000] {processor.py:208} INFO - Processing /home/airflow/.local/lib/python3.12/site-packages/airflow/example_dags/example_xcomargs.py took 0.059 seconds
[2024-11-26T18:44:12.012+0000] {processor.py:186} INFO - Started process (PID=108) to work on /home/airflow/.local/lib/python3.12/site-packages/airflow/example_dags/example_xcomargs.py
[2024-11-26T18:44:12.013+0000] {processor.py:914} INFO - Processing file /home/airflow/.local/lib/python3.12/site-packages/airflow/example_dags/example_xcomargs.py for tasks to queue
[2024-11-26T18:44:12.014+0000] {logging_mixin.py:190} INFO - [2024-11-26T18:44:12.014+0000] {dagbag.py:588} INFO - Filling up the DagBag from /home/airflow/.local/lib/python3.12/site-packages/airflow/example_dags/example_xcomargs.py
[2024-11-26T18:44:12.024+0000] {processor.py:925} INFO - DAG(s) 'example_xcom_args_with_operators', 'example_xcom_args' retrieved from /home/airflow/.local/lib/python3.12/site-packages/airflow/example_dags/example_xcomargs.py
[2024-11-26T18:44:12.043+0000] {logging_mixin.py:190} INFO - [2024-11-26T18:44:12.043+0000] {dag.py:3239} INFO - Sync 2 DAGs
[2024-11-26T18:44:12.056+0000] {logging_mixin.py:190} INFO - [2024-11-26T18:44:12.055+0000] {dag.py:4180} INFO - Setting next_dagrun for example_xcom_args to None, run_after=None
[2024-11-26T18:44:12.059+0000] {logging_mixin.py:190} INFO - [2024-11-26T18:44:12.059+0000] {dag.py:4180} INFO - Setting next_dagrun for example_xcom_args_with_operators to None, run_after=None
[2024-11-26T18:44:12.072+0000] {processor.py:208} INFO - Processing /home/airflow/.local/lib/python3.12/site-packages/airflow/example_dags/example_xcomargs.py took 0.064 seconds
[2024-11-26T18:44:42.189+0000] {processor.py:186} INFO - Started process (PID=183) to work on /home/airflow/.local/lib/python3.12/site-packages/airflow/example_dags/example_xcomargs.py
[2024-11-26T18:44:42.190+0000] {processor.py:914} INFO - Processing file /home/airflow/.local/lib/python3.12/site-packages/airflow/example_dags/example_xcomargs.py for tasks to queue
[2024-11-26T18:44:42.191+0000] {logging_mixin.py:190} INFO - [2024-11-26T18:44:42.191+0000] {dagbag.py:588} INFO - Filling up the DagBag from /home/airflow/.local/lib/python3.12/site-packages/airflow/example_dags/example_xcomargs.py
[2024-11-26T18:44:42.198+0000] {processor.py:925} INFO - DAG(s) 'example_xcom_args', 'example_xcom_args_with_operators' retrieved from /home/airflow/.local/lib/python3.12/site-packages/airflow/example_dags/example_xcomargs.py
[2024-11-26T18:44:42.217+0000] {logging_mixin.py:190} INFO - [2024-11-26T18:44:42.216+0000] {dag.py:3239} INFO - Sync 2 DAGs
[2024-11-26T18:44:42.230+0000] {logging_mixin.py:190} INFO - [2024-11-26T18:44:42.230+0000] {dag.py:4180} INFO - Setting next_dagrun for example_xcom_args to None, run_after=None
[2024-11-26T18:44:42.234+0000] {logging_mixin.py:190} INFO - [2024-11-26T18:44:42.234+0000] {dag.py:4180} INFO - Setting next_dagrun for example_xcom_args_with_operators to None, run_after=None
[2024-11-26T18:44:42.246+0000] {processor.py:208} INFO - Processing /home/airflow/.local/lib/python3.12/site-packages/airflow/example_dags/example_xcomargs.py took 0.061 seconds
[2024-11-26T18:45:13.225+0000] {processor.py:186} INFO - Started process (PID=257) to work on /home/airflow/.local/lib/python3.12/site-packages/airflow/example_dags/example_xcomargs.py
[2024-11-26T18:45:13.225+0000] {processor.py:914} INFO - Processing file /home/airflow/.local/lib/python3.12/site-packages/airflow/example_dags/example_xcomargs.py for tasks to queue
[2024-11-26T18:45:13.227+0000] {logging_mixin.py:190} INFO - [2024-11-26T18:45:13.227+0000] {dagbag.py:588} INFO - Filling up the DagBag from /home/airflow/.local/lib/python3.12/site-packages/airflow/example_dags/example_xcomargs.py
[2024-11-26T18:45:13.234+0000] {processor.py:925} INFO - DAG(s) 'example_xcom_args_with_operators', 'example_xcom_args' retrieved from /home/airflow/.local/lib/python3.12/site-packages/airflow/example_dags/example_xcomargs.py
[2024-11-26T18:45:13.253+0000] {logging_mixin.py:190} INFO - [2024-11-26T18:45:13.252+0000] {dag.py:3239} INFO - Sync 2 DAGs
[2024-11-26T18:45:13.264+0000] {logging_mixin.py:190} INFO - [2024-11-26T18:45:13.264+0000] {dag.py:4180} INFO - Setting next_dagrun for example_xcom_args to None, run_after=None
[2024-11-26T18:45:13.267+0000] {logging_mixin.py:190} INFO - [2024-11-26T18:45:13.266+0000] {dag.py:4180} INFO - Setting next_dagrun for example_xcom_args_with_operators to None, run_after=None
[2024-11-26T18:45:13.278+0000] {processor.py:208} INFO - Processing /home/airflow/.local/lib/python3.12/site-packages/airflow/example_dags/example_xcomargs.py took 0.058 seconds
[2024-11-26T18:45:45.597+0000] {processor.py:186} INFO - Started process (PID=333) to work on /home/airflow/.local/lib/python3.12/site-packages/airflow/example_dags/example_xcomargs.py
[2024-11-26T18:45:45.598+0000] {processor.py:914} INFO - Processing file /home/airflow/.local/lib/python3.12/site-packages/airflow/example_dags/example_xcomargs.py for tasks to queue
[2024-11-26T18:45:45.600+0000] {logging_mixin.py:190} INFO - [2024-11-26T18:45:45.600+0000] {dagbag.py:588} INFO - Filling up the DagBag from /home/airflow/.local/lib/python3.12/site-packages/airflow/example_dags/example_xcomargs.py
[2024-11-26T18:45:45.607+0000] {processor.py:925} INFO - DAG(s) 'example_xcom_args', 'example_xcom_args_with_operators' retrieved from /home/airflow/.local/lib/python3.12/site-packages/airflow/example_dags/example_xcomargs.py
[2024-11-26T18:45:45.626+0000] {logging_mixin.py:190} INFO - [2024-11-26T18:45:45.626+0000] {dag.py:3239} INFO - Sync 2 DAGs
[2024-11-26T18:45:45.637+0000] {logging_mixin.py:190} INFO - [2024-11-26T18:45:45.637+0000] {dag.py:4180} INFO - Setting next_dagrun for example_xcom_args to None, run_after=None
[2024-11-26T18:45:45.640+0000] {logging_mixin.py:190} INFO - [2024-11-26T18:45:45.640+0000] {dag.py:4180} INFO - Setting next_dagrun for example_xcom_args_with_operators to None, run_after=None
[2024-11-26T18:45:45.652+0000] {processor.py:208} INFO - Processing /home/airflow/.local/lib/python3.12/site-packages/airflow/example_dags/example_xcomargs.py took 0.059 seconds
[2024-11-26T18:46:16.356+0000] {processor.py:186} INFO - Started process (PID=408) to work on /home/airflow/.local/lib/python3.12/site-packages/airflow/example_dags/example_xcomargs.py
[2024-11-26T18:46:16.357+0000] {processor.py:914} INFO - Processing file /home/airflow/.local/lib/python3.12/site-packages/airflow/example_dags/example_xcomargs.py for tasks to queue
[2024-11-26T18:46:16.358+0000] {logging_mixin.py:190} INFO - [2024-11-26T18:46:16.358+0000] {dagbag.py:588} INFO - Filling up the DagBag from /home/airflow/.local/lib/python3.12/site-packages/airflow/example_dags/example_xcomargs.py
[2024-11-26T18:46:16.367+0000] {processor.py:925} INFO - DAG(s) 'example_xcom_args_with_operators', 'example_xcom_args' retrieved from /home/airflow/.local/lib/python3.12/site-packages/airflow/example_dags/example_xcomargs.py
[2024-11-26T18:46:16.385+0000] {logging_mixin.py:190} INFO - [2024-11-26T18:46:16.384+0000] {dag.py:3239} INFO - Sync 2 DAGs
[2024-11-26T18:46:16.396+0000] {logging_mixin.py:190} INFO - [2024-11-26T18:46:16.396+0000] {dag.py:4180} INFO - Setting next_dagrun for example_xcom_args to None, run_after=None
[2024-11-26T18:46:16.400+0000] {logging_mixin.py:190} INFO - [2024-11-26T18:46:16.399+0000] {dag.py:4180} INFO - Setting next_dagrun for example_xcom_args_with_operators to None, run_after=None
[2024-11-26T18:46:16.413+0000] {processor.py:208} INFO - Processing /home/airflow/.local/lib/python3.12/site-packages/airflow/example_dags/example_xcomargs.py took 0.061 seconds
