[2024-11-26T17:53:55.846+0000] {processor.py:186} INFO - Started process (PID=78) to work on /home/airflow/.local/lib/python3.12/site-packages/airflow/example_dags/example_params_ui_tutorial.py
[2024-11-26T17:53:55.847+0000] {processor.py:914} INFO - Processing file /home/airflow/.local/lib/python3.12/site-packages/airflow/example_dags/example_params_ui_tutorial.py for tasks to queue
[2024-11-26T17:53:55.849+0000] {logging_mixin.py:190} INFO - [2024-11-26T17:53:55.848+0000] {dagbag.py:588} INFO - Filling up the DagBag from /home/airflow/.local/lib/python3.12/site-packages/airflow/example_dags/example_params_ui_tutorial.py
[2024-11-26T17:53:55.858+0000] {processor.py:925} INFO - DAG(s) 'example_params_ui_tutorial' retrieved from /home/airflow/.local/lib/python3.12/site-packages/airflow/example_dags/example_params_ui_tutorial.py
[2024-11-26T17:53:55.969+0000] {logging_mixin.py:190} INFO - [2024-11-26T17:53:55.968+0000] {override.py:1911} INFO - Created Permission View: can read on DAG:example_params_ui_tutorial
[2024-11-26T17:53:55.979+0000] {logging_mixin.py:190} INFO - [2024-11-26T17:53:55.979+0000] {override.py:1911} INFO - Created Permission View: can delete on DAG:example_params_ui_tutorial
[2024-11-26T17:53:55.985+0000] {logging_mixin.py:190} INFO - [2024-11-26T17:53:55.985+0000] {override.py:1911} INFO - Created Permission View: can edit on DAG:example_params_ui_tutorial
[2024-11-26T17:53:55.993+0000] {logging_mixin.py:190} INFO - [2024-11-26T17:53:55.993+0000] {override.py:1911} INFO - Created Permission View: can create on DAG Run:example_params_ui_tutorial
[2024-11-26T17:53:56.000+0000] {logging_mixin.py:190} INFO - [2024-11-26T17:53:56.000+0000] {override.py:1911} INFO - Created Permission View: can read on DAG Run:example_params_ui_tutorial
[2024-11-26T17:53:56.007+0000] {logging_mixin.py:190} INFO - [2024-11-26T17:53:56.007+0000] {override.py:1911} INFO - Created Permission View: can delete on DAG Run:example_params_ui_tutorial
[2024-11-26T17:53:56.014+0000] {logging_mixin.py:190} INFO - [2024-11-26T17:53:56.014+0000] {override.py:1911} INFO - Created Permission View: menu access on DAG Run:example_params_ui_tutorial
[2024-11-26T17:53:56.015+0000] {logging_mixin.py:190} INFO - [2024-11-26T17:53:56.014+0000] {dag.py:3239} INFO - Sync 1 DAGs
[2024-11-26T17:53:56.024+0000] {logging_mixin.py:190} INFO - [2024-11-26T17:53:56.024+0000] {dag.py:3262} INFO - Creating ORM DAG for example_params_ui_tutorial
[2024-11-26T17:53:56.025+0000] {logging_mixin.py:190} INFO - [2024-11-26T17:53:56.025+0000] {dag.py:4180} INFO - Setting next_dagrun for example_params_ui_tutorial to None, run_after=None
[2024-11-26T17:53:56.041+0000] {processor.py:208} INFO - Processing /home/airflow/.local/lib/python3.12/site-packages/airflow/example_dags/example_params_ui_tutorial.py took 0.199 seconds
[2024-11-26T17:54:26.816+0000] {processor.py:186} INFO - Started process (PID=147) to work on /home/airflow/.local/lib/python3.12/site-packages/airflow/example_dags/example_params_ui_tutorial.py
[2024-11-26T17:54:26.817+0000] {processor.py:914} INFO - Processing file /home/airflow/.local/lib/python3.12/site-packages/airflow/example_dags/example_params_ui_tutorial.py for tasks to queue
[2024-11-26T17:54:26.818+0000] {logging_mixin.py:190} INFO - [2024-11-26T17:54:26.818+0000] {dagbag.py:588} INFO - Filling up the DagBag from /home/airflow/.local/lib/python3.12/site-packages/airflow/example_dags/example_params_ui_tutorial.py
[2024-11-26T17:54:26.825+0000] {processor.py:925} INFO - DAG(s) 'example_params_ui_tutorial' retrieved from /home/airflow/.local/lib/python3.12/site-packages/airflow/example_dags/example_params_ui_tutorial.py
[2024-11-26T17:54:26.861+0000] {logging_mixin.py:190} INFO - [2024-11-26T17:54:26.860+0000] {dag.py:3239} INFO - Sync 1 DAGs
[2024-11-26T17:54:26.871+0000] {logging_mixin.py:190} INFO - [2024-11-26T17:54:26.871+0000] {dag.py:4180} INFO - Setting next_dagrun for example_params_ui_tutorial to None, run_after=None
[2024-11-26T17:54:26.886+0000] {processor.py:208} INFO - Processing /home/airflow/.local/lib/python3.12/site-packages/airflow/example_dags/example_params_ui_tutorial.py took 0.073 seconds
[2024-11-26T17:54:57.519+0000] {processor.py:186} INFO - Started process (PID=210) to work on /home/airflow/.local/lib/python3.12/site-packages/airflow/example_dags/example_params_ui_tutorial.py
[2024-11-26T17:54:57.520+0000] {processor.py:914} INFO - Processing file /home/airflow/.local/lib/python3.12/site-packages/airflow/example_dags/example_params_ui_tutorial.py for tasks to queue
[2024-11-26T17:54:57.522+0000] {logging_mixin.py:190} INFO - [2024-11-26T17:54:57.521+0000] {dagbag.py:588} INFO - Filling up the DagBag from /home/airflow/.local/lib/python3.12/site-packages/airflow/example_dags/example_params_ui_tutorial.py
[2024-11-26T17:54:57.528+0000] {processor.py:925} INFO - DAG(s) 'example_params_ui_tutorial' retrieved from /home/airflow/.local/lib/python3.12/site-packages/airflow/example_dags/example_params_ui_tutorial.py
[2024-11-26T17:54:57.561+0000] {logging_mixin.py:190} INFO - [2024-11-26T17:54:57.561+0000] {dag.py:3239} INFO - Sync 1 DAGs
[2024-11-26T17:54:57.572+0000] {logging_mixin.py:190} INFO - [2024-11-26T17:54:57.572+0000] {dag.py:4180} INFO - Setting next_dagrun for example_params_ui_tutorial to None, run_after=None
[2024-11-26T17:54:57.586+0000] {processor.py:208} INFO - Processing /home/airflow/.local/lib/python3.12/site-packages/airflow/example_dags/example_params_ui_tutorial.py took 0.071 seconds
[2024-11-26T17:55:28.055+0000] {processor.py:186} INFO - Started process (PID=273) to work on /home/airflow/.local/lib/python3.12/site-packages/airflow/example_dags/example_params_ui_tutorial.py
[2024-11-26T17:55:28.055+0000] {processor.py:914} INFO - Processing file /home/airflow/.local/lib/python3.12/site-packages/airflow/example_dags/example_params_ui_tutorial.py for tasks to queue
[2024-11-26T17:55:28.057+0000] {logging_mixin.py:190} INFO - [2024-11-26T17:55:28.056+0000] {dagbag.py:588} INFO - Filling up the DagBag from /home/airflow/.local/lib/python3.12/site-packages/airflow/example_dags/example_params_ui_tutorial.py
[2024-11-26T17:55:28.063+0000] {processor.py:925} INFO - DAG(s) 'example_params_ui_tutorial' retrieved from /home/airflow/.local/lib/python3.12/site-packages/airflow/example_dags/example_params_ui_tutorial.py
[2024-11-26T17:55:28.098+0000] {logging_mixin.py:190} INFO - [2024-11-26T17:55:28.098+0000] {dag.py:3239} INFO - Sync 1 DAGs
[2024-11-26T17:55:28.109+0000] {logging_mixin.py:190} INFO - [2024-11-26T17:55:28.109+0000] {dag.py:4180} INFO - Setting next_dagrun for example_params_ui_tutorial to None, run_after=None
[2024-11-26T17:55:28.124+0000] {processor.py:208} INFO - Processing /home/airflow/.local/lib/python3.12/site-packages/airflow/example_dags/example_params_ui_tutorial.py took 0.073 seconds
[2024-11-26T17:55:58.578+0000] {processor.py:186} INFO - Started process (PID=335) to work on /home/airflow/.local/lib/python3.12/site-packages/airflow/example_dags/example_params_ui_tutorial.py
[2024-11-26T17:55:58.579+0000] {processor.py:914} INFO - Processing file /home/airflow/.local/lib/python3.12/site-packages/airflow/example_dags/example_params_ui_tutorial.py for tasks to queue
[2024-11-26T17:55:58.581+0000] {logging_mixin.py:190} INFO - [2024-11-26T17:55:58.581+0000] {dagbag.py:588} INFO - Filling up the DagBag from /home/airflow/.local/lib/python3.12/site-packages/airflow/example_dags/example_params_ui_tutorial.py
[2024-11-26T17:55:58.591+0000] {processor.py:925} INFO - DAG(s) 'example_params_ui_tutorial' retrieved from /home/airflow/.local/lib/python3.12/site-packages/airflow/example_dags/example_params_ui_tutorial.py
[2024-11-26T17:55:58.629+0000] {logging_mixin.py:190} INFO - [2024-11-26T17:55:58.629+0000] {dag.py:3239} INFO - Sync 1 DAGs
[2024-11-26T17:55:58.640+0000] {logging_mixin.py:190} INFO - [2024-11-26T17:55:58.640+0000] {dag.py:4180} INFO - Setting next_dagrun for example_params_ui_tutorial to None, run_after=None
[2024-11-26T17:55:58.658+0000] {processor.py:208} INFO - Processing /home/airflow/.local/lib/python3.12/site-packages/airflow/example_dags/example_params_ui_tutorial.py took 0.084 seconds
[2024-11-26T17:56:29.401+0000] {processor.py:186} INFO - Started process (PID=399) to work on /home/airflow/.local/lib/python3.12/site-packages/airflow/example_dags/example_params_ui_tutorial.py
[2024-11-26T17:56:29.402+0000] {processor.py:914} INFO - Processing file /home/airflow/.local/lib/python3.12/site-packages/airflow/example_dags/example_params_ui_tutorial.py for tasks to queue
[2024-11-26T17:56:29.403+0000] {logging_mixin.py:190} INFO - [2024-11-26T17:56:29.403+0000] {dagbag.py:588} INFO - Filling up the DagBag from /home/airflow/.local/lib/python3.12/site-packages/airflow/example_dags/example_params_ui_tutorial.py
[2024-11-26T17:56:29.410+0000] {processor.py:925} INFO - DAG(s) 'example_params_ui_tutorial' retrieved from /home/airflow/.local/lib/python3.12/site-packages/airflow/example_dags/example_params_ui_tutorial.py
[2024-11-26T17:56:29.445+0000] {logging_mixin.py:190} INFO - [2024-11-26T17:56:29.444+0000] {dag.py:3239} INFO - Sync 1 DAGs
[2024-11-26T17:56:29.456+0000] {logging_mixin.py:190} INFO - [2024-11-26T17:56:29.455+0000] {dag.py:4180} INFO - Setting next_dagrun for example_params_ui_tutorial to None, run_after=None
[2024-11-26T17:56:29.471+0000] {processor.py:208} INFO - Processing /home/airflow/.local/lib/python3.12/site-packages/airflow/example_dags/example_params_ui_tutorial.py took 0.073 seconds
[2024-11-26T17:57:00.389+0000] {processor.py:186} INFO - Started process (PID=462) to work on /home/airflow/.local/lib/python3.12/site-packages/airflow/example_dags/example_params_ui_tutorial.py
[2024-11-26T17:57:00.390+0000] {processor.py:914} INFO - Processing file /home/airflow/.local/lib/python3.12/site-packages/airflow/example_dags/example_params_ui_tutorial.py for tasks to queue
[2024-11-26T17:57:00.392+0000] {logging_mixin.py:190} INFO - [2024-11-26T17:57:00.391+0000] {dagbag.py:588} INFO - Filling up the DagBag from /home/airflow/.local/lib/python3.12/site-packages/airflow/example_dags/example_params_ui_tutorial.py
[2024-11-26T17:57:00.399+0000] {processor.py:925} INFO - DAG(s) 'example_params_ui_tutorial' retrieved from /home/airflow/.local/lib/python3.12/site-packages/airflow/example_dags/example_params_ui_tutorial.py
[2024-11-26T17:57:00.438+0000] {logging_mixin.py:190} INFO - [2024-11-26T17:57:00.438+0000] {dag.py:3239} INFO - Sync 1 DAGs
[2024-11-26T17:57:00.450+0000] {logging_mixin.py:190} INFO - [2024-11-26T17:57:00.450+0000] {dag.py:4180} INFO - Setting next_dagrun for example_params_ui_tutorial to None, run_after=None
[2024-11-26T17:57:00.466+0000] {processor.py:208} INFO - Processing /home/airflow/.local/lib/python3.12/site-packages/airflow/example_dags/example_params_ui_tutorial.py took 0.081 seconds
[2024-11-26T17:57:31.307+0000] {processor.py:186} INFO - Started process (PID=525) to work on /home/airflow/.local/lib/python3.12/site-packages/airflow/example_dags/example_params_ui_tutorial.py
[2024-11-26T17:57:31.342+0000] {processor.py:914} INFO - Processing file /home/airflow/.local/lib/python3.12/site-packages/airflow/example_dags/example_params_ui_tutorial.py for tasks to queue
[2024-11-26T17:57:31.344+0000] {logging_mixin.py:190} INFO - [2024-11-26T17:57:31.344+0000] {dagbag.py:588} INFO - Filling up the DagBag from /home/airflow/.local/lib/python3.12/site-packages/airflow/example_dags/example_params_ui_tutorial.py
[2024-11-26T17:57:31.352+0000] {processor.py:925} INFO - DAG(s) 'example_params_ui_tutorial' retrieved from /home/airflow/.local/lib/python3.12/site-packages/airflow/example_dags/example_params_ui_tutorial.py
[2024-11-26T17:57:31.393+0000] {logging_mixin.py:190} INFO - [2024-11-26T17:57:31.393+0000] {dag.py:3239} INFO - Sync 1 DAGs
[2024-11-26T17:57:31.406+0000] {logging_mixin.py:190} INFO - [2024-11-26T17:57:31.406+0000] {dag.py:4180} INFO - Setting next_dagrun for example_params_ui_tutorial to None, run_after=None
[2024-11-26T17:57:31.421+0000] {processor.py:208} INFO - Processing /home/airflow/.local/lib/python3.12/site-packages/airflow/example_dags/example_params_ui_tutorial.py took 0.119 seconds
[2024-11-26T17:58:02.098+0000] {processor.py:186} INFO - Started process (PID=588) to work on /home/airflow/.local/lib/python3.12/site-packages/airflow/example_dags/example_params_ui_tutorial.py
[2024-11-26T17:58:02.099+0000] {processor.py:914} INFO - Processing file /home/airflow/.local/lib/python3.12/site-packages/airflow/example_dags/example_params_ui_tutorial.py for tasks to queue
[2024-11-26T17:58:02.100+0000] {logging_mixin.py:190} INFO - [2024-11-26T17:58:02.100+0000] {dagbag.py:588} INFO - Filling up the DagBag from /home/airflow/.local/lib/python3.12/site-packages/airflow/example_dags/example_params_ui_tutorial.py
[2024-11-26T17:58:02.107+0000] {processor.py:925} INFO - DAG(s) 'example_params_ui_tutorial' retrieved from /home/airflow/.local/lib/python3.12/site-packages/airflow/example_dags/example_params_ui_tutorial.py
[2024-11-26T17:58:02.141+0000] {logging_mixin.py:190} INFO - [2024-11-26T17:58:02.141+0000] {dag.py:3239} INFO - Sync 1 DAGs
[2024-11-26T17:58:02.152+0000] {logging_mixin.py:190} INFO - [2024-11-26T17:58:02.152+0000] {dag.py:4180} INFO - Setting next_dagrun for example_params_ui_tutorial to None, run_after=None
[2024-11-26T17:58:02.167+0000] {processor.py:208} INFO - Processing /home/airflow/.local/lib/python3.12/site-packages/airflow/example_dags/example_params_ui_tutorial.py took 0.073 seconds
[2024-11-26T17:58:32.323+0000] {processor.py:186} INFO - Started process (PID=650) to work on /home/airflow/.local/lib/python3.12/site-packages/airflow/example_dags/example_params_ui_tutorial.py
[2024-11-26T17:58:32.324+0000] {processor.py:914} INFO - Processing file /home/airflow/.local/lib/python3.12/site-packages/airflow/example_dags/example_params_ui_tutorial.py for tasks to queue
[2024-11-26T17:58:32.326+0000] {logging_mixin.py:190} INFO - [2024-11-26T17:58:32.326+0000] {dagbag.py:588} INFO - Filling up the DagBag from /home/airflow/.local/lib/python3.12/site-packages/airflow/example_dags/example_params_ui_tutorial.py
[2024-11-26T17:58:32.332+0000] {processor.py:925} INFO - DAG(s) 'example_params_ui_tutorial' retrieved from /home/airflow/.local/lib/python3.12/site-packages/airflow/example_dags/example_params_ui_tutorial.py
[2024-11-26T17:58:32.369+0000] {logging_mixin.py:190} INFO - [2024-11-26T17:58:32.369+0000] {dag.py:3239} INFO - Sync 1 DAGs
[2024-11-26T17:58:32.381+0000] {logging_mixin.py:190} INFO - [2024-11-26T17:58:32.380+0000] {dag.py:4180} INFO - Setting next_dagrun for example_params_ui_tutorial to None, run_after=None
[2024-11-26T17:58:32.399+0000] {processor.py:208} INFO - Processing /home/airflow/.local/lib/python3.12/site-packages/airflow/example_dags/example_params_ui_tutorial.py took 0.081 seconds
[2024-11-26T17:59:03.067+0000] {processor.py:186} INFO - Started process (PID=713) to work on /home/airflow/.local/lib/python3.12/site-packages/airflow/example_dags/example_params_ui_tutorial.py
[2024-11-26T17:59:03.068+0000] {processor.py:914} INFO - Processing file /home/airflow/.local/lib/python3.12/site-packages/airflow/example_dags/example_params_ui_tutorial.py for tasks to queue
[2024-11-26T17:59:03.069+0000] {logging_mixin.py:190} INFO - [2024-11-26T17:59:03.069+0000] {dagbag.py:588} INFO - Filling up the DagBag from /home/airflow/.local/lib/python3.12/site-packages/airflow/example_dags/example_params_ui_tutorial.py
[2024-11-26T17:59:03.076+0000] {processor.py:925} INFO - DAG(s) 'example_params_ui_tutorial' retrieved from /home/airflow/.local/lib/python3.12/site-packages/airflow/example_dags/example_params_ui_tutorial.py
[2024-11-26T17:59:03.110+0000] {logging_mixin.py:190} INFO - [2024-11-26T17:59:03.110+0000] {dag.py:3239} INFO - Sync 1 DAGs
[2024-11-26T17:59:03.120+0000] {logging_mixin.py:190} INFO - [2024-11-26T17:59:03.120+0000] {dag.py:4180} INFO - Setting next_dagrun for example_params_ui_tutorial to None, run_after=None
[2024-11-26T17:59:03.134+0000] {processor.py:208} INFO - Processing /home/airflow/.local/lib/python3.12/site-packages/airflow/example_dags/example_params_ui_tutorial.py took 0.071 seconds
[2024-11-26T18:06:06.238+0000] {processor.py:186} INFO - Started process (PID=79) to work on /home/airflow/.local/lib/python3.12/site-packages/airflow/example_dags/example_params_ui_tutorial.py
[2024-11-26T18:06:06.239+0000] {processor.py:914} INFO - Processing file /home/airflow/.local/lib/python3.12/site-packages/airflow/example_dags/example_params_ui_tutorial.py for tasks to queue
[2024-11-26T18:06:06.240+0000] {logging_mixin.py:190} INFO - [2024-11-26T18:06:06.240+0000] {dagbag.py:588} INFO - Filling up the DagBag from /home/airflow/.local/lib/python3.12/site-packages/airflow/example_dags/example_params_ui_tutorial.py
[2024-11-26T18:06:06.249+0000] {processor.py:925} INFO - DAG(s) 'example_params_ui_tutorial' retrieved from /home/airflow/.local/lib/python3.12/site-packages/airflow/example_dags/example_params_ui_tutorial.py
[2024-11-26T18:06:06.289+0000] {logging_mixin.py:190} INFO - [2024-11-26T18:06:06.289+0000] {dag.py:3239} INFO - Sync 1 DAGs
[2024-11-26T18:06:06.300+0000] {logging_mixin.py:190} INFO - [2024-11-26T18:06:06.300+0000] {dag.py:4180} INFO - Setting next_dagrun for example_params_ui_tutorial to None, run_after=None
[2024-11-26T18:06:06.315+0000] {processor.py:208} INFO - Processing /home/airflow/.local/lib/python3.12/site-packages/airflow/example_dags/example_params_ui_tutorial.py took 0.081 seconds
[2024-11-26T18:06:36.615+0000] {processor.py:186} INFO - Started process (PID=143) to work on /home/airflow/.local/lib/python3.12/site-packages/airflow/example_dags/example_params_ui_tutorial.py
[2024-11-26T18:06:36.616+0000] {processor.py:914} INFO - Processing file /home/airflow/.local/lib/python3.12/site-packages/airflow/example_dags/example_params_ui_tutorial.py for tasks to queue
[2024-11-26T18:06:36.618+0000] {logging_mixin.py:190} INFO - [2024-11-26T18:06:36.617+0000] {dagbag.py:588} INFO - Filling up the DagBag from /home/airflow/.local/lib/python3.12/site-packages/airflow/example_dags/example_params_ui_tutorial.py
[2024-11-26T18:06:36.625+0000] {processor.py:925} INFO - DAG(s) 'example_params_ui_tutorial' retrieved from /home/airflow/.local/lib/python3.12/site-packages/airflow/example_dags/example_params_ui_tutorial.py
[2024-11-26T18:06:36.667+0000] {logging_mixin.py:190} INFO - [2024-11-26T18:06:36.666+0000] {dag.py:3239} INFO - Sync 1 DAGs
[2024-11-26T18:06:36.678+0000] {logging_mixin.py:190} INFO - [2024-11-26T18:06:36.677+0000] {dag.py:4180} INFO - Setting next_dagrun for example_params_ui_tutorial to None, run_after=None
[2024-11-26T18:06:36.693+0000] {processor.py:208} INFO - Processing /home/airflow/.local/lib/python3.12/site-packages/airflow/example_dags/example_params_ui_tutorial.py took 0.083 seconds
[2024-11-26T18:07:06.732+0000] {processor.py:186} INFO - Started process (PID=206) to work on /home/airflow/.local/lib/python3.12/site-packages/airflow/example_dags/example_params_ui_tutorial.py
[2024-11-26T18:07:06.733+0000] {processor.py:914} INFO - Processing file /home/airflow/.local/lib/python3.12/site-packages/airflow/example_dags/example_params_ui_tutorial.py for tasks to queue
[2024-11-26T18:07:06.734+0000] {logging_mixin.py:190} INFO - [2024-11-26T18:07:06.734+0000] {dagbag.py:588} INFO - Filling up the DagBag from /home/airflow/.local/lib/python3.12/site-packages/airflow/example_dags/example_params_ui_tutorial.py
[2024-11-26T18:07:06.740+0000] {processor.py:925} INFO - DAG(s) 'example_params_ui_tutorial' retrieved from /home/airflow/.local/lib/python3.12/site-packages/airflow/example_dags/example_params_ui_tutorial.py
[2024-11-26T18:07:06.774+0000] {logging_mixin.py:190} INFO - [2024-11-26T18:07:06.773+0000] {dag.py:3239} INFO - Sync 1 DAGs
[2024-11-26T18:07:06.784+0000] {logging_mixin.py:190} INFO - [2024-11-26T18:07:06.783+0000] {dag.py:4180} INFO - Setting next_dagrun for example_params_ui_tutorial to None, run_after=None
[2024-11-26T18:07:06.796+0000] {processor.py:208} INFO - Processing /home/airflow/.local/lib/python3.12/site-packages/airflow/example_dags/example_params_ui_tutorial.py took 0.068 seconds
[2024-11-26T18:07:37.512+0000] {processor.py:186} INFO - Started process (PID=270) to work on /home/airflow/.local/lib/python3.12/site-packages/airflow/example_dags/example_params_ui_tutorial.py
[2024-11-26T18:07:37.512+0000] {processor.py:914} INFO - Processing file /home/airflow/.local/lib/python3.12/site-packages/airflow/example_dags/example_params_ui_tutorial.py for tasks to queue
[2024-11-26T18:07:37.514+0000] {logging_mixin.py:190} INFO - [2024-11-26T18:07:37.514+0000] {dagbag.py:588} INFO - Filling up the DagBag from /home/airflow/.local/lib/python3.12/site-packages/airflow/example_dags/example_params_ui_tutorial.py
[2024-11-26T18:07:37.522+0000] {processor.py:925} INFO - DAG(s) 'example_params_ui_tutorial' retrieved from /home/airflow/.local/lib/python3.12/site-packages/airflow/example_dags/example_params_ui_tutorial.py
[2024-11-26T18:07:37.557+0000] {logging_mixin.py:190} INFO - [2024-11-26T18:07:37.556+0000] {dag.py:3239} INFO - Sync 1 DAGs
[2024-11-26T18:07:37.567+0000] {logging_mixin.py:190} INFO - [2024-11-26T18:07:37.567+0000] {dag.py:4180} INFO - Setting next_dagrun for example_params_ui_tutorial to None, run_after=None
[2024-11-26T18:07:37.582+0000] {processor.py:208} INFO - Processing /home/airflow/.local/lib/python3.12/site-packages/airflow/example_dags/example_params_ui_tutorial.py took 0.074 seconds
[2024-11-26T18:08:08.114+0000] {processor.py:186} INFO - Started process (PID=334) to work on /home/airflow/.local/lib/python3.12/site-packages/airflow/example_dags/example_params_ui_tutorial.py
[2024-11-26T18:08:08.115+0000] {processor.py:914} INFO - Processing file /home/airflow/.local/lib/python3.12/site-packages/airflow/example_dags/example_params_ui_tutorial.py for tasks to queue
[2024-11-26T18:08:08.117+0000] {logging_mixin.py:190} INFO - [2024-11-26T18:08:08.117+0000] {dagbag.py:588} INFO - Filling up the DagBag from /home/airflow/.local/lib/python3.12/site-packages/airflow/example_dags/example_params_ui_tutorial.py
[2024-11-26T18:08:08.124+0000] {processor.py:925} INFO - DAG(s) 'example_params_ui_tutorial' retrieved from /home/airflow/.local/lib/python3.12/site-packages/airflow/example_dags/example_params_ui_tutorial.py
[2024-11-26T18:08:08.160+0000] {logging_mixin.py:190} INFO - [2024-11-26T18:08:08.160+0000] {dag.py:3239} INFO - Sync 1 DAGs
[2024-11-26T18:08:08.171+0000] {logging_mixin.py:190} INFO - [2024-11-26T18:08:08.170+0000] {dag.py:4180} INFO - Setting next_dagrun for example_params_ui_tutorial to None, run_after=None
[2024-11-26T18:08:08.184+0000] {processor.py:208} INFO - Processing /home/airflow/.local/lib/python3.12/site-packages/airflow/example_dags/example_params_ui_tutorial.py took 0.074 seconds
[2024-11-26T18:08:38.836+0000] {processor.py:186} INFO - Started process (PID=398) to work on /home/airflow/.local/lib/python3.12/site-packages/airflow/example_dags/example_params_ui_tutorial.py
[2024-11-26T18:08:38.837+0000] {processor.py:914} INFO - Processing file /home/airflow/.local/lib/python3.12/site-packages/airflow/example_dags/example_params_ui_tutorial.py for tasks to queue
[2024-11-26T18:08:38.839+0000] {logging_mixin.py:190} INFO - [2024-11-26T18:08:38.839+0000] {dagbag.py:588} INFO - Filling up the DagBag from /home/airflow/.local/lib/python3.12/site-packages/airflow/example_dags/example_params_ui_tutorial.py
[2024-11-26T18:08:38.846+0000] {processor.py:925} INFO - DAG(s) 'example_params_ui_tutorial' retrieved from /home/airflow/.local/lib/python3.12/site-packages/airflow/example_dags/example_params_ui_tutorial.py
[2024-11-26T18:08:38.881+0000] {logging_mixin.py:190} INFO - [2024-11-26T18:08:38.880+0000] {dag.py:3239} INFO - Sync 1 DAGs
[2024-11-26T18:08:38.891+0000] {logging_mixin.py:190} INFO - [2024-11-26T18:08:38.891+0000] {dag.py:4180} INFO - Setting next_dagrun for example_params_ui_tutorial to None, run_after=None
[2024-11-26T18:08:38.905+0000] {processor.py:208} INFO - Processing /home/airflow/.local/lib/python3.12/site-packages/airflow/example_dags/example_params_ui_tutorial.py took 0.074 seconds
[2024-11-26T18:09:09.679+0000] {processor.py:186} INFO - Started process (PID=463) to work on /home/airflow/.local/lib/python3.12/site-packages/airflow/example_dags/example_params_ui_tutorial.py
[2024-11-26T18:09:09.680+0000] {processor.py:914} INFO - Processing file /home/airflow/.local/lib/python3.12/site-packages/airflow/example_dags/example_params_ui_tutorial.py for tasks to queue
[2024-11-26T18:09:09.682+0000] {logging_mixin.py:190} INFO - [2024-11-26T18:09:09.682+0000] {dagbag.py:588} INFO - Filling up the DagBag from /home/airflow/.local/lib/python3.12/site-packages/airflow/example_dags/example_params_ui_tutorial.py
[2024-11-26T18:09:09.689+0000] {processor.py:925} INFO - DAG(s) 'example_params_ui_tutorial' retrieved from /home/airflow/.local/lib/python3.12/site-packages/airflow/example_dags/example_params_ui_tutorial.py
[2024-11-26T18:09:09.724+0000] {logging_mixin.py:190} INFO - [2024-11-26T18:09:09.724+0000] {dag.py:3239} INFO - Sync 1 DAGs
[2024-11-26T18:09:09.735+0000] {logging_mixin.py:190} INFO - [2024-11-26T18:09:09.735+0000] {dag.py:4180} INFO - Setting next_dagrun for example_params_ui_tutorial to None, run_after=None
[2024-11-26T18:09:09.750+0000] {processor.py:208} INFO - Processing /home/airflow/.local/lib/python3.12/site-packages/airflow/example_dags/example_params_ui_tutorial.py took 0.074 seconds
[2024-11-26T18:09:39.909+0000] {processor.py:186} INFO - Started process (PID=527) to work on /home/airflow/.local/lib/python3.12/site-packages/airflow/example_dags/example_params_ui_tutorial.py
[2024-11-26T18:09:39.909+0000] {processor.py:914} INFO - Processing file /home/airflow/.local/lib/python3.12/site-packages/airflow/example_dags/example_params_ui_tutorial.py for tasks to queue
[2024-11-26T18:09:39.911+0000] {logging_mixin.py:190} INFO - [2024-11-26T18:09:39.911+0000] {dagbag.py:588} INFO - Filling up the DagBag from /home/airflow/.local/lib/python3.12/site-packages/airflow/example_dags/example_params_ui_tutorial.py
[2024-11-26T18:09:39.919+0000] {processor.py:925} INFO - DAG(s) 'example_params_ui_tutorial' retrieved from /home/airflow/.local/lib/python3.12/site-packages/airflow/example_dags/example_params_ui_tutorial.py
[2024-11-26T18:09:39.961+0000] {logging_mixin.py:190} INFO - [2024-11-26T18:09:39.961+0000] {dag.py:3239} INFO - Sync 1 DAGs
[2024-11-26T18:09:39.974+0000] {logging_mixin.py:190} INFO - [2024-11-26T18:09:39.973+0000] {dag.py:4180} INFO - Setting next_dagrun for example_params_ui_tutorial to None, run_after=None
[2024-11-26T18:09:39.990+0000] {processor.py:208} INFO - Processing /home/airflow/.local/lib/python3.12/site-packages/airflow/example_dags/example_params_ui_tutorial.py took 0.086 seconds
[2024-11-26T18:10:10.649+0000] {processor.py:186} INFO - Started process (PID=590) to work on /home/airflow/.local/lib/python3.12/site-packages/airflow/example_dags/example_params_ui_tutorial.py
[2024-11-26T18:10:10.650+0000] {processor.py:914} INFO - Processing file /home/airflow/.local/lib/python3.12/site-packages/airflow/example_dags/example_params_ui_tutorial.py for tasks to queue
[2024-11-26T18:10:10.651+0000] {logging_mixin.py:190} INFO - [2024-11-26T18:10:10.651+0000] {dagbag.py:588} INFO - Filling up the DagBag from /home/airflow/.local/lib/python3.12/site-packages/airflow/example_dags/example_params_ui_tutorial.py
[2024-11-26T18:10:10.659+0000] {processor.py:925} INFO - DAG(s) 'example_params_ui_tutorial' retrieved from /home/airflow/.local/lib/python3.12/site-packages/airflow/example_dags/example_params_ui_tutorial.py
[2024-11-26T18:10:10.700+0000] {logging_mixin.py:190} INFO - [2024-11-26T18:10:10.699+0000] {dag.py:3239} INFO - Sync 1 DAGs
[2024-11-26T18:10:10.711+0000] {logging_mixin.py:190} INFO - [2024-11-26T18:10:10.711+0000] {dag.py:4180} INFO - Setting next_dagrun for example_params_ui_tutorial to None, run_after=None
[2024-11-26T18:10:10.724+0000] {processor.py:208} INFO - Processing /home/airflow/.local/lib/python3.12/site-packages/airflow/example_dags/example_params_ui_tutorial.py took 0.080 seconds
[2024-11-26T18:10:40.796+0000] {processor.py:186} INFO - Started process (PID=653) to work on /home/airflow/.local/lib/python3.12/site-packages/airflow/example_dags/example_params_ui_tutorial.py
[2024-11-26T18:10:40.797+0000] {processor.py:914} INFO - Processing file /home/airflow/.local/lib/python3.12/site-packages/airflow/example_dags/example_params_ui_tutorial.py for tasks to queue
[2024-11-26T18:10:40.798+0000] {logging_mixin.py:190} INFO - [2024-11-26T18:10:40.798+0000] {dagbag.py:588} INFO - Filling up the DagBag from /home/airflow/.local/lib/python3.12/site-packages/airflow/example_dags/example_params_ui_tutorial.py
[2024-11-26T18:10:40.804+0000] {processor.py:925} INFO - DAG(s) 'example_params_ui_tutorial' retrieved from /home/airflow/.local/lib/python3.12/site-packages/airflow/example_dags/example_params_ui_tutorial.py
[2024-11-26T18:10:40.838+0000] {logging_mixin.py:190} INFO - [2024-11-26T18:10:40.838+0000] {dag.py:3239} INFO - Sync 1 DAGs
[2024-11-26T18:10:40.848+0000] {logging_mixin.py:190} INFO - [2024-11-26T18:10:40.848+0000] {dag.py:4180} INFO - Setting next_dagrun for example_params_ui_tutorial to None, run_after=None
[2024-11-26T18:10:40.862+0000] {processor.py:208} INFO - Processing /home/airflow/.local/lib/python3.12/site-packages/airflow/example_dags/example_params_ui_tutorial.py took 0.070 seconds
[2024-11-26T18:11:10.959+0000] {processor.py:186} INFO - Started process (PID=717) to work on /home/airflow/.local/lib/python3.12/site-packages/airflow/example_dags/example_params_ui_tutorial.py
[2024-11-26T18:11:10.959+0000] {processor.py:914} INFO - Processing file /home/airflow/.local/lib/python3.12/site-packages/airflow/example_dags/example_params_ui_tutorial.py for tasks to queue
[2024-11-26T18:11:10.960+0000] {logging_mixin.py:190} INFO - [2024-11-26T18:11:10.960+0000] {dagbag.py:588} INFO - Filling up the DagBag from /home/airflow/.local/lib/python3.12/site-packages/airflow/example_dags/example_params_ui_tutorial.py
[2024-11-26T18:11:10.966+0000] {processor.py:925} INFO - DAG(s) 'example_params_ui_tutorial' retrieved from /home/airflow/.local/lib/python3.12/site-packages/airflow/example_dags/example_params_ui_tutorial.py
[2024-11-26T18:11:11.000+0000] {logging_mixin.py:190} INFO - [2024-11-26T18:11:10.999+0000] {dag.py:3239} INFO - Sync 1 DAGs
[2024-11-26T18:11:11.011+0000] {logging_mixin.py:190} INFO - [2024-11-26T18:11:11.010+0000] {dag.py:4180} INFO - Setting next_dagrun for example_params_ui_tutorial to None, run_after=None
[2024-11-26T18:11:11.025+0000] {processor.py:208} INFO - Processing /home/airflow/.local/lib/python3.12/site-packages/airflow/example_dags/example_params_ui_tutorial.py took 0.071 seconds
[2024-11-26T18:12:30.775+0000] {processor.py:186} INFO - Started process (PID=67) to work on /home/airflow/.local/lib/python3.12/site-packages/airflow/example_dags/example_params_ui_tutorial.py
[2024-11-26T18:12:30.776+0000] {processor.py:914} INFO - Processing file /home/airflow/.local/lib/python3.12/site-packages/airflow/example_dags/example_params_ui_tutorial.py for tasks to queue
[2024-11-26T18:12:30.778+0000] {logging_mixin.py:190} INFO - [2024-11-26T18:12:30.778+0000] {dagbag.py:588} INFO - Filling up the DagBag from /home/airflow/.local/lib/python3.12/site-packages/airflow/example_dags/example_params_ui_tutorial.py
[2024-11-26T18:12:30.785+0000] {processor.py:925} INFO - DAG(s) 'example_params_ui_tutorial' retrieved from /home/airflow/.local/lib/python3.12/site-packages/airflow/example_dags/example_params_ui_tutorial.py
[2024-11-26T18:12:30.826+0000] {logging_mixin.py:190} INFO - [2024-11-26T18:12:30.826+0000] {dag.py:3239} INFO - Sync 1 DAGs
[2024-11-26T18:12:30.839+0000] {logging_mixin.py:190} INFO - [2024-11-26T18:12:30.838+0000] {dag.py:4180} INFO - Setting next_dagrun for example_params_ui_tutorial to None, run_after=None
[2024-11-26T18:12:30.855+0000] {processor.py:208} INFO - Processing /home/airflow/.local/lib/python3.12/site-packages/airflow/example_dags/example_params_ui_tutorial.py took 0.084 seconds
[2024-11-26T18:13:01.370+0000] {processor.py:186} INFO - Started process (PID=131) to work on /home/airflow/.local/lib/python3.12/site-packages/airflow/example_dags/example_params_ui_tutorial.py
[2024-11-26T18:13:01.370+0000] {processor.py:914} INFO - Processing file /home/airflow/.local/lib/python3.12/site-packages/airflow/example_dags/example_params_ui_tutorial.py for tasks to queue
[2024-11-26T18:13:01.372+0000] {logging_mixin.py:190} INFO - [2024-11-26T18:13:01.371+0000] {dagbag.py:588} INFO - Filling up the DagBag from /home/airflow/.local/lib/python3.12/site-packages/airflow/example_dags/example_params_ui_tutorial.py
[2024-11-26T18:13:01.379+0000] {processor.py:925} INFO - DAG(s) 'example_params_ui_tutorial' retrieved from /home/airflow/.local/lib/python3.12/site-packages/airflow/example_dags/example_params_ui_tutorial.py
[2024-11-26T18:13:01.414+0000] {logging_mixin.py:190} INFO - [2024-11-26T18:13:01.414+0000] {dag.py:3239} INFO - Sync 1 DAGs
[2024-11-26T18:13:01.426+0000] {logging_mixin.py:190} INFO - [2024-11-26T18:13:01.426+0000] {dag.py:4180} INFO - Setting next_dagrun for example_params_ui_tutorial to None, run_after=None
[2024-11-26T18:13:01.440+0000] {processor.py:208} INFO - Processing /home/airflow/.local/lib/python3.12/site-packages/airflow/example_dags/example_params_ui_tutorial.py took 0.075 seconds
[2024-11-26T18:13:32.001+0000] {processor.py:186} INFO - Started process (PID=195) to work on /home/airflow/.local/lib/python3.12/site-packages/airflow/example_dags/example_params_ui_tutorial.py
[2024-11-26T18:13:32.002+0000] {processor.py:914} INFO - Processing file /home/airflow/.local/lib/python3.12/site-packages/airflow/example_dags/example_params_ui_tutorial.py for tasks to queue
[2024-11-26T18:13:32.003+0000] {logging_mixin.py:190} INFO - [2024-11-26T18:13:32.003+0000] {dagbag.py:588} INFO - Filling up the DagBag from /home/airflow/.local/lib/python3.12/site-packages/airflow/example_dags/example_params_ui_tutorial.py
[2024-11-26T18:13:32.010+0000] {processor.py:925} INFO - DAG(s) 'example_params_ui_tutorial' retrieved from /home/airflow/.local/lib/python3.12/site-packages/airflow/example_dags/example_params_ui_tutorial.py
[2024-11-26T18:13:32.050+0000] {logging_mixin.py:190} INFO - [2024-11-26T18:13:32.050+0000] {dag.py:3239} INFO - Sync 1 DAGs
[2024-11-26T18:13:32.061+0000] {logging_mixin.py:190} INFO - [2024-11-26T18:13:32.061+0000] {dag.py:4180} INFO - Setting next_dagrun for example_params_ui_tutorial to None, run_after=None
[2024-11-26T18:13:32.077+0000] {processor.py:208} INFO - Processing /home/airflow/.local/lib/python3.12/site-packages/airflow/example_dags/example_params_ui_tutorial.py took 0.080 seconds
[2024-11-26T18:14:02.833+0000] {processor.py:186} INFO - Started process (PID=265) to work on /home/airflow/.local/lib/python3.12/site-packages/airflow/example_dags/example_params_ui_tutorial.py
[2024-11-26T18:14:02.834+0000] {processor.py:914} INFO - Processing file /home/airflow/.local/lib/python3.12/site-packages/airflow/example_dags/example_params_ui_tutorial.py for tasks to queue
[2024-11-26T18:14:02.835+0000] {logging_mixin.py:190} INFO - [2024-11-26T18:14:02.835+0000] {dagbag.py:588} INFO - Filling up the DagBag from /home/airflow/.local/lib/python3.12/site-packages/airflow/example_dags/example_params_ui_tutorial.py
[2024-11-26T18:14:02.843+0000] {processor.py:925} INFO - DAG(s) 'example_params_ui_tutorial' retrieved from /home/airflow/.local/lib/python3.12/site-packages/airflow/example_dags/example_params_ui_tutorial.py
[2024-11-26T18:14:02.883+0000] {logging_mixin.py:190} INFO - [2024-11-26T18:14:02.882+0000] {dag.py:3239} INFO - Sync 1 DAGs
[2024-11-26T18:14:02.895+0000] {logging_mixin.py:190} INFO - [2024-11-26T18:14:02.895+0000] {dag.py:4180} INFO - Setting next_dagrun for example_params_ui_tutorial to None, run_after=None
[2024-11-26T18:14:02.915+0000] {processor.py:208} INFO - Processing /home/airflow/.local/lib/python3.12/site-packages/airflow/example_dags/example_params_ui_tutorial.py took 0.087 seconds
[2024-11-26T18:14:33.189+0000] {processor.py:186} INFO - Started process (PID=329) to work on /home/airflow/.local/lib/python3.12/site-packages/airflow/example_dags/example_params_ui_tutorial.py
[2024-11-26T18:14:33.189+0000] {processor.py:914} INFO - Processing file /home/airflow/.local/lib/python3.12/site-packages/airflow/example_dags/example_params_ui_tutorial.py for tasks to queue
[2024-11-26T18:14:33.191+0000] {logging_mixin.py:190} INFO - [2024-11-26T18:14:33.191+0000] {dagbag.py:588} INFO - Filling up the DagBag from /home/airflow/.local/lib/python3.12/site-packages/airflow/example_dags/example_params_ui_tutorial.py
[2024-11-26T18:14:33.197+0000] {processor.py:925} INFO - DAG(s) 'example_params_ui_tutorial' retrieved from /home/airflow/.local/lib/python3.12/site-packages/airflow/example_dags/example_params_ui_tutorial.py
[2024-11-26T18:14:33.231+0000] {logging_mixin.py:190} INFO - [2024-11-26T18:14:33.231+0000] {dag.py:3239} INFO - Sync 1 DAGs
[2024-11-26T18:14:33.248+0000] {logging_mixin.py:190} INFO - [2024-11-26T18:14:33.248+0000] {dag.py:4180} INFO - Setting next_dagrun for example_params_ui_tutorial to None, run_after=None
[2024-11-26T18:14:33.264+0000] {processor.py:208} INFO - Processing /home/airflow/.local/lib/python3.12/site-packages/airflow/example_dags/example_params_ui_tutorial.py took 0.079 seconds
[2024-11-26T18:15:03.932+0000] {processor.py:186} INFO - Started process (PID=393) to work on /home/airflow/.local/lib/python3.12/site-packages/airflow/example_dags/example_params_ui_tutorial.py
[2024-11-26T18:15:03.933+0000] {processor.py:914} INFO - Processing file /home/airflow/.local/lib/python3.12/site-packages/airflow/example_dags/example_params_ui_tutorial.py for tasks to queue
[2024-11-26T18:15:03.934+0000] {logging_mixin.py:190} INFO - [2024-11-26T18:15:03.934+0000] {dagbag.py:588} INFO - Filling up the DagBag from /home/airflow/.local/lib/python3.12/site-packages/airflow/example_dags/example_params_ui_tutorial.py
[2024-11-26T18:15:03.940+0000] {processor.py:925} INFO - DAG(s) 'example_params_ui_tutorial' retrieved from /home/airflow/.local/lib/python3.12/site-packages/airflow/example_dags/example_params_ui_tutorial.py
[2024-11-26T18:15:03.979+0000] {logging_mixin.py:190} INFO - [2024-11-26T18:15:03.979+0000] {dag.py:3239} INFO - Sync 1 DAGs
[2024-11-26T18:15:03.990+0000] {logging_mixin.py:190} INFO - [2024-11-26T18:15:03.989+0000] {dag.py:4180} INFO - Setting next_dagrun for example_params_ui_tutorial to None, run_after=None
[2024-11-26T18:15:04.003+0000] {processor.py:208} INFO - Processing /home/airflow/.local/lib/python3.12/site-packages/airflow/example_dags/example_params_ui_tutorial.py took 0.075 seconds
[2024-11-26T18:15:34.657+0000] {processor.py:186} INFO - Started process (PID=457) to work on /home/airflow/.local/lib/python3.12/site-packages/airflow/example_dags/example_params_ui_tutorial.py
[2024-11-26T18:15:34.658+0000] {processor.py:914} INFO - Processing file /home/airflow/.local/lib/python3.12/site-packages/airflow/example_dags/example_params_ui_tutorial.py for tasks to queue
[2024-11-26T18:15:34.659+0000] {logging_mixin.py:190} INFO - [2024-11-26T18:15:34.659+0000] {dagbag.py:588} INFO - Filling up the DagBag from /home/airflow/.local/lib/python3.12/site-packages/airflow/example_dags/example_params_ui_tutorial.py
[2024-11-26T18:15:34.666+0000] {processor.py:925} INFO - DAG(s) 'example_params_ui_tutorial' retrieved from /home/airflow/.local/lib/python3.12/site-packages/airflow/example_dags/example_params_ui_tutorial.py
[2024-11-26T18:15:34.704+0000] {logging_mixin.py:190} INFO - [2024-11-26T18:15:34.704+0000] {dag.py:3239} INFO - Sync 1 DAGs
[2024-11-26T18:15:34.716+0000] {logging_mixin.py:190} INFO - [2024-11-26T18:15:34.716+0000] {dag.py:4180} INFO - Setting next_dagrun for example_params_ui_tutorial to None, run_after=None
[2024-11-26T18:15:34.731+0000] {processor.py:208} INFO - Processing /home/airflow/.local/lib/python3.12/site-packages/airflow/example_dags/example_params_ui_tutorial.py took 0.079 seconds
[2024-11-26T18:16:05.537+0000] {processor.py:186} INFO - Started process (PID=521) to work on /home/airflow/.local/lib/python3.12/site-packages/airflow/example_dags/example_params_ui_tutorial.py
[2024-11-26T18:16:05.538+0000] {processor.py:914} INFO - Processing file /home/airflow/.local/lib/python3.12/site-packages/airflow/example_dags/example_params_ui_tutorial.py for tasks to queue
[2024-11-26T18:16:05.539+0000] {logging_mixin.py:190} INFO - [2024-11-26T18:16:05.539+0000] {dagbag.py:588} INFO - Filling up the DagBag from /home/airflow/.local/lib/python3.12/site-packages/airflow/example_dags/example_params_ui_tutorial.py
[2024-11-26T18:16:05.545+0000] {processor.py:925} INFO - DAG(s) 'example_params_ui_tutorial' retrieved from /home/airflow/.local/lib/python3.12/site-packages/airflow/example_dags/example_params_ui_tutorial.py
[2024-11-26T18:16:05.579+0000] {logging_mixin.py:190} INFO - [2024-11-26T18:16:05.579+0000] {dag.py:3239} INFO - Sync 1 DAGs
[2024-11-26T18:16:05.589+0000] {logging_mixin.py:190} INFO - [2024-11-26T18:16:05.589+0000] {dag.py:4180} INFO - Setting next_dagrun for example_params_ui_tutorial to None, run_after=None
[2024-11-26T18:16:05.603+0000] {processor.py:208} INFO - Processing /home/airflow/.local/lib/python3.12/site-packages/airflow/example_dags/example_params_ui_tutorial.py took 0.069 seconds
[2024-11-26T18:16:36.139+0000] {processor.py:186} INFO - Started process (PID=584) to work on /home/airflow/.local/lib/python3.12/site-packages/airflow/example_dags/example_params_ui_tutorial.py
[2024-11-26T18:16:36.140+0000] {processor.py:914} INFO - Processing file /home/airflow/.local/lib/python3.12/site-packages/airflow/example_dags/example_params_ui_tutorial.py for tasks to queue
[2024-11-26T18:16:36.141+0000] {logging_mixin.py:190} INFO - [2024-11-26T18:16:36.141+0000] {dagbag.py:588} INFO - Filling up the DagBag from /home/airflow/.local/lib/python3.12/site-packages/airflow/example_dags/example_params_ui_tutorial.py
[2024-11-26T18:16:36.148+0000] {processor.py:925} INFO - DAG(s) 'example_params_ui_tutorial' retrieved from /home/airflow/.local/lib/python3.12/site-packages/airflow/example_dags/example_params_ui_tutorial.py
[2024-11-26T18:16:36.183+0000] {logging_mixin.py:190} INFO - [2024-11-26T18:16:36.183+0000] {dag.py:3239} INFO - Sync 1 DAGs
[2024-11-26T18:16:36.194+0000] {logging_mixin.py:190} INFO - [2024-11-26T18:16:36.194+0000] {dag.py:4180} INFO - Setting next_dagrun for example_params_ui_tutorial to None, run_after=None
[2024-11-26T18:16:36.210+0000] {processor.py:208} INFO - Processing /home/airflow/.local/lib/python3.12/site-packages/airflow/example_dags/example_params_ui_tutorial.py took 0.075 seconds
[2024-11-26T18:17:06.936+0000] {processor.py:186} INFO - Started process (PID=648) to work on /home/airflow/.local/lib/python3.12/site-packages/airflow/example_dags/example_params_ui_tutorial.py
[2024-11-26T18:17:06.937+0000] {processor.py:914} INFO - Processing file /home/airflow/.local/lib/python3.12/site-packages/airflow/example_dags/example_params_ui_tutorial.py for tasks to queue
[2024-11-26T18:17:06.938+0000] {logging_mixin.py:190} INFO - [2024-11-26T18:17:06.938+0000] {dagbag.py:588} INFO - Filling up the DagBag from /home/airflow/.local/lib/python3.12/site-packages/airflow/example_dags/example_params_ui_tutorial.py
[2024-11-26T18:17:06.945+0000] {processor.py:925} INFO - DAG(s) 'example_params_ui_tutorial' retrieved from /home/airflow/.local/lib/python3.12/site-packages/airflow/example_dags/example_params_ui_tutorial.py
[2024-11-26T18:17:06.980+0000] {logging_mixin.py:190} INFO - [2024-11-26T18:17:06.980+0000] {dag.py:3239} INFO - Sync 1 DAGs
[2024-11-26T18:17:06.991+0000] {logging_mixin.py:190} INFO - [2024-11-26T18:17:06.990+0000] {dag.py:4180} INFO - Setting next_dagrun for example_params_ui_tutorial to None, run_after=None
[2024-11-26T18:17:07.006+0000] {processor.py:208} INFO - Processing /home/airflow/.local/lib/python3.12/site-packages/airflow/example_dags/example_params_ui_tutorial.py took 0.074 seconds
[2024-11-26T18:17:37.649+0000] {processor.py:186} INFO - Started process (PID=712) to work on /home/airflow/.local/lib/python3.12/site-packages/airflow/example_dags/example_params_ui_tutorial.py
[2024-11-26T18:17:37.650+0000] {processor.py:914} INFO - Processing file /home/airflow/.local/lib/python3.12/site-packages/airflow/example_dags/example_params_ui_tutorial.py for tasks to queue
[2024-11-26T18:17:37.651+0000] {logging_mixin.py:190} INFO - [2024-11-26T18:17:37.651+0000] {dagbag.py:588} INFO - Filling up the DagBag from /home/airflow/.local/lib/python3.12/site-packages/airflow/example_dags/example_params_ui_tutorial.py
[2024-11-26T18:17:37.657+0000] {processor.py:925} INFO - DAG(s) 'example_params_ui_tutorial' retrieved from /home/airflow/.local/lib/python3.12/site-packages/airflow/example_dags/example_params_ui_tutorial.py
[2024-11-26T18:17:37.691+0000] {logging_mixin.py:190} INFO - [2024-11-26T18:17:37.690+0000] {dag.py:3239} INFO - Sync 1 DAGs
[2024-11-26T18:17:37.702+0000] {logging_mixin.py:190} INFO - [2024-11-26T18:17:37.701+0000] {dag.py:4180} INFO - Setting next_dagrun for example_params_ui_tutorial to None, run_after=None
[2024-11-26T18:17:37.716+0000] {processor.py:208} INFO - Processing /home/airflow/.local/lib/python3.12/site-packages/airflow/example_dags/example_params_ui_tutorial.py took 0.071 seconds
[2024-11-26T18:18:08.573+0000] {processor.py:186} INFO - Started process (PID=776) to work on /home/airflow/.local/lib/python3.12/site-packages/airflow/example_dags/example_params_ui_tutorial.py
[2024-11-26T18:18:08.573+0000] {processor.py:914} INFO - Processing file /home/airflow/.local/lib/python3.12/site-packages/airflow/example_dags/example_params_ui_tutorial.py for tasks to queue
[2024-11-26T18:18:08.575+0000] {logging_mixin.py:190} INFO - [2024-11-26T18:18:08.575+0000] {dagbag.py:588} INFO - Filling up the DagBag from /home/airflow/.local/lib/python3.12/site-packages/airflow/example_dags/example_params_ui_tutorial.py
[2024-11-26T18:18:08.581+0000] {processor.py:925} INFO - DAG(s) 'example_params_ui_tutorial' retrieved from /home/airflow/.local/lib/python3.12/site-packages/airflow/example_dags/example_params_ui_tutorial.py
[2024-11-26T18:18:08.616+0000] {logging_mixin.py:190} INFO - [2024-11-26T18:18:08.616+0000] {dag.py:3239} INFO - Sync 1 DAGs
[2024-11-26T18:18:08.627+0000] {logging_mixin.py:190} INFO - [2024-11-26T18:18:08.626+0000] {dag.py:4180} INFO - Setting next_dagrun for example_params_ui_tutorial to None, run_after=None
[2024-11-26T18:18:08.643+0000] {processor.py:208} INFO - Processing /home/airflow/.local/lib/python3.12/site-packages/airflow/example_dags/example_params_ui_tutorial.py took 0.074 seconds
[2024-11-26T18:44:10.301+0000] {processor.py:186} INFO - Started process (PID=84) to work on /home/airflow/.local/lib/python3.12/site-packages/airflow/example_dags/example_params_ui_tutorial.py
[2024-11-26T18:44:10.303+0000] {processor.py:914} INFO - Processing file /home/airflow/.local/lib/python3.12/site-packages/airflow/example_dags/example_params_ui_tutorial.py for tasks to queue
[2024-11-26T18:44:10.305+0000] {logging_mixin.py:190} INFO - [2024-11-26T18:44:10.305+0000] {dagbag.py:588} INFO - Filling up the DagBag from /home/airflow/.local/lib/python3.12/site-packages/airflow/example_dags/example_params_ui_tutorial.py
[2024-11-26T18:44:10.316+0000] {processor.py:925} INFO - DAG(s) 'example_params_ui_tutorial' retrieved from /home/airflow/.local/lib/python3.12/site-packages/airflow/example_dags/example_params_ui_tutorial.py
[2024-11-26T18:44:10.358+0000] {logging_mixin.py:190} INFO - [2024-11-26T18:44:10.358+0000] {dag.py:3239} INFO - Sync 1 DAGs
[2024-11-26T18:44:10.369+0000] {logging_mixin.py:190} INFO - [2024-11-26T18:44:10.369+0000] {dag.py:4180} INFO - Setting next_dagrun for example_params_ui_tutorial to None, run_after=None
[2024-11-26T18:44:10.384+0000] {processor.py:208} INFO - Processing /home/airflow/.local/lib/python3.12/site-packages/airflow/example_dags/example_params_ui_tutorial.py took 0.086 seconds
[2024-11-26T18:44:40.947+0000] {processor.py:186} INFO - Started process (PID=165) to work on /home/airflow/.local/lib/python3.12/site-packages/airflow/example_dags/example_params_ui_tutorial.py
[2024-11-26T18:44:40.947+0000] {processor.py:914} INFO - Processing file /home/airflow/.local/lib/python3.12/site-packages/airflow/example_dags/example_params_ui_tutorial.py for tasks to queue
[2024-11-26T18:44:40.949+0000] {logging_mixin.py:190} INFO - [2024-11-26T18:44:40.949+0000] {dagbag.py:588} INFO - Filling up the DagBag from /home/airflow/.local/lib/python3.12/site-packages/airflow/example_dags/example_params_ui_tutorial.py
[2024-11-26T18:44:40.956+0000] {processor.py:925} INFO - DAG(s) 'example_params_ui_tutorial' retrieved from /home/airflow/.local/lib/python3.12/site-packages/airflow/example_dags/example_params_ui_tutorial.py
[2024-11-26T18:44:40.991+0000] {logging_mixin.py:190} INFO - [2024-11-26T18:44:40.991+0000] {dag.py:3239} INFO - Sync 1 DAGs
[2024-11-26T18:44:41.002+0000] {logging_mixin.py:190} INFO - [2024-11-26T18:44:41.002+0000] {dag.py:4180} INFO - Setting next_dagrun for example_params_ui_tutorial to None, run_after=None
[2024-11-26T18:44:41.016+0000] {processor.py:208} INFO - Processing /home/airflow/.local/lib/python3.12/site-packages/airflow/example_dags/example_params_ui_tutorial.py took 0.073 seconds
[2024-11-26T18:45:12.258+0000] {processor.py:186} INFO - Started process (PID=240) to work on /home/airflow/.local/lib/python3.12/site-packages/airflow/example_dags/example_params_ui_tutorial.py
[2024-11-26T18:45:12.258+0000] {processor.py:914} INFO - Processing file /home/airflow/.local/lib/python3.12/site-packages/airflow/example_dags/example_params_ui_tutorial.py for tasks to queue
[2024-11-26T18:45:12.260+0000] {logging_mixin.py:190} INFO - [2024-11-26T18:45:12.260+0000] {dagbag.py:588} INFO - Filling up the DagBag from /home/airflow/.local/lib/python3.12/site-packages/airflow/example_dags/example_params_ui_tutorial.py
[2024-11-26T18:45:12.266+0000] {processor.py:925} INFO - DAG(s) 'example_params_ui_tutorial' retrieved from /home/airflow/.local/lib/python3.12/site-packages/airflow/example_dags/example_params_ui_tutorial.py
[2024-11-26T18:45:12.301+0000] {logging_mixin.py:190} INFO - [2024-11-26T18:45:12.301+0000] {dag.py:3239} INFO - Sync 1 DAGs
[2024-11-26T18:45:12.312+0000] {logging_mixin.py:190} INFO - [2024-11-26T18:45:12.312+0000] {dag.py:4180} INFO - Setting next_dagrun for example_params_ui_tutorial to None, run_after=None
[2024-11-26T18:45:12.328+0000] {processor.py:208} INFO - Processing /home/airflow/.local/lib/python3.12/site-packages/airflow/example_dags/example_params_ui_tutorial.py took 0.074 seconds
[2024-11-26T18:45:44.177+0000] {processor.py:186} INFO - Started process (PID=315) to work on /home/airflow/.local/lib/python3.12/site-packages/airflow/example_dags/example_params_ui_tutorial.py
[2024-11-26T18:45:44.178+0000] {processor.py:914} INFO - Processing file /home/airflow/.local/lib/python3.12/site-packages/airflow/example_dags/example_params_ui_tutorial.py for tasks to queue
[2024-11-26T18:45:44.180+0000] {logging_mixin.py:190} INFO - [2024-11-26T18:45:44.180+0000] {dagbag.py:588} INFO - Filling up the DagBag from /home/airflow/.local/lib/python3.12/site-packages/airflow/example_dags/example_params_ui_tutorial.py
[2024-11-26T18:45:44.188+0000] {processor.py:925} INFO - DAG(s) 'example_params_ui_tutorial' retrieved from /home/airflow/.local/lib/python3.12/site-packages/airflow/example_dags/example_params_ui_tutorial.py
[2024-11-26T18:45:44.227+0000] {logging_mixin.py:190} INFO - [2024-11-26T18:45:44.227+0000] {dag.py:3239} INFO - Sync 1 DAGs
[2024-11-26T18:45:44.238+0000] {logging_mixin.py:190} INFO - [2024-11-26T18:45:44.238+0000] {dag.py:4180} INFO - Setting next_dagrun for example_params_ui_tutorial to None, run_after=None
[2024-11-26T18:45:44.257+0000] {processor.py:208} INFO - Processing /home/airflow/.local/lib/python3.12/site-packages/airflow/example_dags/example_params_ui_tutorial.py took 0.084 seconds
[2024-11-26T18:46:14.994+0000] {processor.py:186} INFO - Started process (PID=390) to work on /home/airflow/.local/lib/python3.12/site-packages/airflow/example_dags/example_params_ui_tutorial.py
[2024-11-26T18:46:14.995+0000] {processor.py:914} INFO - Processing file /home/airflow/.local/lib/python3.12/site-packages/airflow/example_dags/example_params_ui_tutorial.py for tasks to queue
[2024-11-26T18:46:14.996+0000] {logging_mixin.py:190} INFO - [2024-11-26T18:46:14.996+0000] {dagbag.py:588} INFO - Filling up the DagBag from /home/airflow/.local/lib/python3.12/site-packages/airflow/example_dags/example_params_ui_tutorial.py
[2024-11-26T18:46:15.004+0000] {processor.py:925} INFO - DAG(s) 'example_params_ui_tutorial' retrieved from /home/airflow/.local/lib/python3.12/site-packages/airflow/example_dags/example_params_ui_tutorial.py
[2024-11-26T18:46:15.042+0000] {logging_mixin.py:190} INFO - [2024-11-26T18:46:15.042+0000] {dag.py:3239} INFO - Sync 1 DAGs
[2024-11-26T18:46:15.056+0000] {logging_mixin.py:190} INFO - [2024-11-26T18:46:15.056+0000] {dag.py:4180} INFO - Setting next_dagrun for example_params_ui_tutorial to None, run_after=None
[2024-11-26T18:46:15.072+0000] {processor.py:208} INFO - Processing /home/airflow/.local/lib/python3.12/site-packages/airflow/example_dags/example_params_ui_tutorial.py took 0.082 seconds
