[2024-11-26T17:54:01.040+0000] {processor.py:186} INFO - Started process (PID=117) to work on /home/airflow/.local/lib/python3.12/site-packages/airflow/example_dags/example_sensors.py
[2024-11-26T17:54:01.041+0000] {processor.py:914} INFO - Processing file /home/airflow/.local/lib/python3.12/site-packages/airflow/example_dags/example_sensors.py for tasks to queue
[2024-11-26T17:54:01.043+0000] {logging_mixin.py:190} INFO - [2024-11-26T17:54:01.043+0000] {dagbag.py:588} INFO - Filling up the DagBag from /home/airflow/.local/lib/python3.12/site-packages/airflow/example_dags/example_sensors.py
[2024-11-26T17:54:01.053+0000] {processor.py:925} INFO - DAG(s) 'example_sensors' retrieved from /home/airflow/.local/lib/python3.12/site-packages/airflow/example_dags/example_sensors.py
[2024-11-26T17:54:01.141+0000] {logging_mixin.py:190} INFO - [2024-11-26T17:54:01.140+0000] {override.py:1911} INFO - Created Permission View: can read on DAG:example_sensors
[2024-11-26T17:54:01.151+0000] {logging_mixin.py:190} INFO - [2024-11-26T17:54:01.150+0000] {override.py:1911} INFO - Created Permission View: can delete on DAG:example_sensors
[2024-11-26T17:54:01.158+0000] {logging_mixin.py:190} INFO - [2024-11-26T17:54:01.158+0000] {override.py:1911} INFO - Created Permission View: can edit on DAG:example_sensors
[2024-11-26T17:54:01.166+0000] {logging_mixin.py:190} INFO - [2024-11-26T17:54:01.166+0000] {override.py:1911} INFO - Created Permission View: can create on DAG Run:example_sensors
[2024-11-26T17:54:01.173+0000] {logging_mixin.py:190} INFO - [2024-11-26T17:54:01.172+0000] {override.py:1911} INFO - Created Permission View: can read on DAG Run:example_sensors
[2024-11-26T17:54:01.180+0000] {logging_mixin.py:190} INFO - [2024-11-26T17:54:01.180+0000] {override.py:1911} INFO - Created Permission View: can delete on DAG Run:example_sensors
[2024-11-26T17:54:01.186+0000] {logging_mixin.py:190} INFO - [2024-11-26T17:54:01.186+0000] {override.py:1911} INFO - Created Permission View: menu access on DAG Run:example_sensors
[2024-11-26T17:54:01.187+0000] {logging_mixin.py:190} INFO - [2024-11-26T17:54:01.187+0000] {dag.py:3239} INFO - Sync 1 DAGs
[2024-11-26T17:54:01.198+0000] {logging_mixin.py:190} INFO - [2024-11-26T17:54:01.198+0000] {dag.py:3262} INFO - Creating ORM DAG for example_sensors
[2024-11-26T17:54:01.199+0000] {logging_mixin.py:190} INFO - [2024-11-26T17:54:01.199+0000] {dag.py:4180} INFO - Setting next_dagrun for example_sensors to None, run_after=None
[2024-11-26T17:54:01.212+0000] {processor.py:208} INFO - Processing /home/airflow/.local/lib/python3.12/site-packages/airflow/example_dags/example_sensors.py took 0.177 seconds
[2024-11-26T17:54:31.333+0000] {processor.py:186} INFO - Started process (PID=180) to work on /home/airflow/.local/lib/python3.12/site-packages/airflow/example_dags/example_sensors.py
[2024-11-26T17:54:31.334+0000] {processor.py:914} INFO - Processing file /home/airflow/.local/lib/python3.12/site-packages/airflow/example_dags/example_sensors.py for tasks to queue
[2024-11-26T17:54:31.335+0000] {logging_mixin.py:190} INFO - [2024-11-26T17:54:31.335+0000] {dagbag.py:588} INFO - Filling up the DagBag from /home/airflow/.local/lib/python3.12/site-packages/airflow/example_dags/example_sensors.py
[2024-11-26T17:54:31.344+0000] {processor.py:925} INFO - DAG(s) 'example_sensors' retrieved from /home/airflow/.local/lib/python3.12/site-packages/airflow/example_dags/example_sensors.py
[2024-11-26T17:54:31.366+0000] {logging_mixin.py:190} INFO - [2024-11-26T17:54:31.366+0000] {dag.py:3239} INFO - Sync 1 DAGs
[2024-11-26T17:54:31.381+0000] {logging_mixin.py:190} INFO - [2024-11-26T17:54:31.381+0000] {dag.py:4180} INFO - Setting next_dagrun for example_sensors to None, run_after=None
[2024-11-26T17:54:31.400+0000] {processor.py:208} INFO - Processing /home/airflow/.local/lib/python3.12/site-packages/airflow/example_dags/example_sensors.py took 0.071 seconds
[2024-11-26T17:55:01.931+0000] {processor.py:186} INFO - Started process (PID=243) to work on /home/airflow/.local/lib/python3.12/site-packages/airflow/example_dags/example_sensors.py
[2024-11-26T17:55:01.932+0000] {processor.py:914} INFO - Processing file /home/airflow/.local/lib/python3.12/site-packages/airflow/example_dags/example_sensors.py for tasks to queue
[2024-11-26T17:55:01.933+0000] {logging_mixin.py:190} INFO - [2024-11-26T17:55:01.933+0000] {dagbag.py:588} INFO - Filling up the DagBag from /home/airflow/.local/lib/python3.12/site-packages/airflow/example_dags/example_sensors.py
[2024-11-26T17:55:01.941+0000] {processor.py:925} INFO - DAG(s) 'example_sensors' retrieved from /home/airflow/.local/lib/python3.12/site-packages/airflow/example_dags/example_sensors.py
[2024-11-26T17:55:01.961+0000] {logging_mixin.py:190} INFO - [2024-11-26T17:55:01.961+0000] {dag.py:3239} INFO - Sync 1 DAGs
[2024-11-26T17:55:01.972+0000] {logging_mixin.py:190} INFO - [2024-11-26T17:55:01.972+0000] {dag.py:4180} INFO - Setting next_dagrun for example_sensors to None, run_after=None
[2024-11-26T17:55:01.989+0000] {processor.py:208} INFO - Processing /home/airflow/.local/lib/python3.12/site-packages/airflow/example_dags/example_sensors.py took 0.062 seconds
[2024-11-26T17:55:32.509+0000] {processor.py:186} INFO - Started process (PID=306) to work on /home/airflow/.local/lib/python3.12/site-packages/airflow/example_dags/example_sensors.py
[2024-11-26T17:55:32.510+0000] {processor.py:914} INFO - Processing file /home/airflow/.local/lib/python3.12/site-packages/airflow/example_dags/example_sensors.py for tasks to queue
[2024-11-26T17:55:32.511+0000] {logging_mixin.py:190} INFO - [2024-11-26T17:55:32.511+0000] {dagbag.py:588} INFO - Filling up the DagBag from /home/airflow/.local/lib/python3.12/site-packages/airflow/example_dags/example_sensors.py
[2024-11-26T17:55:32.520+0000] {processor.py:925} INFO - DAG(s) 'example_sensors' retrieved from /home/airflow/.local/lib/python3.12/site-packages/airflow/example_dags/example_sensors.py
[2024-11-26T17:55:32.540+0000] {logging_mixin.py:190} INFO - [2024-11-26T17:55:32.540+0000] {dag.py:3239} INFO - Sync 1 DAGs
[2024-11-26T17:55:32.553+0000] {logging_mixin.py:190} INFO - [2024-11-26T17:55:32.552+0000] {dag.py:4180} INFO - Setting next_dagrun for example_sensors to None, run_after=None
[2024-11-26T17:55:32.568+0000] {processor.py:208} INFO - Processing /home/airflow/.local/lib/python3.12/site-packages/airflow/example_dags/example_sensors.py took 0.063 seconds
[2024-11-26T17:56:03.324+0000] {processor.py:186} INFO - Started process (PID=369) to work on /home/airflow/.local/lib/python3.12/site-packages/airflow/example_dags/example_sensors.py
[2024-11-26T17:56:03.325+0000] {processor.py:914} INFO - Processing file /home/airflow/.local/lib/python3.12/site-packages/airflow/example_dags/example_sensors.py for tasks to queue
[2024-11-26T17:56:03.327+0000] {logging_mixin.py:190} INFO - [2024-11-26T17:56:03.326+0000] {dagbag.py:588} INFO - Filling up the DagBag from /home/airflow/.local/lib/python3.12/site-packages/airflow/example_dags/example_sensors.py
[2024-11-26T17:56:03.335+0000] {processor.py:925} INFO - DAG(s) 'example_sensors' retrieved from /home/airflow/.local/lib/python3.12/site-packages/airflow/example_dags/example_sensors.py
[2024-11-26T17:56:03.356+0000] {logging_mixin.py:190} INFO - [2024-11-26T17:56:03.355+0000] {dag.py:3239} INFO - Sync 1 DAGs
[2024-11-26T17:56:03.366+0000] {logging_mixin.py:190} INFO - [2024-11-26T17:56:03.366+0000] {dag.py:4180} INFO - Setting next_dagrun for example_sensors to None, run_after=None
[2024-11-26T17:56:03.381+0000] {processor.py:208} INFO - Processing /home/airflow/.local/lib/python3.12/site-packages/airflow/example_dags/example_sensors.py took 0.061 seconds
[2024-11-26T17:56:34.214+0000] {processor.py:186} INFO - Started process (PID=432) to work on /home/airflow/.local/lib/python3.12/site-packages/airflow/example_dags/example_sensors.py
[2024-11-26T17:56:34.215+0000] {processor.py:914} INFO - Processing file /home/airflow/.local/lib/python3.12/site-packages/airflow/example_dags/example_sensors.py for tasks to queue
[2024-11-26T17:56:34.216+0000] {logging_mixin.py:190} INFO - [2024-11-26T17:56:34.216+0000] {dagbag.py:588} INFO - Filling up the DagBag from /home/airflow/.local/lib/python3.12/site-packages/airflow/example_dags/example_sensors.py
[2024-11-26T17:56:34.225+0000] {processor.py:925} INFO - DAG(s) 'example_sensors' retrieved from /home/airflow/.local/lib/python3.12/site-packages/airflow/example_dags/example_sensors.py
[2024-11-26T17:56:34.244+0000] {logging_mixin.py:190} INFO - [2024-11-26T17:56:34.244+0000] {dag.py:3239} INFO - Sync 1 DAGs
[2024-11-26T17:56:34.255+0000] {logging_mixin.py:190} INFO - [2024-11-26T17:56:34.255+0000] {dag.py:4180} INFO - Setting next_dagrun for example_sensors to None, run_after=None
[2024-11-26T17:56:34.270+0000] {processor.py:208} INFO - Processing /home/airflow/.local/lib/python3.12/site-packages/airflow/example_dags/example_sensors.py took 0.060 seconds
[2024-11-26T17:57:05.155+0000] {processor.py:186} INFO - Started process (PID=495) to work on /home/airflow/.local/lib/python3.12/site-packages/airflow/example_dags/example_sensors.py
[2024-11-26T17:57:05.156+0000] {processor.py:914} INFO - Processing file /home/airflow/.local/lib/python3.12/site-packages/airflow/example_dags/example_sensors.py for tasks to queue
[2024-11-26T17:57:05.158+0000] {logging_mixin.py:190} INFO - [2024-11-26T17:57:05.157+0000] {dagbag.py:588} INFO - Filling up the DagBag from /home/airflow/.local/lib/python3.12/site-packages/airflow/example_dags/example_sensors.py
[2024-11-26T17:57:05.166+0000] {processor.py:925} INFO - DAG(s) 'example_sensors' retrieved from /home/airflow/.local/lib/python3.12/site-packages/airflow/example_dags/example_sensors.py
[2024-11-26T17:57:05.189+0000] {logging_mixin.py:190} INFO - [2024-11-26T17:57:05.188+0000] {dag.py:3239} INFO - Sync 1 DAGs
[2024-11-26T17:57:05.200+0000] {logging_mixin.py:190} INFO - [2024-11-26T17:57:05.200+0000] {dag.py:4180} INFO - Setting next_dagrun for example_sensors to None, run_after=None
[2024-11-26T17:57:05.216+0000] {processor.py:208} INFO - Processing /home/airflow/.local/lib/python3.12/site-packages/airflow/example_dags/example_sensors.py took 0.066 seconds
[2024-11-26T17:57:36.127+0000] {processor.py:186} INFO - Started process (PID=558) to work on /home/airflow/.local/lib/python3.12/site-packages/airflow/example_dags/example_sensors.py
[2024-11-26T17:57:36.128+0000] {processor.py:914} INFO - Processing file /home/airflow/.local/lib/python3.12/site-packages/airflow/example_dags/example_sensors.py for tasks to queue
[2024-11-26T17:57:36.130+0000] {logging_mixin.py:190} INFO - [2024-11-26T17:57:36.130+0000] {dagbag.py:588} INFO - Filling up the DagBag from /home/airflow/.local/lib/python3.12/site-packages/airflow/example_dags/example_sensors.py
[2024-11-26T17:57:36.139+0000] {processor.py:925} INFO - DAG(s) 'example_sensors' retrieved from /home/airflow/.local/lib/python3.12/site-packages/airflow/example_dags/example_sensors.py
[2024-11-26T17:57:36.162+0000] {logging_mixin.py:190} INFO - [2024-11-26T17:57:36.162+0000] {dag.py:3239} INFO - Sync 1 DAGs
[2024-11-26T17:57:36.173+0000] {logging_mixin.py:190} INFO - [2024-11-26T17:57:36.173+0000] {dag.py:4180} INFO - Setting next_dagrun for example_sensors to None, run_after=None
[2024-11-26T17:57:36.190+0000] {processor.py:208} INFO - Processing /home/airflow/.local/lib/python3.12/site-packages/airflow/example_dags/example_sensors.py took 0.067 seconds
[2024-11-26T17:58:07.167+0000] {processor.py:186} INFO - Started process (PID=621) to work on /home/airflow/.local/lib/python3.12/site-packages/airflow/example_dags/example_sensors.py
[2024-11-26T17:58:07.173+0000] {processor.py:914} INFO - Processing file /home/airflow/.local/lib/python3.12/site-packages/airflow/example_dags/example_sensors.py for tasks to queue
[2024-11-26T17:58:07.175+0000] {logging_mixin.py:190} INFO - [2024-11-26T17:58:07.175+0000] {dagbag.py:588} INFO - Filling up the DagBag from /home/airflow/.local/lib/python3.12/site-packages/airflow/example_dags/example_sensors.py
[2024-11-26T17:58:07.187+0000] {processor.py:925} INFO - DAG(s) 'example_sensors' retrieved from /home/airflow/.local/lib/python3.12/site-packages/airflow/example_dags/example_sensors.py
[2024-11-26T17:58:07.211+0000] {logging_mixin.py:190} INFO - [2024-11-26T17:58:07.210+0000] {dag.py:3239} INFO - Sync 1 DAGs
[2024-11-26T17:58:07.221+0000] {logging_mixin.py:190} INFO - [2024-11-26T17:58:07.221+0000] {dag.py:4180} INFO - Setting next_dagrun for example_sensors to None, run_after=None
[2024-11-26T17:58:07.236+0000] {processor.py:208} INFO - Processing /home/airflow/.local/lib/python3.12/site-packages/airflow/example_dags/example_sensors.py took 0.075 seconds
[2024-11-26T17:58:38.020+0000] {processor.py:186} INFO - Started process (PID=684) to work on /home/airflow/.local/lib/python3.12/site-packages/airflow/example_dags/example_sensors.py
[2024-11-26T17:58:38.020+0000] {processor.py:914} INFO - Processing file /home/airflow/.local/lib/python3.12/site-packages/airflow/example_dags/example_sensors.py for tasks to queue
[2024-11-26T17:58:38.022+0000] {logging_mixin.py:190} INFO - [2024-11-26T17:58:38.022+0000] {dagbag.py:588} INFO - Filling up the DagBag from /home/airflow/.local/lib/python3.12/site-packages/airflow/example_dags/example_sensors.py
[2024-11-26T17:58:38.030+0000] {processor.py:925} INFO - DAG(s) 'example_sensors' retrieved from /home/airflow/.local/lib/python3.12/site-packages/airflow/example_dags/example_sensors.py
[2024-11-26T17:58:38.049+0000] {logging_mixin.py:190} INFO - [2024-11-26T17:58:38.049+0000] {dag.py:3239} INFO - Sync 1 DAGs
[2024-11-26T17:58:38.059+0000] {logging_mixin.py:190} INFO - [2024-11-26T17:58:38.059+0000] {dag.py:4180} INFO - Setting next_dagrun for example_sensors to None, run_after=None
[2024-11-26T17:58:38.073+0000] {processor.py:208} INFO - Processing /home/airflow/.local/lib/python3.12/site-packages/airflow/example_dags/example_sensors.py took 0.057 seconds
[2024-11-26T17:59:08.734+0000] {processor.py:186} INFO - Started process (PID=747) to work on /home/airflow/.local/lib/python3.12/site-packages/airflow/example_dags/example_sensors.py
[2024-11-26T17:59:08.735+0000] {processor.py:914} INFO - Processing file /home/airflow/.local/lib/python3.12/site-packages/airflow/example_dags/example_sensors.py for tasks to queue
[2024-11-26T17:59:08.736+0000] {logging_mixin.py:190} INFO - [2024-11-26T17:59:08.736+0000] {dagbag.py:588} INFO - Filling up the DagBag from /home/airflow/.local/lib/python3.12/site-packages/airflow/example_dags/example_sensors.py
[2024-11-26T17:59:08.745+0000] {processor.py:925} INFO - DAG(s) 'example_sensors' retrieved from /home/airflow/.local/lib/python3.12/site-packages/airflow/example_dags/example_sensors.py
[2024-11-26T17:59:08.767+0000] {logging_mixin.py:190} INFO - [2024-11-26T17:59:08.766+0000] {dag.py:3239} INFO - Sync 1 DAGs
[2024-11-26T17:59:08.778+0000] {logging_mixin.py:190} INFO - [2024-11-26T17:59:08.778+0000] {dag.py:4180} INFO - Setting next_dagrun for example_sensors to None, run_after=None
[2024-11-26T17:59:08.792+0000] {processor.py:208} INFO - Processing /home/airflow/.local/lib/python3.12/site-packages/airflow/example_dags/example_sensors.py took 0.062 seconds
[2024-11-26T18:06:09.214+0000] {processor.py:186} INFO - Started process (PID=112) to work on /home/airflow/.local/lib/python3.12/site-packages/airflow/example_dags/example_sensors.py
[2024-11-26T18:06:09.215+0000] {processor.py:914} INFO - Processing file /home/airflow/.local/lib/python3.12/site-packages/airflow/example_dags/example_sensors.py for tasks to queue
[2024-11-26T18:06:09.217+0000] {logging_mixin.py:190} INFO - [2024-11-26T18:06:09.216+0000] {dagbag.py:588} INFO - Filling up the DagBag from /home/airflow/.local/lib/python3.12/site-packages/airflow/example_dags/example_sensors.py
[2024-11-26T18:06:09.226+0000] {processor.py:925} INFO - DAG(s) 'example_sensors' retrieved from /home/airflow/.local/lib/python3.12/site-packages/airflow/example_dags/example_sensors.py
[2024-11-26T18:06:09.246+0000] {logging_mixin.py:190} INFO - [2024-11-26T18:06:09.246+0000] {dag.py:3239} INFO - Sync 1 DAGs
[2024-11-26T18:06:09.258+0000] {logging_mixin.py:190} INFO - [2024-11-26T18:06:09.257+0000] {dag.py:4180} INFO - Setting next_dagrun for example_sensors to None, run_after=None
[2024-11-26T18:06:09.272+0000] {processor.py:208} INFO - Processing /home/airflow/.local/lib/python3.12/site-packages/airflow/example_dags/example_sensors.py took 0.061 seconds
[2024-11-26T18:06:40.430+0000] {processor.py:186} INFO - Started process (PID=176) to work on /home/airflow/.local/lib/python3.12/site-packages/airflow/example_dags/example_sensors.py
[2024-11-26T18:06:40.431+0000] {processor.py:914} INFO - Processing file /home/airflow/.local/lib/python3.12/site-packages/airflow/example_dags/example_sensors.py for tasks to queue
[2024-11-26T18:06:40.432+0000] {logging_mixin.py:190} INFO - [2024-11-26T18:06:40.432+0000] {dagbag.py:588} INFO - Filling up the DagBag from /home/airflow/.local/lib/python3.12/site-packages/airflow/example_dags/example_sensors.py
[2024-11-26T18:06:40.441+0000] {processor.py:925} INFO - DAG(s) 'example_sensors' retrieved from /home/airflow/.local/lib/python3.12/site-packages/airflow/example_dags/example_sensors.py
[2024-11-26T18:06:40.468+0000] {logging_mixin.py:190} INFO - [2024-11-26T18:06:40.468+0000] {dag.py:3239} INFO - Sync 1 DAGs
[2024-11-26T18:06:40.483+0000] {logging_mixin.py:190} INFO - [2024-11-26T18:06:40.483+0000] {dag.py:4180} INFO - Setting next_dagrun for example_sensors to None, run_after=None
[2024-11-26T18:06:40.500+0000] {processor.py:208} INFO - Processing /home/airflow/.local/lib/python3.12/site-packages/airflow/example_dags/example_sensors.py took 0.076 seconds
[2024-11-26T18:07:11.410+0000] {processor.py:186} INFO - Started process (PID=240) to work on /home/airflow/.local/lib/python3.12/site-packages/airflow/example_dags/example_sensors.py
[2024-11-26T18:07:11.411+0000] {processor.py:914} INFO - Processing file /home/airflow/.local/lib/python3.12/site-packages/airflow/example_dags/example_sensors.py for tasks to queue
[2024-11-26T18:07:11.412+0000] {logging_mixin.py:190} INFO - [2024-11-26T18:07:11.412+0000] {dagbag.py:588} INFO - Filling up the DagBag from /home/airflow/.local/lib/python3.12/site-packages/airflow/example_dags/example_sensors.py
[2024-11-26T18:07:11.420+0000] {processor.py:925} INFO - DAG(s) 'example_sensors' retrieved from /home/airflow/.local/lib/python3.12/site-packages/airflow/example_dags/example_sensors.py
[2024-11-26T18:07:11.439+0000] {logging_mixin.py:190} INFO - [2024-11-26T18:07:11.438+0000] {dag.py:3239} INFO - Sync 1 DAGs
[2024-11-26T18:07:11.449+0000] {logging_mixin.py:190} INFO - [2024-11-26T18:07:11.449+0000] {dag.py:4180} INFO - Setting next_dagrun for example_sensors to None, run_after=None
[2024-11-26T18:07:11.462+0000] {processor.py:208} INFO - Processing /home/airflow/.local/lib/python3.12/site-packages/airflow/example_dags/example_sensors.py took 0.057 seconds
[2024-11-26T18:07:42.029+0000] {processor.py:186} INFO - Started process (PID=304) to work on /home/airflow/.local/lib/python3.12/site-packages/airflow/example_dags/example_sensors.py
[2024-11-26T18:07:42.030+0000] {processor.py:914} INFO - Processing file /home/airflow/.local/lib/python3.12/site-packages/airflow/example_dags/example_sensors.py for tasks to queue
[2024-11-26T18:07:42.032+0000] {logging_mixin.py:190} INFO - [2024-11-26T18:07:42.031+0000] {dagbag.py:588} INFO - Filling up the DagBag from /home/airflow/.local/lib/python3.12/site-packages/airflow/example_dags/example_sensors.py
[2024-11-26T18:07:42.040+0000] {processor.py:925} INFO - DAG(s) 'example_sensors' retrieved from /home/airflow/.local/lib/python3.12/site-packages/airflow/example_dags/example_sensors.py
[2024-11-26T18:07:42.059+0000] {logging_mixin.py:190} INFO - [2024-11-26T18:07:42.058+0000] {dag.py:3239} INFO - Sync 1 DAGs
[2024-11-26T18:07:42.069+0000] {logging_mixin.py:190} INFO - [2024-11-26T18:07:42.069+0000] {dag.py:4180} INFO - Setting next_dagrun for example_sensors to None, run_after=None
[2024-11-26T18:07:42.082+0000] {processor.py:208} INFO - Processing /home/airflow/.local/lib/python3.12/site-packages/airflow/example_dags/example_sensors.py took 0.056 seconds
[2024-11-26T18:08:12.765+0000] {processor.py:186} INFO - Started process (PID=368) to work on /home/airflow/.local/lib/python3.12/site-packages/airflow/example_dags/example_sensors.py
[2024-11-26T18:08:12.766+0000] {processor.py:914} INFO - Processing file /home/airflow/.local/lib/python3.12/site-packages/airflow/example_dags/example_sensors.py for tasks to queue
[2024-11-26T18:08:12.768+0000] {logging_mixin.py:190} INFO - [2024-11-26T18:08:12.767+0000] {dagbag.py:588} INFO - Filling up the DagBag from /home/airflow/.local/lib/python3.12/site-packages/airflow/example_dags/example_sensors.py
[2024-11-26T18:08:12.775+0000] {processor.py:925} INFO - DAG(s) 'example_sensors' retrieved from /home/airflow/.local/lib/python3.12/site-packages/airflow/example_dags/example_sensors.py
[2024-11-26T18:08:12.795+0000] {logging_mixin.py:190} INFO - [2024-11-26T18:08:12.795+0000] {dag.py:3239} INFO - Sync 1 DAGs
[2024-11-26T18:08:12.805+0000] {logging_mixin.py:190} INFO - [2024-11-26T18:08:12.805+0000] {dag.py:4180} INFO - Setting next_dagrun for example_sensors to None, run_after=None
[2024-11-26T18:08:12.820+0000] {processor.py:208} INFO - Processing /home/airflow/.local/lib/python3.12/site-packages/airflow/example_dags/example_sensors.py took 0.059 seconds
[2024-11-26T18:08:43.568+0000] {processor.py:186} INFO - Started process (PID=432) to work on /home/airflow/.local/lib/python3.12/site-packages/airflow/example_dags/example_sensors.py
[2024-11-26T18:08:43.569+0000] {processor.py:914} INFO - Processing file /home/airflow/.local/lib/python3.12/site-packages/airflow/example_dags/example_sensors.py for tasks to queue
[2024-11-26T18:08:43.570+0000] {logging_mixin.py:190} INFO - [2024-11-26T18:08:43.570+0000] {dagbag.py:588} INFO - Filling up the DagBag from /home/airflow/.local/lib/python3.12/site-packages/airflow/example_dags/example_sensors.py
[2024-11-26T18:08:43.579+0000] {processor.py:925} INFO - DAG(s) 'example_sensors' retrieved from /home/airflow/.local/lib/python3.12/site-packages/airflow/example_dags/example_sensors.py
[2024-11-26T18:08:43.598+0000] {logging_mixin.py:190} INFO - [2024-11-26T18:08:43.598+0000] {dag.py:3239} INFO - Sync 1 DAGs
[2024-11-26T18:08:43.610+0000] {logging_mixin.py:190} INFO - [2024-11-26T18:08:43.610+0000] {dag.py:4180} INFO - Setting next_dagrun for example_sensors to None, run_after=None
[2024-11-26T18:08:43.626+0000] {processor.py:208} INFO - Processing /home/airflow/.local/lib/python3.12/site-packages/airflow/example_dags/example_sensors.py took 0.062 seconds
[2024-11-26T18:09:14.459+0000] {processor.py:186} INFO - Started process (PID=497) to work on /home/airflow/.local/lib/python3.12/site-packages/airflow/example_dags/example_sensors.py
[2024-11-26T18:09:14.460+0000] {processor.py:914} INFO - Processing file /home/airflow/.local/lib/python3.12/site-packages/airflow/example_dags/example_sensors.py for tasks to queue
[2024-11-26T18:09:14.462+0000] {logging_mixin.py:190} INFO - [2024-11-26T18:09:14.462+0000] {dagbag.py:588} INFO - Filling up the DagBag from /home/airflow/.local/lib/python3.12/site-packages/airflow/example_dags/example_sensors.py
[2024-11-26T18:09:14.471+0000] {processor.py:925} INFO - DAG(s) 'example_sensors' retrieved from /home/airflow/.local/lib/python3.12/site-packages/airflow/example_dags/example_sensors.py
[2024-11-26T18:09:14.497+0000] {logging_mixin.py:190} INFO - [2024-11-26T18:09:14.497+0000] {dag.py:3239} INFO - Sync 1 DAGs
[2024-11-26T18:09:14.512+0000] {logging_mixin.py:190} INFO - [2024-11-26T18:09:14.512+0000] {dag.py:4180} INFO - Setting next_dagrun for example_sensors to None, run_after=None
[2024-11-26T18:09:14.532+0000] {processor.py:208} INFO - Processing /home/airflow/.local/lib/python3.12/site-packages/airflow/example_dags/example_sensors.py took 0.077 seconds
[2024-11-26T18:09:45.295+0000] {processor.py:186} INFO - Started process (PID=561) to work on /home/airflow/.local/lib/python3.12/site-packages/airflow/example_dags/example_sensors.py
[2024-11-26T18:09:45.295+0000] {processor.py:914} INFO - Processing file /home/airflow/.local/lib/python3.12/site-packages/airflow/example_dags/example_sensors.py for tasks to queue
[2024-11-26T18:09:45.297+0000] {logging_mixin.py:190} INFO - [2024-11-26T18:09:45.297+0000] {dagbag.py:588} INFO - Filling up the DagBag from /home/airflow/.local/lib/python3.12/site-packages/airflow/example_dags/example_sensors.py
[2024-11-26T18:09:45.305+0000] {processor.py:925} INFO - DAG(s) 'example_sensors' retrieved from /home/airflow/.local/lib/python3.12/site-packages/airflow/example_dags/example_sensors.py
[2024-11-26T18:09:45.324+0000] {logging_mixin.py:190} INFO - [2024-11-26T18:09:45.324+0000] {dag.py:3239} INFO - Sync 1 DAGs
[2024-11-26T18:09:45.335+0000] {logging_mixin.py:190} INFO - [2024-11-26T18:09:45.335+0000] {dag.py:4180} INFO - Setting next_dagrun for example_sensors to None, run_after=None
[2024-11-26T18:09:45.350+0000] {processor.py:208} INFO - Processing /home/airflow/.local/lib/python3.12/site-packages/airflow/example_dags/example_sensors.py took 0.059 seconds
[2024-11-26T18:10:16.437+0000] {processor.py:186} INFO - Started process (PID=624) to work on /home/airflow/.local/lib/python3.12/site-packages/airflow/example_dags/example_sensors.py
[2024-11-26T18:10:16.438+0000] {processor.py:914} INFO - Processing file /home/airflow/.local/lib/python3.12/site-packages/airflow/example_dags/example_sensors.py for tasks to queue
[2024-11-26T18:10:16.439+0000] {logging_mixin.py:190} INFO - [2024-11-26T18:10:16.439+0000] {dagbag.py:588} INFO - Filling up the DagBag from /home/airflow/.local/lib/python3.12/site-packages/airflow/example_dags/example_sensors.py
[2024-11-26T18:10:16.447+0000] {processor.py:925} INFO - DAG(s) 'example_sensors' retrieved from /home/airflow/.local/lib/python3.12/site-packages/airflow/example_dags/example_sensors.py
[2024-11-26T18:10:16.469+0000] {logging_mixin.py:190} INFO - [2024-11-26T18:10:16.469+0000] {dag.py:3239} INFO - Sync 1 DAGs
[2024-11-26T18:10:16.480+0000] {logging_mixin.py:190} INFO - [2024-11-26T18:10:16.480+0000] {dag.py:4180} INFO - Setting next_dagrun for example_sensors to None, run_after=None
[2024-11-26T18:10:16.495+0000] {processor.py:208} INFO - Processing /home/airflow/.local/lib/python3.12/site-packages/airflow/example_dags/example_sensors.py took 0.062 seconds
[2024-11-26T18:10:47.549+0000] {processor.py:186} INFO - Started process (PID=687) to work on /home/airflow/.local/lib/python3.12/site-packages/airflow/example_dags/example_sensors.py
[2024-11-26T18:10:47.550+0000] {processor.py:914} INFO - Processing file /home/airflow/.local/lib/python3.12/site-packages/airflow/example_dags/example_sensors.py for tasks to queue
[2024-11-26T18:10:47.551+0000] {logging_mixin.py:190} INFO - [2024-11-26T18:10:47.551+0000] {dagbag.py:588} INFO - Filling up the DagBag from /home/airflow/.local/lib/python3.12/site-packages/airflow/example_dags/example_sensors.py
[2024-11-26T18:10:47.559+0000] {processor.py:925} INFO - DAG(s) 'example_sensors' retrieved from /home/airflow/.local/lib/python3.12/site-packages/airflow/example_dags/example_sensors.py
[2024-11-26T18:10:47.578+0000] {logging_mixin.py:190} INFO - [2024-11-26T18:10:47.578+0000] {dag.py:3239} INFO - Sync 1 DAGs
[2024-11-26T18:10:47.590+0000] {logging_mixin.py:190} INFO - [2024-11-26T18:10:47.589+0000] {dag.py:4180} INFO - Setting next_dagrun for example_sensors to None, run_after=None
[2024-11-26T18:10:47.604+0000] {processor.py:208} INFO - Processing /home/airflow/.local/lib/python3.12/site-packages/airflow/example_dags/example_sensors.py took 0.059 seconds
[2024-11-26T18:11:18.205+0000] {processor.py:186} INFO - Started process (PID=751) to work on /home/airflow/.local/lib/python3.12/site-packages/airflow/example_dags/example_sensors.py
[2024-11-26T18:11:18.206+0000] {processor.py:914} INFO - Processing file /home/airflow/.local/lib/python3.12/site-packages/airflow/example_dags/example_sensors.py for tasks to queue
[2024-11-26T18:11:18.207+0000] {logging_mixin.py:190} INFO - [2024-11-26T18:11:18.206+0000] {dagbag.py:588} INFO - Filling up the DagBag from /home/airflow/.local/lib/python3.12/site-packages/airflow/example_dags/example_sensors.py
[2024-11-26T18:11:18.215+0000] {processor.py:925} INFO - DAG(s) 'example_sensors' retrieved from /home/airflow/.local/lib/python3.12/site-packages/airflow/example_dags/example_sensors.py
[2024-11-26T18:11:18.237+0000] {logging_mixin.py:190} INFO - [2024-11-26T18:11:18.237+0000] {dag.py:3239} INFO - Sync 1 DAGs
[2024-11-26T18:11:18.247+0000] {logging_mixin.py:190} INFO - [2024-11-26T18:11:18.247+0000] {dag.py:4180} INFO - Setting next_dagrun for example_sensors to None, run_after=None
[2024-11-26T18:11:18.261+0000] {processor.py:208} INFO - Processing /home/airflow/.local/lib/python3.12/site-packages/airflow/example_dags/example_sensors.py took 0.061 seconds
[2024-11-26T18:12:33.938+0000] {processor.py:186} INFO - Started process (PID=106) to work on /home/airflow/.local/lib/python3.12/site-packages/airflow/example_dags/example_sensors.py
[2024-11-26T18:12:33.939+0000] {processor.py:914} INFO - Processing file /home/airflow/.local/lib/python3.12/site-packages/airflow/example_dags/example_sensors.py for tasks to queue
[2024-11-26T18:12:33.940+0000] {logging_mixin.py:190} INFO - [2024-11-26T18:12:33.940+0000] {dagbag.py:588} INFO - Filling up the DagBag from /home/airflow/.local/lib/python3.12/site-packages/airflow/example_dags/example_sensors.py
[2024-11-26T18:12:33.949+0000] {processor.py:925} INFO - DAG(s) 'example_sensors' retrieved from /home/airflow/.local/lib/python3.12/site-packages/airflow/example_dags/example_sensors.py
[2024-11-26T18:12:33.970+0000] {logging_mixin.py:190} INFO - [2024-11-26T18:12:33.970+0000] {dag.py:3239} INFO - Sync 1 DAGs
[2024-11-26T18:12:33.982+0000] {logging_mixin.py:190} INFO - [2024-11-26T18:12:33.981+0000] {dag.py:4180} INFO - Setting next_dagrun for example_sensors to None, run_after=None
[2024-11-26T18:12:33.995+0000] {processor.py:208} INFO - Processing /home/airflow/.local/lib/python3.12/site-packages/airflow/example_dags/example_sensors.py took 0.061 seconds
[2024-11-26T18:13:04.638+0000] {processor.py:186} INFO - Started process (PID=170) to work on /home/airflow/.local/lib/python3.12/site-packages/airflow/example_dags/example_sensors.py
[2024-11-26T18:13:04.639+0000] {processor.py:914} INFO - Processing file /home/airflow/.local/lib/python3.12/site-packages/airflow/example_dags/example_sensors.py for tasks to queue
[2024-11-26T18:13:04.640+0000] {logging_mixin.py:190} INFO - [2024-11-26T18:13:04.640+0000] {dagbag.py:588} INFO - Filling up the DagBag from /home/airflow/.local/lib/python3.12/site-packages/airflow/example_dags/example_sensors.py
[2024-11-26T18:13:04.648+0000] {processor.py:925} INFO - DAG(s) 'example_sensors' retrieved from /home/airflow/.local/lib/python3.12/site-packages/airflow/example_dags/example_sensors.py
[2024-11-26T18:13:04.669+0000] {logging_mixin.py:190} INFO - [2024-11-26T18:13:04.669+0000] {dag.py:3239} INFO - Sync 1 DAGs
[2024-11-26T18:13:04.680+0000] {logging_mixin.py:190} INFO - [2024-11-26T18:13:04.680+0000] {dag.py:4180} INFO - Setting next_dagrun for example_sensors to None, run_after=None
[2024-11-26T18:13:04.695+0000] {processor.py:208} INFO - Processing /home/airflow/.local/lib/python3.12/site-packages/airflow/example_dags/example_sensors.py took 0.061 seconds
[2024-11-26T18:13:35.750+0000] {processor.py:186} INFO - Started process (PID=234) to work on /home/airflow/.local/lib/python3.12/site-packages/airflow/example_dags/example_sensors.py
[2024-11-26T18:13:35.751+0000] {processor.py:914} INFO - Processing file /home/airflow/.local/lib/python3.12/site-packages/airflow/example_dags/example_sensors.py for tasks to queue
[2024-11-26T18:13:35.752+0000] {logging_mixin.py:190} INFO - [2024-11-26T18:13:35.752+0000] {dagbag.py:588} INFO - Filling up the DagBag from /home/airflow/.local/lib/python3.12/site-packages/airflow/example_dags/example_sensors.py
[2024-11-26T18:13:35.760+0000] {processor.py:925} INFO - DAG(s) 'example_sensors' retrieved from /home/airflow/.local/lib/python3.12/site-packages/airflow/example_dags/example_sensors.py
[2024-11-26T18:13:35.779+0000] {logging_mixin.py:190} INFO - [2024-11-26T18:13:35.779+0000] {dag.py:3239} INFO - Sync 1 DAGs
[2024-11-26T18:13:35.790+0000] {logging_mixin.py:190} INFO - [2024-11-26T18:13:35.789+0000] {dag.py:4180} INFO - Setting next_dagrun for example_sensors to None, run_after=None
[2024-11-26T18:13:35.803+0000] {processor.py:208} INFO - Processing /home/airflow/.local/lib/python3.12/site-packages/airflow/example_dags/example_sensors.py took 0.057 seconds
[2024-11-26T18:14:06.917+0000] {processor.py:186} INFO - Started process (PID=298) to work on /home/airflow/.local/lib/python3.12/site-packages/airflow/example_dags/example_sensors.py
[2024-11-26T18:14:06.917+0000] {processor.py:914} INFO - Processing file /home/airflow/.local/lib/python3.12/site-packages/airflow/example_dags/example_sensors.py for tasks to queue
[2024-11-26T18:14:06.919+0000] {logging_mixin.py:190} INFO - [2024-11-26T18:14:06.919+0000] {dagbag.py:588} INFO - Filling up the DagBag from /home/airflow/.local/lib/python3.12/site-packages/airflow/example_dags/example_sensors.py
[2024-11-26T18:14:06.928+0000] {processor.py:925} INFO - DAG(s) 'example_sensors' retrieved from /home/airflow/.local/lib/python3.12/site-packages/airflow/example_dags/example_sensors.py
[2024-11-26T18:14:06.950+0000] {logging_mixin.py:190} INFO - [2024-11-26T18:14:06.949+0000] {dag.py:3239} INFO - Sync 1 DAGs
[2024-11-26T18:14:06.961+0000] {logging_mixin.py:190} INFO - [2024-11-26T18:14:06.961+0000] {dag.py:4180} INFO - Setting next_dagrun for example_sensors to None, run_after=None
[2024-11-26T18:14:06.976+0000] {processor.py:208} INFO - Processing /home/airflow/.local/lib/python3.12/site-packages/airflow/example_dags/example_sensors.py took 0.064 seconds
[2024-11-26T18:14:37.811+0000] {processor.py:186} INFO - Started process (PID=362) to work on /home/airflow/.local/lib/python3.12/site-packages/airflow/example_dags/example_sensors.py
[2024-11-26T18:14:37.812+0000] {processor.py:914} INFO - Processing file /home/airflow/.local/lib/python3.12/site-packages/airflow/example_dags/example_sensors.py for tasks to queue
[2024-11-26T18:14:37.814+0000] {logging_mixin.py:190} INFO - [2024-11-26T18:14:37.813+0000] {dagbag.py:588} INFO - Filling up the DagBag from /home/airflow/.local/lib/python3.12/site-packages/airflow/example_dags/example_sensors.py
[2024-11-26T18:14:37.821+0000] {processor.py:925} INFO - DAG(s) 'example_sensors' retrieved from /home/airflow/.local/lib/python3.12/site-packages/airflow/example_dags/example_sensors.py
[2024-11-26T18:14:37.842+0000] {logging_mixin.py:190} INFO - [2024-11-26T18:14:37.841+0000] {dag.py:3239} INFO - Sync 1 DAGs
[2024-11-26T18:14:37.852+0000] {logging_mixin.py:190} INFO - [2024-11-26T18:14:37.851+0000] {dag.py:4180} INFO - Setting next_dagrun for example_sensors to None, run_after=None
[2024-11-26T18:14:37.870+0000] {processor.py:208} INFO - Processing /home/airflow/.local/lib/python3.12/site-packages/airflow/example_dags/example_sensors.py took 0.063 seconds
[2024-11-26T18:15:08.559+0000] {processor.py:186} INFO - Started process (PID=426) to work on /home/airflow/.local/lib/python3.12/site-packages/airflow/example_dags/example_sensors.py
[2024-11-26T18:15:08.560+0000] {processor.py:914} INFO - Processing file /home/airflow/.local/lib/python3.12/site-packages/airflow/example_dags/example_sensors.py for tasks to queue
[2024-11-26T18:15:08.561+0000] {logging_mixin.py:190} INFO - [2024-11-26T18:15:08.561+0000] {dagbag.py:588} INFO - Filling up the DagBag from /home/airflow/.local/lib/python3.12/site-packages/airflow/example_dags/example_sensors.py
[2024-11-26T18:15:08.568+0000] {processor.py:925} INFO - DAG(s) 'example_sensors' retrieved from /home/airflow/.local/lib/python3.12/site-packages/airflow/example_dags/example_sensors.py
[2024-11-26T18:15:08.587+0000] {logging_mixin.py:190} INFO - [2024-11-26T18:15:08.587+0000] {dag.py:3239} INFO - Sync 1 DAGs
[2024-11-26T18:15:08.598+0000] {logging_mixin.py:190} INFO - [2024-11-26T18:15:08.598+0000] {dag.py:4180} INFO - Setting next_dagrun for example_sensors to None, run_after=None
[2024-11-26T18:15:08.612+0000] {processor.py:208} INFO - Processing /home/airflow/.local/lib/python3.12/site-packages/airflow/example_dags/example_sensors.py took 0.057 seconds
[2024-11-26T18:15:39.407+0000] {processor.py:186} INFO - Started process (PID=490) to work on /home/airflow/.local/lib/python3.12/site-packages/airflow/example_dags/example_sensors.py
[2024-11-26T18:15:39.408+0000] {processor.py:914} INFO - Processing file /home/airflow/.local/lib/python3.12/site-packages/airflow/example_dags/example_sensors.py for tasks to queue
[2024-11-26T18:15:39.410+0000] {logging_mixin.py:190} INFO - [2024-11-26T18:15:39.410+0000] {dagbag.py:588} INFO - Filling up the DagBag from /home/airflow/.local/lib/python3.12/site-packages/airflow/example_dags/example_sensors.py
[2024-11-26T18:15:39.418+0000] {processor.py:925} INFO - DAG(s) 'example_sensors' retrieved from /home/airflow/.local/lib/python3.12/site-packages/airflow/example_dags/example_sensors.py
[2024-11-26T18:15:39.440+0000] {logging_mixin.py:190} INFO - [2024-11-26T18:15:39.440+0000] {dag.py:3239} INFO - Sync 1 DAGs
[2024-11-26T18:15:39.451+0000] {logging_mixin.py:190} INFO - [2024-11-26T18:15:39.451+0000] {dag.py:4180} INFO - Setting next_dagrun for example_sensors to None, run_after=None
[2024-11-26T18:15:39.465+0000] {processor.py:208} INFO - Processing /home/airflow/.local/lib/python3.12/site-packages/airflow/example_dags/example_sensors.py took 0.062 seconds
[2024-11-26T18:16:10.063+0000] {processor.py:186} INFO - Started process (PID=554) to work on /home/airflow/.local/lib/python3.12/site-packages/airflow/example_dags/example_sensors.py
[2024-11-26T18:16:10.064+0000] {processor.py:914} INFO - Processing file /home/airflow/.local/lib/python3.12/site-packages/airflow/example_dags/example_sensors.py for tasks to queue
[2024-11-26T18:16:10.066+0000] {logging_mixin.py:190} INFO - [2024-11-26T18:16:10.065+0000] {dagbag.py:588} INFO - Filling up the DagBag from /home/airflow/.local/lib/python3.12/site-packages/airflow/example_dags/example_sensors.py
[2024-11-26T18:16:10.073+0000] {processor.py:925} INFO - DAG(s) 'example_sensors' retrieved from /home/airflow/.local/lib/python3.12/site-packages/airflow/example_dags/example_sensors.py
[2024-11-26T18:16:10.092+0000] {logging_mixin.py:190} INFO - [2024-11-26T18:16:10.092+0000] {dag.py:3239} INFO - Sync 1 DAGs
[2024-11-26T18:16:10.103+0000] {logging_mixin.py:190} INFO - [2024-11-26T18:16:10.102+0000] {dag.py:4180} INFO - Setting next_dagrun for example_sensors to None, run_after=None
[2024-11-26T18:16:10.116+0000] {processor.py:208} INFO - Processing /home/airflow/.local/lib/python3.12/site-packages/airflow/example_dags/example_sensors.py took 0.057 seconds
[2024-11-26T18:16:40.736+0000] {processor.py:186} INFO - Started process (PID=618) to work on /home/airflow/.local/lib/python3.12/site-packages/airflow/example_dags/example_sensors.py
[2024-11-26T18:16:40.737+0000] {processor.py:914} INFO - Processing file /home/airflow/.local/lib/python3.12/site-packages/airflow/example_dags/example_sensors.py for tasks to queue
[2024-11-26T18:16:40.738+0000] {logging_mixin.py:190} INFO - [2024-11-26T18:16:40.738+0000] {dagbag.py:588} INFO - Filling up the DagBag from /home/airflow/.local/lib/python3.12/site-packages/airflow/example_dags/example_sensors.py
[2024-11-26T18:16:40.746+0000] {processor.py:925} INFO - DAG(s) 'example_sensors' retrieved from /home/airflow/.local/lib/python3.12/site-packages/airflow/example_dags/example_sensors.py
[2024-11-26T18:16:40.766+0000] {logging_mixin.py:190} INFO - [2024-11-26T18:16:40.766+0000] {dag.py:3239} INFO - Sync 1 DAGs
[2024-11-26T18:16:40.776+0000] {logging_mixin.py:190} INFO - [2024-11-26T18:16:40.776+0000] {dag.py:4180} INFO - Setting next_dagrun for example_sensors to None, run_after=None
[2024-11-26T18:16:40.791+0000] {processor.py:208} INFO - Processing /home/airflow/.local/lib/python3.12/site-packages/airflow/example_dags/example_sensors.py took 0.059 seconds
[2024-11-26T18:17:11.554+0000] {processor.py:186} INFO - Started process (PID=682) to work on /home/airflow/.local/lib/python3.12/site-packages/airflow/example_dags/example_sensors.py
[2024-11-26T18:17:11.555+0000] {processor.py:914} INFO - Processing file /home/airflow/.local/lib/python3.12/site-packages/airflow/example_dags/example_sensors.py for tasks to queue
[2024-11-26T18:17:11.557+0000] {logging_mixin.py:190} INFO - [2024-11-26T18:17:11.556+0000] {dagbag.py:588} INFO - Filling up the DagBag from /home/airflow/.local/lib/python3.12/site-packages/airflow/example_dags/example_sensors.py
[2024-11-26T18:17:11.565+0000] {processor.py:925} INFO - DAG(s) 'example_sensors' retrieved from /home/airflow/.local/lib/python3.12/site-packages/airflow/example_dags/example_sensors.py
[2024-11-26T18:17:11.585+0000] {logging_mixin.py:190} INFO - [2024-11-26T18:17:11.585+0000] {dag.py:3239} INFO - Sync 1 DAGs
[2024-11-26T18:17:11.596+0000] {logging_mixin.py:190} INFO - [2024-11-26T18:17:11.596+0000] {dag.py:4180} INFO - Setting next_dagrun for example_sensors to None, run_after=None
[2024-11-26T18:17:11.610+0000] {processor.py:208} INFO - Processing /home/airflow/.local/lib/python3.12/site-packages/airflow/example_dags/example_sensors.py took 0.059 seconds
[2024-11-26T18:17:42.594+0000] {processor.py:186} INFO - Started process (PID=746) to work on /home/airflow/.local/lib/python3.12/site-packages/airflow/example_dags/example_sensors.py
[2024-11-26T18:17:42.594+0000] {processor.py:914} INFO - Processing file /home/airflow/.local/lib/python3.12/site-packages/airflow/example_dags/example_sensors.py for tasks to queue
[2024-11-26T18:17:42.596+0000] {logging_mixin.py:190} INFO - [2024-11-26T18:17:42.596+0000] {dagbag.py:588} INFO - Filling up the DagBag from /home/airflow/.local/lib/python3.12/site-packages/airflow/example_dags/example_sensors.py
[2024-11-26T18:17:42.604+0000] {processor.py:925} INFO - DAG(s) 'example_sensors' retrieved from /home/airflow/.local/lib/python3.12/site-packages/airflow/example_dags/example_sensors.py
[2024-11-26T18:17:42.624+0000] {logging_mixin.py:190} INFO - [2024-11-26T18:17:42.624+0000] {dag.py:3239} INFO - Sync 1 DAGs
[2024-11-26T18:17:42.635+0000] {logging_mixin.py:190} INFO - [2024-11-26T18:17:42.634+0000] {dag.py:4180} INFO - Setting next_dagrun for example_sensors to None, run_after=None
[2024-11-26T18:17:42.648+0000] {processor.py:208} INFO - Processing /home/airflow/.local/lib/python3.12/site-packages/airflow/example_dags/example_sensors.py took 0.058 seconds
[2024-11-26T18:18:13.294+0000] {processor.py:186} INFO - Started process (PID=810) to work on /home/airflow/.local/lib/python3.12/site-packages/airflow/example_dags/example_sensors.py
[2024-11-26T18:18:13.294+0000] {processor.py:914} INFO - Processing file /home/airflow/.local/lib/python3.12/site-packages/airflow/example_dags/example_sensors.py for tasks to queue
[2024-11-26T18:18:13.296+0000] {logging_mixin.py:190} INFO - [2024-11-26T18:18:13.296+0000] {dagbag.py:588} INFO - Filling up the DagBag from /home/airflow/.local/lib/python3.12/site-packages/airflow/example_dags/example_sensors.py
[2024-11-26T18:18:13.305+0000] {processor.py:925} INFO - DAG(s) 'example_sensors' retrieved from /home/airflow/.local/lib/python3.12/site-packages/airflow/example_dags/example_sensors.py
[2024-11-26T18:18:13.324+0000] {logging_mixin.py:190} INFO - [2024-11-26T18:18:13.324+0000] {dag.py:3239} INFO - Sync 1 DAGs
[2024-11-26T18:18:13.335+0000] {logging_mixin.py:190} INFO - [2024-11-26T18:18:13.334+0000] {dag.py:4180} INFO - Setting next_dagrun for example_sensors to None, run_after=None
[2024-11-26T18:18:13.348+0000] {processor.py:208} INFO - Processing /home/airflow/.local/lib/python3.12/site-packages/airflow/example_dags/example_sensors.py took 0.058 seconds
[2024-11-26T18:44:13.284+0000] {processor.py:186} INFO - Started process (PID=123) to work on /home/airflow/.local/lib/python3.12/site-packages/airflow/example_dags/example_sensors.py
[2024-11-26T18:44:13.285+0000] {processor.py:914} INFO - Processing file /home/airflow/.local/lib/python3.12/site-packages/airflow/example_dags/example_sensors.py for tasks to queue
[2024-11-26T18:44:13.287+0000] {logging_mixin.py:190} INFO - [2024-11-26T18:44:13.287+0000] {dagbag.py:588} INFO - Filling up the DagBag from /home/airflow/.local/lib/python3.12/site-packages/airflow/example_dags/example_sensors.py
[2024-11-26T18:44:13.296+0000] {processor.py:925} INFO - DAG(s) 'example_sensors' retrieved from /home/airflow/.local/lib/python3.12/site-packages/airflow/example_dags/example_sensors.py
[2024-11-26T18:44:13.317+0000] {logging_mixin.py:190} INFO - [2024-11-26T18:44:13.317+0000] {dag.py:3239} INFO - Sync 1 DAGs
[2024-11-26T18:44:13.328+0000] {logging_mixin.py:190} INFO - [2024-11-26T18:44:13.328+0000] {dag.py:4180} INFO - Setting next_dagrun for example_sensors to None, run_after=None
[2024-11-26T18:44:13.342+0000] {processor.py:208} INFO - Processing /home/airflow/.local/lib/python3.12/site-packages/airflow/example_dags/example_sensors.py took 0.061 seconds
[2024-11-26T18:44:44.575+0000] {processor.py:186} INFO - Started process (PID=198) to work on /home/airflow/.local/lib/python3.12/site-packages/airflow/example_dags/example_sensors.py
[2024-11-26T18:44:44.576+0000] {processor.py:914} INFO - Processing file /home/airflow/.local/lib/python3.12/site-packages/airflow/example_dags/example_sensors.py for tasks to queue
[2024-11-26T18:44:44.577+0000] {logging_mixin.py:190} INFO - [2024-11-26T18:44:44.577+0000] {dagbag.py:588} INFO - Filling up the DagBag from /home/airflow/.local/lib/python3.12/site-packages/airflow/example_dags/example_sensors.py
[2024-11-26T18:44:44.585+0000] {processor.py:925} INFO - DAG(s) 'example_sensors' retrieved from /home/airflow/.local/lib/python3.12/site-packages/airflow/example_dags/example_sensors.py
[2024-11-26T18:44:44.604+0000] {logging_mixin.py:190} INFO - [2024-11-26T18:44:44.604+0000] {dag.py:3239} INFO - Sync 1 DAGs
[2024-11-26T18:44:44.614+0000] {logging_mixin.py:190} INFO - [2024-11-26T18:44:44.614+0000] {dag.py:4180} INFO - Setting next_dagrun for example_sensors to None, run_after=None
[2024-11-26T18:44:44.628+0000] {processor.py:208} INFO - Processing /home/airflow/.local/lib/python3.12/site-packages/airflow/example_dags/example_sensors.py took 0.057 seconds
[2024-11-26T18:45:15.948+0000] {processor.py:186} INFO - Started process (PID=273) to work on /home/airflow/.local/lib/python3.12/site-packages/airflow/example_dags/example_sensors.py
[2024-11-26T18:45:15.949+0000] {processor.py:914} INFO - Processing file /home/airflow/.local/lib/python3.12/site-packages/airflow/example_dags/example_sensors.py for tasks to queue
[2024-11-26T18:45:15.951+0000] {logging_mixin.py:190} INFO - [2024-11-26T18:45:15.951+0000] {dagbag.py:588} INFO - Filling up the DagBag from /home/airflow/.local/lib/python3.12/site-packages/airflow/example_dags/example_sensors.py
[2024-11-26T18:45:15.960+0000] {processor.py:925} INFO - DAG(s) 'example_sensors' retrieved from /home/airflow/.local/lib/python3.12/site-packages/airflow/example_dags/example_sensors.py
[2024-11-26T18:45:15.984+0000] {logging_mixin.py:190} INFO - [2024-11-26T18:45:15.984+0000] {dag.py:3239} INFO - Sync 1 DAGs
[2024-11-26T18:45:15.998+0000] {logging_mixin.py:190} INFO - [2024-11-26T18:45:15.997+0000] {dag.py:4180} INFO - Setting next_dagrun for example_sensors to None, run_after=None
[2024-11-26T18:45:16.018+0000] {processor.py:208} INFO - Processing /home/airflow/.local/lib/python3.12/site-packages/airflow/example_dags/example_sensors.py took 0.073 seconds
[2024-11-26T18:45:46.841+0000] {processor.py:186} INFO - Started process (PID=348) to work on /home/airflow/.local/lib/python3.12/site-packages/airflow/example_dags/example_sensors.py
[2024-11-26T18:45:46.842+0000] {processor.py:914} INFO - Processing file /home/airflow/.local/lib/python3.12/site-packages/airflow/example_dags/example_sensors.py for tasks to queue
[2024-11-26T18:45:46.843+0000] {logging_mixin.py:190} INFO - [2024-11-26T18:45:46.843+0000] {dagbag.py:588} INFO - Filling up the DagBag from /home/airflow/.local/lib/python3.12/site-packages/airflow/example_dags/example_sensors.py
[2024-11-26T18:45:46.853+0000] {processor.py:925} INFO - DAG(s) 'example_sensors' retrieved from /home/airflow/.local/lib/python3.12/site-packages/airflow/example_dags/example_sensors.py
[2024-11-26T18:45:46.875+0000] {logging_mixin.py:190} INFO - [2024-11-26T18:45:46.875+0000] {dag.py:3239} INFO - Sync 1 DAGs
[2024-11-26T18:45:46.887+0000] {logging_mixin.py:190} INFO - [2024-11-26T18:45:46.887+0000] {dag.py:4180} INFO - Setting next_dagrun for example_sensors to None, run_after=None
[2024-11-26T18:45:46.910+0000] {processor.py:208} INFO - Processing /home/airflow/.local/lib/python3.12/site-packages/airflow/example_dags/example_sensors.py took 0.074 seconds
[2024-11-26T18:46:17.586+0000] {processor.py:186} INFO - Started process (PID=423) to work on /home/airflow/.local/lib/python3.12/site-packages/airflow/example_dags/example_sensors.py
[2024-11-26T18:46:17.587+0000] {processor.py:914} INFO - Processing file /home/airflow/.local/lib/python3.12/site-packages/airflow/example_dags/example_sensors.py for tasks to queue
[2024-11-26T18:46:17.589+0000] {logging_mixin.py:190} INFO - [2024-11-26T18:46:17.588+0000] {dagbag.py:588} INFO - Filling up the DagBag from /home/airflow/.local/lib/python3.12/site-packages/airflow/example_dags/example_sensors.py
[2024-11-26T18:46:17.597+0000] {processor.py:925} INFO - DAG(s) 'example_sensors' retrieved from /home/airflow/.local/lib/python3.12/site-packages/airflow/example_dags/example_sensors.py
[2024-11-26T18:46:17.616+0000] {logging_mixin.py:190} INFO - [2024-11-26T18:46:17.616+0000] {dag.py:3239} INFO - Sync 1 DAGs
[2024-11-26T18:46:17.628+0000] {logging_mixin.py:190} INFO - [2024-11-26T18:46:17.628+0000] {dag.py:4180} INFO - Setting next_dagrun for example_sensors to None, run_after=None
[2024-11-26T18:46:17.641+0000] {processor.py:208} INFO - Processing /home/airflow/.local/lib/python3.12/site-packages/airflow/example_dags/example_sensors.py took 0.059 seconds
