[2024-11-26T17:53:59.770+0000] {processor.py:186} INFO - Started process (PID=109) to work on /home/airflow/.local/lib/python3.12/site-packages/airflow/example_dags/example_outlet_event_extra.py
[2024-11-26T17:53:59.771+0000] {processor.py:914} INFO - Processing file /home/airflow/.local/lib/python3.12/site-packages/airflow/example_dags/example_outlet_event_extra.py for tasks to queue
[2024-11-26T17:53:59.773+0000] {logging_mixin.py:190} INFO - [2024-11-26T17:53:59.773+0000] {dagbag.py:588} INFO - Filling up the DagBag from /home/airflow/.local/lib/python3.12/site-packages/airflow/example_dags/example_outlet_event_extra.py
[2024-11-26T17:54:00.303+0000] {processor.py:925} INFO - DAG(s) 'dataset_with_extra_from_classic_operator', 'dataset_with_extra_by_context', 'dataset_with_extra_by_yield' retrieved from /home/airflow/.local/lib/python3.12/site-packages/airflow/example_dags/example_outlet_event_extra.py
[2024-11-26T17:54:00.386+0000] {logging_mixin.py:190} INFO - [2024-11-26T17:54:00.385+0000] {override.py:1911} INFO - Created Permission View: can read on DAG:dataset_with_extra_from_classic_operator
[2024-11-26T17:54:00.396+0000] {logging_mixin.py:190} INFO - [2024-11-26T17:54:00.395+0000] {override.py:1911} INFO - Created Permission View: can delete on DAG:dataset_with_extra_from_classic_operator
[2024-11-26T17:54:00.402+0000] {logging_mixin.py:190} INFO - [2024-11-26T17:54:00.402+0000] {override.py:1911} INFO - Created Permission View: can edit on DAG:dataset_with_extra_from_classic_operator
[2024-11-26T17:54:00.411+0000] {logging_mixin.py:190} INFO - [2024-11-26T17:54:00.410+0000] {override.py:1911} INFO - Created Permission View: can create on DAG Run:dataset_with_extra_from_classic_operator
[2024-11-26T17:54:00.417+0000] {logging_mixin.py:190} INFO - [2024-11-26T17:54:00.417+0000] {override.py:1911} INFO - Created Permission View: can read on DAG Run:dataset_with_extra_from_classic_operator
[2024-11-26T17:54:00.424+0000] {logging_mixin.py:190} INFO - [2024-11-26T17:54:00.424+0000] {override.py:1911} INFO - Created Permission View: can delete on DAG Run:dataset_with_extra_from_classic_operator
[2024-11-26T17:54:00.431+0000] {logging_mixin.py:190} INFO - [2024-11-26T17:54:00.430+0000] {override.py:1911} INFO - Created Permission View: menu access on DAG Run:dataset_with_extra_from_classic_operator
[2024-11-26T17:54:00.443+0000] {logging_mixin.py:190} INFO - [2024-11-26T17:54:00.443+0000] {override.py:1911} INFO - Created Permission View: can read on DAG:dataset_with_extra_by_context
[2024-11-26T17:54:00.449+0000] {logging_mixin.py:190} INFO - [2024-11-26T17:54:00.449+0000] {override.py:1911} INFO - Created Permission View: can delete on DAG:dataset_with_extra_by_context
[2024-11-26T17:54:00.456+0000] {logging_mixin.py:190} INFO - [2024-11-26T17:54:00.456+0000] {override.py:1911} INFO - Created Permission View: can edit on DAG:dataset_with_extra_by_context
[2024-11-26T17:54:00.465+0000] {logging_mixin.py:190} INFO - [2024-11-26T17:54:00.465+0000] {override.py:1911} INFO - Created Permission View: can create on DAG Run:dataset_with_extra_by_context
[2024-11-26T17:54:00.472+0000] {logging_mixin.py:190} INFO - [2024-11-26T17:54:00.471+0000] {override.py:1911} INFO - Created Permission View: can read on DAG Run:dataset_with_extra_by_context
[2024-11-26T17:54:00.479+0000] {logging_mixin.py:190} INFO - [2024-11-26T17:54:00.478+0000] {override.py:1911} INFO - Created Permission View: can delete on DAG Run:dataset_with_extra_by_context
[2024-11-26T17:54:00.487+0000] {logging_mixin.py:190} INFO - [2024-11-26T17:54:00.487+0000] {override.py:1911} INFO - Created Permission View: menu access on DAG Run:dataset_with_extra_by_context
[2024-11-26T17:54:00.501+0000] {logging_mixin.py:190} INFO - [2024-11-26T17:54:00.500+0000] {override.py:1911} INFO - Created Permission View: can read on DAG:dataset_with_extra_by_yield
[2024-11-26T17:54:00.508+0000] {logging_mixin.py:190} INFO - [2024-11-26T17:54:00.507+0000] {override.py:1911} INFO - Created Permission View: can delete on DAG:dataset_with_extra_by_yield
[2024-11-26T17:54:00.514+0000] {logging_mixin.py:190} INFO - [2024-11-26T17:54:00.514+0000] {override.py:1911} INFO - Created Permission View: can edit on DAG:dataset_with_extra_by_yield
[2024-11-26T17:54:00.523+0000] {logging_mixin.py:190} INFO - [2024-11-26T17:54:00.523+0000] {override.py:1911} INFO - Created Permission View: can create on DAG Run:dataset_with_extra_by_yield
[2024-11-26T17:54:00.530+0000] {logging_mixin.py:190} INFO - [2024-11-26T17:54:00.530+0000] {override.py:1911} INFO - Created Permission View: can read on DAG Run:dataset_with_extra_by_yield
[2024-11-26T17:54:00.536+0000] {logging_mixin.py:190} INFO - [2024-11-26T17:54:00.536+0000] {override.py:1911} INFO - Created Permission View: can delete on DAG Run:dataset_with_extra_by_yield
[2024-11-26T17:54:00.544+0000] {logging_mixin.py:190} INFO - [2024-11-26T17:54:00.544+0000] {override.py:1911} INFO - Created Permission View: menu access on DAG Run:dataset_with_extra_by_yield
[2024-11-26T17:54:00.545+0000] {logging_mixin.py:190} INFO - [2024-11-26T17:54:00.544+0000] {dag.py:3239} INFO - Sync 3 DAGs
[2024-11-26T17:54:00.558+0000] {logging_mixin.py:190} INFO - [2024-11-26T17:54:00.557+0000] {dag.py:3262} INFO - Creating ORM DAG for dataset_with_extra_from_classic_operator
[2024-11-26T17:54:00.559+0000] {logging_mixin.py:190} INFO - [2024-11-26T17:54:00.558+0000] {dag.py:3262} INFO - Creating ORM DAG for dataset_with_extra_by_context
[2024-11-26T17:54:00.559+0000] {logging_mixin.py:190} INFO - [2024-11-26T17:54:00.559+0000] {dag.py:3262} INFO - Creating ORM DAG for dataset_with_extra_by_yield
[2024-11-26T17:54:00.568+0000] {logging_mixin.py:190} INFO - [2024-11-26T17:54:00.568+0000] {dag.py:4180} INFO - Setting next_dagrun for dataset_with_extra_by_context to 2024-11-25 00:00:00+00:00, run_after=2024-11-26 00:00:00+00:00
[2024-11-26T17:54:00.570+0000] {logging_mixin.py:190} INFO - [2024-11-26T17:54:00.570+0000] {dag.py:4180} INFO - Setting next_dagrun for dataset_with_extra_by_yield to 2024-11-25 00:00:00+00:00, run_after=2024-11-26 00:00:00+00:00
[2024-11-26T17:54:00.572+0000] {logging_mixin.py:190} INFO - [2024-11-26T17:54:00.572+0000] {dag.py:4180} INFO - Setting next_dagrun for dataset_with_extra_from_classic_operator to 2024-11-25 00:00:00+00:00, run_after=2024-11-26 00:00:00+00:00
[2024-11-26T17:54:00.595+0000] {processor.py:208} INFO - Processing /home/airflow/.local/lib/python3.12/site-packages/airflow/example_dags/example_outlet_event_extra.py took 0.829 seconds
[2024-11-26T17:54:30.660+0000] {processor.py:186} INFO - Started process (PID=174) to work on /home/airflow/.local/lib/python3.12/site-packages/airflow/example_dags/example_outlet_event_extra.py
[2024-11-26T17:54:30.661+0000] {processor.py:914} INFO - Processing file /home/airflow/.local/lib/python3.12/site-packages/airflow/example_dags/example_outlet_event_extra.py for tasks to queue
[2024-11-26T17:54:30.662+0000] {logging_mixin.py:190} INFO - [2024-11-26T17:54:30.662+0000] {dagbag.py:588} INFO - Filling up the DagBag from /home/airflow/.local/lib/python3.12/site-packages/airflow/example_dags/example_outlet_event_extra.py
[2024-11-26T17:54:31.126+0000] {processor.py:925} INFO - DAG(s) 'dataset_with_extra_from_classic_operator', 'dataset_with_extra_by_yield', 'dataset_with_extra_by_context' retrieved from /home/airflow/.local/lib/python3.12/site-packages/airflow/example_dags/example_outlet_event_extra.py
[2024-11-26T17:54:31.146+0000] {logging_mixin.py:190} INFO - [2024-11-26T17:54:31.146+0000] {dag.py:3239} INFO - Sync 3 DAGs
[2024-11-26T17:54:31.166+0000] {logging_mixin.py:190} INFO - [2024-11-26T17:54:31.166+0000] {dag.py:4180} INFO - Setting next_dagrun for dataset_with_extra_by_context to 2024-11-25 00:00:00+00:00, run_after=2024-11-26 00:00:00+00:00
[2024-11-26T17:54:31.170+0000] {logging_mixin.py:190} INFO - [2024-11-26T17:54:31.170+0000] {dag.py:4180} INFO - Setting next_dagrun for dataset_with_extra_by_yield to 2024-11-25 00:00:00+00:00, run_after=2024-11-26 00:00:00+00:00
[2024-11-26T17:54:31.173+0000] {logging_mixin.py:190} INFO - [2024-11-26T17:54:31.172+0000] {dag.py:4180} INFO - Setting next_dagrun for dataset_with_extra_from_classic_operator to 2024-11-25 00:00:00+00:00, run_after=2024-11-26 00:00:00+00:00
[2024-11-26T17:54:31.188+0000] {processor.py:208} INFO - Processing /home/airflow/.local/lib/python3.12/site-packages/airflow/example_dags/example_outlet_event_extra.py took 0.532 seconds
[2024-11-26T17:55:01.245+0000] {processor.py:186} INFO - Started process (PID=239) to work on /home/airflow/.local/lib/python3.12/site-packages/airflow/example_dags/example_outlet_event_extra.py
[2024-11-26T17:55:01.246+0000] {processor.py:914} INFO - Processing file /home/airflow/.local/lib/python3.12/site-packages/airflow/example_dags/example_outlet_event_extra.py for tasks to queue
[2024-11-26T17:55:01.247+0000] {logging_mixin.py:190} INFO - [2024-11-26T17:55:01.247+0000] {dagbag.py:588} INFO - Filling up the DagBag from /home/airflow/.local/lib/python3.12/site-packages/airflow/example_dags/example_outlet_event_extra.py
[2024-11-26T17:55:01.725+0000] {processor.py:925} INFO - DAG(s) 'dataset_with_extra_by_yield', 'dataset_with_extra_by_context', 'dataset_with_extra_from_classic_operator' retrieved from /home/airflow/.local/lib/python3.12/site-packages/airflow/example_dags/example_outlet_event_extra.py
[2024-11-26T17:55:01.744+0000] {logging_mixin.py:190} INFO - [2024-11-26T17:55:01.743+0000] {dag.py:3239} INFO - Sync 3 DAGs
[2024-11-26T17:55:01.765+0000] {logging_mixin.py:190} INFO - [2024-11-26T17:55:01.765+0000] {dag.py:4180} INFO - Setting next_dagrun for dataset_with_extra_by_context to 2024-11-25 00:00:00+00:00, run_after=2024-11-26 00:00:00+00:00
[2024-11-26T17:55:01.769+0000] {logging_mixin.py:190} INFO - [2024-11-26T17:55:01.769+0000] {dag.py:4180} INFO - Setting next_dagrun for dataset_with_extra_by_yield to 2024-11-25 00:00:00+00:00, run_after=2024-11-26 00:00:00+00:00
[2024-11-26T17:55:01.772+0000] {logging_mixin.py:190} INFO - [2024-11-26T17:55:01.771+0000] {dag.py:4180} INFO - Setting next_dagrun for dataset_with_extra_from_classic_operator to 2024-11-25 00:00:00+00:00, run_after=2024-11-26 00:00:00+00:00
[2024-11-26T17:55:01.787+0000] {processor.py:208} INFO - Processing /home/airflow/.local/lib/python3.12/site-packages/airflow/example_dags/example_outlet_event_extra.py took 0.548 seconds
[2024-11-26T17:55:31.843+0000] {processor.py:186} INFO - Started process (PID=302) to work on /home/airflow/.local/lib/python3.12/site-packages/airflow/example_dags/example_outlet_event_extra.py
[2024-11-26T17:55:31.844+0000] {processor.py:914} INFO - Processing file /home/airflow/.local/lib/python3.12/site-packages/airflow/example_dags/example_outlet_event_extra.py for tasks to queue
[2024-11-26T17:55:31.845+0000] {logging_mixin.py:190} INFO - [2024-11-26T17:55:31.845+0000] {dagbag.py:588} INFO - Filling up the DagBag from /home/airflow/.local/lib/python3.12/site-packages/airflow/example_dags/example_outlet_event_extra.py
[2024-11-26T17:55:32.306+0000] {processor.py:925} INFO - DAG(s) 'dataset_with_extra_by_context', 'dataset_with_extra_by_yield', 'dataset_with_extra_from_classic_operator' retrieved from /home/airflow/.local/lib/python3.12/site-packages/airflow/example_dags/example_outlet_event_extra.py
[2024-11-26T17:55:32.323+0000] {logging_mixin.py:190} INFO - [2024-11-26T17:55:32.323+0000] {dag.py:3239} INFO - Sync 3 DAGs
[2024-11-26T17:55:32.344+0000] {logging_mixin.py:190} INFO - [2024-11-26T17:55:32.344+0000] {dag.py:4180} INFO - Setting next_dagrun for dataset_with_extra_by_context to 2024-11-25 00:00:00+00:00, run_after=2024-11-26 00:00:00+00:00
[2024-11-26T17:55:32.348+0000] {logging_mixin.py:190} INFO - [2024-11-26T17:55:32.348+0000] {dag.py:4180} INFO - Setting next_dagrun for dataset_with_extra_by_yield to 2024-11-25 00:00:00+00:00, run_after=2024-11-26 00:00:00+00:00
[2024-11-26T17:55:32.351+0000] {logging_mixin.py:190} INFO - [2024-11-26T17:55:32.350+0000] {dag.py:4180} INFO - Setting next_dagrun for dataset_with_extra_from_classic_operator to 2024-11-25 00:00:00+00:00, run_after=2024-11-26 00:00:00+00:00
[2024-11-26T17:55:32.366+0000] {processor.py:208} INFO - Processing /home/airflow/.local/lib/python3.12/site-packages/airflow/example_dags/example_outlet_event_extra.py took 0.528 seconds
[2024-11-26T17:56:02.609+0000] {processor.py:186} INFO - Started process (PID=365) to work on /home/airflow/.local/lib/python3.12/site-packages/airflow/example_dags/example_outlet_event_extra.py
[2024-11-26T17:56:02.610+0000] {processor.py:914} INFO - Processing file /home/airflow/.local/lib/python3.12/site-packages/airflow/example_dags/example_outlet_event_extra.py for tasks to queue
[2024-11-26T17:56:02.612+0000] {logging_mixin.py:190} INFO - [2024-11-26T17:56:02.611+0000] {dagbag.py:588} INFO - Filling up the DagBag from /home/airflow/.local/lib/python3.12/site-packages/airflow/example_dags/example_outlet_event_extra.py
[2024-11-26T17:56:03.119+0000] {processor.py:925} INFO - DAG(s) 'dataset_with_extra_by_yield', 'dataset_with_extra_by_context', 'dataset_with_extra_from_classic_operator' retrieved from /home/airflow/.local/lib/python3.12/site-packages/airflow/example_dags/example_outlet_event_extra.py
[2024-11-26T17:56:03.138+0000] {logging_mixin.py:190} INFO - [2024-11-26T17:56:03.138+0000] {dag.py:3239} INFO - Sync 3 DAGs
[2024-11-26T17:56:03.157+0000] {logging_mixin.py:190} INFO - [2024-11-26T17:56:03.156+0000] {dag.py:4180} INFO - Setting next_dagrun for dataset_with_extra_by_context to 2024-11-25 00:00:00+00:00, run_after=2024-11-26 00:00:00+00:00
[2024-11-26T17:56:03.161+0000] {logging_mixin.py:190} INFO - [2024-11-26T17:56:03.160+0000] {dag.py:4180} INFO - Setting next_dagrun for dataset_with_extra_by_yield to 2024-11-25 00:00:00+00:00, run_after=2024-11-26 00:00:00+00:00
[2024-11-26T17:56:03.163+0000] {logging_mixin.py:190} INFO - [2024-11-26T17:56:03.163+0000] {dag.py:4180} INFO - Setting next_dagrun for dataset_with_extra_from_classic_operator to 2024-11-25 00:00:00+00:00, run_after=2024-11-26 00:00:00+00:00
[2024-11-26T17:56:03.179+0000] {processor.py:208} INFO - Processing /home/airflow/.local/lib/python3.12/site-packages/airflow/example_dags/example_outlet_event_extra.py took 0.574 seconds
[2024-11-26T17:56:33.506+0000] {processor.py:186} INFO - Started process (PID=428) to work on /home/airflow/.local/lib/python3.12/site-packages/airflow/example_dags/example_outlet_event_extra.py
[2024-11-26T17:56:33.507+0000] {processor.py:914} INFO - Processing file /home/airflow/.local/lib/python3.12/site-packages/airflow/example_dags/example_outlet_event_extra.py for tasks to queue
[2024-11-26T17:56:33.508+0000] {logging_mixin.py:190} INFO - [2024-11-26T17:56:33.508+0000] {dagbag.py:588} INFO - Filling up the DagBag from /home/airflow/.local/lib/python3.12/site-packages/airflow/example_dags/example_outlet_event_extra.py
[2024-11-26T17:56:34.013+0000] {processor.py:925} INFO - DAG(s) 'dataset_with_extra_by_context', 'dataset_with_extra_by_yield', 'dataset_with_extra_from_classic_operator' retrieved from /home/airflow/.local/lib/python3.12/site-packages/airflow/example_dags/example_outlet_event_extra.py
[2024-11-26T17:56:34.031+0000] {logging_mixin.py:190} INFO - [2024-11-26T17:56:34.031+0000] {dag.py:3239} INFO - Sync 3 DAGs
[2024-11-26T17:56:34.051+0000] {logging_mixin.py:190} INFO - [2024-11-26T17:56:34.051+0000] {dag.py:4180} INFO - Setting next_dagrun for dataset_with_extra_by_context to 2024-11-25 00:00:00+00:00, run_after=2024-11-26 00:00:00+00:00
[2024-11-26T17:56:34.055+0000] {logging_mixin.py:190} INFO - [2024-11-26T17:56:34.054+0000] {dag.py:4180} INFO - Setting next_dagrun for dataset_with_extra_by_yield to 2024-11-25 00:00:00+00:00, run_after=2024-11-26 00:00:00+00:00
[2024-11-26T17:56:34.057+0000] {logging_mixin.py:190} INFO - [2024-11-26T17:56:34.057+0000] {dag.py:4180} INFO - Setting next_dagrun for dataset_with_extra_from_classic_operator to 2024-11-25 00:00:00+00:00, run_after=2024-11-26 00:00:00+00:00
[2024-11-26T17:56:34.074+0000] {processor.py:208} INFO - Processing /home/airflow/.local/lib/python3.12/site-packages/airflow/example_dags/example_outlet_event_extra.py took 0.572 seconds
[2024-11-26T17:57:04.450+0000] {processor.py:186} INFO - Started process (PID=491) to work on /home/airflow/.local/lib/python3.12/site-packages/airflow/example_dags/example_outlet_event_extra.py
[2024-11-26T17:57:04.451+0000] {processor.py:914} INFO - Processing file /home/airflow/.local/lib/python3.12/site-packages/airflow/example_dags/example_outlet_event_extra.py for tasks to queue
[2024-11-26T17:57:04.453+0000] {logging_mixin.py:190} INFO - [2024-11-26T17:57:04.453+0000] {dagbag.py:588} INFO - Filling up the DagBag from /home/airflow/.local/lib/python3.12/site-packages/airflow/example_dags/example_outlet_event_extra.py
[2024-11-26T17:57:04.950+0000] {processor.py:925} INFO - DAG(s) 'dataset_with_extra_from_classic_operator', 'dataset_with_extra_by_context', 'dataset_with_extra_by_yield' retrieved from /home/airflow/.local/lib/python3.12/site-packages/airflow/example_dags/example_outlet_event_extra.py
[2024-11-26T17:57:04.973+0000] {logging_mixin.py:190} INFO - [2024-11-26T17:57:04.973+0000] {dag.py:3239} INFO - Sync 3 DAGs
[2024-11-26T17:57:04.992+0000] {logging_mixin.py:190} INFO - [2024-11-26T17:57:04.991+0000] {dag.py:4180} INFO - Setting next_dagrun for dataset_with_extra_by_context to 2024-11-25 00:00:00+00:00, run_after=2024-11-26 00:00:00+00:00
[2024-11-26T17:57:04.996+0000] {logging_mixin.py:190} INFO - [2024-11-26T17:57:04.996+0000] {dag.py:4180} INFO - Setting next_dagrun for dataset_with_extra_by_yield to 2024-11-25 00:00:00+00:00, run_after=2024-11-26 00:00:00+00:00
[2024-11-26T17:57:04.998+0000] {logging_mixin.py:190} INFO - [2024-11-26T17:57:04.998+0000] {dag.py:4180} INFO - Setting next_dagrun for dataset_with_extra_from_classic_operator to 2024-11-25 00:00:00+00:00, run_after=2024-11-26 00:00:00+00:00
[2024-11-26T17:57:05.015+0000] {processor.py:208} INFO - Processing /home/airflow/.local/lib/python3.12/site-packages/airflow/example_dags/example_outlet_event_extra.py took 0.568 seconds
[2024-11-26T17:57:35.397+0000] {processor.py:186} INFO - Started process (PID=554) to work on /home/airflow/.local/lib/python3.12/site-packages/airflow/example_dags/example_outlet_event_extra.py
[2024-11-26T17:57:35.413+0000] {processor.py:914} INFO - Processing file /home/airflow/.local/lib/python3.12/site-packages/airflow/example_dags/example_outlet_event_extra.py for tasks to queue
[2024-11-26T17:57:35.415+0000] {logging_mixin.py:190} INFO - [2024-11-26T17:57:35.415+0000] {dagbag.py:588} INFO - Filling up the DagBag from /home/airflow/.local/lib/python3.12/site-packages/airflow/example_dags/example_outlet_event_extra.py
[2024-11-26T17:57:35.907+0000] {processor.py:925} INFO - DAG(s) 'dataset_with_extra_by_context', 'dataset_with_extra_by_yield', 'dataset_with_extra_from_classic_operator' retrieved from /home/airflow/.local/lib/python3.12/site-packages/airflow/example_dags/example_outlet_event_extra.py
[2024-11-26T17:57:35.928+0000] {logging_mixin.py:190} INFO - [2024-11-26T17:57:35.927+0000] {dag.py:3239} INFO - Sync 3 DAGs
[2024-11-26T17:57:35.947+0000] {logging_mixin.py:190} INFO - [2024-11-26T17:57:35.947+0000] {dag.py:4180} INFO - Setting next_dagrun for dataset_with_extra_by_context to 2024-11-25 00:00:00+00:00, run_after=2024-11-26 00:00:00+00:00
[2024-11-26T17:57:35.952+0000] {logging_mixin.py:190} INFO - [2024-11-26T17:57:35.951+0000] {dag.py:4180} INFO - Setting next_dagrun for dataset_with_extra_by_yield to 2024-11-25 00:00:00+00:00, run_after=2024-11-26 00:00:00+00:00
[2024-11-26T17:57:35.954+0000] {logging_mixin.py:190} INFO - [2024-11-26T17:57:35.954+0000] {dag.py:4180} INFO - Setting next_dagrun for dataset_with_extra_from_classic_operator to 2024-11-25 00:00:00+00:00, run_after=2024-11-26 00:00:00+00:00
[2024-11-26T17:57:35.971+0000] {processor.py:208} INFO - Processing /home/airflow/.local/lib/python3.12/site-packages/airflow/example_dags/example_outlet_event_extra.py took 0.578 seconds
[2024-11-26T17:58:06.448+0000] {processor.py:186} INFO - Started process (PID=617) to work on /home/airflow/.local/lib/python3.12/site-packages/airflow/example_dags/example_outlet_event_extra.py
[2024-11-26T17:58:06.448+0000] {processor.py:914} INFO - Processing file /home/airflow/.local/lib/python3.12/site-packages/airflow/example_dags/example_outlet_event_extra.py for tasks to queue
[2024-11-26T17:58:06.450+0000] {logging_mixin.py:190} INFO - [2024-11-26T17:58:06.450+0000] {dagbag.py:588} INFO - Filling up the DagBag from /home/airflow/.local/lib/python3.12/site-packages/airflow/example_dags/example_outlet_event_extra.py
[2024-11-26T17:58:06.916+0000] {processor.py:925} INFO - DAG(s) 'dataset_with_extra_by_context', 'dataset_with_extra_by_yield', 'dataset_with_extra_from_classic_operator' retrieved from /home/airflow/.local/lib/python3.12/site-packages/airflow/example_dags/example_outlet_event_extra.py
[2024-11-26T17:58:06.935+0000] {logging_mixin.py:190} INFO - [2024-11-26T17:58:06.935+0000] {dag.py:3239} INFO - Sync 3 DAGs
[2024-11-26T17:58:06.955+0000] {logging_mixin.py:190} INFO - [2024-11-26T17:58:06.955+0000] {dag.py:4180} INFO - Setting next_dagrun for dataset_with_extra_by_context to 2024-11-25 00:00:00+00:00, run_after=2024-11-26 00:00:00+00:00
[2024-11-26T17:58:06.959+0000] {logging_mixin.py:190} INFO - [2024-11-26T17:58:06.959+0000] {dag.py:4180} INFO - Setting next_dagrun for dataset_with_extra_by_yield to 2024-11-25 00:00:00+00:00, run_after=2024-11-26 00:00:00+00:00
[2024-11-26T17:58:06.962+0000] {logging_mixin.py:190} INFO - [2024-11-26T17:58:06.961+0000] {dag.py:4180} INFO - Setting next_dagrun for dataset_with_extra_from_classic_operator to 2024-11-25 00:00:00+00:00, run_after=2024-11-26 00:00:00+00:00
[2024-11-26T17:58:06.980+0000] {processor.py:208} INFO - Processing /home/airflow/.local/lib/python3.12/site-packages/airflow/example_dags/example_outlet_event_extra.py took 0.536 seconds
[2024-11-26T17:58:37.349+0000] {processor.py:186} INFO - Started process (PID=680) to work on /home/airflow/.local/lib/python3.12/site-packages/airflow/example_dags/example_outlet_event_extra.py
[2024-11-26T17:58:37.349+0000] {processor.py:914} INFO - Processing file /home/airflow/.local/lib/python3.12/site-packages/airflow/example_dags/example_outlet_event_extra.py for tasks to queue
[2024-11-26T17:58:37.351+0000] {logging_mixin.py:190} INFO - [2024-11-26T17:58:37.351+0000] {dagbag.py:588} INFO - Filling up the DagBag from /home/airflow/.local/lib/python3.12/site-packages/airflow/example_dags/example_outlet_event_extra.py
[2024-11-26T17:58:37.799+0000] {processor.py:925} INFO - DAG(s) 'dataset_with_extra_by_context', 'dataset_with_extra_from_classic_operator', 'dataset_with_extra_by_yield' retrieved from /home/airflow/.local/lib/python3.12/site-packages/airflow/example_dags/example_outlet_event_extra.py
[2024-11-26T17:58:37.818+0000] {logging_mixin.py:190} INFO - [2024-11-26T17:58:37.818+0000] {dag.py:3239} INFO - Sync 3 DAGs
[2024-11-26T17:58:37.838+0000] {logging_mixin.py:190} INFO - [2024-11-26T17:58:37.838+0000] {dag.py:4180} INFO - Setting next_dagrun for dataset_with_extra_by_context to 2024-11-25 00:00:00+00:00, run_after=2024-11-26 00:00:00+00:00
[2024-11-26T17:58:37.842+0000] {logging_mixin.py:190} INFO - [2024-11-26T17:58:37.842+0000] {dag.py:4180} INFO - Setting next_dagrun for dataset_with_extra_by_yield to 2024-11-25 00:00:00+00:00, run_after=2024-11-26 00:00:00+00:00
[2024-11-26T17:58:37.845+0000] {logging_mixin.py:190} INFO - [2024-11-26T17:58:37.845+0000] {dag.py:4180} INFO - Setting next_dagrun for dataset_with_extra_from_classic_operator to 2024-11-25 00:00:00+00:00, run_after=2024-11-26 00:00:00+00:00
[2024-11-26T17:58:37.861+0000] {processor.py:208} INFO - Processing /home/airflow/.local/lib/python3.12/site-packages/airflow/example_dags/example_outlet_event_extra.py took 0.516 seconds
[2024-11-26T17:59:08.013+0000] {processor.py:186} INFO - Started process (PID=743) to work on /home/airflow/.local/lib/python3.12/site-packages/airflow/example_dags/example_outlet_event_extra.py
[2024-11-26T17:59:08.013+0000] {processor.py:914} INFO - Processing file /home/airflow/.local/lib/python3.12/site-packages/airflow/example_dags/example_outlet_event_extra.py for tasks to queue
[2024-11-26T17:59:08.015+0000] {logging_mixin.py:190} INFO - [2024-11-26T17:59:08.015+0000] {dagbag.py:588} INFO - Filling up the DagBag from /home/airflow/.local/lib/python3.12/site-packages/airflow/example_dags/example_outlet_event_extra.py
[2024-11-26T17:59:08.484+0000] {processor.py:925} INFO - DAG(s) 'dataset_with_extra_by_yield', 'dataset_with_extra_from_classic_operator', 'dataset_with_extra_by_context' retrieved from /home/airflow/.local/lib/python3.12/site-packages/airflow/example_dags/example_outlet_event_extra.py
[2024-11-26T17:59:08.502+0000] {logging_mixin.py:190} INFO - [2024-11-26T17:59:08.502+0000] {dag.py:3239} INFO - Sync 3 DAGs
[2024-11-26T17:59:08.523+0000] {logging_mixin.py:190} INFO - [2024-11-26T17:59:08.523+0000] {dag.py:4180} INFO - Setting next_dagrun for dataset_with_extra_by_context to 2024-11-25 00:00:00+00:00, run_after=2024-11-26 00:00:00+00:00
[2024-11-26T17:59:08.526+0000] {logging_mixin.py:190} INFO - [2024-11-26T17:59:08.526+0000] {dag.py:4180} INFO - Setting next_dagrun for dataset_with_extra_by_yield to 2024-11-25 00:00:00+00:00, run_after=2024-11-26 00:00:00+00:00
[2024-11-26T17:59:08.529+0000] {logging_mixin.py:190} INFO - [2024-11-26T17:59:08.529+0000] {dag.py:4180} INFO - Setting next_dagrun for dataset_with_extra_from_classic_operator to 2024-11-25 00:00:00+00:00, run_after=2024-11-26 00:00:00+00:00
[2024-11-26T17:59:08.544+0000] {processor.py:208} INFO - Processing /home/airflow/.local/lib/python3.12/site-packages/airflow/example_dags/example_outlet_event_extra.py took 0.535 seconds
[2024-11-26T18:06:08.361+0000] {processor.py:186} INFO - Started process (PID=104) to work on /home/airflow/.local/lib/python3.12/site-packages/airflow/example_dags/example_outlet_event_extra.py
[2024-11-26T18:06:08.362+0000] {processor.py:914} INFO - Processing file /home/airflow/.local/lib/python3.12/site-packages/airflow/example_dags/example_outlet_event_extra.py for tasks to queue
[2024-11-26T18:06:08.364+0000] {logging_mixin.py:190} INFO - [2024-11-26T18:06:08.364+0000] {dagbag.py:588} INFO - Filling up the DagBag from /home/airflow/.local/lib/python3.12/site-packages/airflow/example_dags/example_outlet_event_extra.py
[2024-11-26T18:06:08.894+0000] {processor.py:925} INFO - DAG(s) 'dataset_with_extra_from_classic_operator', 'dataset_with_extra_by_yield', 'dataset_with_extra_by_context' retrieved from /home/airflow/.local/lib/python3.12/site-packages/airflow/example_dags/example_outlet_event_extra.py
[2024-11-26T18:06:08.917+0000] {logging_mixin.py:190} INFO - [2024-11-26T18:06:08.917+0000] {dag.py:3239} INFO - Sync 3 DAGs
[2024-11-26T18:06:08.940+0000] {logging_mixin.py:190} INFO - [2024-11-26T18:06:08.940+0000] {dag.py:4180} INFO - Setting next_dagrun for dataset_with_extra_by_context to 2024-11-25 00:00:00+00:00, run_after=2024-11-26 00:00:00+00:00
[2024-11-26T18:06:08.945+0000] {logging_mixin.py:190} INFO - [2024-11-26T18:06:08.945+0000] {dag.py:4180} INFO - Setting next_dagrun for dataset_with_extra_by_yield to 2024-11-25 00:00:00+00:00, run_after=2024-11-26 00:00:00+00:00
[2024-11-26T18:06:08.947+0000] {logging_mixin.py:190} INFO - [2024-11-26T18:06:08.947+0000] {dag.py:4180} INFO - Setting next_dagrun for dataset_with_extra_from_classic_operator to 2024-11-25 00:00:00+00:00, run_after=2024-11-26 00:00:00+00:00
[2024-11-26T18:06:08.967+0000] {processor.py:208} INFO - Processing /home/airflow/.local/lib/python3.12/site-packages/airflow/example_dags/example_outlet_event_extra.py took 0.610 seconds
[2024-11-26T18:06:39.422+0000] {processor.py:186} INFO - Started process (PID=168) to work on /home/airflow/.local/lib/python3.12/site-packages/airflow/example_dags/example_outlet_event_extra.py
[2024-11-26T18:06:39.422+0000] {processor.py:914} INFO - Processing file /home/airflow/.local/lib/python3.12/site-packages/airflow/example_dags/example_outlet_event_extra.py for tasks to queue
[2024-11-26T18:06:39.424+0000] {logging_mixin.py:190} INFO - [2024-11-26T18:06:39.424+0000] {dagbag.py:588} INFO - Filling up the DagBag from /home/airflow/.local/lib/python3.12/site-packages/airflow/example_dags/example_outlet_event_extra.py
[2024-11-26T18:06:39.878+0000] {processor.py:925} INFO - DAG(s) 'dataset_with_extra_by_yield', 'dataset_with_extra_from_classic_operator', 'dataset_with_extra_by_context' retrieved from /home/airflow/.local/lib/python3.12/site-packages/airflow/example_dags/example_outlet_event_extra.py
[2024-11-26T18:06:39.896+0000] {logging_mixin.py:190} INFO - [2024-11-26T18:06:39.896+0000] {dag.py:3239} INFO - Sync 3 DAGs
[2024-11-26T18:06:39.916+0000] {logging_mixin.py:190} INFO - [2024-11-26T18:06:39.916+0000] {dag.py:4180} INFO - Setting next_dagrun for dataset_with_extra_by_context to 2024-11-25 00:00:00+00:00, run_after=2024-11-26 00:00:00+00:00
[2024-11-26T18:06:39.920+0000] {logging_mixin.py:190} INFO - [2024-11-26T18:06:39.920+0000] {dag.py:4180} INFO - Setting next_dagrun for dataset_with_extra_by_yield to 2024-11-25 00:00:00+00:00, run_after=2024-11-26 00:00:00+00:00
[2024-11-26T18:06:39.922+0000] {logging_mixin.py:190} INFO - [2024-11-26T18:06:39.922+0000] {dag.py:4180} INFO - Setting next_dagrun for dataset_with_extra_from_classic_operator to 2024-11-25 00:00:00+00:00, run_after=2024-11-26 00:00:00+00:00
[2024-11-26T18:06:39.947+0000] {processor.py:208} INFO - Processing /home/airflow/.local/lib/python3.12/site-packages/airflow/example_dags/example_outlet_event_extra.py took 0.529 seconds
[2024-11-26T18:07:10.506+0000] {processor.py:186} INFO - Started process (PID=232) to work on /home/airflow/.local/lib/python3.12/site-packages/airflow/example_dags/example_outlet_event_extra.py
[2024-11-26T18:07:10.507+0000] {processor.py:914} INFO - Processing file /home/airflow/.local/lib/python3.12/site-packages/airflow/example_dags/example_outlet_event_extra.py for tasks to queue
[2024-11-26T18:07:10.509+0000] {logging_mixin.py:190} INFO - [2024-11-26T18:07:10.508+0000] {dagbag.py:588} INFO - Filling up the DagBag from /home/airflow/.local/lib/python3.12/site-packages/airflow/example_dags/example_outlet_event_extra.py
[2024-11-26T18:07:10.964+0000] {processor.py:925} INFO - DAG(s) 'dataset_with_extra_from_classic_operator', 'dataset_with_extra_by_yield', 'dataset_with_extra_by_context' retrieved from /home/airflow/.local/lib/python3.12/site-packages/airflow/example_dags/example_outlet_event_extra.py
[2024-11-26T18:07:10.982+0000] {logging_mixin.py:190} INFO - [2024-11-26T18:07:10.982+0000] {dag.py:3239} INFO - Sync 3 DAGs
[2024-11-26T18:07:11.001+0000] {logging_mixin.py:190} INFO - [2024-11-26T18:07:11.001+0000] {dag.py:4180} INFO - Setting next_dagrun for dataset_with_extra_by_context to 2024-11-25 00:00:00+00:00, run_after=2024-11-26 00:00:00+00:00
[2024-11-26T18:07:11.005+0000] {logging_mixin.py:190} INFO - [2024-11-26T18:07:11.005+0000] {dag.py:4180} INFO - Setting next_dagrun for dataset_with_extra_by_yield to 2024-11-25 00:00:00+00:00, run_after=2024-11-26 00:00:00+00:00
[2024-11-26T18:07:11.008+0000] {logging_mixin.py:190} INFO - [2024-11-26T18:07:11.008+0000] {dag.py:4180} INFO - Setting next_dagrun for dataset_with_extra_from_classic_operator to 2024-11-25 00:00:00+00:00, run_after=2024-11-26 00:00:00+00:00
[2024-11-26T18:07:11.023+0000] {processor.py:208} INFO - Processing /home/airflow/.local/lib/python3.12/site-packages/airflow/example_dags/example_outlet_event_extra.py took 0.521 seconds
[2024-11-26T18:07:41.110+0000] {processor.py:186} INFO - Started process (PID=296) to work on /home/airflow/.local/lib/python3.12/site-packages/airflow/example_dags/example_outlet_event_extra.py
[2024-11-26T18:07:41.111+0000] {processor.py:914} INFO - Processing file /home/airflow/.local/lib/python3.12/site-packages/airflow/example_dags/example_outlet_event_extra.py for tasks to queue
[2024-11-26T18:07:41.112+0000] {logging_mixin.py:190} INFO - [2024-11-26T18:07:41.112+0000] {dagbag.py:588} INFO - Filling up the DagBag from /home/airflow/.local/lib/python3.12/site-packages/airflow/example_dags/example_outlet_event_extra.py
[2024-11-26T18:07:41.584+0000] {processor.py:925} INFO - DAG(s) 'dataset_with_extra_by_yield', 'dataset_with_extra_from_classic_operator', 'dataset_with_extra_by_context' retrieved from /home/airflow/.local/lib/python3.12/site-packages/airflow/example_dags/example_outlet_event_extra.py
[2024-11-26T18:07:41.602+0000] {logging_mixin.py:190} INFO - [2024-11-26T18:07:41.602+0000] {dag.py:3239} INFO - Sync 3 DAGs
[2024-11-26T18:07:41.620+0000] {logging_mixin.py:190} INFO - [2024-11-26T18:07:41.620+0000] {dag.py:4180} INFO - Setting next_dagrun for dataset_with_extra_by_context to 2024-11-25 00:00:00+00:00, run_after=2024-11-26 00:00:00+00:00
[2024-11-26T18:07:41.624+0000] {logging_mixin.py:190} INFO - [2024-11-26T18:07:41.624+0000] {dag.py:4180} INFO - Setting next_dagrun for dataset_with_extra_by_yield to 2024-11-25 00:00:00+00:00, run_after=2024-11-26 00:00:00+00:00
[2024-11-26T18:07:41.626+0000] {logging_mixin.py:190} INFO - [2024-11-26T18:07:41.626+0000] {dag.py:4180} INFO - Setting next_dagrun for dataset_with_extra_from_classic_operator to 2024-11-25 00:00:00+00:00, run_after=2024-11-26 00:00:00+00:00
[2024-11-26T18:07:41.642+0000] {processor.py:208} INFO - Processing /home/airflow/.local/lib/python3.12/site-packages/airflow/example_dags/example_outlet_event_extra.py took 0.536 seconds
[2024-11-26T18:08:12.180+0000] {processor.py:186} INFO - Started process (PID=360) to work on /home/airflow/.local/lib/python3.12/site-packages/airflow/example_dags/example_outlet_event_extra.py
[2024-11-26T18:08:12.181+0000] {processor.py:914} INFO - Processing file /home/airflow/.local/lib/python3.12/site-packages/airflow/example_dags/example_outlet_event_extra.py for tasks to queue
[2024-11-26T18:08:12.182+0000] {logging_mixin.py:190} INFO - [2024-11-26T18:08:12.182+0000] {dagbag.py:588} INFO - Filling up the DagBag from /home/airflow/.local/lib/python3.12/site-packages/airflow/example_dags/example_outlet_event_extra.py
[2024-11-26T18:08:12.639+0000] {processor.py:925} INFO - DAG(s) 'dataset_with_extra_by_yield', 'dataset_with_extra_by_context', 'dataset_with_extra_from_classic_operator' retrieved from /home/airflow/.local/lib/python3.12/site-packages/airflow/example_dags/example_outlet_event_extra.py
[2024-11-26T18:08:12.658+0000] {logging_mixin.py:190} INFO - [2024-11-26T18:08:12.658+0000] {dag.py:3239} INFO - Sync 3 DAGs
[2024-11-26T18:08:12.676+0000] {logging_mixin.py:190} INFO - [2024-11-26T18:08:12.676+0000] {dag.py:4180} INFO - Setting next_dagrun for dataset_with_extra_by_context to 2024-11-25 00:00:00+00:00, run_after=2024-11-26 00:00:00+00:00
[2024-11-26T18:08:12.681+0000] {logging_mixin.py:190} INFO - [2024-11-26T18:08:12.681+0000] {dag.py:4180} INFO - Setting next_dagrun for dataset_with_extra_by_yield to 2024-11-25 00:00:00+00:00, run_after=2024-11-26 00:00:00+00:00
[2024-11-26T18:08:12.683+0000] {logging_mixin.py:190} INFO - [2024-11-26T18:08:12.683+0000] {dag.py:4180} INFO - Setting next_dagrun for dataset_with_extra_from_classic_operator to 2024-11-25 00:00:00+00:00, run_after=2024-11-26 00:00:00+00:00
[2024-11-26T18:08:12.698+0000] {processor.py:208} INFO - Processing /home/airflow/.local/lib/python3.12/site-packages/airflow/example_dags/example_outlet_event_extra.py took 0.522 seconds
[2024-11-26T18:08:43.015+0000] {processor.py:186} INFO - Started process (PID=425) to work on /home/airflow/.local/lib/python3.12/site-packages/airflow/example_dags/example_outlet_event_extra.py
[2024-11-26T18:08:43.016+0000] {processor.py:914} INFO - Processing file /home/airflow/.local/lib/python3.12/site-packages/airflow/example_dags/example_outlet_event_extra.py for tasks to queue
[2024-11-26T18:08:43.017+0000] {logging_mixin.py:190} INFO - [2024-11-26T18:08:43.017+0000] {dagbag.py:588} INFO - Filling up the DagBag from /home/airflow/.local/lib/python3.12/site-packages/airflow/example_dags/example_outlet_event_extra.py
[2024-11-26T18:08:43.472+0000] {processor.py:925} INFO - DAG(s) 'dataset_with_extra_from_classic_operator', 'dataset_with_extra_by_context', 'dataset_with_extra_by_yield' retrieved from /home/airflow/.local/lib/python3.12/site-packages/airflow/example_dags/example_outlet_event_extra.py
[2024-11-26T18:08:43.490+0000] {logging_mixin.py:190} INFO - [2024-11-26T18:08:43.490+0000] {dag.py:3239} INFO - Sync 3 DAGs
[2024-11-26T18:08:43.508+0000] {logging_mixin.py:190} INFO - [2024-11-26T18:08:43.508+0000] {dag.py:4180} INFO - Setting next_dagrun for dataset_with_extra_by_context to 2024-11-25 00:00:00+00:00, run_after=2024-11-26 00:00:00+00:00
[2024-11-26T18:08:43.512+0000] {logging_mixin.py:190} INFO - [2024-11-26T18:08:43.512+0000] {dag.py:4180} INFO - Setting next_dagrun for dataset_with_extra_by_yield to 2024-11-25 00:00:00+00:00, run_after=2024-11-26 00:00:00+00:00
[2024-11-26T18:08:43.517+0000] {logging_mixin.py:190} INFO - [2024-11-26T18:08:43.516+0000] {dag.py:4180} INFO - Setting next_dagrun for dataset_with_extra_from_classic_operator to 2024-11-25 00:00:00+00:00, run_after=2024-11-26 00:00:00+00:00
[2024-11-26T18:08:43.532+0000] {processor.py:208} INFO - Processing /home/airflow/.local/lib/python3.12/site-packages/airflow/example_dags/example_outlet_event_extra.py took 0.524 seconds
[2024-11-26T18:09:14.048+0000] {processor.py:186} INFO - Started process (PID=492) to work on /home/airflow/.local/lib/python3.12/site-packages/airflow/example_dags/example_outlet_event_extra.py
[2024-11-26T18:09:14.048+0000] {processor.py:914} INFO - Processing file /home/airflow/.local/lib/python3.12/site-packages/airflow/example_dags/example_outlet_event_extra.py for tasks to queue
[2024-11-26T18:09:14.050+0000] {logging_mixin.py:190} INFO - [2024-11-26T18:09:14.050+0000] {dagbag.py:588} INFO - Filling up the DagBag from /home/airflow/.local/lib/python3.12/site-packages/airflow/example_dags/example_outlet_event_extra.py
[2024-11-26T18:09:14.550+0000] {processor.py:925} INFO - DAG(s) 'dataset_with_extra_by_yield', 'dataset_with_extra_by_context', 'dataset_with_extra_from_classic_operator' retrieved from /home/airflow/.local/lib/python3.12/site-packages/airflow/example_dags/example_outlet_event_extra.py
[2024-11-26T18:09:14.576+0000] {logging_mixin.py:190} INFO - [2024-11-26T18:09:14.576+0000] {dag.py:3239} INFO - Sync 3 DAGs
[2024-11-26T18:09:14.598+0000] {logging_mixin.py:190} INFO - [2024-11-26T18:09:14.598+0000] {dag.py:4180} INFO - Setting next_dagrun for dataset_with_extra_by_context to 2024-11-25 00:00:00+00:00, run_after=2024-11-26 00:00:00+00:00
[2024-11-26T18:09:14.603+0000] {logging_mixin.py:190} INFO - [2024-11-26T18:09:14.603+0000] {dag.py:4180} INFO - Setting next_dagrun for dataset_with_extra_by_yield to 2024-11-25 00:00:00+00:00, run_after=2024-11-26 00:00:00+00:00
[2024-11-26T18:09:14.606+0000] {logging_mixin.py:190} INFO - [2024-11-26T18:09:14.606+0000] {dag.py:4180} INFO - Setting next_dagrun for dataset_with_extra_from_classic_operator to 2024-11-25 00:00:00+00:00, run_after=2024-11-26 00:00:00+00:00
[2024-11-26T18:09:14.628+0000] {processor.py:208} INFO - Processing /home/airflow/.local/lib/python3.12/site-packages/airflow/example_dags/example_outlet_event_extra.py took 0.586 seconds
[2024-11-26T18:09:45.022+0000] {processor.py:186} INFO - Started process (PID=557) to work on /home/airflow/.local/lib/python3.12/site-packages/airflow/example_dags/example_outlet_event_extra.py
[2024-11-26T18:09:45.023+0000] {processor.py:914} INFO - Processing file /home/airflow/.local/lib/python3.12/site-packages/airflow/example_dags/example_outlet_event_extra.py for tasks to queue
[2024-11-26T18:09:45.024+0000] {logging_mixin.py:190} INFO - [2024-11-26T18:09:45.024+0000] {dagbag.py:588} INFO - Filling up the DagBag from /home/airflow/.local/lib/python3.12/site-packages/airflow/example_dags/example_outlet_event_extra.py
[2024-11-26T18:09:45.482+0000] {processor.py:925} INFO - DAG(s) 'dataset_with_extra_by_context', 'dataset_with_extra_from_classic_operator', 'dataset_with_extra_by_yield' retrieved from /home/airflow/.local/lib/python3.12/site-packages/airflow/example_dags/example_outlet_event_extra.py
[2024-11-26T18:09:45.501+0000] {logging_mixin.py:190} INFO - [2024-11-26T18:09:45.501+0000] {dag.py:3239} INFO - Sync 3 DAGs
[2024-11-26T18:09:45.521+0000] {logging_mixin.py:190} INFO - [2024-11-26T18:09:45.521+0000] {dag.py:4180} INFO - Setting next_dagrun for dataset_with_extra_by_context to 2024-11-25 00:00:00+00:00, run_after=2024-11-26 00:00:00+00:00
[2024-11-26T18:09:45.525+0000] {logging_mixin.py:190} INFO - [2024-11-26T18:09:45.525+0000] {dag.py:4180} INFO - Setting next_dagrun for dataset_with_extra_by_yield to 2024-11-25 00:00:00+00:00, run_after=2024-11-26 00:00:00+00:00
[2024-11-26T18:09:45.528+0000] {logging_mixin.py:190} INFO - [2024-11-26T18:09:45.528+0000] {dag.py:4180} INFO - Setting next_dagrun for dataset_with_extra_from_classic_operator to 2024-11-25 00:00:00+00:00, run_after=2024-11-26 00:00:00+00:00
[2024-11-26T18:09:45.544+0000] {processor.py:208} INFO - Processing /home/airflow/.local/lib/python3.12/site-packages/airflow/example_dags/example_outlet_event_extra.py took 0.526 seconds
[2024-11-26T18:10:15.870+0000] {processor.py:186} INFO - Started process (PID=618) to work on /home/airflow/.local/lib/python3.12/site-packages/airflow/example_dags/example_outlet_event_extra.py
[2024-11-26T18:10:15.871+0000] {processor.py:914} INFO - Processing file /home/airflow/.local/lib/python3.12/site-packages/airflow/example_dags/example_outlet_event_extra.py for tasks to queue
[2024-11-26T18:10:15.872+0000] {logging_mixin.py:190} INFO - [2024-11-26T18:10:15.872+0000] {dagbag.py:588} INFO - Filling up the DagBag from /home/airflow/.local/lib/python3.12/site-packages/airflow/example_dags/example_outlet_event_extra.py
[2024-11-26T18:10:16.469+0000] {processor.py:925} INFO - DAG(s) 'dataset_with_extra_from_classic_operator', 'dataset_with_extra_by_context', 'dataset_with_extra_by_yield' retrieved from /home/airflow/.local/lib/python3.12/site-packages/airflow/example_dags/example_outlet_event_extra.py
[2024-11-26T18:10:16.490+0000] {logging_mixin.py:190} INFO - [2024-11-26T18:10:16.490+0000] {dag.py:3239} INFO - Sync 3 DAGs
[2024-11-26T18:10:16.511+0000] {logging_mixin.py:190} INFO - [2024-11-26T18:10:16.511+0000] {dag.py:4180} INFO - Setting next_dagrun for dataset_with_extra_by_context to 2024-11-25 00:00:00+00:00, run_after=2024-11-26 00:00:00+00:00
[2024-11-26T18:10:16.516+0000] {logging_mixin.py:190} INFO - [2024-11-26T18:10:16.516+0000] {dag.py:4180} INFO - Setting next_dagrun for dataset_with_extra_by_yield to 2024-11-25 00:00:00+00:00, run_after=2024-11-26 00:00:00+00:00
[2024-11-26T18:10:16.520+0000] {logging_mixin.py:190} INFO - [2024-11-26T18:10:16.520+0000] {dag.py:4180} INFO - Setting next_dagrun for dataset_with_extra_from_classic_operator to 2024-11-25 00:00:00+00:00, run_after=2024-11-26 00:00:00+00:00
[2024-11-26T18:10:16.541+0000] {processor.py:208} INFO - Processing /home/airflow/.local/lib/python3.12/site-packages/airflow/example_dags/example_outlet_event_extra.py took 0.677 seconds
[2024-11-26T18:10:46.925+0000] {processor.py:186} INFO - Started process (PID=683) to work on /home/airflow/.local/lib/python3.12/site-packages/airflow/example_dags/example_outlet_event_extra.py
[2024-11-26T18:10:46.926+0000] {processor.py:914} INFO - Processing file /home/airflow/.local/lib/python3.12/site-packages/airflow/example_dags/example_outlet_event_extra.py for tasks to queue
[2024-11-26T18:10:46.926+0000] {logging_mixin.py:190} INFO - [2024-11-26T18:10:46.926+0000] {dagbag.py:588} INFO - Filling up the DagBag from /home/airflow/.local/lib/python3.12/site-packages/airflow/example_dags/example_outlet_event_extra.py
[2024-11-26T18:10:47.356+0000] {processor.py:925} INFO - DAG(s) 'dataset_with_extra_by_yield', 'dataset_with_extra_from_classic_operator', 'dataset_with_extra_by_context' retrieved from /home/airflow/.local/lib/python3.12/site-packages/airflow/example_dags/example_outlet_event_extra.py
[2024-11-26T18:10:47.374+0000] {logging_mixin.py:190} INFO - [2024-11-26T18:10:47.374+0000] {dag.py:3239} INFO - Sync 3 DAGs
[2024-11-26T18:10:47.393+0000] {logging_mixin.py:190} INFO - [2024-11-26T18:10:47.393+0000] {dag.py:4180} INFO - Setting next_dagrun for dataset_with_extra_by_context to 2024-11-25 00:00:00+00:00, run_after=2024-11-26 00:00:00+00:00
[2024-11-26T18:10:47.397+0000] {logging_mixin.py:190} INFO - [2024-11-26T18:10:47.397+0000] {dag.py:4180} INFO - Setting next_dagrun for dataset_with_extra_by_yield to 2024-11-25 00:00:00+00:00, run_after=2024-11-26 00:00:00+00:00
[2024-11-26T18:10:47.399+0000] {logging_mixin.py:190} INFO - [2024-11-26T18:10:47.399+0000] {dag.py:4180} INFO - Setting next_dagrun for dataset_with_extra_from_classic_operator to 2024-11-25 00:00:00+00:00, run_after=2024-11-26 00:00:00+00:00
[2024-11-26T18:10:47.413+0000] {processor.py:208} INFO - Processing /home/airflow/.local/lib/python3.12/site-packages/airflow/example_dags/example_outlet_event_extra.py took 0.492 seconds
[2024-11-26T18:11:17.946+0000] {processor.py:186} INFO - Started process (PID=747) to work on /home/airflow/.local/lib/python3.12/site-packages/airflow/example_dags/example_outlet_event_extra.py
[2024-11-26T18:11:17.947+0000] {processor.py:914} INFO - Processing file /home/airflow/.local/lib/python3.12/site-packages/airflow/example_dags/example_outlet_event_extra.py for tasks to queue
[2024-11-26T18:11:17.948+0000] {logging_mixin.py:190} INFO - [2024-11-26T18:11:17.947+0000] {dagbag.py:588} INFO - Filling up the DagBag from /home/airflow/.local/lib/python3.12/site-packages/airflow/example_dags/example_outlet_event_extra.py
[2024-11-26T18:11:18.426+0000] {processor.py:925} INFO - DAG(s) 'dataset_with_extra_by_context', 'dataset_with_extra_by_yield', 'dataset_with_extra_from_classic_operator' retrieved from /home/airflow/.local/lib/python3.12/site-packages/airflow/example_dags/example_outlet_event_extra.py
[2024-11-26T18:11:18.455+0000] {logging_mixin.py:190} INFO - [2024-11-26T18:11:18.455+0000] {dag.py:3239} INFO - Sync 3 DAGs
[2024-11-26T18:11:18.488+0000] {logging_mixin.py:190} INFO - [2024-11-26T18:11:18.487+0000] {dag.py:4180} INFO - Setting next_dagrun for dataset_with_extra_by_context to 2024-11-25 00:00:00+00:00, run_after=2024-11-26 00:00:00+00:00
[2024-11-26T18:11:18.494+0000] {logging_mixin.py:190} INFO - [2024-11-26T18:11:18.493+0000] {dag.py:4180} INFO - Setting next_dagrun for dataset_with_extra_by_yield to 2024-11-25 00:00:00+00:00, run_after=2024-11-26 00:00:00+00:00
[2024-11-26T18:11:18.496+0000] {logging_mixin.py:190} INFO - [2024-11-26T18:11:18.496+0000] {dag.py:4180} INFO - Setting next_dagrun for dataset_with_extra_from_classic_operator to 2024-11-25 00:00:00+00:00, run_after=2024-11-26 00:00:00+00:00
[2024-11-26T18:11:18.520+0000] {processor.py:208} INFO - Processing /home/airflow/.local/lib/python3.12/site-packages/airflow/example_dags/example_outlet_event_extra.py took 0.579 seconds
[2024-11-26T18:12:33.219+0000] {processor.py:186} INFO - Started process (PID=98) to work on /home/airflow/.local/lib/python3.12/site-packages/airflow/example_dags/example_outlet_event_extra.py
[2024-11-26T18:12:33.220+0000] {processor.py:914} INFO - Processing file /home/airflow/.local/lib/python3.12/site-packages/airflow/example_dags/example_outlet_event_extra.py for tasks to queue
[2024-11-26T18:12:33.222+0000] {logging_mixin.py:190} INFO - [2024-11-26T18:12:33.222+0000] {dagbag.py:588} INFO - Filling up the DagBag from /home/airflow/.local/lib/python3.12/site-packages/airflow/example_dags/example_outlet_event_extra.py
[2024-11-26T18:12:33.676+0000] {processor.py:925} INFO - DAG(s) 'dataset_with_extra_by_yield', 'dataset_with_extra_from_classic_operator', 'dataset_with_extra_by_context' retrieved from /home/airflow/.local/lib/python3.12/site-packages/airflow/example_dags/example_outlet_event_extra.py
[2024-11-26T18:12:33.696+0000] {logging_mixin.py:190} INFO - [2024-11-26T18:12:33.696+0000] {dag.py:3239} INFO - Sync 3 DAGs
[2024-11-26T18:12:33.717+0000] {logging_mixin.py:190} INFO - [2024-11-26T18:12:33.717+0000] {dag.py:4180} INFO - Setting next_dagrun for dataset_with_extra_by_context to 2024-11-25 00:00:00+00:00, run_after=2024-11-26 00:00:00+00:00
[2024-11-26T18:12:33.721+0000] {logging_mixin.py:190} INFO - [2024-11-26T18:12:33.721+0000] {dag.py:4180} INFO - Setting next_dagrun for dataset_with_extra_by_yield to 2024-11-25 00:00:00+00:00, run_after=2024-11-26 00:00:00+00:00
[2024-11-26T18:12:33.723+0000] {logging_mixin.py:190} INFO - [2024-11-26T18:12:33.723+0000] {dag.py:4180} INFO - Setting next_dagrun for dataset_with_extra_from_classic_operator to 2024-11-25 00:00:00+00:00, run_after=2024-11-26 00:00:00+00:00
[2024-11-26T18:12:33.739+0000] {processor.py:208} INFO - Processing /home/airflow/.local/lib/python3.12/site-packages/airflow/example_dags/example_outlet_event_extra.py took 0.524 seconds
[2024-11-26T18:13:04.064+0000] {processor.py:186} INFO - Started process (PID=162) to work on /home/airflow/.local/lib/python3.12/site-packages/airflow/example_dags/example_outlet_event_extra.py
[2024-11-26T18:13:04.064+0000] {processor.py:914} INFO - Processing file /home/airflow/.local/lib/python3.12/site-packages/airflow/example_dags/example_outlet_event_extra.py for tasks to queue
[2024-11-26T18:13:04.066+0000] {logging_mixin.py:190} INFO - [2024-11-26T18:13:04.066+0000] {dagbag.py:588} INFO - Filling up the DagBag from /home/airflow/.local/lib/python3.12/site-packages/airflow/example_dags/example_outlet_event_extra.py
[2024-11-26T18:13:04.527+0000] {processor.py:925} INFO - DAG(s) 'dataset_with_extra_from_classic_operator', 'dataset_with_extra_by_context', 'dataset_with_extra_by_yield' retrieved from /home/airflow/.local/lib/python3.12/site-packages/airflow/example_dags/example_outlet_event_extra.py
[2024-11-26T18:13:04.548+0000] {logging_mixin.py:190} INFO - [2024-11-26T18:13:04.548+0000] {dag.py:3239} INFO - Sync 3 DAGs
[2024-11-26T18:13:04.570+0000] {logging_mixin.py:190} INFO - [2024-11-26T18:13:04.570+0000] {dag.py:4180} INFO - Setting next_dagrun for dataset_with_extra_by_context to 2024-11-25 00:00:00+00:00, run_after=2024-11-26 00:00:00+00:00
[2024-11-26T18:13:04.575+0000] {logging_mixin.py:190} INFO - [2024-11-26T18:13:04.574+0000] {dag.py:4180} INFO - Setting next_dagrun for dataset_with_extra_by_yield to 2024-11-25 00:00:00+00:00, run_after=2024-11-26 00:00:00+00:00
[2024-11-26T18:13:04.577+0000] {logging_mixin.py:190} INFO - [2024-11-26T18:13:04.577+0000] {dag.py:4180} INFO - Setting next_dagrun for dataset_with_extra_from_classic_operator to 2024-11-25 00:00:00+00:00, run_after=2024-11-26 00:00:00+00:00
[2024-11-26T18:13:04.596+0000] {processor.py:208} INFO - Processing /home/airflow/.local/lib/python3.12/site-packages/airflow/example_dags/example_outlet_event_extra.py took 0.536 seconds
[2024-11-26T18:13:34.822+0000] {processor.py:186} INFO - Started process (PID=226) to work on /home/airflow/.local/lib/python3.12/site-packages/airflow/example_dags/example_outlet_event_extra.py
[2024-11-26T18:13:34.823+0000] {processor.py:914} INFO - Processing file /home/airflow/.local/lib/python3.12/site-packages/airflow/example_dags/example_outlet_event_extra.py for tasks to queue
[2024-11-26T18:13:34.825+0000] {logging_mixin.py:190} INFO - [2024-11-26T18:13:34.824+0000] {dagbag.py:588} INFO - Filling up the DagBag from /home/airflow/.local/lib/python3.12/site-packages/airflow/example_dags/example_outlet_event_extra.py
[2024-11-26T18:13:35.305+0000] {processor.py:925} INFO - DAG(s) 'dataset_with_extra_from_classic_operator', 'dataset_with_extra_by_context', 'dataset_with_extra_by_yield' retrieved from /home/airflow/.local/lib/python3.12/site-packages/airflow/example_dags/example_outlet_event_extra.py
[2024-11-26T18:13:35.326+0000] {logging_mixin.py:190} INFO - [2024-11-26T18:13:35.325+0000] {dag.py:3239} INFO - Sync 3 DAGs
[2024-11-26T18:13:35.346+0000] {logging_mixin.py:190} INFO - [2024-11-26T18:13:35.346+0000] {dag.py:4180} INFO - Setting next_dagrun for dataset_with_extra_by_context to 2024-11-25 00:00:00+00:00, run_after=2024-11-26 00:00:00+00:00
[2024-11-26T18:13:35.350+0000] {logging_mixin.py:190} INFO - [2024-11-26T18:13:35.350+0000] {dag.py:4180} INFO - Setting next_dagrun for dataset_with_extra_by_yield to 2024-11-25 00:00:00+00:00, run_after=2024-11-26 00:00:00+00:00
[2024-11-26T18:13:35.352+0000] {logging_mixin.py:190} INFO - [2024-11-26T18:13:35.352+0000] {dag.py:4180} INFO - Setting next_dagrun for dataset_with_extra_from_classic_operator to 2024-11-25 00:00:00+00:00, run_after=2024-11-26 00:00:00+00:00
[2024-11-26T18:13:35.368+0000] {processor.py:208} INFO - Processing /home/airflow/.local/lib/python3.12/site-packages/airflow/example_dags/example_outlet_event_extra.py took 0.549 seconds
[2024-11-26T18:14:05.903+0000] {processor.py:186} INFO - Started process (PID=290) to work on /home/airflow/.local/lib/python3.12/site-packages/airflow/example_dags/example_outlet_event_extra.py
[2024-11-26T18:14:05.903+0000] {processor.py:914} INFO - Processing file /home/airflow/.local/lib/python3.12/site-packages/airflow/example_dags/example_outlet_event_extra.py for tasks to queue
[2024-11-26T18:14:05.905+0000] {logging_mixin.py:190} INFO - [2024-11-26T18:14:05.905+0000] {dagbag.py:588} INFO - Filling up the DagBag from /home/airflow/.local/lib/python3.12/site-packages/airflow/example_dags/example_outlet_event_extra.py
[2024-11-26T18:14:06.409+0000] {processor.py:925} INFO - DAG(s) 'dataset_with_extra_by_context', 'dataset_with_extra_by_yield', 'dataset_with_extra_from_classic_operator' retrieved from /home/airflow/.local/lib/python3.12/site-packages/airflow/example_dags/example_outlet_event_extra.py
[2024-11-26T18:14:06.431+0000] {logging_mixin.py:190} INFO - [2024-11-26T18:14:06.431+0000] {dag.py:3239} INFO - Sync 3 DAGs
[2024-11-26T18:14:06.453+0000] {logging_mixin.py:190} INFO - [2024-11-26T18:14:06.453+0000] {dag.py:4180} INFO - Setting next_dagrun for dataset_with_extra_by_context to 2024-11-25 00:00:00+00:00, run_after=2024-11-26 00:00:00+00:00
[2024-11-26T18:14:06.457+0000] {logging_mixin.py:190} INFO - [2024-11-26T18:14:06.457+0000] {dag.py:4180} INFO - Setting next_dagrun for dataset_with_extra_by_yield to 2024-11-25 00:00:00+00:00, run_after=2024-11-26 00:00:00+00:00
[2024-11-26T18:14:06.460+0000] {logging_mixin.py:190} INFO - [2024-11-26T18:14:06.460+0000] {dag.py:4180} INFO - Setting next_dagrun for dataset_with_extra_from_classic_operator to 2024-11-25 00:00:00+00:00, run_after=2024-11-26 00:00:00+00:00
[2024-11-26T18:14:06.479+0000] {processor.py:208} INFO - Processing /home/airflow/.local/lib/python3.12/site-packages/airflow/example_dags/example_outlet_event_extra.py took 0.580 seconds
[2024-11-26T18:14:36.837+0000] {processor.py:186} INFO - Started process (PID=354) to work on /home/airflow/.local/lib/python3.12/site-packages/airflow/example_dags/example_outlet_event_extra.py
[2024-11-26T18:14:36.838+0000] {processor.py:914} INFO - Processing file /home/airflow/.local/lib/python3.12/site-packages/airflow/example_dags/example_outlet_event_extra.py for tasks to queue
[2024-11-26T18:14:36.840+0000] {logging_mixin.py:190} INFO - [2024-11-26T18:14:36.840+0000] {dagbag.py:588} INFO - Filling up the DagBag from /home/airflow/.local/lib/python3.12/site-packages/airflow/example_dags/example_outlet_event_extra.py
[2024-11-26T18:14:37.285+0000] {processor.py:925} INFO - DAG(s) 'dataset_with_extra_from_classic_operator', 'dataset_with_extra_by_yield', 'dataset_with_extra_by_context' retrieved from /home/airflow/.local/lib/python3.12/site-packages/airflow/example_dags/example_outlet_event_extra.py
[2024-11-26T18:14:37.306+0000] {logging_mixin.py:190} INFO - [2024-11-26T18:14:37.305+0000] {dag.py:3239} INFO - Sync 3 DAGs
[2024-11-26T18:14:37.329+0000] {logging_mixin.py:190} INFO - [2024-11-26T18:14:37.329+0000] {dag.py:4180} INFO - Setting next_dagrun for dataset_with_extra_by_context to 2024-11-25 00:00:00+00:00, run_after=2024-11-26 00:00:00+00:00
[2024-11-26T18:14:37.333+0000] {logging_mixin.py:190} INFO - [2024-11-26T18:14:37.333+0000] {dag.py:4180} INFO - Setting next_dagrun for dataset_with_extra_by_yield to 2024-11-25 00:00:00+00:00, run_after=2024-11-26 00:00:00+00:00
[2024-11-26T18:14:37.338+0000] {logging_mixin.py:190} INFO - [2024-11-26T18:14:37.337+0000] {dag.py:4180} INFO - Setting next_dagrun for dataset_with_extra_from_classic_operator to 2024-11-25 00:00:00+00:00, run_after=2024-11-26 00:00:00+00:00
[2024-11-26T18:14:37.363+0000] {processor.py:208} INFO - Processing /home/airflow/.local/lib/python3.12/site-packages/airflow/example_dags/example_outlet_event_extra.py took 0.529 seconds
[2024-11-26T18:15:07.576+0000] {processor.py:186} INFO - Started process (PID=418) to work on /home/airflow/.local/lib/python3.12/site-packages/airflow/example_dags/example_outlet_event_extra.py
[2024-11-26T18:15:07.577+0000] {processor.py:914} INFO - Processing file /home/airflow/.local/lib/python3.12/site-packages/airflow/example_dags/example_outlet_event_extra.py for tasks to queue
[2024-11-26T18:15:07.578+0000] {logging_mixin.py:190} INFO - [2024-11-26T18:15:07.578+0000] {dagbag.py:588} INFO - Filling up the DagBag from /home/airflow/.local/lib/python3.12/site-packages/airflow/example_dags/example_outlet_event_extra.py
[2024-11-26T18:15:08.072+0000] {processor.py:925} INFO - DAG(s) 'dataset_with_extra_by_context', 'dataset_with_extra_by_yield', 'dataset_with_extra_from_classic_operator' retrieved from /home/airflow/.local/lib/python3.12/site-packages/airflow/example_dags/example_outlet_event_extra.py
[2024-11-26T18:15:08.091+0000] {logging_mixin.py:190} INFO - [2024-11-26T18:15:08.091+0000] {dag.py:3239} INFO - Sync 3 DAGs
[2024-11-26T18:15:08.110+0000] {logging_mixin.py:190} INFO - [2024-11-26T18:15:08.109+0000] {dag.py:4180} INFO - Setting next_dagrun for dataset_with_extra_by_context to 2024-11-25 00:00:00+00:00, run_after=2024-11-26 00:00:00+00:00
[2024-11-26T18:15:08.114+0000] {logging_mixin.py:190} INFO - [2024-11-26T18:15:08.114+0000] {dag.py:4180} INFO - Setting next_dagrun for dataset_with_extra_by_yield to 2024-11-25 00:00:00+00:00, run_after=2024-11-26 00:00:00+00:00
[2024-11-26T18:15:08.116+0000] {logging_mixin.py:190} INFO - [2024-11-26T18:15:08.116+0000] {dag.py:4180} INFO - Setting next_dagrun for dataset_with_extra_from_classic_operator to 2024-11-25 00:00:00+00:00, run_after=2024-11-26 00:00:00+00:00
[2024-11-26T18:15:08.132+0000] {processor.py:208} INFO - Processing /home/airflow/.local/lib/python3.12/site-packages/airflow/example_dags/example_outlet_event_extra.py took 0.559 seconds
[2024-11-26T18:15:38.416+0000] {processor.py:186} INFO - Started process (PID=482) to work on /home/airflow/.local/lib/python3.12/site-packages/airflow/example_dags/example_outlet_event_extra.py
[2024-11-26T18:15:38.416+0000] {processor.py:914} INFO - Processing file /home/airflow/.local/lib/python3.12/site-packages/airflow/example_dags/example_outlet_event_extra.py for tasks to queue
[2024-11-26T18:15:38.418+0000] {logging_mixin.py:190} INFO - [2024-11-26T18:15:38.418+0000] {dagbag.py:588} INFO - Filling up the DagBag from /home/airflow/.local/lib/python3.12/site-packages/airflow/example_dags/example_outlet_event_extra.py
[2024-11-26T18:15:38.918+0000] {processor.py:925} INFO - DAG(s) 'dataset_with_extra_from_classic_operator', 'dataset_with_extra_by_context', 'dataset_with_extra_by_yield' retrieved from /home/airflow/.local/lib/python3.12/site-packages/airflow/example_dags/example_outlet_event_extra.py
[2024-11-26T18:15:38.940+0000] {logging_mixin.py:190} INFO - [2024-11-26T18:15:38.940+0000] {dag.py:3239} INFO - Sync 3 DAGs
[2024-11-26T18:15:38.960+0000] {logging_mixin.py:190} INFO - [2024-11-26T18:15:38.960+0000] {dag.py:4180} INFO - Setting next_dagrun for dataset_with_extra_by_context to 2024-11-25 00:00:00+00:00, run_after=2024-11-26 00:00:00+00:00
[2024-11-26T18:15:38.965+0000] {logging_mixin.py:190} INFO - [2024-11-26T18:15:38.964+0000] {dag.py:4180} INFO - Setting next_dagrun for dataset_with_extra_by_yield to 2024-11-25 00:00:00+00:00, run_after=2024-11-26 00:00:00+00:00
[2024-11-26T18:15:38.967+0000] {logging_mixin.py:190} INFO - [2024-11-26T18:15:38.967+0000] {dag.py:4180} INFO - Setting next_dagrun for dataset_with_extra_from_classic_operator to 2024-11-25 00:00:00+00:00, run_after=2024-11-26 00:00:00+00:00
[2024-11-26T18:15:38.984+0000] {processor.py:208} INFO - Processing /home/airflow/.local/lib/python3.12/site-packages/airflow/example_dags/example_outlet_event_extra.py took 0.572 seconds
[2024-11-26T18:16:09.127+0000] {processor.py:186} INFO - Started process (PID=546) to work on /home/airflow/.local/lib/python3.12/site-packages/airflow/example_dags/example_outlet_event_extra.py
[2024-11-26T18:16:09.127+0000] {processor.py:914} INFO - Processing file /home/airflow/.local/lib/python3.12/site-packages/airflow/example_dags/example_outlet_event_extra.py for tasks to queue
[2024-11-26T18:16:09.129+0000] {logging_mixin.py:190} INFO - [2024-11-26T18:16:09.129+0000] {dagbag.py:588} INFO - Filling up the DagBag from /home/airflow/.local/lib/python3.12/site-packages/airflow/example_dags/example_outlet_event_extra.py
[2024-11-26T18:16:09.608+0000] {processor.py:925} INFO - DAG(s) 'dataset_with_extra_by_context', 'dataset_with_extra_by_yield', 'dataset_with_extra_from_classic_operator' retrieved from /home/airflow/.local/lib/python3.12/site-packages/airflow/example_dags/example_outlet_event_extra.py
[2024-11-26T18:16:09.629+0000] {logging_mixin.py:190} INFO - [2024-11-26T18:16:09.629+0000] {dag.py:3239} INFO - Sync 3 DAGs
[2024-11-26T18:16:09.650+0000] {logging_mixin.py:190} INFO - [2024-11-26T18:16:09.650+0000] {dag.py:4180} INFO - Setting next_dagrun for dataset_with_extra_by_context to 2024-11-25 00:00:00+00:00, run_after=2024-11-26 00:00:00+00:00
[2024-11-26T18:16:09.654+0000] {logging_mixin.py:190} INFO - [2024-11-26T18:16:09.654+0000] {dag.py:4180} INFO - Setting next_dagrun for dataset_with_extra_by_yield to 2024-11-25 00:00:00+00:00, run_after=2024-11-26 00:00:00+00:00
[2024-11-26T18:16:09.657+0000] {logging_mixin.py:190} INFO - [2024-11-26T18:16:09.657+0000] {dag.py:4180} INFO - Setting next_dagrun for dataset_with_extra_from_classic_operator to 2024-11-25 00:00:00+00:00, run_after=2024-11-26 00:00:00+00:00
[2024-11-26T18:16:09.673+0000] {processor.py:208} INFO - Processing /home/airflow/.local/lib/python3.12/site-packages/airflow/example_dags/example_outlet_event_extra.py took 0.550 seconds
[2024-11-26T18:16:39.818+0000] {processor.py:186} INFO - Started process (PID=610) to work on /home/airflow/.local/lib/python3.12/site-packages/airflow/example_dags/example_outlet_event_extra.py
[2024-11-26T18:16:39.819+0000] {processor.py:914} INFO - Processing file /home/airflow/.local/lib/python3.12/site-packages/airflow/example_dags/example_outlet_event_extra.py for tasks to queue
[2024-11-26T18:16:39.820+0000] {logging_mixin.py:190} INFO - [2024-11-26T18:16:39.820+0000] {dagbag.py:588} INFO - Filling up the DagBag from /home/airflow/.local/lib/python3.12/site-packages/airflow/example_dags/example_outlet_event_extra.py
[2024-11-26T18:16:40.262+0000] {processor.py:925} INFO - DAG(s) 'dataset_with_extra_by_context', 'dataset_with_extra_from_classic_operator', 'dataset_with_extra_by_yield' retrieved from /home/airflow/.local/lib/python3.12/site-packages/airflow/example_dags/example_outlet_event_extra.py
[2024-11-26T18:16:40.281+0000] {logging_mixin.py:190} INFO - [2024-11-26T18:16:40.280+0000] {dag.py:3239} INFO - Sync 3 DAGs
[2024-11-26T18:16:40.301+0000] {logging_mixin.py:190} INFO - [2024-11-26T18:16:40.300+0000] {dag.py:4180} INFO - Setting next_dagrun for dataset_with_extra_by_context to 2024-11-25 00:00:00+00:00, run_after=2024-11-26 00:00:00+00:00
[2024-11-26T18:16:40.305+0000] {logging_mixin.py:190} INFO - [2024-11-26T18:16:40.304+0000] {dag.py:4180} INFO - Setting next_dagrun for dataset_with_extra_by_yield to 2024-11-25 00:00:00+00:00, run_after=2024-11-26 00:00:00+00:00
[2024-11-26T18:16:40.307+0000] {logging_mixin.py:190} INFO - [2024-11-26T18:16:40.307+0000] {dag.py:4180} INFO - Setting next_dagrun for dataset_with_extra_from_classic_operator to 2024-11-25 00:00:00+00:00, run_after=2024-11-26 00:00:00+00:00
[2024-11-26T18:16:40.322+0000] {processor.py:208} INFO - Processing /home/airflow/.local/lib/python3.12/site-packages/airflow/example_dags/example_outlet_event_extra.py took 0.508 seconds
[2024-11-26T18:17:10.628+0000] {processor.py:186} INFO - Started process (PID=674) to work on /home/airflow/.local/lib/python3.12/site-packages/airflow/example_dags/example_outlet_event_extra.py
[2024-11-26T18:17:10.629+0000] {processor.py:914} INFO - Processing file /home/airflow/.local/lib/python3.12/site-packages/airflow/example_dags/example_outlet_event_extra.py for tasks to queue
[2024-11-26T18:17:10.630+0000] {logging_mixin.py:190} INFO - [2024-11-26T18:17:10.630+0000] {dagbag.py:588} INFO - Filling up the DagBag from /home/airflow/.local/lib/python3.12/site-packages/airflow/example_dags/example_outlet_event_extra.py
[2024-11-26T18:17:11.090+0000] {processor.py:925} INFO - DAG(s) 'dataset_with_extra_by_context', 'dataset_with_extra_by_yield', 'dataset_with_extra_from_classic_operator' retrieved from /home/airflow/.local/lib/python3.12/site-packages/airflow/example_dags/example_outlet_event_extra.py
[2024-11-26T18:17:11.110+0000] {logging_mixin.py:190} INFO - [2024-11-26T18:17:11.110+0000] {dag.py:3239} INFO - Sync 3 DAGs
[2024-11-26T18:17:11.129+0000] {logging_mixin.py:190} INFO - [2024-11-26T18:17:11.128+0000] {dag.py:4180} INFO - Setting next_dagrun for dataset_with_extra_by_context to 2024-11-25 00:00:00+00:00, run_after=2024-11-26 00:00:00+00:00
[2024-11-26T18:17:11.132+0000] {logging_mixin.py:190} INFO - [2024-11-26T18:17:11.132+0000] {dag.py:4180} INFO - Setting next_dagrun for dataset_with_extra_by_yield to 2024-11-25 00:00:00+00:00, run_after=2024-11-26 00:00:00+00:00
[2024-11-26T18:17:11.135+0000] {logging_mixin.py:190} INFO - [2024-11-26T18:17:11.135+0000] {dag.py:4180} INFO - Setting next_dagrun for dataset_with_extra_from_classic_operator to 2024-11-25 00:00:00+00:00, run_after=2024-11-26 00:00:00+00:00
[2024-11-26T18:17:11.153+0000] {processor.py:208} INFO - Processing /home/airflow/.local/lib/python3.12/site-packages/airflow/example_dags/example_outlet_event_extra.py took 0.529 seconds
[2024-11-26T18:17:41.759+0000] {processor.py:186} INFO - Started process (PID=738) to work on /home/airflow/.local/lib/python3.12/site-packages/airflow/example_dags/example_outlet_event_extra.py
[2024-11-26T18:17:41.759+0000] {processor.py:914} INFO - Processing file /home/airflow/.local/lib/python3.12/site-packages/airflow/example_dags/example_outlet_event_extra.py for tasks to queue
[2024-11-26T18:17:41.761+0000] {logging_mixin.py:190} INFO - [2024-11-26T18:17:41.761+0000] {dagbag.py:588} INFO - Filling up the DagBag from /home/airflow/.local/lib/python3.12/site-packages/airflow/example_dags/example_outlet_event_extra.py
[2024-11-26T18:17:42.204+0000] {processor.py:925} INFO - DAG(s) 'dataset_with_extra_by_context', 'dataset_with_extra_by_yield', 'dataset_with_extra_from_classic_operator' retrieved from /home/airflow/.local/lib/python3.12/site-packages/airflow/example_dags/example_outlet_event_extra.py
[2024-11-26T18:17:42.222+0000] {logging_mixin.py:190} INFO - [2024-11-26T18:17:42.222+0000] {dag.py:3239} INFO - Sync 3 DAGs
[2024-11-26T18:17:42.241+0000] {logging_mixin.py:190} INFO - [2024-11-26T18:17:42.241+0000] {dag.py:4180} INFO - Setting next_dagrun for dataset_with_extra_by_context to 2024-11-25 00:00:00+00:00, run_after=2024-11-26 00:00:00+00:00
[2024-11-26T18:17:42.245+0000] {logging_mixin.py:190} INFO - [2024-11-26T18:17:42.245+0000] {dag.py:4180} INFO - Setting next_dagrun for dataset_with_extra_by_yield to 2024-11-25 00:00:00+00:00, run_after=2024-11-26 00:00:00+00:00
[2024-11-26T18:17:42.247+0000] {logging_mixin.py:190} INFO - [2024-11-26T18:17:42.247+0000] {dag.py:4180} INFO - Setting next_dagrun for dataset_with_extra_from_classic_operator to 2024-11-25 00:00:00+00:00, run_after=2024-11-26 00:00:00+00:00
[2024-11-26T18:17:42.262+0000] {processor.py:208} INFO - Processing /home/airflow/.local/lib/python3.12/site-packages/airflow/example_dags/example_outlet_event_extra.py took 0.507 seconds
[2024-11-26T18:18:12.379+0000] {processor.py:186} INFO - Started process (PID=802) to work on /home/airflow/.local/lib/python3.12/site-packages/airflow/example_dags/example_outlet_event_extra.py
[2024-11-26T18:18:12.379+0000] {processor.py:914} INFO - Processing file /home/airflow/.local/lib/python3.12/site-packages/airflow/example_dags/example_outlet_event_extra.py for tasks to queue
[2024-11-26T18:18:12.381+0000] {logging_mixin.py:190} INFO - [2024-11-26T18:18:12.381+0000] {dagbag.py:588} INFO - Filling up the DagBag from /home/airflow/.local/lib/python3.12/site-packages/airflow/example_dags/example_outlet_event_extra.py
[2024-11-26T18:18:12.833+0000] {processor.py:925} INFO - DAG(s) 'dataset_with_extra_from_classic_operator', 'dataset_with_extra_by_context', 'dataset_with_extra_by_yield' retrieved from /home/airflow/.local/lib/python3.12/site-packages/airflow/example_dags/example_outlet_event_extra.py
[2024-11-26T18:18:12.852+0000] {logging_mixin.py:190} INFO - [2024-11-26T18:18:12.851+0000] {dag.py:3239} INFO - Sync 3 DAGs
[2024-11-26T18:18:12.871+0000] {logging_mixin.py:190} INFO - [2024-11-26T18:18:12.871+0000] {dag.py:4180} INFO - Setting next_dagrun for dataset_with_extra_by_context to 2024-11-25 00:00:00+00:00, run_after=2024-11-26 00:00:00+00:00
[2024-11-26T18:18:12.875+0000] {logging_mixin.py:190} INFO - [2024-11-26T18:18:12.875+0000] {dag.py:4180} INFO - Setting next_dagrun for dataset_with_extra_by_yield to 2024-11-25 00:00:00+00:00, run_after=2024-11-26 00:00:00+00:00
[2024-11-26T18:18:12.877+0000] {logging_mixin.py:190} INFO - [2024-11-26T18:18:12.877+0000] {dag.py:4180} INFO - Setting next_dagrun for dataset_with_extra_from_classic_operator to 2024-11-25 00:00:00+00:00, run_after=2024-11-26 00:00:00+00:00
[2024-11-26T18:18:12.893+0000] {processor.py:208} INFO - Processing /home/airflow/.local/lib/python3.12/site-packages/airflow/example_dags/example_outlet_event_extra.py took 0.518 seconds
[2024-11-26T18:44:12.529+0000] {processor.py:186} INFO - Started process (PID=115) to work on /home/airflow/.local/lib/python3.12/site-packages/airflow/example_dags/example_outlet_event_extra.py
[2024-11-26T18:44:12.530+0000] {processor.py:914} INFO - Processing file /home/airflow/.local/lib/python3.12/site-packages/airflow/example_dags/example_outlet_event_extra.py for tasks to queue
[2024-11-26T18:44:12.532+0000] {logging_mixin.py:190} INFO - [2024-11-26T18:44:12.531+0000] {dagbag.py:588} INFO - Filling up the DagBag from /home/airflow/.local/lib/python3.12/site-packages/airflow/example_dags/example_outlet_event_extra.py
[2024-11-26T18:44:12.997+0000] {processor.py:925} INFO - DAG(s) 'dataset_with_extra_by_yield', 'dataset_with_extra_from_classic_operator', 'dataset_with_extra_by_context' retrieved from /home/airflow/.local/lib/python3.12/site-packages/airflow/example_dags/example_outlet_event_extra.py
[2024-11-26T18:44:13.016+0000] {logging_mixin.py:190} INFO - [2024-11-26T18:44:13.016+0000] {dag.py:3239} INFO - Sync 3 DAGs
[2024-11-26T18:44:13.040+0000] {logging_mixin.py:190} INFO - [2024-11-26T18:44:13.039+0000] {dag.py:4180} INFO - Setting next_dagrun for dataset_with_extra_by_context to 2024-11-25 00:00:00+00:00, run_after=2024-11-26 00:00:00+00:00
[2024-11-26T18:44:13.044+0000] {logging_mixin.py:190} INFO - [2024-11-26T18:44:13.044+0000] {dag.py:4180} INFO - Setting next_dagrun for dataset_with_extra_by_yield to 2024-11-25 00:00:00+00:00, run_after=2024-11-26 00:00:00+00:00
[2024-11-26T18:44:13.046+0000] {logging_mixin.py:190} INFO - [2024-11-26T18:44:13.046+0000] {dag.py:4180} INFO - Setting next_dagrun for dataset_with_extra_from_classic_operator to 2024-11-25 00:00:00+00:00, run_after=2024-11-26 00:00:00+00:00
[2024-11-26T18:44:13.063+0000] {processor.py:208} INFO - Processing /home/airflow/.local/lib/python3.12/site-packages/airflow/example_dags/example_outlet_event_extra.py took 0.538 seconds
[2024-11-26T18:44:43.629+0000] {processor.py:186} INFO - Started process (PID=190) to work on /home/airflow/.local/lib/python3.12/site-packages/airflow/example_dags/example_outlet_event_extra.py
[2024-11-26T18:44:43.630+0000] {processor.py:914} INFO - Processing file /home/airflow/.local/lib/python3.12/site-packages/airflow/example_dags/example_outlet_event_extra.py for tasks to queue
[2024-11-26T18:44:43.632+0000] {logging_mixin.py:190} INFO - [2024-11-26T18:44:43.631+0000] {dagbag.py:588} INFO - Filling up the DagBag from /home/airflow/.local/lib/python3.12/site-packages/airflow/example_dags/example_outlet_event_extra.py
[2024-11-26T18:44:44.116+0000] {processor.py:925} INFO - DAG(s) 'dataset_with_extra_from_classic_operator', 'dataset_with_extra_by_yield', 'dataset_with_extra_by_context' retrieved from /home/airflow/.local/lib/python3.12/site-packages/airflow/example_dags/example_outlet_event_extra.py
[2024-11-26T18:44:44.135+0000] {logging_mixin.py:190} INFO - [2024-11-26T18:44:44.134+0000] {dag.py:3239} INFO - Sync 3 DAGs
[2024-11-26T18:44:44.154+0000] {logging_mixin.py:190} INFO - [2024-11-26T18:44:44.154+0000] {dag.py:4180} INFO - Setting next_dagrun for dataset_with_extra_by_context to 2024-11-25 00:00:00+00:00, run_after=2024-11-26 00:00:00+00:00
[2024-11-26T18:44:44.158+0000] {logging_mixin.py:190} INFO - [2024-11-26T18:44:44.158+0000] {dag.py:4180} INFO - Setting next_dagrun for dataset_with_extra_by_yield to 2024-11-25 00:00:00+00:00, run_after=2024-11-26 00:00:00+00:00
[2024-11-26T18:44:44.161+0000] {logging_mixin.py:190} INFO - [2024-11-26T18:44:44.161+0000] {dag.py:4180} INFO - Setting next_dagrun for dataset_with_extra_from_classic_operator to 2024-11-25 00:00:00+00:00, run_after=2024-11-26 00:00:00+00:00
[2024-11-26T18:44:44.180+0000] {processor.py:208} INFO - Processing /home/airflow/.local/lib/python3.12/site-packages/airflow/example_dags/example_outlet_event_extra.py took 0.555 seconds
[2024-11-26T18:45:14.711+0000] {processor.py:186} INFO - Started process (PID=265) to work on /home/airflow/.local/lib/python3.12/site-packages/airflow/example_dags/example_outlet_event_extra.py
[2024-11-26T18:45:14.712+0000] {processor.py:914} INFO - Processing file /home/airflow/.local/lib/python3.12/site-packages/airflow/example_dags/example_outlet_event_extra.py for tasks to queue
[2024-11-26T18:45:14.714+0000] {logging_mixin.py:190} INFO - [2024-11-26T18:45:14.714+0000] {dagbag.py:588} INFO - Filling up the DagBag from /home/airflow/.local/lib/python3.12/site-packages/airflow/example_dags/example_outlet_event_extra.py
[2024-11-26T18:45:15.392+0000] {processor.py:925} INFO - DAG(s) 'dataset_with_extra_by_yield', 'dataset_with_extra_by_context', 'dataset_with_extra_from_classic_operator' retrieved from /home/airflow/.local/lib/python3.12/site-packages/airflow/example_dags/example_outlet_event_extra.py
[2024-11-26T18:45:15.414+0000] {logging_mixin.py:190} INFO - [2024-11-26T18:45:15.414+0000] {dag.py:3239} INFO - Sync 3 DAGs
[2024-11-26T18:45:15.437+0000] {logging_mixin.py:190} INFO - [2024-11-26T18:45:15.436+0000] {dag.py:4180} INFO - Setting next_dagrun for dataset_with_extra_by_context to 2024-11-25 00:00:00+00:00, run_after=2024-11-26 00:00:00+00:00
[2024-11-26T18:45:15.442+0000] {logging_mixin.py:190} INFO - [2024-11-26T18:45:15.442+0000] {dag.py:4180} INFO - Setting next_dagrun for dataset_with_extra_by_yield to 2024-11-25 00:00:00+00:00, run_after=2024-11-26 00:00:00+00:00
[2024-11-26T18:45:15.445+0000] {logging_mixin.py:190} INFO - [2024-11-26T18:45:15.445+0000] {dag.py:4180} INFO - Setting next_dagrun for dataset_with_extra_from_classic_operator to 2024-11-25 00:00:00+00:00, run_after=2024-11-26 00:00:00+00:00
[2024-11-26T18:45:15.467+0000] {processor.py:208} INFO - Processing /home/airflow/.local/lib/python3.12/site-packages/airflow/example_dags/example_outlet_event_extra.py took 0.760 seconds
[2024-11-26T18:45:45.895+0000] {processor.py:186} INFO - Started process (PID=340) to work on /home/airflow/.local/lib/python3.12/site-packages/airflow/example_dags/example_outlet_event_extra.py
[2024-11-26T18:45:45.896+0000] {processor.py:914} INFO - Processing file /home/airflow/.local/lib/python3.12/site-packages/airflow/example_dags/example_outlet_event_extra.py for tasks to queue
[2024-11-26T18:45:45.897+0000] {logging_mixin.py:190} INFO - [2024-11-26T18:45:45.897+0000] {dagbag.py:588} INFO - Filling up the DagBag from /home/airflow/.local/lib/python3.12/site-packages/airflow/example_dags/example_outlet_event_extra.py
[2024-11-26T18:45:46.366+0000] {processor.py:925} INFO - DAG(s) 'dataset_with_extra_by_context', 'dataset_with_extra_by_yield', 'dataset_with_extra_from_classic_operator' retrieved from /home/airflow/.local/lib/python3.12/site-packages/airflow/example_dags/example_outlet_event_extra.py
[2024-11-26T18:45:46.389+0000] {logging_mixin.py:190} INFO - [2024-11-26T18:45:46.388+0000] {dag.py:3239} INFO - Sync 3 DAGs
[2024-11-26T18:45:46.411+0000] {logging_mixin.py:190} INFO - [2024-11-26T18:45:46.410+0000] {dag.py:4180} INFO - Setting next_dagrun for dataset_with_extra_by_context to 2024-11-25 00:00:00+00:00, run_after=2024-11-26 00:00:00+00:00
[2024-11-26T18:45:46.415+0000] {logging_mixin.py:190} INFO - [2024-11-26T18:45:46.415+0000] {dag.py:4180} INFO - Setting next_dagrun for dataset_with_extra_by_yield to 2024-11-25 00:00:00+00:00, run_after=2024-11-26 00:00:00+00:00
[2024-11-26T18:45:46.422+0000] {logging_mixin.py:190} INFO - [2024-11-26T18:45:46.421+0000] {dag.py:4180} INFO - Setting next_dagrun for dataset_with_extra_from_classic_operator to 2024-11-25 00:00:00+00:00, run_after=2024-11-26 00:00:00+00:00
[2024-11-26T18:45:46.440+0000] {processor.py:208} INFO - Processing /home/airflow/.local/lib/python3.12/site-packages/airflow/example_dags/example_outlet_event_extra.py took 0.549 seconds
[2024-11-26T18:46:16.776+0000] {processor.py:186} INFO - Started process (PID=415) to work on /home/airflow/.local/lib/python3.12/site-packages/airflow/example_dags/example_outlet_event_extra.py
[2024-11-26T18:46:16.776+0000] {processor.py:914} INFO - Processing file /home/airflow/.local/lib/python3.12/site-packages/airflow/example_dags/example_outlet_event_extra.py for tasks to queue
[2024-11-26T18:46:16.778+0000] {logging_mixin.py:190} INFO - [2024-11-26T18:46:16.778+0000] {dagbag.py:588} INFO - Filling up the DagBag from /home/airflow/.local/lib/python3.12/site-packages/airflow/example_dags/example_outlet_event_extra.py
[2024-11-26T18:46:17.296+0000] {processor.py:925} INFO - DAG(s) 'dataset_with_extra_by_yield', 'dataset_with_extra_by_context', 'dataset_with_extra_from_classic_operator' retrieved from /home/airflow/.local/lib/python3.12/site-packages/airflow/example_dags/example_outlet_event_extra.py
[2024-11-26T18:46:17.319+0000] {logging_mixin.py:190} INFO - [2024-11-26T18:46:17.319+0000] {dag.py:3239} INFO - Sync 3 DAGs
[2024-11-26T18:46:17.339+0000] {logging_mixin.py:190} INFO - [2024-11-26T18:46:17.339+0000] {dag.py:4180} INFO - Setting next_dagrun for dataset_with_extra_by_context to 2024-11-25 00:00:00+00:00, run_after=2024-11-26 00:00:00+00:00
[2024-11-26T18:46:17.343+0000] {logging_mixin.py:190} INFO - [2024-11-26T18:46:17.343+0000] {dag.py:4180} INFO - Setting next_dagrun for dataset_with_extra_by_yield to 2024-11-25 00:00:00+00:00, run_after=2024-11-26 00:00:00+00:00
[2024-11-26T18:46:17.346+0000] {logging_mixin.py:190} INFO - [2024-11-26T18:46:17.345+0000] {dag.py:4180} INFO - Setting next_dagrun for dataset_with_extra_from_classic_operator to 2024-11-25 00:00:00+00:00, run_after=2024-11-26 00:00:00+00:00
[2024-11-26T18:46:17.367+0000] {processor.py:208} INFO - Processing /home/airflow/.local/lib/python3.12/site-packages/airflow/example_dags/example_outlet_event_extra.py took 0.595 seconds
