[2024-11-26T17:53:53.819+0000] {processor.py:186} INFO - Started process (PID=66) to work on /home/airflow/.local/lib/python3.12/site-packages/airflow/example_dags/example_branch_labels.py
[2024-11-26T17:53:53.820+0000] {processor.py:914} INFO - Processing file /home/airflow/.local/lib/python3.12/site-packages/airflow/example_dags/example_branch_labels.py for tasks to queue
[2024-11-26T17:53:53.823+0000] {logging_mixin.py:190} INFO - [2024-11-26T17:53:53.822+0000] {dagbag.py:588} INFO - Filling up the DagBag from /home/airflow/.local/lib/python3.12/site-packages/airflow/example_dags/example_branch_labels.py
[2024-11-26T17:53:53.833+0000] {processor.py:925} INFO - DAG(s) 'example_branch_labels' retrieved from /home/airflow/.local/lib/python3.12/site-packages/airflow/example_dags/example_branch_labels.py
[2024-11-26T17:53:53.931+0000] {logging_mixin.py:190} INFO - [2024-11-26T17:53:53.931+0000] {override.py:1911} INFO - Created Permission View: can read on DAG:example_branch_labels
[2024-11-26T17:53:53.939+0000] {logging_mixin.py:190} INFO - [2024-11-26T17:53:53.939+0000] {override.py:1911} INFO - Created Permission View: can delete on DAG:example_branch_labels
[2024-11-26T17:53:53.945+0000] {logging_mixin.py:190} INFO - [2024-11-26T17:53:53.945+0000] {override.py:1911} INFO - Created Permission View: can edit on DAG:example_branch_labels
[2024-11-26T17:53:53.952+0000] {logging_mixin.py:190} INFO - [2024-11-26T17:53:53.952+0000] {override.py:1911} INFO - Created Permission View: can create on DAG Run:example_branch_labels
[2024-11-26T17:53:53.959+0000] {logging_mixin.py:190} INFO - [2024-11-26T17:53:53.958+0000] {override.py:1911} INFO - Created Permission View: can read on DAG Run:example_branch_labels
[2024-11-26T17:53:53.964+0000] {logging_mixin.py:190} INFO - [2024-11-26T17:53:53.964+0000] {override.py:1911} INFO - Created Permission View: can delete on DAG Run:example_branch_labels
[2024-11-26T17:53:53.970+0000] {logging_mixin.py:190} INFO - [2024-11-26T17:53:53.970+0000] {override.py:1911} INFO - Created Permission View: menu access on DAG Run:example_branch_labels
[2024-11-26T17:53:53.972+0000] {logging_mixin.py:190} INFO - [2024-11-26T17:53:53.971+0000] {dag.py:3239} INFO - Sync 1 DAGs
[2024-11-26T17:53:53.982+0000] {logging_mixin.py:190} INFO - [2024-11-26T17:53:53.982+0000] {dag.py:3262} INFO - Creating ORM DAG for example_branch_labels
[2024-11-26T17:53:53.993+0000] {logging_mixin.py:190} INFO - [2024-11-26T17:53:53.993+0000] {dag.py:4180} INFO - Setting next_dagrun for example_branch_labels to 2024-11-25 00:00:00+00:00, run_after=2024-11-26 00:00:00+00:00
[2024-11-26T17:53:54.007+0000] {processor.py:208} INFO - Processing /home/airflow/.local/lib/python3.12/site-packages/airflow/example_dags/example_branch_labels.py took 0.194 seconds
[2024-11-26T17:54:24.857+0000] {processor.py:186} INFO - Started process (PID=128) to work on /home/airflow/.local/lib/python3.12/site-packages/airflow/example_dags/example_branch_labels.py
[2024-11-26T17:54:24.858+0000] {processor.py:914} INFO - Processing file /home/airflow/.local/lib/python3.12/site-packages/airflow/example_dags/example_branch_labels.py for tasks to queue
[2024-11-26T17:54:24.860+0000] {logging_mixin.py:190} INFO - [2024-11-26T17:54:24.859+0000] {dagbag.py:588} INFO - Filling up the DagBag from /home/airflow/.local/lib/python3.12/site-packages/airflow/example_dags/example_branch_labels.py
[2024-11-26T17:54:24.866+0000] {processor.py:925} INFO - DAG(s) 'example_branch_labels' retrieved from /home/airflow/.local/lib/python3.12/site-packages/airflow/example_dags/example_branch_labels.py
[2024-11-26T17:54:24.882+0000] {logging_mixin.py:190} INFO - [2024-11-26T17:54:24.882+0000] {dag.py:3239} INFO - Sync 1 DAGs
[2024-11-26T17:54:24.899+0000] {logging_mixin.py:190} INFO - [2024-11-26T17:54:24.899+0000] {dag.py:4180} INFO - Setting next_dagrun for example_branch_labels to 2024-11-25 00:00:00+00:00, run_after=2024-11-26 00:00:00+00:00
[2024-11-26T17:54:24.913+0000] {processor.py:208} INFO - Processing /home/airflow/.local/lib/python3.12/site-packages/airflow/example_dags/example_branch_labels.py took 0.059 seconds
[2024-11-26T17:54:55.026+0000] {processor.py:186} INFO - Started process (PID=191) to work on /home/airflow/.local/lib/python3.12/site-packages/airflow/example_dags/example_branch_labels.py
[2024-11-26T17:54:55.027+0000] {processor.py:914} INFO - Processing file /home/airflow/.local/lib/python3.12/site-packages/airflow/example_dags/example_branch_labels.py for tasks to queue
[2024-11-26T17:54:55.029+0000] {logging_mixin.py:190} INFO - [2024-11-26T17:54:55.028+0000] {dagbag.py:588} INFO - Filling up the DagBag from /home/airflow/.local/lib/python3.12/site-packages/airflow/example_dags/example_branch_labels.py
[2024-11-26T17:54:55.037+0000] {processor.py:925} INFO - DAG(s) 'example_branch_labels' retrieved from /home/airflow/.local/lib/python3.12/site-packages/airflow/example_dags/example_branch_labels.py
[2024-11-26T17:54:55.055+0000] {logging_mixin.py:190} INFO - [2024-11-26T17:54:55.055+0000] {dag.py:3239} INFO - Sync 1 DAGs
[2024-11-26T17:54:55.075+0000] {logging_mixin.py:190} INFO - [2024-11-26T17:54:55.074+0000] {dag.py:4180} INFO - Setting next_dagrun for example_branch_labels to 2024-11-25 00:00:00+00:00, run_after=2024-11-26 00:00:00+00:00
[2024-11-26T17:54:55.089+0000] {processor.py:208} INFO - Processing /home/airflow/.local/lib/python3.12/site-packages/airflow/example_dags/example_branch_labels.py took 0.069 seconds
[2024-11-26T17:55:25.487+0000] {processor.py:186} INFO - Started process (PID=254) to work on /home/airflow/.local/lib/python3.12/site-packages/airflow/example_dags/example_branch_labels.py
[2024-11-26T17:55:25.488+0000] {processor.py:914} INFO - Processing file /home/airflow/.local/lib/python3.12/site-packages/airflow/example_dags/example_branch_labels.py for tasks to queue
[2024-11-26T17:55:25.489+0000] {logging_mixin.py:190} INFO - [2024-11-26T17:55:25.489+0000] {dagbag.py:588} INFO - Filling up the DagBag from /home/airflow/.local/lib/python3.12/site-packages/airflow/example_dags/example_branch_labels.py
[2024-11-26T17:55:25.496+0000] {processor.py:925} INFO - DAG(s) 'example_branch_labels' retrieved from /home/airflow/.local/lib/python3.12/site-packages/airflow/example_dags/example_branch_labels.py
[2024-11-26T17:55:25.516+0000] {logging_mixin.py:190} INFO - [2024-11-26T17:55:25.515+0000] {dag.py:3239} INFO - Sync 1 DAGs
[2024-11-26T17:55:25.536+0000] {logging_mixin.py:190} INFO - [2024-11-26T17:55:25.536+0000] {dag.py:4180} INFO - Setting next_dagrun for example_branch_labels to 2024-11-25 00:00:00+00:00, run_after=2024-11-26 00:00:00+00:00
[2024-11-26T17:55:25.551+0000] {processor.py:208} INFO - Processing /home/airflow/.local/lib/python3.12/site-packages/airflow/example_dags/example_branch_labels.py took 0.070 seconds
[2024-11-26T17:55:56.029+0000] {processor.py:186} INFO - Started process (PID=317) to work on /home/airflow/.local/lib/python3.12/site-packages/airflow/example_dags/example_branch_labels.py
[2024-11-26T17:55:56.029+0000] {processor.py:914} INFO - Processing file /home/airflow/.local/lib/python3.12/site-packages/airflow/example_dags/example_branch_labels.py for tasks to queue
[2024-11-26T17:55:56.031+0000] {logging_mixin.py:190} INFO - [2024-11-26T17:55:56.031+0000] {dagbag.py:588} INFO - Filling up the DagBag from /home/airflow/.local/lib/python3.12/site-packages/airflow/example_dags/example_branch_labels.py
[2024-11-26T17:55:56.037+0000] {processor.py:925} INFO - DAG(s) 'example_branch_labels' retrieved from /home/airflow/.local/lib/python3.12/site-packages/airflow/example_dags/example_branch_labels.py
[2024-11-26T17:55:56.052+0000] {logging_mixin.py:190} INFO - [2024-11-26T17:55:56.052+0000] {dag.py:3239} INFO - Sync 1 DAGs
[2024-11-26T17:55:56.069+0000] {logging_mixin.py:190} INFO - [2024-11-26T17:55:56.069+0000] {dag.py:4180} INFO - Setting next_dagrun for example_branch_labels to 2024-11-25 00:00:00+00:00, run_after=2024-11-26 00:00:00+00:00
[2024-11-26T17:55:56.082+0000] {processor.py:208} INFO - Processing /home/airflow/.local/lib/python3.12/site-packages/airflow/example_dags/example_branch_labels.py took 0.057 seconds
[2024-11-26T17:56:26.837+0000] {processor.py:186} INFO - Started process (PID=386) to work on /home/airflow/.local/lib/python3.12/site-packages/airflow/example_dags/example_branch_labels.py
[2024-11-26T17:56:26.838+0000] {processor.py:914} INFO - Processing file /home/airflow/.local/lib/python3.12/site-packages/airflow/example_dags/example_branch_labels.py for tasks to queue
[2024-11-26T17:56:26.840+0000] {logging_mixin.py:190} INFO - [2024-11-26T17:56:26.839+0000] {dagbag.py:588} INFO - Filling up the DagBag from /home/airflow/.local/lib/python3.12/site-packages/airflow/example_dags/example_branch_labels.py
[2024-11-26T17:56:26.846+0000] {processor.py:925} INFO - DAG(s) 'example_branch_labels' retrieved from /home/airflow/.local/lib/python3.12/site-packages/airflow/example_dags/example_branch_labels.py
[2024-11-26T17:56:26.862+0000] {logging_mixin.py:190} INFO - [2024-11-26T17:56:26.862+0000] {dag.py:3239} INFO - Sync 1 DAGs
[2024-11-26T17:56:26.881+0000] {logging_mixin.py:190} INFO - [2024-11-26T17:56:26.881+0000] {dag.py:4180} INFO - Setting next_dagrun for example_branch_labels to 2024-11-25 00:00:00+00:00, run_after=2024-11-26 00:00:00+00:00
[2024-11-26T17:56:26.896+0000] {processor.py:208} INFO - Processing /home/airflow/.local/lib/python3.12/site-packages/airflow/example_dags/example_branch_labels.py took 0.064 seconds
[2024-11-26T17:56:57.778+0000] {processor.py:186} INFO - Started process (PID=449) to work on /home/airflow/.local/lib/python3.12/site-packages/airflow/example_dags/example_branch_labels.py
[2024-11-26T17:56:57.832+0000] {processor.py:914} INFO - Processing file /home/airflow/.local/lib/python3.12/site-packages/airflow/example_dags/example_branch_labels.py for tasks to queue
[2024-11-26T17:56:57.834+0000] {logging_mixin.py:190} INFO - [2024-11-26T17:56:57.833+0000] {dagbag.py:588} INFO - Filling up the DagBag from /home/airflow/.local/lib/python3.12/site-packages/airflow/example_dags/example_branch_labels.py
[2024-11-26T17:56:57.840+0000] {processor.py:925} INFO - DAG(s) 'example_branch_labels' retrieved from /home/airflow/.local/lib/python3.12/site-packages/airflow/example_dags/example_branch_labels.py
[2024-11-26T17:56:57.855+0000] {logging_mixin.py:190} INFO - [2024-11-26T17:56:57.855+0000] {dag.py:3239} INFO - Sync 1 DAGs
[2024-11-26T17:56:57.874+0000] {logging_mixin.py:190} INFO - [2024-11-26T17:56:57.873+0000] {dag.py:4180} INFO - Setting next_dagrun for example_branch_labels to 2024-11-25 00:00:00+00:00, run_after=2024-11-26 00:00:00+00:00
[2024-11-26T17:56:57.888+0000] {processor.py:208} INFO - Processing /home/airflow/.local/lib/python3.12/site-packages/airflow/example_dags/example_branch_labels.py took 0.115 seconds
[2024-11-26T17:57:28.616+0000] {processor.py:186} INFO - Started process (PID=512) to work on /home/airflow/.local/lib/python3.12/site-packages/airflow/example_dags/example_branch_labels.py
[2024-11-26T17:57:28.634+0000] {processor.py:914} INFO - Processing file /home/airflow/.local/lib/python3.12/site-packages/airflow/example_dags/example_branch_labels.py for tasks to queue
[2024-11-26T17:57:28.637+0000] {logging_mixin.py:190} INFO - [2024-11-26T17:57:28.637+0000] {dagbag.py:588} INFO - Filling up the DagBag from /home/airflow/.local/lib/python3.12/site-packages/airflow/example_dags/example_branch_labels.py
[2024-11-26T17:57:28.646+0000] {processor.py:925} INFO - DAG(s) 'example_branch_labels' retrieved from /home/airflow/.local/lib/python3.12/site-packages/airflow/example_dags/example_branch_labels.py
[2024-11-26T17:57:28.665+0000] {logging_mixin.py:190} INFO - [2024-11-26T17:57:28.665+0000] {dag.py:3239} INFO - Sync 1 DAGs
[2024-11-26T17:57:28.685+0000] {logging_mixin.py:190} INFO - [2024-11-26T17:57:28.685+0000] {dag.py:4180} INFO - Setting next_dagrun for example_branch_labels to 2024-11-25 00:00:00+00:00, run_after=2024-11-26 00:00:00+00:00
[2024-11-26T17:57:28.699+0000] {processor.py:208} INFO - Processing /home/airflow/.local/lib/python3.12/site-packages/airflow/example_dags/example_branch_labels.py took 0.089 seconds
[2024-11-26T17:57:59.592+0000] {processor.py:186} INFO - Started process (PID=575) to work on /home/airflow/.local/lib/python3.12/site-packages/airflow/example_dags/example_branch_labels.py
[2024-11-26T17:57:59.593+0000] {processor.py:914} INFO - Processing file /home/airflow/.local/lib/python3.12/site-packages/airflow/example_dags/example_branch_labels.py for tasks to queue
[2024-11-26T17:57:59.595+0000] {logging_mixin.py:190} INFO - [2024-11-26T17:57:59.595+0000] {dagbag.py:588} INFO - Filling up the DagBag from /home/airflow/.local/lib/python3.12/site-packages/airflow/example_dags/example_branch_labels.py
[2024-11-26T17:57:59.604+0000] {processor.py:925} INFO - DAG(s) 'example_branch_labels' retrieved from /home/airflow/.local/lib/python3.12/site-packages/airflow/example_dags/example_branch_labels.py
[2024-11-26T17:57:59.618+0000] {logging_mixin.py:190} INFO - [2024-11-26T17:57:59.618+0000] {dag.py:3239} INFO - Sync 1 DAGs
[2024-11-26T17:57:59.635+0000] {logging_mixin.py:190} INFO - [2024-11-26T17:57:59.635+0000] {dag.py:4180} INFO - Setting next_dagrun for example_branch_labels to 2024-11-25 00:00:00+00:00, run_after=2024-11-26 00:00:00+00:00
[2024-11-26T17:57:59.648+0000] {processor.py:208} INFO - Processing /home/airflow/.local/lib/python3.12/site-packages/airflow/example_dags/example_branch_labels.py took 0.060 seconds
[2024-11-26T17:58:29.709+0000] {processor.py:186} INFO - Started process (PID=638) to work on /home/airflow/.local/lib/python3.12/site-packages/airflow/example_dags/example_branch_labels.py
[2024-11-26T17:58:29.710+0000] {processor.py:914} INFO - Processing file /home/airflow/.local/lib/python3.12/site-packages/airflow/example_dags/example_branch_labels.py for tasks to queue
[2024-11-26T17:58:29.712+0000] {logging_mixin.py:190} INFO - [2024-11-26T17:58:29.712+0000] {dagbag.py:588} INFO - Filling up the DagBag from /home/airflow/.local/lib/python3.12/site-packages/airflow/example_dags/example_branch_labels.py
[2024-11-26T17:58:29.719+0000] {processor.py:925} INFO - DAG(s) 'example_branch_labels' retrieved from /home/airflow/.local/lib/python3.12/site-packages/airflow/example_dags/example_branch_labels.py
[2024-11-26T17:58:29.735+0000] {logging_mixin.py:190} INFO - [2024-11-26T17:58:29.735+0000] {dag.py:3239} INFO - Sync 1 DAGs
[2024-11-26T17:58:29.753+0000] {logging_mixin.py:190} INFO - [2024-11-26T17:58:29.753+0000] {dag.py:4180} INFO - Setting next_dagrun for example_branch_labels to 2024-11-25 00:00:00+00:00, run_after=2024-11-26 00:00:00+00:00
[2024-11-26T17:58:29.767+0000] {processor.py:208} INFO - Processing /home/airflow/.local/lib/python3.12/site-packages/airflow/example_dags/example_branch_labels.py took 0.062 seconds
[2024-11-26T17:59:00.512+0000] {processor.py:186} INFO - Started process (PID=701) to work on /home/airflow/.local/lib/python3.12/site-packages/airflow/example_dags/example_branch_labels.py
[2024-11-26T17:59:00.513+0000] {processor.py:914} INFO - Processing file /home/airflow/.local/lib/python3.12/site-packages/airflow/example_dags/example_branch_labels.py for tasks to queue
[2024-11-26T17:59:00.515+0000] {logging_mixin.py:190} INFO - [2024-11-26T17:59:00.515+0000] {dagbag.py:588} INFO - Filling up the DagBag from /home/airflow/.local/lib/python3.12/site-packages/airflow/example_dags/example_branch_labels.py
[2024-11-26T17:59:00.522+0000] {processor.py:925} INFO - DAG(s) 'example_branch_labels' retrieved from /home/airflow/.local/lib/python3.12/site-packages/airflow/example_dags/example_branch_labels.py
[2024-11-26T17:59:00.536+0000] {logging_mixin.py:190} INFO - [2024-11-26T17:59:00.536+0000] {dag.py:3239} INFO - Sync 1 DAGs
[2024-11-26T17:59:00.553+0000] {logging_mixin.py:190} INFO - [2024-11-26T17:59:00.553+0000] {dag.py:4180} INFO - Setting next_dagrun for example_branch_labels to 2024-11-25 00:00:00+00:00, run_after=2024-11-26 00:00:00+00:00
[2024-11-26T17:59:00.565+0000] {processor.py:208} INFO - Processing /home/airflow/.local/lib/python3.12/site-packages/airflow/example_dags/example_branch_labels.py took 0.057 seconds
[2024-11-26T18:06:04.727+0000] {processor.py:186} INFO - Started process (PID=61) to work on /home/airflow/.local/lib/python3.12/site-packages/airflow/example_dags/example_branch_labels.py
[2024-11-26T18:06:04.728+0000] {processor.py:914} INFO - Processing file /home/airflow/.local/lib/python3.12/site-packages/airflow/example_dags/example_branch_labels.py for tasks to queue
[2024-11-26T18:06:04.729+0000] {logging_mixin.py:190} INFO - [2024-11-26T18:06:04.729+0000] {dagbag.py:588} INFO - Filling up the DagBag from /home/airflow/.local/lib/python3.12/site-packages/airflow/example_dags/example_branch_labels.py
[2024-11-26T18:06:04.739+0000] {processor.py:925} INFO - DAG(s) 'example_branch_labels' retrieved from /home/airflow/.local/lib/python3.12/site-packages/airflow/example_dags/example_branch_labels.py
[2024-11-26T18:06:04.768+0000] {logging_mixin.py:190} INFO - [2024-11-26T18:06:04.768+0000] {dag.py:3239} INFO - Sync 1 DAGs
[2024-11-26T18:06:04.788+0000] {logging_mixin.py:190} INFO - [2024-11-26T18:06:04.788+0000] {dag.py:4180} INFO - Setting next_dagrun for example_branch_labels to 2024-11-25 00:00:00+00:00, run_after=2024-11-26 00:00:00+00:00
[2024-11-26T18:06:04.804+0000] {processor.py:208} INFO - Processing /home/airflow/.local/lib/python3.12/site-packages/airflow/example_dags/example_branch_labels.py took 0.081 seconds
[2024-11-26T18:06:34.854+0000] {processor.py:186} INFO - Started process (PID=124) to work on /home/airflow/.local/lib/python3.12/site-packages/airflow/example_dags/example_branch_labels.py
[2024-11-26T18:06:34.855+0000] {processor.py:914} INFO - Processing file /home/airflow/.local/lib/python3.12/site-packages/airflow/example_dags/example_branch_labels.py for tasks to queue
[2024-11-26T18:06:34.857+0000] {logging_mixin.py:190} INFO - [2024-11-26T18:06:34.856+0000] {dagbag.py:588} INFO - Filling up the DagBag from /home/airflow/.local/lib/python3.12/site-packages/airflow/example_dags/example_branch_labels.py
[2024-11-26T18:06:34.863+0000] {processor.py:925} INFO - DAG(s) 'example_branch_labels' retrieved from /home/airflow/.local/lib/python3.12/site-packages/airflow/example_dags/example_branch_labels.py
[2024-11-26T18:06:34.880+0000] {logging_mixin.py:190} INFO - [2024-11-26T18:06:34.880+0000] {dag.py:3239} INFO - Sync 1 DAGs
[2024-11-26T18:06:34.899+0000] {logging_mixin.py:190} INFO - [2024-11-26T18:06:34.899+0000] {dag.py:4180} INFO - Setting next_dagrun for example_branch_labels to 2024-11-25 00:00:00+00:00, run_after=2024-11-26 00:00:00+00:00
[2024-11-26T18:06:34.912+0000] {processor.py:208} INFO - Processing /home/airflow/.local/lib/python3.12/site-packages/airflow/example_dags/example_branch_labels.py took 0.063 seconds
[2024-11-26T18:07:04.986+0000] {processor.py:186} INFO - Started process (PID=188) to work on /home/airflow/.local/lib/python3.12/site-packages/airflow/example_dags/example_branch_labels.py
[2024-11-26T18:07:04.986+0000] {processor.py:914} INFO - Processing file /home/airflow/.local/lib/python3.12/site-packages/airflow/example_dags/example_branch_labels.py for tasks to queue
[2024-11-26T18:07:04.988+0000] {logging_mixin.py:190} INFO - [2024-11-26T18:07:04.988+0000] {dagbag.py:588} INFO - Filling up the DagBag from /home/airflow/.local/lib/python3.12/site-packages/airflow/example_dags/example_branch_labels.py
[2024-11-26T18:07:04.995+0000] {processor.py:925} INFO - DAG(s) 'example_branch_labels' retrieved from /home/airflow/.local/lib/python3.12/site-packages/airflow/example_dags/example_branch_labels.py
[2024-11-26T18:07:05.010+0000] {logging_mixin.py:190} INFO - [2024-11-26T18:07:05.010+0000] {dag.py:3239} INFO - Sync 1 DAGs
[2024-11-26T18:07:05.030+0000] {logging_mixin.py:190} INFO - [2024-11-26T18:07:05.030+0000] {dag.py:4180} INFO - Setting next_dagrun for example_branch_labels to 2024-11-25 00:00:00+00:00, run_after=2024-11-26 00:00:00+00:00
[2024-11-26T18:07:05.043+0000] {processor.py:208} INFO - Processing /home/airflow/.local/lib/python3.12/site-packages/airflow/example_dags/example_branch_labels.py took 0.062 seconds
[2024-11-26T18:07:35.934+0000] {processor.py:186} INFO - Started process (PID=258) to work on /home/airflow/.local/lib/python3.12/site-packages/airflow/example_dags/example_branch_labels.py
[2024-11-26T18:07:35.935+0000] {processor.py:914} INFO - Processing file /home/airflow/.local/lib/python3.12/site-packages/airflow/example_dags/example_branch_labels.py for tasks to queue
[2024-11-26T18:07:35.936+0000] {logging_mixin.py:190} INFO - [2024-11-26T18:07:35.936+0000] {dagbag.py:588} INFO - Filling up the DagBag from /home/airflow/.local/lib/python3.12/site-packages/airflow/example_dags/example_branch_labels.py
[2024-11-26T18:07:35.943+0000] {processor.py:925} INFO - DAG(s) 'example_branch_labels' retrieved from /home/airflow/.local/lib/python3.12/site-packages/airflow/example_dags/example_branch_labels.py
[2024-11-26T18:07:35.959+0000] {logging_mixin.py:190} INFO - [2024-11-26T18:07:35.959+0000] {dag.py:3239} INFO - Sync 1 DAGs
[2024-11-26T18:07:35.977+0000] {logging_mixin.py:190} INFO - [2024-11-26T18:07:35.977+0000] {dag.py:4180} INFO - Setting next_dagrun for example_branch_labels to 2024-11-25 00:00:00+00:00, run_after=2024-11-26 00:00:00+00:00
[2024-11-26T18:07:35.993+0000] {processor.py:208} INFO - Processing /home/airflow/.local/lib/python3.12/site-packages/airflow/example_dags/example_branch_labels.py took 0.063 seconds
[2024-11-26T18:08:06.552+0000] {processor.py:186} INFO - Started process (PID=322) to work on /home/airflow/.local/lib/python3.12/site-packages/airflow/example_dags/example_branch_labels.py
[2024-11-26T18:08:06.553+0000] {processor.py:914} INFO - Processing file /home/airflow/.local/lib/python3.12/site-packages/airflow/example_dags/example_branch_labels.py for tasks to queue
[2024-11-26T18:08:06.555+0000] {logging_mixin.py:190} INFO - [2024-11-26T18:08:06.554+0000] {dagbag.py:588} INFO - Filling up the DagBag from /home/airflow/.local/lib/python3.12/site-packages/airflow/example_dags/example_branch_labels.py
[2024-11-26T18:08:06.561+0000] {processor.py:925} INFO - DAG(s) 'example_branch_labels' retrieved from /home/airflow/.local/lib/python3.12/site-packages/airflow/example_dags/example_branch_labels.py
[2024-11-26T18:08:06.577+0000] {logging_mixin.py:190} INFO - [2024-11-26T18:08:06.577+0000] {dag.py:3239} INFO - Sync 1 DAGs
[2024-11-26T18:08:06.595+0000] {logging_mixin.py:190} INFO - [2024-11-26T18:08:06.595+0000] {dag.py:4180} INFO - Setting next_dagrun for example_branch_labels to 2024-11-25 00:00:00+00:00, run_after=2024-11-26 00:00:00+00:00
[2024-11-26T18:08:06.610+0000] {processor.py:208} INFO - Processing /home/airflow/.local/lib/python3.12/site-packages/airflow/example_dags/example_branch_labels.py took 0.061 seconds
[2024-11-26T18:08:37.278+0000] {processor.py:186} INFO - Started process (PID=386) to work on /home/airflow/.local/lib/python3.12/site-packages/airflow/example_dags/example_branch_labels.py
[2024-11-26T18:08:37.278+0000] {processor.py:914} INFO - Processing file /home/airflow/.local/lib/python3.12/site-packages/airflow/example_dags/example_branch_labels.py for tasks to queue
[2024-11-26T18:08:37.280+0000] {logging_mixin.py:190} INFO - [2024-11-26T18:08:37.280+0000] {dagbag.py:588} INFO - Filling up the DagBag from /home/airflow/.local/lib/python3.12/site-packages/airflow/example_dags/example_branch_labels.py
[2024-11-26T18:08:37.287+0000] {processor.py:925} INFO - DAG(s) 'example_branch_labels' retrieved from /home/airflow/.local/lib/python3.12/site-packages/airflow/example_dags/example_branch_labels.py
[2024-11-26T18:08:37.302+0000] {logging_mixin.py:190} INFO - [2024-11-26T18:08:37.302+0000] {dag.py:3239} INFO - Sync 1 DAGs
[2024-11-26T18:08:37.320+0000] {logging_mixin.py:190} INFO - [2024-11-26T18:08:37.320+0000] {dag.py:4180} INFO - Setting next_dagrun for example_branch_labels to 2024-11-25 00:00:00+00:00, run_after=2024-11-26 00:00:00+00:00
[2024-11-26T18:08:37.335+0000] {processor.py:208} INFO - Processing /home/airflow/.local/lib/python3.12/site-packages/airflow/example_dags/example_branch_labels.py took 0.061 seconds
[2024-11-26T18:09:08.078+0000] {processor.py:186} INFO - Started process (PID=451) to work on /home/airflow/.local/lib/python3.12/site-packages/airflow/example_dags/example_branch_labels.py
[2024-11-26T18:09:08.079+0000] {processor.py:914} INFO - Processing file /home/airflow/.local/lib/python3.12/site-packages/airflow/example_dags/example_branch_labels.py for tasks to queue
[2024-11-26T18:09:08.081+0000] {logging_mixin.py:190} INFO - [2024-11-26T18:09:08.081+0000] {dagbag.py:588} INFO - Filling up the DagBag from /home/airflow/.local/lib/python3.12/site-packages/airflow/example_dags/example_branch_labels.py
[2024-11-26T18:09:08.088+0000] {processor.py:925} INFO - DAG(s) 'example_branch_labels' retrieved from /home/airflow/.local/lib/python3.12/site-packages/airflow/example_dags/example_branch_labels.py
[2024-11-26T18:09:08.105+0000] {logging_mixin.py:190} INFO - [2024-11-26T18:09:08.104+0000] {dag.py:3239} INFO - Sync 1 DAGs
[2024-11-26T18:09:08.124+0000] {logging_mixin.py:190} INFO - [2024-11-26T18:09:08.124+0000] {dag.py:4180} INFO - Setting next_dagrun for example_branch_labels to 2024-11-25 00:00:00+00:00, run_after=2024-11-26 00:00:00+00:00
[2024-11-26T18:09:08.138+0000] {processor.py:208} INFO - Processing /home/airflow/.local/lib/python3.12/site-packages/airflow/example_dags/example_branch_labels.py took 0.064 seconds
[2024-11-26T18:09:39.123+0000] {processor.py:186} INFO - Started process (PID=515) to work on /home/airflow/.local/lib/python3.12/site-packages/airflow/example_dags/example_branch_labels.py
[2024-11-26T18:09:39.124+0000] {processor.py:914} INFO - Processing file /home/airflow/.local/lib/python3.12/site-packages/airflow/example_dags/example_branch_labels.py for tasks to queue
[2024-11-26T18:09:39.126+0000] {logging_mixin.py:190} INFO - [2024-11-26T18:09:39.125+0000] {dagbag.py:588} INFO - Filling up the DagBag from /home/airflow/.local/lib/python3.12/site-packages/airflow/example_dags/example_branch_labels.py
[2024-11-26T18:09:39.132+0000] {processor.py:925} INFO - DAG(s) 'example_branch_labels' retrieved from /home/airflow/.local/lib/python3.12/site-packages/airflow/example_dags/example_branch_labels.py
[2024-11-26T18:09:39.148+0000] {logging_mixin.py:190} INFO - [2024-11-26T18:09:39.147+0000] {dag.py:3239} INFO - Sync 1 DAGs
[2024-11-26T18:09:39.166+0000] {logging_mixin.py:190} INFO - [2024-11-26T18:09:39.165+0000] {dag.py:4180} INFO - Setting next_dagrun for example_branch_labels to 2024-11-25 00:00:00+00:00, run_after=2024-11-26 00:00:00+00:00
[2024-11-26T18:09:39.178+0000] {processor.py:208} INFO - Processing /home/airflow/.local/lib/python3.12/site-packages/airflow/example_dags/example_branch_labels.py took 0.059 seconds
[2024-11-26T18:10:09.965+0000] {processor.py:186} INFO - Started process (PID=578) to work on /home/airflow/.local/lib/python3.12/site-packages/airflow/example_dags/example_branch_labels.py
[2024-11-26T18:10:09.966+0000] {processor.py:914} INFO - Processing file /home/airflow/.local/lib/python3.12/site-packages/airflow/example_dags/example_branch_labels.py for tasks to queue
[2024-11-26T18:10:09.967+0000] {logging_mixin.py:190} INFO - [2024-11-26T18:10:09.967+0000] {dagbag.py:588} INFO - Filling up the DagBag from /home/airflow/.local/lib/python3.12/site-packages/airflow/example_dags/example_branch_labels.py
[2024-11-26T18:10:09.973+0000] {processor.py:925} INFO - DAG(s) 'example_branch_labels' retrieved from /home/airflow/.local/lib/python3.12/site-packages/airflow/example_dags/example_branch_labels.py
[2024-11-26T18:10:09.990+0000] {logging_mixin.py:190} INFO - [2024-11-26T18:10:09.990+0000] {dag.py:3239} INFO - Sync 1 DAGs
[2024-11-26T18:10:10.008+0000] {logging_mixin.py:190} INFO - [2024-11-26T18:10:10.008+0000] {dag.py:4180} INFO - Setting next_dagrun for example_branch_labels to 2024-11-25 00:00:00+00:00, run_after=2024-11-26 00:00:00+00:00
[2024-11-26T18:10:10.027+0000] {processor.py:208} INFO - Processing /home/airflow/.local/lib/python3.12/site-packages/airflow/example_dags/example_branch_labels.py took 0.066 seconds
[2024-11-26T18:10:40.139+0000] {processor.py:186} INFO - Started process (PID=641) to work on /home/airflow/.local/lib/python3.12/site-packages/airflow/example_dags/example_branch_labels.py
[2024-11-26T18:10:40.139+0000] {processor.py:914} INFO - Processing file /home/airflow/.local/lib/python3.12/site-packages/airflow/example_dags/example_branch_labels.py for tasks to queue
[2024-11-26T18:10:40.140+0000] {logging_mixin.py:190} INFO - [2024-11-26T18:10:40.140+0000] {dagbag.py:588} INFO - Filling up the DagBag from /home/airflow/.local/lib/python3.12/site-packages/airflow/example_dags/example_branch_labels.py
[2024-11-26T18:10:40.147+0000] {processor.py:925} INFO - DAG(s) 'example_branch_labels' retrieved from /home/airflow/.local/lib/python3.12/site-packages/airflow/example_dags/example_branch_labels.py
[2024-11-26T18:10:40.162+0000] {logging_mixin.py:190} INFO - [2024-11-26T18:10:40.162+0000] {dag.py:3239} INFO - Sync 1 DAGs
[2024-11-26T18:10:40.179+0000] {logging_mixin.py:190} INFO - [2024-11-26T18:10:40.178+0000] {dag.py:4180} INFO - Setting next_dagrun for example_branch_labels to 2024-11-25 00:00:00+00:00, run_after=2024-11-26 00:00:00+00:00
[2024-11-26T18:10:40.193+0000] {processor.py:208} INFO - Processing /home/airflow/.local/lib/python3.12/site-packages/airflow/example_dags/example_branch_labels.py took 0.058 seconds
[2024-11-26T18:11:10.236+0000] {processor.py:186} INFO - Started process (PID=705) to work on /home/airflow/.local/lib/python3.12/site-packages/airflow/example_dags/example_branch_labels.py
[2024-11-26T18:11:10.237+0000] {processor.py:914} INFO - Processing file /home/airflow/.local/lib/python3.12/site-packages/airflow/example_dags/example_branch_labels.py for tasks to queue
[2024-11-26T18:11:10.238+0000] {logging_mixin.py:190} INFO - [2024-11-26T18:11:10.238+0000] {dagbag.py:588} INFO - Filling up the DagBag from /home/airflow/.local/lib/python3.12/site-packages/airflow/example_dags/example_branch_labels.py
[2024-11-26T18:11:10.245+0000] {processor.py:925} INFO - DAG(s) 'example_branch_labels' retrieved from /home/airflow/.local/lib/python3.12/site-packages/airflow/example_dags/example_branch_labels.py
[2024-11-26T18:11:10.260+0000] {logging_mixin.py:190} INFO - [2024-11-26T18:11:10.260+0000] {dag.py:3239} INFO - Sync 1 DAGs
[2024-11-26T18:11:10.277+0000] {logging_mixin.py:190} INFO - [2024-11-26T18:11:10.277+0000] {dag.py:4180} INFO - Setting next_dagrun for example_branch_labels to 2024-11-25 00:00:00+00:00, run_after=2024-11-26 00:00:00+00:00
[2024-11-26T18:11:10.291+0000] {processor.py:208} INFO - Processing /home/airflow/.local/lib/python3.12/site-packages/airflow/example_dags/example_branch_labels.py took 0.058 seconds
[2024-11-26T18:12:29.826+0000] {processor.py:186} INFO - Started process (PID=55) to work on /home/airflow/.local/lib/python3.12/site-packages/airflow/example_dags/example_branch_labels.py
[2024-11-26T18:12:29.827+0000] {processor.py:914} INFO - Processing file /home/airflow/.local/lib/python3.12/site-packages/airflow/example_dags/example_branch_labels.py for tasks to queue
[2024-11-26T18:12:29.829+0000] {logging_mixin.py:190} INFO - [2024-11-26T18:12:29.829+0000] {dagbag.py:588} INFO - Filling up the DagBag from /home/airflow/.local/lib/python3.12/site-packages/airflow/example_dags/example_branch_labels.py
[2024-11-26T18:12:29.837+0000] {processor.py:925} INFO - DAG(s) 'example_branch_labels' retrieved from /home/airflow/.local/lib/python3.12/site-packages/airflow/example_dags/example_branch_labels.py
[2024-11-26T18:12:29.861+0000] {logging_mixin.py:190} INFO - [2024-11-26T18:12:29.860+0000] {dag.py:3239} INFO - Sync 1 DAGs
[2024-11-26T18:12:29.880+0000] {logging_mixin.py:190} INFO - [2024-11-26T18:12:29.880+0000] {dag.py:4180} INFO - Setting next_dagrun for example_branch_labels to 2024-11-25 00:00:00+00:00, run_after=2024-11-26 00:00:00+00:00
[2024-11-26T18:12:29.893+0000] {processor.py:208} INFO - Processing /home/airflow/.local/lib/python3.12/site-packages/airflow/example_dags/example_branch_labels.py took 0.071 seconds
[2024-11-26T18:13:00.494+0000] {processor.py:186} INFO - Started process (PID=118) to work on /home/airflow/.local/lib/python3.12/site-packages/airflow/example_dags/example_branch_labels.py
[2024-11-26T18:13:00.495+0000] {processor.py:914} INFO - Processing file /home/airflow/.local/lib/python3.12/site-packages/airflow/example_dags/example_branch_labels.py for tasks to queue
[2024-11-26T18:13:00.497+0000] {logging_mixin.py:190} INFO - [2024-11-26T18:13:00.497+0000] {dagbag.py:588} INFO - Filling up the DagBag from /home/airflow/.local/lib/python3.12/site-packages/airflow/example_dags/example_branch_labels.py
[2024-11-26T18:13:00.504+0000] {processor.py:925} INFO - DAG(s) 'example_branch_labels' retrieved from /home/airflow/.local/lib/python3.12/site-packages/airflow/example_dags/example_branch_labels.py
[2024-11-26T18:13:00.522+0000] {logging_mixin.py:190} INFO - [2024-11-26T18:13:00.521+0000] {dag.py:3239} INFO - Sync 1 DAGs
[2024-11-26T18:13:00.541+0000] {logging_mixin.py:190} INFO - [2024-11-26T18:13:00.541+0000] {dag.py:4180} INFO - Setting next_dagrun for example_branch_labels to 2024-11-25 00:00:00+00:00, run_after=2024-11-26 00:00:00+00:00
[2024-11-26T18:13:00.556+0000] {processor.py:208} INFO - Processing /home/airflow/.local/lib/python3.12/site-packages/airflow/example_dags/example_branch_labels.py took 0.066 seconds
[2024-11-26T18:13:31.187+0000] {processor.py:186} INFO - Started process (PID=182) to work on /home/airflow/.local/lib/python3.12/site-packages/airflow/example_dags/example_branch_labels.py
[2024-11-26T18:13:31.188+0000] {processor.py:914} INFO - Processing file /home/airflow/.local/lib/python3.12/site-packages/airflow/example_dags/example_branch_labels.py for tasks to queue
[2024-11-26T18:13:31.189+0000] {logging_mixin.py:190} INFO - [2024-11-26T18:13:31.189+0000] {dagbag.py:588} INFO - Filling up the DagBag from /home/airflow/.local/lib/python3.12/site-packages/airflow/example_dags/example_branch_labels.py
[2024-11-26T18:13:31.198+0000] {processor.py:925} INFO - DAG(s) 'example_branch_labels' retrieved from /home/airflow/.local/lib/python3.12/site-packages/airflow/example_dags/example_branch_labels.py
[2024-11-26T18:13:31.215+0000] {logging_mixin.py:190} INFO - [2024-11-26T18:13:31.214+0000] {dag.py:3239} INFO - Sync 1 DAGs
[2024-11-26T18:13:31.234+0000] {logging_mixin.py:190} INFO - [2024-11-26T18:13:31.234+0000] {dag.py:4180} INFO - Setting next_dagrun for example_branch_labels to 2024-11-25 00:00:00+00:00, run_after=2024-11-26 00:00:00+00:00
[2024-11-26T18:13:31.249+0000] {processor.py:208} INFO - Processing /home/airflow/.local/lib/python3.12/site-packages/airflow/example_dags/example_branch_labels.py took 0.066 seconds
[2024-11-26T18:14:01.341+0000] {processor.py:186} INFO - Started process (PID=246) to work on /home/airflow/.local/lib/python3.12/site-packages/airflow/example_dags/example_branch_labels.py
[2024-11-26T18:14:01.343+0000] {processor.py:914} INFO - Processing file /home/airflow/.local/lib/python3.12/site-packages/airflow/example_dags/example_branch_labels.py for tasks to queue
[2024-11-26T18:14:01.345+0000] {logging_mixin.py:190} INFO - [2024-11-26T18:14:01.344+0000] {dagbag.py:588} INFO - Filling up the DagBag from /home/airflow/.local/lib/python3.12/site-packages/airflow/example_dags/example_branch_labels.py
[2024-11-26T18:14:01.353+0000] {processor.py:925} INFO - DAG(s) 'example_branch_labels' retrieved from /home/airflow/.local/lib/python3.12/site-packages/airflow/example_dags/example_branch_labels.py
[2024-11-26T18:14:01.370+0000] {logging_mixin.py:190} INFO - [2024-11-26T18:14:01.370+0000] {dag.py:3239} INFO - Sync 1 DAGs
[2024-11-26T18:14:01.391+0000] {logging_mixin.py:190} INFO - [2024-11-26T18:14:01.390+0000] {dag.py:4180} INFO - Setting next_dagrun for example_branch_labels to 2024-11-25 00:00:00+00:00, run_after=2024-11-26 00:00:00+00:00
[2024-11-26T18:14:01.405+0000] {processor.py:208} INFO - Processing /home/airflow/.local/lib/python3.12/site-packages/airflow/example_dags/example_branch_labels.py took 0.068 seconds
[2024-11-26T18:14:31.476+0000] {processor.py:186} INFO - Started process (PID=310) to work on /home/airflow/.local/lib/python3.12/site-packages/airflow/example_dags/example_branch_labels.py
[2024-11-26T18:14:31.476+0000] {processor.py:914} INFO - Processing file /home/airflow/.local/lib/python3.12/site-packages/airflow/example_dags/example_branch_labels.py for tasks to queue
[2024-11-26T18:14:31.478+0000] {logging_mixin.py:190} INFO - [2024-11-26T18:14:31.478+0000] {dagbag.py:588} INFO - Filling up the DagBag from /home/airflow/.local/lib/python3.12/site-packages/airflow/example_dags/example_branch_labels.py
[2024-11-26T18:14:31.485+0000] {processor.py:925} INFO - DAG(s) 'example_branch_labels' retrieved from /home/airflow/.local/lib/python3.12/site-packages/airflow/example_dags/example_branch_labels.py
[2024-11-26T18:14:31.500+0000] {logging_mixin.py:190} INFO - [2024-11-26T18:14:31.500+0000] {dag.py:3239} INFO - Sync 1 DAGs
[2024-11-26T18:14:31.517+0000] {logging_mixin.py:190} INFO - [2024-11-26T18:14:31.517+0000] {dag.py:4180} INFO - Setting next_dagrun for example_branch_labels to 2024-11-25 00:00:00+00:00, run_after=2024-11-26 00:00:00+00:00
[2024-11-26T18:14:31.531+0000] {processor.py:208} INFO - Processing /home/airflow/.local/lib/python3.12/site-packages/airflow/example_dags/example_branch_labels.py took 0.059 seconds
[2024-11-26T18:15:02.344+0000] {processor.py:186} INFO - Started process (PID=380) to work on /home/airflow/.local/lib/python3.12/site-packages/airflow/example_dags/example_branch_labels.py
[2024-11-26T18:15:02.344+0000] {processor.py:914} INFO - Processing file /home/airflow/.local/lib/python3.12/site-packages/airflow/example_dags/example_branch_labels.py for tasks to queue
[2024-11-26T18:15:02.346+0000] {logging_mixin.py:190} INFO - [2024-11-26T18:15:02.346+0000] {dagbag.py:588} INFO - Filling up the DagBag from /home/airflow/.local/lib/python3.12/site-packages/airflow/example_dags/example_branch_labels.py
[2024-11-26T18:15:02.353+0000] {processor.py:925} INFO - DAG(s) 'example_branch_labels' retrieved from /home/airflow/.local/lib/python3.12/site-packages/airflow/example_dags/example_branch_labels.py
[2024-11-26T18:15:02.371+0000] {logging_mixin.py:190} INFO - [2024-11-26T18:15:02.370+0000] {dag.py:3239} INFO - Sync 1 DAGs
[2024-11-26T18:15:02.390+0000] {logging_mixin.py:190} INFO - [2024-11-26T18:15:02.390+0000] {dag.py:4180} INFO - Setting next_dagrun for example_branch_labels to 2024-11-25 00:00:00+00:00, run_after=2024-11-26 00:00:00+00:00
[2024-11-26T18:15:02.405+0000] {processor.py:208} INFO - Processing /home/airflow/.local/lib/python3.12/site-packages/airflow/example_dags/example_branch_labels.py took 0.066 seconds
[2024-11-26T18:15:33.103+0000] {processor.py:186} INFO - Started process (PID=444) to work on /home/airflow/.local/lib/python3.12/site-packages/airflow/example_dags/example_branch_labels.py
[2024-11-26T18:15:33.104+0000] {processor.py:914} INFO - Processing file /home/airflow/.local/lib/python3.12/site-packages/airflow/example_dags/example_branch_labels.py for tasks to queue
[2024-11-26T18:15:33.105+0000] {logging_mixin.py:190} INFO - [2024-11-26T18:15:33.105+0000] {dagbag.py:588} INFO - Filling up the DagBag from /home/airflow/.local/lib/python3.12/site-packages/airflow/example_dags/example_branch_labels.py
[2024-11-26T18:15:33.112+0000] {processor.py:925} INFO - DAG(s) 'example_branch_labels' retrieved from /home/airflow/.local/lib/python3.12/site-packages/airflow/example_dags/example_branch_labels.py
[2024-11-26T18:15:33.129+0000] {logging_mixin.py:190} INFO - [2024-11-26T18:15:33.128+0000] {dag.py:3239} INFO - Sync 1 DAGs
[2024-11-26T18:15:33.149+0000] {logging_mixin.py:190} INFO - [2024-11-26T18:15:33.149+0000] {dag.py:4180} INFO - Setting next_dagrun for example_branch_labels to 2024-11-25 00:00:00+00:00, run_after=2024-11-26 00:00:00+00:00
[2024-11-26T18:15:33.162+0000] {processor.py:208} INFO - Processing /home/airflow/.local/lib/python3.12/site-packages/airflow/example_dags/example_branch_labels.py took 0.064 seconds
[2024-11-26T18:16:03.984+0000] {processor.py:186} INFO - Started process (PID=508) to work on /home/airflow/.local/lib/python3.12/site-packages/airflow/example_dags/example_branch_labels.py
[2024-11-26T18:16:03.985+0000] {processor.py:914} INFO - Processing file /home/airflow/.local/lib/python3.12/site-packages/airflow/example_dags/example_branch_labels.py for tasks to queue
[2024-11-26T18:16:03.986+0000] {logging_mixin.py:190} INFO - [2024-11-26T18:16:03.986+0000] {dagbag.py:588} INFO - Filling up the DagBag from /home/airflow/.local/lib/python3.12/site-packages/airflow/example_dags/example_branch_labels.py
[2024-11-26T18:16:03.994+0000] {processor.py:925} INFO - DAG(s) 'example_branch_labels' retrieved from /home/airflow/.local/lib/python3.12/site-packages/airflow/example_dags/example_branch_labels.py
[2024-11-26T18:16:04.010+0000] {logging_mixin.py:190} INFO - [2024-11-26T18:16:04.010+0000] {dag.py:3239} INFO - Sync 1 DAGs
[2024-11-26T18:16:04.028+0000] {logging_mixin.py:190} INFO - [2024-11-26T18:16:04.028+0000] {dag.py:4180} INFO - Setting next_dagrun for example_branch_labels to 2024-11-25 00:00:00+00:00, run_after=2024-11-26 00:00:00+00:00
[2024-11-26T18:16:04.042+0000] {processor.py:208} INFO - Processing /home/airflow/.local/lib/python3.12/site-packages/airflow/example_dags/example_branch_labels.py took 0.062 seconds
[2024-11-26T18:16:34.579+0000] {processor.py:186} INFO - Started process (PID=572) to work on /home/airflow/.local/lib/python3.12/site-packages/airflow/example_dags/example_branch_labels.py
[2024-11-26T18:16:34.580+0000] {processor.py:914} INFO - Processing file /home/airflow/.local/lib/python3.12/site-packages/airflow/example_dags/example_branch_labels.py for tasks to queue
[2024-11-26T18:16:34.582+0000] {logging_mixin.py:190} INFO - [2024-11-26T18:16:34.581+0000] {dagbag.py:588} INFO - Filling up the DagBag from /home/airflow/.local/lib/python3.12/site-packages/airflow/example_dags/example_branch_labels.py
[2024-11-26T18:16:34.589+0000] {processor.py:925} INFO - DAG(s) 'example_branch_labels' retrieved from /home/airflow/.local/lib/python3.12/site-packages/airflow/example_dags/example_branch_labels.py
[2024-11-26T18:16:34.604+0000] {logging_mixin.py:190} INFO - [2024-11-26T18:16:34.603+0000] {dag.py:3239} INFO - Sync 1 DAGs
[2024-11-26T18:16:34.622+0000] {logging_mixin.py:190} INFO - [2024-11-26T18:16:34.621+0000] {dag.py:4180} INFO - Setting next_dagrun for example_branch_labels to 2024-11-25 00:00:00+00:00, run_after=2024-11-26 00:00:00+00:00
[2024-11-26T18:16:34.635+0000] {processor.py:208} INFO - Processing /home/airflow/.local/lib/python3.12/site-packages/airflow/example_dags/example_branch_labels.py took 0.060 seconds
[2024-11-26T18:17:05.365+0000] {processor.py:186} INFO - Started process (PID=636) to work on /home/airflow/.local/lib/python3.12/site-packages/airflow/example_dags/example_branch_labels.py
[2024-11-26T18:17:05.366+0000] {processor.py:914} INFO - Processing file /home/airflow/.local/lib/python3.12/site-packages/airflow/example_dags/example_branch_labels.py for tasks to queue
[2024-11-26T18:17:05.368+0000] {logging_mixin.py:190} INFO - [2024-11-26T18:17:05.368+0000] {dagbag.py:588} INFO - Filling up the DagBag from /home/airflow/.local/lib/python3.12/site-packages/airflow/example_dags/example_branch_labels.py
[2024-11-26T18:17:05.376+0000] {processor.py:925} INFO - DAG(s) 'example_branch_labels' retrieved from /home/airflow/.local/lib/python3.12/site-packages/airflow/example_dags/example_branch_labels.py
[2024-11-26T18:17:05.393+0000] {logging_mixin.py:190} INFO - [2024-11-26T18:17:05.392+0000] {dag.py:3239} INFO - Sync 1 DAGs
[2024-11-26T18:17:05.413+0000] {logging_mixin.py:190} INFO - [2024-11-26T18:17:05.413+0000] {dag.py:4180} INFO - Setting next_dagrun for example_branch_labels to 2024-11-25 00:00:00+00:00, run_after=2024-11-26 00:00:00+00:00
[2024-11-26T18:17:05.430+0000] {processor.py:208} INFO - Processing /home/airflow/.local/lib/python3.12/site-packages/airflow/example_dags/example_branch_labels.py took 0.068 seconds
[2024-11-26T18:17:36.115+0000] {processor.py:186} INFO - Started process (PID=700) to work on /home/airflow/.local/lib/python3.12/site-packages/airflow/example_dags/example_branch_labels.py
[2024-11-26T18:17:36.116+0000] {processor.py:914} INFO - Processing file /home/airflow/.local/lib/python3.12/site-packages/airflow/example_dags/example_branch_labels.py for tasks to queue
[2024-11-26T18:17:36.117+0000] {logging_mixin.py:190} INFO - [2024-11-26T18:17:36.117+0000] {dagbag.py:588} INFO - Filling up the DagBag from /home/airflow/.local/lib/python3.12/site-packages/airflow/example_dags/example_branch_labels.py
[2024-11-26T18:17:36.124+0000] {processor.py:925} INFO - DAG(s) 'example_branch_labels' retrieved from /home/airflow/.local/lib/python3.12/site-packages/airflow/example_dags/example_branch_labels.py
[2024-11-26T18:17:36.139+0000] {logging_mixin.py:190} INFO - [2024-11-26T18:17:36.139+0000] {dag.py:3239} INFO - Sync 1 DAGs
[2024-11-26T18:17:36.158+0000] {logging_mixin.py:190} INFO - [2024-11-26T18:17:36.157+0000] {dag.py:4180} INFO - Setting next_dagrun for example_branch_labels to 2024-11-25 00:00:00+00:00, run_after=2024-11-26 00:00:00+00:00
[2024-11-26T18:17:36.172+0000] {processor.py:208} INFO - Processing /home/airflow/.local/lib/python3.12/site-packages/airflow/example_dags/example_branch_labels.py took 0.061 seconds
[2024-11-26T18:18:07.082+0000] {processor.py:186} INFO - Started process (PID=764) to work on /home/airflow/.local/lib/python3.12/site-packages/airflow/example_dags/example_branch_labels.py
[2024-11-26T18:18:07.083+0000] {processor.py:914} INFO - Processing file /home/airflow/.local/lib/python3.12/site-packages/airflow/example_dags/example_branch_labels.py for tasks to queue
[2024-11-26T18:18:07.084+0000] {logging_mixin.py:190} INFO - [2024-11-26T18:18:07.084+0000] {dagbag.py:588} INFO - Filling up the DagBag from /home/airflow/.local/lib/python3.12/site-packages/airflow/example_dags/example_branch_labels.py
[2024-11-26T18:18:07.091+0000] {processor.py:925} INFO - DAG(s) 'example_branch_labels' retrieved from /home/airflow/.local/lib/python3.12/site-packages/airflow/example_dags/example_branch_labels.py
[2024-11-26T18:18:07.106+0000] {logging_mixin.py:190} INFO - [2024-11-26T18:18:07.106+0000] {dag.py:3239} INFO - Sync 1 DAGs
[2024-11-26T18:18:07.123+0000] {logging_mixin.py:190} INFO - [2024-11-26T18:18:07.123+0000] {dag.py:4180} INFO - Setting next_dagrun for example_branch_labels to 2024-11-25 00:00:00+00:00, run_after=2024-11-26 00:00:00+00:00
[2024-11-26T18:18:07.138+0000] {processor.py:208} INFO - Processing /home/airflow/.local/lib/python3.12/site-packages/airflow/example_dags/example_branch_labels.py took 0.059 seconds
[2024-11-26T18:44:09.403+0000] {processor.py:186} INFO - Started process (PID=72) to work on /home/airflow/.local/lib/python3.12/site-packages/airflow/example_dags/example_branch_labels.py
[2024-11-26T18:44:09.404+0000] {processor.py:914} INFO - Processing file /home/airflow/.local/lib/python3.12/site-packages/airflow/example_dags/example_branch_labels.py for tasks to queue
[2024-11-26T18:44:09.405+0000] {logging_mixin.py:190} INFO - [2024-11-26T18:44:09.405+0000] {dagbag.py:588} INFO - Filling up the DagBag from /home/airflow/.local/lib/python3.12/site-packages/airflow/example_dags/example_branch_labels.py
[2024-11-26T18:44:09.413+0000] {processor.py:925} INFO - DAG(s) 'example_branch_labels' retrieved from /home/airflow/.local/lib/python3.12/site-packages/airflow/example_dags/example_branch_labels.py
[2024-11-26T18:44:09.435+0000] {logging_mixin.py:190} INFO - [2024-11-26T18:44:09.435+0000] {dag.py:3239} INFO - Sync 1 DAGs
[2024-11-26T18:44:09.453+0000] {logging_mixin.py:190} INFO - [2024-11-26T18:44:09.453+0000] {dag.py:4180} INFO - Setting next_dagrun for example_branch_labels to 2024-11-25 00:00:00+00:00, run_after=2024-11-26 00:00:00+00:00
[2024-11-26T18:44:09.467+0000] {processor.py:208} INFO - Processing /home/airflow/.local/lib/python3.12/site-packages/airflow/example_dags/example_branch_labels.py took 0.069 seconds
[2024-11-26T18:44:39.761+0000] {processor.py:186} INFO - Started process (PID=135) to work on /home/airflow/.local/lib/python3.12/site-packages/airflow/example_dags/example_branch_labels.py
[2024-11-26T18:44:39.762+0000] {processor.py:914} INFO - Processing file /home/airflow/.local/lib/python3.12/site-packages/airflow/example_dags/example_branch_labels.py for tasks to queue
[2024-11-26T18:44:39.763+0000] {logging_mixin.py:190} INFO - [2024-11-26T18:44:39.763+0000] {dagbag.py:588} INFO - Filling up the DagBag from /home/airflow/.local/lib/python3.12/site-packages/airflow/example_dags/example_branch_labels.py
[2024-11-26T18:44:39.770+0000] {processor.py:925} INFO - DAG(s) 'example_branch_labels' retrieved from /home/airflow/.local/lib/python3.12/site-packages/airflow/example_dags/example_branch_labels.py
[2024-11-26T18:44:39.785+0000] {logging_mixin.py:190} INFO - [2024-11-26T18:44:39.785+0000] {dag.py:3239} INFO - Sync 1 DAGs
[2024-11-26T18:44:39.803+0000] {logging_mixin.py:190} INFO - [2024-11-26T18:44:39.803+0000] {dag.py:4180} INFO - Setting next_dagrun for example_branch_labels to 2024-11-25 00:00:00+00:00, run_after=2024-11-26 00:00:00+00:00
[2024-11-26T18:44:39.822+0000] {processor.py:208} INFO - Processing /home/airflow/.local/lib/python3.12/site-packages/airflow/example_dags/example_branch_labels.py took 0.064 seconds
[2024-11-26T18:45:10.084+0000] {processor.py:186} INFO - Started process (PID=209) to work on /home/airflow/.local/lib/python3.12/site-packages/airflow/example_dags/example_branch_labels.py
[2024-11-26T18:45:10.085+0000] {processor.py:914} INFO - Processing file /home/airflow/.local/lib/python3.12/site-packages/airflow/example_dags/example_branch_labels.py for tasks to queue
[2024-11-26T18:45:10.087+0000] {logging_mixin.py:190} INFO - [2024-11-26T18:45:10.087+0000] {dagbag.py:588} INFO - Filling up the DagBag from /home/airflow/.local/lib/python3.12/site-packages/airflow/example_dags/example_branch_labels.py
[2024-11-26T18:45:10.094+0000] {processor.py:925} INFO - DAG(s) 'example_branch_labels' retrieved from /home/airflow/.local/lib/python3.12/site-packages/airflow/example_dags/example_branch_labels.py
[2024-11-26T18:45:10.110+0000] {logging_mixin.py:190} INFO - [2024-11-26T18:45:10.110+0000] {dag.py:3239} INFO - Sync 1 DAGs
[2024-11-26T18:45:10.129+0000] {logging_mixin.py:190} INFO - [2024-11-26T18:45:10.128+0000] {dag.py:4180} INFO - Setting next_dagrun for example_branch_labels to 2024-11-25 00:00:00+00:00, run_after=2024-11-26 00:00:00+00:00
[2024-11-26T18:45:10.145+0000] {processor.py:208} INFO - Processing /home/airflow/.local/lib/python3.12/site-packages/airflow/example_dags/example_branch_labels.py took 0.065 seconds
[2024-11-26T18:45:40.651+0000] {processor.py:186} INFO - Started process (PID=284) to work on /home/airflow/.local/lib/python3.12/site-packages/airflow/example_dags/example_branch_labels.py
[2024-11-26T18:45:40.652+0000] {processor.py:914} INFO - Processing file /home/airflow/.local/lib/python3.12/site-packages/airflow/example_dags/example_branch_labels.py for tasks to queue
[2024-11-26T18:45:40.654+0000] {logging_mixin.py:190} INFO - [2024-11-26T18:45:40.654+0000] {dagbag.py:588} INFO - Filling up the DagBag from /home/airflow/.local/lib/python3.12/site-packages/airflow/example_dags/example_branch_labels.py
[2024-11-26T18:45:40.660+0000] {processor.py:925} INFO - DAG(s) 'example_branch_labels' retrieved from /home/airflow/.local/lib/python3.12/site-packages/airflow/example_dags/example_branch_labels.py
[2024-11-26T18:45:40.676+0000] {logging_mixin.py:190} INFO - [2024-11-26T18:45:40.675+0000] {dag.py:3239} INFO - Sync 1 DAGs
[2024-11-26T18:45:40.693+0000] {logging_mixin.py:190} INFO - [2024-11-26T18:45:40.693+0000] {dag.py:4180} INFO - Setting next_dagrun for example_branch_labels to 2024-11-25 00:00:00+00:00, run_after=2024-11-26 00:00:00+00:00
[2024-11-26T18:45:40.706+0000] {processor.py:208} INFO - Processing /home/airflow/.local/lib/python3.12/site-packages/airflow/example_dags/example_branch_labels.py took 0.060 seconds
[2024-11-26T18:46:11.423+0000] {processor.py:186} INFO - Started process (PID=365) to work on /home/airflow/.local/lib/python3.12/site-packages/airflow/example_dags/example_branch_labels.py
[2024-11-26T18:46:11.423+0000] {processor.py:914} INFO - Processing file /home/airflow/.local/lib/python3.12/site-packages/airflow/example_dags/example_branch_labels.py for tasks to queue
[2024-11-26T18:46:11.425+0000] {logging_mixin.py:190} INFO - [2024-11-26T18:46:11.425+0000] {dagbag.py:588} INFO - Filling up the DagBag from /home/airflow/.local/lib/python3.12/site-packages/airflow/example_dags/example_branch_labels.py
[2024-11-26T18:46:11.431+0000] {processor.py:925} INFO - DAG(s) 'example_branch_labels' retrieved from /home/airflow/.local/lib/python3.12/site-packages/airflow/example_dags/example_branch_labels.py
[2024-11-26T18:46:11.447+0000] {logging_mixin.py:190} INFO - [2024-11-26T18:46:11.446+0000] {dag.py:3239} INFO - Sync 1 DAGs
[2024-11-26T18:46:11.464+0000] {logging_mixin.py:190} INFO - [2024-11-26T18:46:11.463+0000] {dag.py:4180} INFO - Setting next_dagrun for example_branch_labels to 2024-11-25 00:00:00+00:00, run_after=2024-11-26 00:00:00+00:00
[2024-11-26T18:46:11.477+0000] {processor.py:208} INFO - Processing /home/airflow/.local/lib/python3.12/site-packages/airflow/example_dags/example_branch_labels.py took 0.058 seconds
