[2024-11-26T17:53:58.544+0000] {processor.py:186} INFO - Started process (PID=101) to work on /home/airflow/.local/lib/python3.12/site-packages/airflow/example_dags/example_external_task_marker_dag.py
[2024-11-26T17:53:58.545+0000] {processor.py:914} INFO - Processing file /home/airflow/.local/lib/python3.12/site-packages/airflow/example_dags/example_external_task_marker_dag.py for tasks to queue
[2024-11-26T17:53:58.547+0000] {logging_mixin.py:190} INFO - [2024-11-26T17:53:58.546+0000] {dagbag.py:588} INFO - Filling up the DagBag from /home/airflow/.local/lib/python3.12/site-packages/airflow/example_dags/example_external_task_marker_dag.py
[2024-11-26T17:53:58.553+0000] {processor.py:925} INFO - DAG(s) 'example_external_task_marker_child', 'example_external_task_marker_parent' retrieved from /home/airflow/.local/lib/python3.12/site-packages/airflow/example_dags/example_external_task_marker_dag.py
[2024-11-26T17:53:58.635+0000] {logging_mixin.py:190} INFO - [2024-11-26T17:53:58.635+0000] {override.py:1911} INFO - Created Permission View: can read on DAG:example_external_task_marker_child
[2024-11-26T17:53:58.645+0000] {logging_mixin.py:190} INFO - [2024-11-26T17:53:58.645+0000] {override.py:1911} INFO - Created Permission View: can delete on DAG:example_external_task_marker_child
[2024-11-26T17:53:58.651+0000] {logging_mixin.py:190} INFO - [2024-11-26T17:53:58.651+0000] {override.py:1911} INFO - Created Permission View: can edit on DAG:example_external_task_marker_child
[2024-11-26T17:53:58.659+0000] {logging_mixin.py:190} INFO - [2024-11-26T17:53:58.659+0000] {override.py:1911} INFO - Created Permission View: can create on DAG Run:example_external_task_marker_child
[2024-11-26T17:53:58.665+0000] {logging_mixin.py:190} INFO - [2024-11-26T17:53:58.665+0000] {override.py:1911} INFO - Created Permission View: can read on DAG Run:example_external_task_marker_child
[2024-11-26T17:53:58.673+0000] {logging_mixin.py:190} INFO - [2024-11-26T17:53:58.672+0000] {override.py:1911} INFO - Created Permission View: can delete on DAG Run:example_external_task_marker_child
[2024-11-26T17:53:58.679+0000] {logging_mixin.py:190} INFO - [2024-11-26T17:53:58.679+0000] {override.py:1911} INFO - Created Permission View: menu access on DAG Run:example_external_task_marker_child
[2024-11-26T17:53:58.690+0000] {logging_mixin.py:190} INFO - [2024-11-26T17:53:58.690+0000] {override.py:1911} INFO - Created Permission View: can read on DAG:example_external_task_marker_parent
[2024-11-26T17:53:58.696+0000] {logging_mixin.py:190} INFO - [2024-11-26T17:53:58.696+0000] {override.py:1911} INFO - Created Permission View: can delete on DAG:example_external_task_marker_parent
[2024-11-26T17:53:58.702+0000] {logging_mixin.py:190} INFO - [2024-11-26T17:53:58.702+0000] {override.py:1911} INFO - Created Permission View: can edit on DAG:example_external_task_marker_parent
[2024-11-26T17:53:58.710+0000] {logging_mixin.py:190} INFO - [2024-11-26T17:53:58.710+0000] {override.py:1911} INFO - Created Permission View: can create on DAG Run:example_external_task_marker_parent
[2024-11-26T17:53:58.715+0000] {logging_mixin.py:190} INFO - [2024-11-26T17:53:58.715+0000] {override.py:1911} INFO - Created Permission View: can read on DAG Run:example_external_task_marker_parent
[2024-11-26T17:53:58.721+0000] {logging_mixin.py:190} INFO - [2024-11-26T17:53:58.721+0000] {override.py:1911} INFO - Created Permission View: can delete on DAG Run:example_external_task_marker_parent
[2024-11-26T17:53:58.728+0000] {logging_mixin.py:190} INFO - [2024-11-26T17:53:58.728+0000] {override.py:1911} INFO - Created Permission View: menu access on DAG Run:example_external_task_marker_parent
[2024-11-26T17:53:58.728+0000] {logging_mixin.py:190} INFO - [2024-11-26T17:53:58.728+0000] {dag.py:3239} INFO - Sync 2 DAGs
[2024-11-26T17:53:58.742+0000] {logging_mixin.py:190} INFO - [2024-11-26T17:53:58.742+0000] {dag.py:3262} INFO - Creating ORM DAG for example_external_task_marker_parent
[2024-11-26T17:53:58.743+0000] {logging_mixin.py:190} INFO - [2024-11-26T17:53:58.743+0000] {dag.py:3262} INFO - Creating ORM DAG for example_external_task_marker_child
[2024-11-26T17:53:58.744+0000] {logging_mixin.py:190} INFO - [2024-11-26T17:53:58.744+0000] {dag.py:4180} INFO - Setting next_dagrun for example_external_task_marker_child to None, run_after=None
[2024-11-26T17:53:58.744+0000] {logging_mixin.py:190} INFO - [2024-11-26T17:53:58.744+0000] {dag.py:4180} INFO - Setting next_dagrun for example_external_task_marker_parent to None, run_after=None
[2024-11-26T17:53:58.759+0000] {processor.py:208} INFO - Processing /home/airflow/.local/lib/python3.12/site-packages/airflow/example_dags/example_external_task_marker_dag.py took 0.219 seconds
[2024-11-26T17:54:29.405+0000] {processor.py:186} INFO - Started process (PID=164) to work on /home/airflow/.local/lib/python3.12/site-packages/airflow/example_dags/example_external_task_marker_dag.py
[2024-11-26T17:54:29.406+0000] {processor.py:914} INFO - Processing file /home/airflow/.local/lib/python3.12/site-packages/airflow/example_dags/example_external_task_marker_dag.py for tasks to queue
[2024-11-26T17:54:29.408+0000] {logging_mixin.py:190} INFO - [2024-11-26T17:54:29.408+0000] {dagbag.py:588} INFO - Filling up the DagBag from /home/airflow/.local/lib/python3.12/site-packages/airflow/example_dags/example_external_task_marker_dag.py
[2024-11-26T17:54:29.414+0000] {processor.py:925} INFO - DAG(s) 'example_external_task_marker_child', 'example_external_task_marker_parent' retrieved from /home/airflow/.local/lib/python3.12/site-packages/airflow/example_dags/example_external_task_marker_dag.py
[2024-11-26T17:54:29.436+0000] {logging_mixin.py:190} INFO - [2024-11-26T17:54:29.435+0000] {dag.py:3239} INFO - Sync 2 DAGs
[2024-11-26T17:54:29.450+0000] {logging_mixin.py:190} INFO - [2024-11-26T17:54:29.450+0000] {dag.py:4180} INFO - Setting next_dagrun for example_external_task_marker_child to None, run_after=None
[2024-11-26T17:54:29.454+0000] {logging_mixin.py:190} INFO - [2024-11-26T17:54:29.454+0000] {dag.py:4180} INFO - Setting next_dagrun for example_external_task_marker_parent to None, run_after=None
[2024-11-26T17:54:29.471+0000] {processor.py:208} INFO - Processing /home/airflow/.local/lib/python3.12/site-packages/airflow/example_dags/example_external_task_marker_dag.py took 0.071 seconds
[2024-11-26T17:54:59.727+0000] {processor.py:186} INFO - Started process (PID=226) to work on /home/airflow/.local/lib/python3.12/site-packages/airflow/example_dags/example_external_task_marker_dag.py
[2024-11-26T17:54:59.727+0000] {processor.py:914} INFO - Processing file /home/airflow/.local/lib/python3.12/site-packages/airflow/example_dags/example_external_task_marker_dag.py for tasks to queue
[2024-11-26T17:54:59.730+0000] {logging_mixin.py:190} INFO - [2024-11-26T17:54:59.729+0000] {dagbag.py:588} INFO - Filling up the DagBag from /home/airflow/.local/lib/python3.12/site-packages/airflow/example_dags/example_external_task_marker_dag.py
[2024-11-26T17:54:59.736+0000] {processor.py:925} INFO - DAG(s) 'example_external_task_marker_parent', 'example_external_task_marker_child' retrieved from /home/airflow/.local/lib/python3.12/site-packages/airflow/example_dags/example_external_task_marker_dag.py
[2024-11-26T17:54:59.758+0000] {logging_mixin.py:190} INFO - [2024-11-26T17:54:59.756+0000] {dag.py:3239} INFO - Sync 2 DAGs
[2024-11-26T17:54:59.774+0000] {logging_mixin.py:190} INFO - [2024-11-26T17:54:59.774+0000] {dag.py:4180} INFO - Setting next_dagrun for example_external_task_marker_child to None, run_after=None
[2024-11-26T17:54:59.778+0000] {logging_mixin.py:190} INFO - [2024-11-26T17:54:59.778+0000] {dag.py:4180} INFO - Setting next_dagrun for example_external_task_marker_parent to None, run_after=None
[2024-11-26T17:54:59.793+0000] {processor.py:208} INFO - Processing /home/airflow/.local/lib/python3.12/site-packages/airflow/example_dags/example_external_task_marker_dag.py took 0.071 seconds
[2024-11-26T17:55:30.338+0000] {processor.py:186} INFO - Started process (PID=289) to work on /home/airflow/.local/lib/python3.12/site-packages/airflow/example_dags/example_external_task_marker_dag.py
[2024-11-26T17:55:30.339+0000] {processor.py:914} INFO - Processing file /home/airflow/.local/lib/python3.12/site-packages/airflow/example_dags/example_external_task_marker_dag.py for tasks to queue
[2024-11-26T17:55:30.341+0000] {logging_mixin.py:190} INFO - [2024-11-26T17:55:30.341+0000] {dagbag.py:588} INFO - Filling up the DagBag from /home/airflow/.local/lib/python3.12/site-packages/airflow/example_dags/example_external_task_marker_dag.py
[2024-11-26T17:55:30.347+0000] {processor.py:925} INFO - DAG(s) 'example_external_task_marker_child', 'example_external_task_marker_parent' retrieved from /home/airflow/.local/lib/python3.12/site-packages/airflow/example_dags/example_external_task_marker_dag.py
[2024-11-26T17:55:30.367+0000] {logging_mixin.py:190} INFO - [2024-11-26T17:55:30.367+0000] {dag.py:3239} INFO - Sync 2 DAGs
[2024-11-26T17:55:30.380+0000] {logging_mixin.py:190} INFO - [2024-11-26T17:55:30.379+0000] {dag.py:4180} INFO - Setting next_dagrun for example_external_task_marker_child to None, run_after=None
[2024-11-26T17:55:30.383+0000] {logging_mixin.py:190} INFO - [2024-11-26T17:55:30.383+0000] {dag.py:4180} INFO - Setting next_dagrun for example_external_task_marker_parent to None, run_after=None
[2024-11-26T17:55:30.398+0000] {processor.py:208} INFO - Processing /home/airflow/.local/lib/python3.12/site-packages/airflow/example_dags/example_external_task_marker_dag.py took 0.064 seconds
[2024-11-26T17:56:00.645+0000] {processor.py:186} INFO - Started process (PID=352) to work on /home/airflow/.local/lib/python3.12/site-packages/airflow/example_dags/example_external_task_marker_dag.py
[2024-11-26T17:56:00.645+0000] {processor.py:914} INFO - Processing file /home/airflow/.local/lib/python3.12/site-packages/airflow/example_dags/example_external_task_marker_dag.py for tasks to queue
[2024-11-26T17:56:00.647+0000] {logging_mixin.py:190} INFO - [2024-11-26T17:56:00.647+0000] {dagbag.py:588} INFO - Filling up the DagBag from /home/airflow/.local/lib/python3.12/site-packages/airflow/example_dags/example_external_task_marker_dag.py
[2024-11-26T17:56:00.654+0000] {processor.py:925} INFO - DAG(s) 'example_external_task_marker_child', 'example_external_task_marker_parent' retrieved from /home/airflow/.local/lib/python3.12/site-packages/airflow/example_dags/example_external_task_marker_dag.py
[2024-11-26T17:56:00.673+0000] {logging_mixin.py:190} INFO - [2024-11-26T17:56:00.672+0000] {dag.py:3239} INFO - Sync 2 DAGs
[2024-11-26T17:56:00.684+0000] {logging_mixin.py:190} INFO - [2024-11-26T17:56:00.684+0000] {dag.py:4180} INFO - Setting next_dagrun for example_external_task_marker_child to None, run_after=None
[2024-11-26T17:56:00.687+0000] {logging_mixin.py:190} INFO - [2024-11-26T17:56:00.687+0000] {dag.py:4180} INFO - Setting next_dagrun for example_external_task_marker_parent to None, run_after=None
[2024-11-26T17:56:00.699+0000] {processor.py:208} INFO - Processing /home/airflow/.local/lib/python3.12/site-packages/airflow/example_dags/example_external_task_marker_dag.py took 0.059 seconds
[2024-11-26T17:56:31.676+0000] {processor.py:186} INFO - Started process (PID=415) to work on /home/airflow/.local/lib/python3.12/site-packages/airflow/example_dags/example_external_task_marker_dag.py
[2024-11-26T17:56:31.677+0000] {processor.py:914} INFO - Processing file /home/airflow/.local/lib/python3.12/site-packages/airflow/example_dags/example_external_task_marker_dag.py for tasks to queue
[2024-11-26T17:56:31.679+0000] {logging_mixin.py:190} INFO - [2024-11-26T17:56:31.679+0000] {dagbag.py:588} INFO - Filling up the DagBag from /home/airflow/.local/lib/python3.12/site-packages/airflow/example_dags/example_external_task_marker_dag.py
[2024-11-26T17:56:31.684+0000] {processor.py:925} INFO - DAG(s) 'example_external_task_marker_child', 'example_external_task_marker_parent' retrieved from /home/airflow/.local/lib/python3.12/site-packages/airflow/example_dags/example_external_task_marker_dag.py
[2024-11-26T17:56:31.702+0000] {logging_mixin.py:190} INFO - [2024-11-26T17:56:31.702+0000] {dag.py:3239} INFO - Sync 2 DAGs
[2024-11-26T17:56:31.713+0000] {logging_mixin.py:190} INFO - [2024-11-26T17:56:31.713+0000] {dag.py:4180} INFO - Setting next_dagrun for example_external_task_marker_child to None, run_after=None
[2024-11-26T17:56:31.717+0000] {logging_mixin.py:190} INFO - [2024-11-26T17:56:31.717+0000] {dag.py:4180} INFO - Setting next_dagrun for example_external_task_marker_parent to None, run_after=None
[2024-11-26T17:56:31.736+0000] {processor.py:208} INFO - Processing /home/airflow/.local/lib/python3.12/site-packages/airflow/example_dags/example_external_task_marker_dag.py took 0.063 seconds
[2024-11-26T17:57:02.615+0000] {processor.py:186} INFO - Started process (PID=478) to work on /home/airflow/.local/lib/python3.12/site-packages/airflow/example_dags/example_external_task_marker_dag.py
[2024-11-26T17:57:02.616+0000] {processor.py:914} INFO - Processing file /home/airflow/.local/lib/python3.12/site-packages/airflow/example_dags/example_external_task_marker_dag.py for tasks to queue
[2024-11-26T17:57:02.618+0000] {logging_mixin.py:190} INFO - [2024-11-26T17:57:02.618+0000] {dagbag.py:588} INFO - Filling up the DagBag from /home/airflow/.local/lib/python3.12/site-packages/airflow/example_dags/example_external_task_marker_dag.py
[2024-11-26T17:57:02.625+0000] {processor.py:925} INFO - DAG(s) 'example_external_task_marker_child', 'example_external_task_marker_parent' retrieved from /home/airflow/.local/lib/python3.12/site-packages/airflow/example_dags/example_external_task_marker_dag.py
[2024-11-26T17:57:02.644+0000] {logging_mixin.py:190} INFO - [2024-11-26T17:57:02.644+0000] {dag.py:3239} INFO - Sync 2 DAGs
[2024-11-26T17:57:02.656+0000] {logging_mixin.py:190} INFO - [2024-11-26T17:57:02.656+0000] {dag.py:4180} INFO - Setting next_dagrun for example_external_task_marker_child to None, run_after=None
[2024-11-26T17:57:02.660+0000] {logging_mixin.py:190} INFO - [2024-11-26T17:57:02.660+0000] {dag.py:4180} INFO - Setting next_dagrun for example_external_task_marker_parent to None, run_after=None
[2024-11-26T17:57:02.674+0000] {processor.py:208} INFO - Processing /home/airflow/.local/lib/python3.12/site-packages/airflow/example_dags/example_external_task_marker_dag.py took 0.064 seconds
[2024-11-26T17:57:33.555+0000] {processor.py:186} INFO - Started process (PID=541) to work on /home/airflow/.local/lib/python3.12/site-packages/airflow/example_dags/example_external_task_marker_dag.py
[2024-11-26T17:57:33.556+0000] {processor.py:914} INFO - Processing file /home/airflow/.local/lib/python3.12/site-packages/airflow/example_dags/example_external_task_marker_dag.py for tasks to queue
[2024-11-26T17:57:33.558+0000] {logging_mixin.py:190} INFO - [2024-11-26T17:57:33.557+0000] {dagbag.py:588} INFO - Filling up the DagBag from /home/airflow/.local/lib/python3.12/site-packages/airflow/example_dags/example_external_task_marker_dag.py
[2024-11-26T17:57:33.563+0000] {processor.py:925} INFO - DAG(s) 'example_external_task_marker_parent', 'example_external_task_marker_child' retrieved from /home/airflow/.local/lib/python3.12/site-packages/airflow/example_dags/example_external_task_marker_dag.py
[2024-11-26T17:57:33.582+0000] {logging_mixin.py:190} INFO - [2024-11-26T17:57:33.582+0000] {dag.py:3239} INFO - Sync 2 DAGs
[2024-11-26T17:57:33.594+0000] {logging_mixin.py:190} INFO - [2024-11-26T17:57:33.594+0000] {dag.py:4180} INFO - Setting next_dagrun for example_external_task_marker_child to None, run_after=None
[2024-11-26T17:57:33.598+0000] {logging_mixin.py:190} INFO - [2024-11-26T17:57:33.597+0000] {dag.py:4180} INFO - Setting next_dagrun for example_external_task_marker_parent to None, run_after=None
[2024-11-26T17:57:33.610+0000] {processor.py:208} INFO - Processing /home/airflow/.local/lib/python3.12/site-packages/airflow/example_dags/example_external_task_marker_dag.py took 0.058 seconds
[2024-11-26T17:58:04.217+0000] {processor.py:186} INFO - Started process (PID=604) to work on /home/airflow/.local/lib/python3.12/site-packages/airflow/example_dags/example_external_task_marker_dag.py
[2024-11-26T17:58:04.218+0000] {processor.py:914} INFO - Processing file /home/airflow/.local/lib/python3.12/site-packages/airflow/example_dags/example_external_task_marker_dag.py for tasks to queue
[2024-11-26T17:58:04.220+0000] {logging_mixin.py:190} INFO - [2024-11-26T17:58:04.220+0000] {dagbag.py:588} INFO - Filling up the DagBag from /home/airflow/.local/lib/python3.12/site-packages/airflow/example_dags/example_external_task_marker_dag.py
[2024-11-26T17:58:04.226+0000] {processor.py:925} INFO - DAG(s) 'example_external_task_marker_child', 'example_external_task_marker_parent' retrieved from /home/airflow/.local/lib/python3.12/site-packages/airflow/example_dags/example_external_task_marker_dag.py
[2024-11-26T17:58:04.244+0000] {logging_mixin.py:190} INFO - [2024-11-26T17:58:04.244+0000] {dag.py:3239} INFO - Sync 2 DAGs
[2024-11-26T17:58:04.256+0000] {logging_mixin.py:190} INFO - [2024-11-26T17:58:04.256+0000] {dag.py:4180} INFO - Setting next_dagrun for example_external_task_marker_child to None, run_after=None
[2024-11-26T17:58:04.259+0000] {logging_mixin.py:190} INFO - [2024-11-26T17:58:04.259+0000] {dag.py:4180} INFO - Setting next_dagrun for example_external_task_marker_parent to None, run_after=None
[2024-11-26T17:58:04.278+0000] {processor.py:208} INFO - Processing /home/airflow/.local/lib/python3.12/site-packages/airflow/example_dags/example_external_task_marker_dag.py took 0.065 seconds
[2024-11-26T17:58:34.538+0000] {processor.py:186} INFO - Started process (PID=667) to work on /home/airflow/.local/lib/python3.12/site-packages/airflow/example_dags/example_external_task_marker_dag.py
[2024-11-26T17:58:34.539+0000] {processor.py:914} INFO - Processing file /home/airflow/.local/lib/python3.12/site-packages/airflow/example_dags/example_external_task_marker_dag.py for tasks to queue
[2024-11-26T17:58:34.541+0000] {logging_mixin.py:190} INFO - [2024-11-26T17:58:34.541+0000] {dagbag.py:588} INFO - Filling up the DagBag from /home/airflow/.local/lib/python3.12/site-packages/airflow/example_dags/example_external_task_marker_dag.py
[2024-11-26T17:58:34.546+0000] {processor.py:925} INFO - DAG(s) 'example_external_task_marker_child', 'example_external_task_marker_parent' retrieved from /home/airflow/.local/lib/python3.12/site-packages/airflow/example_dags/example_external_task_marker_dag.py
[2024-11-26T17:58:34.565+0000] {logging_mixin.py:190} INFO - [2024-11-26T17:58:34.565+0000] {dag.py:3239} INFO - Sync 2 DAGs
[2024-11-26T17:58:34.577+0000] {logging_mixin.py:190} INFO - [2024-11-26T17:58:34.577+0000] {dag.py:4180} INFO - Setting next_dagrun for example_external_task_marker_child to None, run_after=None
[2024-11-26T17:58:34.581+0000] {logging_mixin.py:190} INFO - [2024-11-26T17:58:34.580+0000] {dag.py:4180} INFO - Setting next_dagrun for example_external_task_marker_parent to None, run_after=None
[2024-11-26T17:58:34.594+0000] {processor.py:208} INFO - Processing /home/airflow/.local/lib/python3.12/site-packages/airflow/example_dags/example_external_task_marker_dag.py took 0.060 seconds
[2024-11-26T17:59:04.930+0000] {processor.py:186} INFO - Started process (PID=729) to work on /home/airflow/.local/lib/python3.12/site-packages/airflow/example_dags/example_external_task_marker_dag.py
[2024-11-26T17:59:04.931+0000] {processor.py:914} INFO - Processing file /home/airflow/.local/lib/python3.12/site-packages/airflow/example_dags/example_external_task_marker_dag.py for tasks to queue
[2024-11-26T17:59:04.932+0000] {logging_mixin.py:190} INFO - [2024-11-26T17:59:04.932+0000] {dagbag.py:588} INFO - Filling up the DagBag from /home/airflow/.local/lib/python3.12/site-packages/airflow/example_dags/example_external_task_marker_dag.py
[2024-11-26T17:59:04.937+0000] {processor.py:925} INFO - DAG(s) 'example_external_task_marker_parent', 'example_external_task_marker_child' retrieved from /home/airflow/.local/lib/python3.12/site-packages/airflow/example_dags/example_external_task_marker_dag.py
[2024-11-26T17:59:04.955+0000] {logging_mixin.py:190} INFO - [2024-11-26T17:59:04.955+0000] {dag.py:3239} INFO - Sync 2 DAGs
[2024-11-26T17:59:04.966+0000] {logging_mixin.py:190} INFO - [2024-11-26T17:59:04.966+0000] {dag.py:4180} INFO - Setting next_dagrun for example_external_task_marker_child to None, run_after=None
[2024-11-26T17:59:04.968+0000] {logging_mixin.py:190} INFO - [2024-11-26T17:59:04.968+0000] {dag.py:4180} INFO - Setting next_dagrun for example_external_task_marker_parent to None, run_after=None
[2024-11-26T17:59:04.980+0000] {processor.py:208} INFO - Processing /home/airflow/.local/lib/python3.12/site-packages/airflow/example_dags/example_external_task_marker_dag.py took 0.054 seconds
[2024-11-26T18:06:07.726+0000] {processor.py:186} INFO - Started process (PID=96) to work on /home/airflow/.local/lib/python3.12/site-packages/airflow/example_dags/example_external_task_marker_dag.py
[2024-11-26T18:06:07.726+0000] {processor.py:914} INFO - Processing file /home/airflow/.local/lib/python3.12/site-packages/airflow/example_dags/example_external_task_marker_dag.py for tasks to queue
[2024-11-26T18:06:07.728+0000] {logging_mixin.py:190} INFO - [2024-11-26T18:06:07.728+0000] {dagbag.py:588} INFO - Filling up the DagBag from /home/airflow/.local/lib/python3.12/site-packages/airflow/example_dags/example_external_task_marker_dag.py
[2024-11-26T18:06:07.735+0000] {processor.py:925} INFO - DAG(s) 'example_external_task_marker_parent', 'example_external_task_marker_child' retrieved from /home/airflow/.local/lib/python3.12/site-packages/airflow/example_dags/example_external_task_marker_dag.py
[2024-11-26T18:06:07.753+0000] {logging_mixin.py:190} INFO - [2024-11-26T18:06:07.753+0000] {dag.py:3239} INFO - Sync 2 DAGs
[2024-11-26T18:06:07.766+0000] {logging_mixin.py:190} INFO - [2024-11-26T18:06:07.766+0000] {dag.py:4180} INFO - Setting next_dagrun for example_external_task_marker_child to None, run_after=None
[2024-11-26T18:06:07.769+0000] {logging_mixin.py:190} INFO - [2024-11-26T18:06:07.769+0000] {dag.py:4180} INFO - Setting next_dagrun for example_external_task_marker_parent to None, run_after=None
[2024-11-26T18:06:07.782+0000] {processor.py:208} INFO - Processing /home/airflow/.local/lib/python3.12/site-packages/airflow/example_dags/example_external_task_marker_dag.py took 0.060 seconds
[2024-11-26T18:06:37.816+0000] {processor.py:186} INFO - Started process (PID=160) to work on /home/airflow/.local/lib/python3.12/site-packages/airflow/example_dags/example_external_task_marker_dag.py
[2024-11-26T18:06:37.817+0000] {processor.py:914} INFO - Processing file /home/airflow/.local/lib/python3.12/site-packages/airflow/example_dags/example_external_task_marker_dag.py for tasks to queue
[2024-11-26T18:06:37.818+0000] {logging_mixin.py:190} INFO - [2024-11-26T18:06:37.818+0000] {dagbag.py:588} INFO - Filling up the DagBag from /home/airflow/.local/lib/python3.12/site-packages/airflow/example_dags/example_external_task_marker_dag.py
[2024-11-26T18:06:37.824+0000] {processor.py:925} INFO - DAG(s) 'example_external_task_marker_parent', 'example_external_task_marker_child' retrieved from /home/airflow/.local/lib/python3.12/site-packages/airflow/example_dags/example_external_task_marker_dag.py
[2024-11-26T18:06:37.841+0000] {logging_mixin.py:190} INFO - [2024-11-26T18:06:37.841+0000] {dag.py:3239} INFO - Sync 2 DAGs
[2024-11-26T18:06:37.853+0000] {logging_mixin.py:190} INFO - [2024-11-26T18:06:37.853+0000] {dag.py:4180} INFO - Setting next_dagrun for example_external_task_marker_child to None, run_after=None
[2024-11-26T18:06:37.856+0000] {logging_mixin.py:190} INFO - [2024-11-26T18:06:37.855+0000] {dag.py:4180} INFO - Setting next_dagrun for example_external_task_marker_parent to None, run_after=None
[2024-11-26T18:06:37.867+0000] {processor.py:208} INFO - Processing /home/airflow/.local/lib/python3.12/site-packages/airflow/example_dags/example_external_task_marker_dag.py took 0.055 seconds
[2024-11-26T18:07:08.048+0000] {processor.py:186} INFO - Started process (PID=223) to work on /home/airflow/.local/lib/python3.12/site-packages/airflow/example_dags/example_external_task_marker_dag.py
[2024-11-26T18:07:08.049+0000] {processor.py:914} INFO - Processing file /home/airflow/.local/lib/python3.12/site-packages/airflow/example_dags/example_external_task_marker_dag.py for tasks to queue
[2024-11-26T18:07:08.051+0000] {logging_mixin.py:190} INFO - [2024-11-26T18:07:08.050+0000] {dagbag.py:588} INFO - Filling up the DagBag from /home/airflow/.local/lib/python3.12/site-packages/airflow/example_dags/example_external_task_marker_dag.py
[2024-11-26T18:07:08.056+0000] {processor.py:925} INFO - DAG(s) 'example_external_task_marker_child', 'example_external_task_marker_parent' retrieved from /home/airflow/.local/lib/python3.12/site-packages/airflow/example_dags/example_external_task_marker_dag.py
[2024-11-26T18:07:08.073+0000] {logging_mixin.py:190} INFO - [2024-11-26T18:07:08.073+0000] {dag.py:3239} INFO - Sync 2 DAGs
[2024-11-26T18:07:08.084+0000] {logging_mixin.py:190} INFO - [2024-11-26T18:07:08.084+0000] {dag.py:4180} INFO - Setting next_dagrun for example_external_task_marker_child to None, run_after=None
[2024-11-26T18:07:08.087+0000] {logging_mixin.py:190} INFO - [2024-11-26T18:07:08.087+0000] {dag.py:4180} INFO - Setting next_dagrun for example_external_task_marker_parent to None, run_after=None
[2024-11-26T18:07:08.098+0000] {processor.py:208} INFO - Processing /home/airflow/.local/lib/python3.12/site-packages/airflow/example_dags/example_external_task_marker_dag.py took 0.054 seconds
[2024-11-26T18:07:39.164+0000] {processor.py:186} INFO - Started process (PID=287) to work on /home/airflow/.local/lib/python3.12/site-packages/airflow/example_dags/example_external_task_marker_dag.py
[2024-11-26T18:07:39.165+0000] {processor.py:914} INFO - Processing file /home/airflow/.local/lib/python3.12/site-packages/airflow/example_dags/example_external_task_marker_dag.py for tasks to queue
[2024-11-26T18:07:39.166+0000] {logging_mixin.py:190} INFO - [2024-11-26T18:07:39.166+0000] {dagbag.py:588} INFO - Filling up the DagBag from /home/airflow/.local/lib/python3.12/site-packages/airflow/example_dags/example_external_task_marker_dag.py
[2024-11-26T18:07:39.172+0000] {processor.py:925} INFO - DAG(s) 'example_external_task_marker_parent', 'example_external_task_marker_child' retrieved from /home/airflow/.local/lib/python3.12/site-packages/airflow/example_dags/example_external_task_marker_dag.py
[2024-11-26T18:07:39.189+0000] {logging_mixin.py:190} INFO - [2024-11-26T18:07:39.189+0000] {dag.py:3239} INFO - Sync 2 DAGs
[2024-11-26T18:07:39.200+0000] {logging_mixin.py:190} INFO - [2024-11-26T18:07:39.200+0000] {dag.py:4180} INFO - Setting next_dagrun for example_external_task_marker_child to None, run_after=None
[2024-11-26T18:07:39.203+0000] {logging_mixin.py:190} INFO - [2024-11-26T18:07:39.203+0000] {dag.py:4180} INFO - Setting next_dagrun for example_external_task_marker_parent to None, run_after=None
[2024-11-26T18:07:39.215+0000] {processor.py:208} INFO - Processing /home/airflow/.local/lib/python3.12/site-packages/airflow/example_dags/example_external_task_marker_dag.py took 0.055 seconds
[2024-11-26T18:08:09.718+0000] {processor.py:186} INFO - Started process (PID=351) to work on /home/airflow/.local/lib/python3.12/site-packages/airflow/example_dags/example_external_task_marker_dag.py
[2024-11-26T18:08:09.719+0000] {processor.py:914} INFO - Processing file /home/airflow/.local/lib/python3.12/site-packages/airflow/example_dags/example_external_task_marker_dag.py for tasks to queue
[2024-11-26T18:08:09.721+0000] {logging_mixin.py:190} INFO - [2024-11-26T18:08:09.721+0000] {dagbag.py:588} INFO - Filling up the DagBag from /home/airflow/.local/lib/python3.12/site-packages/airflow/example_dags/example_external_task_marker_dag.py
[2024-11-26T18:08:09.726+0000] {processor.py:925} INFO - DAG(s) 'example_external_task_marker_parent', 'example_external_task_marker_child' retrieved from /home/airflow/.local/lib/python3.12/site-packages/airflow/example_dags/example_external_task_marker_dag.py
[2024-11-26T18:08:09.744+0000] {logging_mixin.py:190} INFO - [2024-11-26T18:08:09.744+0000] {dag.py:3239} INFO - Sync 2 DAGs
[2024-11-26T18:08:09.755+0000] {logging_mixin.py:190} INFO - [2024-11-26T18:08:09.755+0000] {dag.py:4180} INFO - Setting next_dagrun for example_external_task_marker_child to None, run_after=None
[2024-11-26T18:08:09.758+0000] {logging_mixin.py:190} INFO - [2024-11-26T18:08:09.758+0000] {dag.py:4180} INFO - Setting next_dagrun for example_external_task_marker_parent to None, run_after=None
[2024-11-26T18:08:09.771+0000] {processor.py:208} INFO - Processing /home/airflow/.local/lib/python3.12/site-packages/airflow/example_dags/example_external_task_marker_dag.py took 0.057 seconds
[2024-11-26T18:08:39.909+0000] {processor.py:186} INFO - Started process (PID=415) to work on /home/airflow/.local/lib/python3.12/site-packages/airflow/example_dags/example_external_task_marker_dag.py
[2024-11-26T18:08:39.910+0000] {processor.py:914} INFO - Processing file /home/airflow/.local/lib/python3.12/site-packages/airflow/example_dags/example_external_task_marker_dag.py for tasks to queue
[2024-11-26T18:08:39.912+0000] {logging_mixin.py:190} INFO - [2024-11-26T18:08:39.911+0000] {dagbag.py:588} INFO - Filling up the DagBag from /home/airflow/.local/lib/python3.12/site-packages/airflow/example_dags/example_external_task_marker_dag.py
[2024-11-26T18:08:39.917+0000] {processor.py:925} INFO - DAG(s) 'example_external_task_marker_parent', 'example_external_task_marker_child' retrieved from /home/airflow/.local/lib/python3.12/site-packages/airflow/example_dags/example_external_task_marker_dag.py
[2024-11-26T18:08:39.934+0000] {logging_mixin.py:190} INFO - [2024-11-26T18:08:39.934+0000] {dag.py:3239} INFO - Sync 2 DAGs
[2024-11-26T18:08:39.945+0000] {logging_mixin.py:190} INFO - [2024-11-26T18:08:39.945+0000] {dag.py:4180} INFO - Setting next_dagrun for example_external_task_marker_child to None, run_after=None
[2024-11-26T18:08:39.947+0000] {logging_mixin.py:190} INFO - [2024-11-26T18:08:39.947+0000] {dag.py:4180} INFO - Setting next_dagrun for example_external_task_marker_parent to None, run_after=None
[2024-11-26T18:08:39.959+0000] {processor.py:208} INFO - Processing /home/airflow/.local/lib/python3.12/site-packages/airflow/example_dags/example_external_task_marker_dag.py took 0.054 seconds
[2024-11-26T18:09:10.751+0000] {processor.py:186} INFO - Started process (PID=480) to work on /home/airflow/.local/lib/python3.12/site-packages/airflow/example_dags/example_external_task_marker_dag.py
[2024-11-26T18:09:10.752+0000] {processor.py:914} INFO - Processing file /home/airflow/.local/lib/python3.12/site-packages/airflow/example_dags/example_external_task_marker_dag.py for tasks to queue
[2024-11-26T18:09:10.753+0000] {logging_mixin.py:190} INFO - [2024-11-26T18:09:10.753+0000] {dagbag.py:588} INFO - Filling up the DagBag from /home/airflow/.local/lib/python3.12/site-packages/airflow/example_dags/example_external_task_marker_dag.py
[2024-11-26T18:09:10.759+0000] {processor.py:925} INFO - DAG(s) 'example_external_task_marker_parent', 'example_external_task_marker_child' retrieved from /home/airflow/.local/lib/python3.12/site-packages/airflow/example_dags/example_external_task_marker_dag.py
[2024-11-26T18:09:10.777+0000] {logging_mixin.py:190} INFO - [2024-11-26T18:09:10.776+0000] {dag.py:3239} INFO - Sync 2 DAGs
[2024-11-26T18:09:10.788+0000] {logging_mixin.py:190} INFO - [2024-11-26T18:09:10.788+0000] {dag.py:4180} INFO - Setting next_dagrun for example_external_task_marker_child to None, run_after=None
[2024-11-26T18:09:10.791+0000] {logging_mixin.py:190} INFO - [2024-11-26T18:09:10.791+0000] {dag.py:4180} INFO - Setting next_dagrun for example_external_task_marker_parent to None, run_after=None
[2024-11-26T18:09:10.804+0000] {processor.py:208} INFO - Processing /home/airflow/.local/lib/python3.12/site-packages/airflow/example_dags/example_external_task_marker_dag.py took 0.058 seconds
[2024-11-26T18:09:41.725+0000] {processor.py:186} INFO - Started process (PID=544) to work on /home/airflow/.local/lib/python3.12/site-packages/airflow/example_dags/example_external_task_marker_dag.py
[2024-11-26T18:09:41.726+0000] {processor.py:914} INFO - Processing file /home/airflow/.local/lib/python3.12/site-packages/airflow/example_dags/example_external_task_marker_dag.py for tasks to queue
[2024-11-26T18:09:41.727+0000] {logging_mixin.py:190} INFO - [2024-11-26T18:09:41.727+0000] {dagbag.py:588} INFO - Filling up the DagBag from /home/airflow/.local/lib/python3.12/site-packages/airflow/example_dags/example_external_task_marker_dag.py
[2024-11-26T18:09:41.734+0000] {processor.py:925} INFO - DAG(s) 'example_external_task_marker_child', 'example_external_task_marker_parent' retrieved from /home/airflow/.local/lib/python3.12/site-packages/airflow/example_dags/example_external_task_marker_dag.py
[2024-11-26T18:09:41.755+0000] {logging_mixin.py:190} INFO - [2024-11-26T18:09:41.754+0000] {dag.py:3239} INFO - Sync 2 DAGs
[2024-11-26T18:09:41.767+0000] {logging_mixin.py:190} INFO - [2024-11-26T18:09:41.767+0000] {dag.py:4180} INFO - Setting next_dagrun for example_external_task_marker_child to None, run_after=None
[2024-11-26T18:09:41.772+0000] {logging_mixin.py:190} INFO - [2024-11-26T18:09:41.771+0000] {dag.py:4180} INFO - Setting next_dagrun for example_external_task_marker_parent to None, run_after=None
[2024-11-26T18:09:41.786+0000] {processor.py:208} INFO - Processing /home/airflow/.local/lib/python3.12/site-packages/airflow/example_dags/example_external_task_marker_dag.py took 0.065 seconds
[2024-11-26T18:10:12.192+0000] {processor.py:186} INFO - Started process (PID=606) to work on /home/airflow/.local/lib/python3.12/site-packages/airflow/example_dags/example_external_task_marker_dag.py
[2024-11-26T18:10:12.192+0000] {processor.py:914} INFO - Processing file /home/airflow/.local/lib/python3.12/site-packages/airflow/example_dags/example_external_task_marker_dag.py for tasks to queue
[2024-11-26T18:10:12.193+0000] {logging_mixin.py:190} INFO - [2024-11-26T18:10:12.193+0000] {dagbag.py:588} INFO - Filling up the DagBag from /home/airflow/.local/lib/python3.12/site-packages/airflow/example_dags/example_external_task_marker_dag.py
[2024-11-26T18:10:12.199+0000] {processor.py:925} INFO - DAG(s) 'example_external_task_marker_parent', 'example_external_task_marker_child' retrieved from /home/airflow/.local/lib/python3.12/site-packages/airflow/example_dags/example_external_task_marker_dag.py
[2024-11-26T18:10:12.216+0000] {logging_mixin.py:190} INFO - [2024-11-26T18:10:12.216+0000] {dag.py:3239} INFO - Sync 2 DAGs
[2024-11-26T18:10:12.227+0000] {logging_mixin.py:190} INFO - [2024-11-26T18:10:12.227+0000] {dag.py:4180} INFO - Setting next_dagrun for example_external_task_marker_child to None, run_after=None
[2024-11-26T18:10:12.230+0000] {logging_mixin.py:190} INFO - [2024-11-26T18:10:12.230+0000] {dag.py:4180} INFO - Setting next_dagrun for example_external_task_marker_parent to None, run_after=None
[2024-11-26T18:10:12.242+0000] {processor.py:208} INFO - Processing /home/airflow/.local/lib/python3.12/site-packages/airflow/example_dags/example_external_task_marker_dag.py took 0.055 seconds
[2024-11-26T18:10:42.757+0000] {processor.py:186} INFO - Started process (PID=669) to work on /home/airflow/.local/lib/python3.12/site-packages/airflow/example_dags/example_external_task_marker_dag.py
[2024-11-26T18:10:42.758+0000] {processor.py:914} INFO - Processing file /home/airflow/.local/lib/python3.12/site-packages/airflow/example_dags/example_external_task_marker_dag.py for tasks to queue
[2024-11-26T18:10:42.759+0000] {logging_mixin.py:190} INFO - [2024-11-26T18:10:42.758+0000] {dagbag.py:588} INFO - Filling up the DagBag from /home/airflow/.local/lib/python3.12/site-packages/airflow/example_dags/example_external_task_marker_dag.py
[2024-11-26T18:10:42.765+0000] {processor.py:925} INFO - DAG(s) 'example_external_task_marker_parent', 'example_external_task_marker_child' retrieved from /home/airflow/.local/lib/python3.12/site-packages/airflow/example_dags/example_external_task_marker_dag.py
[2024-11-26T18:10:42.782+0000] {logging_mixin.py:190} INFO - [2024-11-26T18:10:42.782+0000] {dag.py:3239} INFO - Sync 2 DAGs
[2024-11-26T18:10:42.793+0000] {logging_mixin.py:190} INFO - [2024-11-26T18:10:42.793+0000] {dag.py:4180} INFO - Setting next_dagrun for example_external_task_marker_child to None, run_after=None
[2024-11-26T18:10:42.796+0000] {logging_mixin.py:190} INFO - [2024-11-26T18:10:42.796+0000] {dag.py:4180} INFO - Setting next_dagrun for example_external_task_marker_parent to None, run_after=None
[2024-11-26T18:10:42.808+0000] {processor.py:208} INFO - Processing /home/airflow/.local/lib/python3.12/site-packages/airflow/example_dags/example_external_task_marker_dag.py took 0.055 seconds
[2024-11-26T18:11:12.991+0000] {processor.py:186} INFO - Started process (PID=733) to work on /home/airflow/.local/lib/python3.12/site-packages/airflow/example_dags/example_external_task_marker_dag.py
[2024-11-26T18:11:12.992+0000] {processor.py:914} INFO - Processing file /home/airflow/.local/lib/python3.12/site-packages/airflow/example_dags/example_external_task_marker_dag.py for tasks to queue
[2024-11-26T18:11:12.993+0000] {logging_mixin.py:190} INFO - [2024-11-26T18:11:12.993+0000] {dagbag.py:588} INFO - Filling up the DagBag from /home/airflow/.local/lib/python3.12/site-packages/airflow/example_dags/example_external_task_marker_dag.py
[2024-11-26T18:11:12.998+0000] {processor.py:925} INFO - DAG(s) 'example_external_task_marker_parent', 'example_external_task_marker_child' retrieved from /home/airflow/.local/lib/python3.12/site-packages/airflow/example_dags/example_external_task_marker_dag.py
[2024-11-26T18:11:13.016+0000] {logging_mixin.py:190} INFO - [2024-11-26T18:11:13.016+0000] {dag.py:3239} INFO - Sync 2 DAGs
[2024-11-26T18:11:13.029+0000] {logging_mixin.py:190} INFO - [2024-11-26T18:11:13.028+0000] {dag.py:4180} INFO - Setting next_dagrun for example_external_task_marker_child to None, run_after=None
[2024-11-26T18:11:13.032+0000] {logging_mixin.py:190} INFO - [2024-11-26T18:11:13.031+0000] {dag.py:4180} INFO - Setting next_dagrun for example_external_task_marker_parent to None, run_after=None
[2024-11-26T18:11:13.044+0000] {processor.py:208} INFO - Processing /home/airflow/.local/lib/python3.12/site-packages/airflow/example_dags/example_external_task_marker_dag.py took 0.057 seconds
[2024-11-26T18:12:32.629+0000] {processor.py:186} INFO - Started process (PID=90) to work on /home/airflow/.local/lib/python3.12/site-packages/airflow/example_dags/example_external_task_marker_dag.py
[2024-11-26T18:12:32.630+0000] {processor.py:914} INFO - Processing file /home/airflow/.local/lib/python3.12/site-packages/airflow/example_dags/example_external_task_marker_dag.py for tasks to queue
[2024-11-26T18:12:32.632+0000] {logging_mixin.py:190} INFO - [2024-11-26T18:12:32.632+0000] {dagbag.py:588} INFO - Filling up the DagBag from /home/airflow/.local/lib/python3.12/site-packages/airflow/example_dags/example_external_task_marker_dag.py
[2024-11-26T18:12:32.639+0000] {processor.py:925} INFO - DAG(s) 'example_external_task_marker_parent', 'example_external_task_marker_child' retrieved from /home/airflow/.local/lib/python3.12/site-packages/airflow/example_dags/example_external_task_marker_dag.py
[2024-11-26T18:12:32.661+0000] {logging_mixin.py:190} INFO - [2024-11-26T18:12:32.661+0000] {dag.py:3239} INFO - Sync 2 DAGs
[2024-11-26T18:12:32.675+0000] {logging_mixin.py:190} INFO - [2024-11-26T18:12:32.675+0000] {dag.py:4180} INFO - Setting next_dagrun for example_external_task_marker_child to None, run_after=None
[2024-11-26T18:12:32.679+0000] {logging_mixin.py:190} INFO - [2024-11-26T18:12:32.679+0000] {dag.py:4180} INFO - Setting next_dagrun for example_external_task_marker_parent to None, run_after=None
[2024-11-26T18:12:32.693+0000] {processor.py:208} INFO - Processing /home/airflow/.local/lib/python3.12/site-packages/airflow/example_dags/example_external_task_marker_dag.py took 0.068 seconds
[2024-11-26T18:13:03.165+0000] {processor.py:186} INFO - Started process (PID=154) to work on /home/airflow/.local/lib/python3.12/site-packages/airflow/example_dags/example_external_task_marker_dag.py
[2024-11-26T18:13:03.166+0000] {processor.py:914} INFO - Processing file /home/airflow/.local/lib/python3.12/site-packages/airflow/example_dags/example_external_task_marker_dag.py for tasks to queue
[2024-11-26T18:13:03.167+0000] {logging_mixin.py:190} INFO - [2024-11-26T18:13:03.167+0000] {dagbag.py:588} INFO - Filling up the DagBag from /home/airflow/.local/lib/python3.12/site-packages/airflow/example_dags/example_external_task_marker_dag.py
[2024-11-26T18:13:03.173+0000] {processor.py:925} INFO - DAG(s) 'example_external_task_marker_child', 'example_external_task_marker_parent' retrieved from /home/airflow/.local/lib/python3.12/site-packages/airflow/example_dags/example_external_task_marker_dag.py
[2024-11-26T18:13:03.190+0000] {logging_mixin.py:190} INFO - [2024-11-26T18:13:03.190+0000] {dag.py:3239} INFO - Sync 2 DAGs
[2024-11-26T18:13:03.201+0000] {logging_mixin.py:190} INFO - [2024-11-26T18:13:03.201+0000] {dag.py:4180} INFO - Setting next_dagrun for example_external_task_marker_child to None, run_after=None
[2024-11-26T18:13:03.204+0000] {logging_mixin.py:190} INFO - [2024-11-26T18:13:03.204+0000] {dag.py:4180} INFO - Setting next_dagrun for example_external_task_marker_parent to None, run_after=None
[2024-11-26T18:13:03.216+0000] {processor.py:208} INFO - Processing /home/airflow/.local/lib/python3.12/site-packages/airflow/example_dags/example_external_task_marker_dag.py took 0.055 seconds
[2024-11-26T18:13:33.248+0000] {processor.py:186} INFO - Started process (PID=218) to work on /home/airflow/.local/lib/python3.12/site-packages/airflow/example_dags/example_external_task_marker_dag.py
[2024-11-26T18:13:33.249+0000] {processor.py:914} INFO - Processing file /home/airflow/.local/lib/python3.12/site-packages/airflow/example_dags/example_external_task_marker_dag.py for tasks to queue
[2024-11-26T18:13:33.250+0000] {logging_mixin.py:190} INFO - [2024-11-26T18:13:33.250+0000] {dagbag.py:588} INFO - Filling up the DagBag from /home/airflow/.local/lib/python3.12/site-packages/airflow/example_dags/example_external_task_marker_dag.py
[2024-11-26T18:13:33.256+0000] {processor.py:925} INFO - DAG(s) 'example_external_task_marker_parent', 'example_external_task_marker_child' retrieved from /home/airflow/.local/lib/python3.12/site-packages/airflow/example_dags/example_external_task_marker_dag.py
[2024-11-26T18:13:33.274+0000] {logging_mixin.py:190} INFO - [2024-11-26T18:13:33.274+0000] {dag.py:3239} INFO - Sync 2 DAGs
[2024-11-26T18:13:33.286+0000] {logging_mixin.py:190} INFO - [2024-11-26T18:13:33.285+0000] {dag.py:4180} INFO - Setting next_dagrun for example_external_task_marker_child to None, run_after=None
[2024-11-26T18:13:33.289+0000] {logging_mixin.py:190} INFO - [2024-11-26T18:13:33.289+0000] {dag.py:4180} INFO - Setting next_dagrun for example_external_task_marker_parent to None, run_after=None
[2024-11-26T18:13:33.302+0000] {processor.py:208} INFO - Processing /home/airflow/.local/lib/python3.12/site-packages/airflow/example_dags/example_external_task_marker_dag.py took 0.057 seconds
[2024-11-26T18:14:04.360+0000] {processor.py:186} INFO - Started process (PID=281) to work on /home/airflow/.local/lib/python3.12/site-packages/airflow/example_dags/example_external_task_marker_dag.py
[2024-11-26T18:14:04.361+0000] {processor.py:914} INFO - Processing file /home/airflow/.local/lib/python3.12/site-packages/airflow/example_dags/example_external_task_marker_dag.py for tasks to queue
[2024-11-26T18:14:04.363+0000] {logging_mixin.py:190} INFO - [2024-11-26T18:14:04.362+0000] {dagbag.py:588} INFO - Filling up the DagBag from /home/airflow/.local/lib/python3.12/site-packages/airflow/example_dags/example_external_task_marker_dag.py
[2024-11-26T18:14:04.368+0000] {processor.py:925} INFO - DAG(s) 'example_external_task_marker_parent', 'example_external_task_marker_child' retrieved from /home/airflow/.local/lib/python3.12/site-packages/airflow/example_dags/example_external_task_marker_dag.py
[2024-11-26T18:14:04.386+0000] {logging_mixin.py:190} INFO - [2024-11-26T18:14:04.385+0000] {dag.py:3239} INFO - Sync 2 DAGs
[2024-11-26T18:14:04.397+0000] {logging_mixin.py:190} INFO - [2024-11-26T18:14:04.396+0000] {dag.py:4180} INFO - Setting next_dagrun for example_external_task_marker_child to None, run_after=None
[2024-11-26T18:14:04.399+0000] {logging_mixin.py:190} INFO - [2024-11-26T18:14:04.399+0000] {dag.py:4180} INFO - Setting next_dagrun for example_external_task_marker_parent to None, run_after=None
[2024-11-26T18:14:04.412+0000] {processor.py:208} INFO - Processing /home/airflow/.local/lib/python3.12/site-packages/airflow/example_dags/example_external_task_marker_dag.py took 0.056 seconds
[2024-11-26T18:14:34.948+0000] {processor.py:186} INFO - Started process (PID=345) to work on /home/airflow/.local/lib/python3.12/site-packages/airflow/example_dags/example_external_task_marker_dag.py
[2024-11-26T18:14:34.948+0000] {processor.py:914} INFO - Processing file /home/airflow/.local/lib/python3.12/site-packages/airflow/example_dags/example_external_task_marker_dag.py for tasks to queue
[2024-11-26T18:14:34.950+0000] {logging_mixin.py:190} INFO - [2024-11-26T18:14:34.949+0000] {dagbag.py:588} INFO - Filling up the DagBag from /home/airflow/.local/lib/python3.12/site-packages/airflow/example_dags/example_external_task_marker_dag.py
[2024-11-26T18:14:34.955+0000] {processor.py:925} INFO - DAG(s) 'example_external_task_marker_child', 'example_external_task_marker_parent' retrieved from /home/airflow/.local/lib/python3.12/site-packages/airflow/example_dags/example_external_task_marker_dag.py
[2024-11-26T18:14:34.972+0000] {logging_mixin.py:190} INFO - [2024-11-26T18:14:34.972+0000] {dag.py:3239} INFO - Sync 2 DAGs
[2024-11-26T18:14:34.983+0000] {logging_mixin.py:190} INFO - [2024-11-26T18:14:34.983+0000] {dag.py:4180} INFO - Setting next_dagrun for example_external_task_marker_child to None, run_after=None
[2024-11-26T18:14:34.986+0000] {logging_mixin.py:190} INFO - [2024-11-26T18:14:34.986+0000] {dag.py:4180} INFO - Setting next_dagrun for example_external_task_marker_parent to None, run_after=None
[2024-11-26T18:14:35.000+0000] {processor.py:208} INFO - Processing /home/airflow/.local/lib/python3.12/site-packages/airflow/example_dags/example_external_task_marker_dag.py took 0.056 seconds
[2024-11-26T18:15:05.968+0000] {processor.py:186} INFO - Started process (PID=409) to work on /home/airflow/.local/lib/python3.12/site-packages/airflow/example_dags/example_external_task_marker_dag.py
[2024-11-26T18:15:05.969+0000] {processor.py:914} INFO - Processing file /home/airflow/.local/lib/python3.12/site-packages/airflow/example_dags/example_external_task_marker_dag.py for tasks to queue
[2024-11-26T18:15:05.971+0000] {logging_mixin.py:190} INFO - [2024-11-26T18:15:05.970+0000] {dagbag.py:588} INFO - Filling up the DagBag from /home/airflow/.local/lib/python3.12/site-packages/airflow/example_dags/example_external_task_marker_dag.py
[2024-11-26T18:15:05.976+0000] {processor.py:925} INFO - DAG(s) 'example_external_task_marker_child', 'example_external_task_marker_parent' retrieved from /home/airflow/.local/lib/python3.12/site-packages/airflow/example_dags/example_external_task_marker_dag.py
[2024-11-26T18:15:05.993+0000] {logging_mixin.py:190} INFO - [2024-11-26T18:15:05.992+0000] {dag.py:3239} INFO - Sync 2 DAGs
[2024-11-26T18:15:06.004+0000] {logging_mixin.py:190} INFO - [2024-11-26T18:15:06.003+0000] {dag.py:4180} INFO - Setting next_dagrun for example_external_task_marker_child to None, run_after=None
[2024-11-26T18:15:06.007+0000] {logging_mixin.py:190} INFO - [2024-11-26T18:15:06.006+0000] {dag.py:4180} INFO - Setting next_dagrun for example_external_task_marker_parent to None, run_after=None
[2024-11-26T18:15:06.018+0000] {processor.py:208} INFO - Processing /home/airflow/.local/lib/python3.12/site-packages/airflow/example_dags/example_external_task_marker_dag.py took 0.056 seconds
[2024-11-26T18:15:36.798+0000] {processor.py:186} INFO - Started process (PID=473) to work on /home/airflow/.local/lib/python3.12/site-packages/airflow/example_dags/example_external_task_marker_dag.py
[2024-11-26T18:15:36.799+0000] {processor.py:914} INFO - Processing file /home/airflow/.local/lib/python3.12/site-packages/airflow/example_dags/example_external_task_marker_dag.py for tasks to queue
[2024-11-26T18:15:36.801+0000] {logging_mixin.py:190} INFO - [2024-11-26T18:15:36.800+0000] {dagbag.py:588} INFO - Filling up the DagBag from /home/airflow/.local/lib/python3.12/site-packages/airflow/example_dags/example_external_task_marker_dag.py
[2024-11-26T18:15:36.807+0000] {processor.py:925} INFO - DAG(s) 'example_external_task_marker_child', 'example_external_task_marker_parent' retrieved from /home/airflow/.local/lib/python3.12/site-packages/airflow/example_dags/example_external_task_marker_dag.py
[2024-11-26T18:15:36.827+0000] {logging_mixin.py:190} INFO - [2024-11-26T18:15:36.827+0000] {dag.py:3239} INFO - Sync 2 DAGs
[2024-11-26T18:15:36.838+0000] {logging_mixin.py:190} INFO - [2024-11-26T18:15:36.838+0000] {dag.py:4180} INFO - Setting next_dagrun for example_external_task_marker_child to None, run_after=None
[2024-11-26T18:15:36.841+0000] {logging_mixin.py:190} INFO - [2024-11-26T18:15:36.841+0000] {dag.py:4180} INFO - Setting next_dagrun for example_external_task_marker_parent to None, run_after=None
[2024-11-26T18:15:36.854+0000] {processor.py:208} INFO - Processing /home/airflow/.local/lib/python3.12/site-packages/airflow/example_dags/example_external_task_marker_dag.py took 0.059 seconds
[2024-11-26T18:16:07.591+0000] {processor.py:186} INFO - Started process (PID=537) to work on /home/airflow/.local/lib/python3.12/site-packages/airflow/example_dags/example_external_task_marker_dag.py
[2024-11-26T18:16:07.591+0000] {processor.py:914} INFO - Processing file /home/airflow/.local/lib/python3.12/site-packages/airflow/example_dags/example_external_task_marker_dag.py for tasks to queue
[2024-11-26T18:16:07.593+0000] {logging_mixin.py:190} INFO - [2024-11-26T18:16:07.593+0000] {dagbag.py:588} INFO - Filling up the DagBag from /home/airflow/.local/lib/python3.12/site-packages/airflow/example_dags/example_external_task_marker_dag.py
[2024-11-26T18:16:07.600+0000] {processor.py:925} INFO - DAG(s) 'example_external_task_marker_child', 'example_external_task_marker_parent' retrieved from /home/airflow/.local/lib/python3.12/site-packages/airflow/example_dags/example_external_task_marker_dag.py
[2024-11-26T18:16:07.622+0000] {logging_mixin.py:190} INFO - [2024-11-26T18:16:07.622+0000] {dag.py:3239} INFO - Sync 2 DAGs
[2024-11-26T18:16:07.634+0000] {logging_mixin.py:190} INFO - [2024-11-26T18:16:07.634+0000] {dag.py:4180} INFO - Setting next_dagrun for example_external_task_marker_child to None, run_after=None
[2024-11-26T18:16:07.637+0000] {logging_mixin.py:190} INFO - [2024-11-26T18:16:07.637+0000] {dag.py:4180} INFO - Setting next_dagrun for example_external_task_marker_parent to None, run_after=None
[2024-11-26T18:16:07.653+0000] {processor.py:208} INFO - Processing /home/airflow/.local/lib/python3.12/site-packages/airflow/example_dags/example_external_task_marker_dag.py took 0.067 seconds
[2024-11-26T18:16:38.060+0000] {processor.py:186} INFO - Started process (PID=600) to work on /home/airflow/.local/lib/python3.12/site-packages/airflow/example_dags/example_external_task_marker_dag.py
[2024-11-26T18:16:38.060+0000] {processor.py:914} INFO - Processing file /home/airflow/.local/lib/python3.12/site-packages/airflow/example_dags/example_external_task_marker_dag.py for tasks to queue
[2024-11-26T18:16:38.062+0000] {logging_mixin.py:190} INFO - [2024-11-26T18:16:38.062+0000] {dagbag.py:588} INFO - Filling up the DagBag from /home/airflow/.local/lib/python3.12/site-packages/airflow/example_dags/example_external_task_marker_dag.py
[2024-11-26T18:16:38.068+0000] {processor.py:925} INFO - DAG(s) 'example_external_task_marker_child', 'example_external_task_marker_parent' retrieved from /home/airflow/.local/lib/python3.12/site-packages/airflow/example_dags/example_external_task_marker_dag.py
[2024-11-26T18:16:38.086+0000] {logging_mixin.py:190} INFO - [2024-11-26T18:16:38.086+0000] {dag.py:3239} INFO - Sync 2 DAGs
[2024-11-26T18:16:38.098+0000] {logging_mixin.py:190} INFO - [2024-11-26T18:16:38.098+0000] {dag.py:4180} INFO - Setting next_dagrun for example_external_task_marker_child to None, run_after=None
[2024-11-26T18:16:38.101+0000] {logging_mixin.py:190} INFO - [2024-11-26T18:16:38.101+0000] {dag.py:4180} INFO - Setting next_dagrun for example_external_task_marker_parent to None, run_after=None
[2024-11-26T18:16:38.114+0000] {processor.py:208} INFO - Processing /home/airflow/.local/lib/python3.12/site-packages/airflow/example_dags/example_external_task_marker_dag.py took 0.058 seconds
[2024-11-26T18:17:08.725+0000] {processor.py:186} INFO - Started process (PID=664) to work on /home/airflow/.local/lib/python3.12/site-packages/airflow/example_dags/example_external_task_marker_dag.py
[2024-11-26T18:17:08.726+0000] {processor.py:914} INFO - Processing file /home/airflow/.local/lib/python3.12/site-packages/airflow/example_dags/example_external_task_marker_dag.py for tasks to queue
[2024-11-26T18:17:08.727+0000] {logging_mixin.py:190} INFO - [2024-11-26T18:17:08.727+0000] {dagbag.py:588} INFO - Filling up the DagBag from /home/airflow/.local/lib/python3.12/site-packages/airflow/example_dags/example_external_task_marker_dag.py
[2024-11-26T18:17:08.733+0000] {processor.py:925} INFO - DAG(s) 'example_external_task_marker_child', 'example_external_task_marker_parent' retrieved from /home/airflow/.local/lib/python3.12/site-packages/airflow/example_dags/example_external_task_marker_dag.py
[2024-11-26T18:17:08.749+0000] {logging_mixin.py:190} INFO - [2024-11-26T18:17:08.749+0000] {dag.py:3239} INFO - Sync 2 DAGs
[2024-11-26T18:17:08.761+0000] {logging_mixin.py:190} INFO - [2024-11-26T18:17:08.761+0000] {dag.py:4180} INFO - Setting next_dagrun for example_external_task_marker_child to None, run_after=None
[2024-11-26T18:17:08.765+0000] {logging_mixin.py:190} INFO - [2024-11-26T18:17:08.764+0000] {dag.py:4180} INFO - Setting next_dagrun for example_external_task_marker_parent to None, run_after=None
[2024-11-26T18:17:08.777+0000] {processor.py:208} INFO - Processing /home/airflow/.local/lib/python3.12/site-packages/airflow/example_dags/example_external_task_marker_dag.py took 0.056 seconds
[2024-11-26T18:17:38.846+0000] {processor.py:186} INFO - Started process (PID=728) to work on /home/airflow/.local/lib/python3.12/site-packages/airflow/example_dags/example_external_task_marker_dag.py
[2024-11-26T18:17:38.846+0000] {processor.py:914} INFO - Processing file /home/airflow/.local/lib/python3.12/site-packages/airflow/example_dags/example_external_task_marker_dag.py for tasks to queue
[2024-11-26T18:17:38.848+0000] {logging_mixin.py:190} INFO - [2024-11-26T18:17:38.848+0000] {dagbag.py:588} INFO - Filling up the DagBag from /home/airflow/.local/lib/python3.12/site-packages/airflow/example_dags/example_external_task_marker_dag.py
[2024-11-26T18:17:38.854+0000] {processor.py:925} INFO - DAG(s) 'example_external_task_marker_parent', 'example_external_task_marker_child' retrieved from /home/airflow/.local/lib/python3.12/site-packages/airflow/example_dags/example_external_task_marker_dag.py
[2024-11-26T18:17:38.871+0000] {logging_mixin.py:190} INFO - [2024-11-26T18:17:38.871+0000] {dag.py:3239} INFO - Sync 2 DAGs
[2024-11-26T18:17:38.881+0000] {logging_mixin.py:190} INFO - [2024-11-26T18:17:38.881+0000] {dag.py:4180} INFO - Setting next_dagrun for example_external_task_marker_child to None, run_after=None
[2024-11-26T18:17:38.885+0000] {logging_mixin.py:190} INFO - [2024-11-26T18:17:38.884+0000] {dag.py:4180} INFO - Setting next_dagrun for example_external_task_marker_parent to None, run_after=None
[2024-11-26T18:17:38.896+0000] {processor.py:208} INFO - Processing /home/airflow/.local/lib/python3.12/site-packages/airflow/example_dags/example_external_task_marker_dag.py took 0.054 seconds
[2024-11-26T18:18:09.325+0000] {processor.py:186} INFO - Started process (PID=792) to work on /home/airflow/.local/lib/python3.12/site-packages/airflow/example_dags/example_external_task_marker_dag.py
[2024-11-26T18:18:09.326+0000] {processor.py:914} INFO - Processing file /home/airflow/.local/lib/python3.12/site-packages/airflow/example_dags/example_external_task_marker_dag.py for tasks to queue
[2024-11-26T18:18:09.327+0000] {logging_mixin.py:190} INFO - [2024-11-26T18:18:09.327+0000] {dagbag.py:588} INFO - Filling up the DagBag from /home/airflow/.local/lib/python3.12/site-packages/airflow/example_dags/example_external_task_marker_dag.py
[2024-11-26T18:18:09.333+0000] {processor.py:925} INFO - DAG(s) 'example_external_task_marker_child', 'example_external_task_marker_parent' retrieved from /home/airflow/.local/lib/python3.12/site-packages/airflow/example_dags/example_external_task_marker_dag.py
[2024-11-26T18:18:09.351+0000] {logging_mixin.py:190} INFO - [2024-11-26T18:18:09.351+0000] {dag.py:3239} INFO - Sync 2 DAGs
[2024-11-26T18:18:09.362+0000] {logging_mixin.py:190} INFO - [2024-11-26T18:18:09.362+0000] {dag.py:4180} INFO - Setting next_dagrun for example_external_task_marker_child to None, run_after=None
[2024-11-26T18:18:09.366+0000] {logging_mixin.py:190} INFO - [2024-11-26T18:18:09.366+0000] {dag.py:4180} INFO - Setting next_dagrun for example_external_task_marker_parent to None, run_after=None
[2024-11-26T18:18:09.379+0000] {processor.py:208} INFO - Processing /home/airflow/.local/lib/python3.12/site-packages/airflow/example_dags/example_external_task_marker_dag.py took 0.058 seconds
[2024-11-26T18:44:11.975+0000] {processor.py:186} INFO - Started process (PID=107) to work on /home/airflow/.local/lib/python3.12/site-packages/airflow/example_dags/example_external_task_marker_dag.py
[2024-11-26T18:44:11.976+0000] {processor.py:914} INFO - Processing file /home/airflow/.local/lib/python3.12/site-packages/airflow/example_dags/example_external_task_marker_dag.py for tasks to queue
[2024-11-26T18:44:11.978+0000] {logging_mixin.py:190} INFO - [2024-11-26T18:44:11.978+0000] {dagbag.py:588} INFO - Filling up the DagBag from /home/airflow/.local/lib/python3.12/site-packages/airflow/example_dags/example_external_task_marker_dag.py
[2024-11-26T18:44:11.984+0000] {processor.py:925} INFO - DAG(s) 'example_external_task_marker_parent', 'example_external_task_marker_child' retrieved from /home/airflow/.local/lib/python3.12/site-packages/airflow/example_dags/example_external_task_marker_dag.py
[2024-11-26T18:44:12.003+0000] {logging_mixin.py:190} INFO - [2024-11-26T18:44:12.003+0000] {dag.py:3239} INFO - Sync 2 DAGs
[2024-11-26T18:44:12.016+0000] {logging_mixin.py:190} INFO - [2024-11-26T18:44:12.015+0000] {dag.py:4180} INFO - Setting next_dagrun for example_external_task_marker_child to None, run_after=None
[2024-11-26T18:44:12.019+0000] {logging_mixin.py:190} INFO - [2024-11-26T18:44:12.018+0000] {dag.py:4180} INFO - Setting next_dagrun for example_external_task_marker_parent to None, run_after=None
[2024-11-26T18:44:12.035+0000] {processor.py:208} INFO - Processing /home/airflow/.local/lib/python3.12/site-packages/airflow/example_dags/example_external_task_marker_dag.py took 0.064 seconds
[2024-11-26T18:44:42.108+0000] {processor.py:186} INFO - Started process (PID=182) to work on /home/airflow/.local/lib/python3.12/site-packages/airflow/example_dags/example_external_task_marker_dag.py
[2024-11-26T18:44:42.109+0000] {processor.py:914} INFO - Processing file /home/airflow/.local/lib/python3.12/site-packages/airflow/example_dags/example_external_task_marker_dag.py for tasks to queue
[2024-11-26T18:44:42.111+0000] {logging_mixin.py:190} INFO - [2024-11-26T18:44:42.110+0000] {dagbag.py:588} INFO - Filling up the DagBag from /home/airflow/.local/lib/python3.12/site-packages/airflow/example_dags/example_external_task_marker_dag.py
[2024-11-26T18:44:42.118+0000] {processor.py:925} INFO - DAG(s) 'example_external_task_marker_parent', 'example_external_task_marker_child' retrieved from /home/airflow/.local/lib/python3.12/site-packages/airflow/example_dags/example_external_task_marker_dag.py
[2024-11-26T18:44:42.136+0000] {logging_mixin.py:190} INFO - [2024-11-26T18:44:42.136+0000] {dag.py:3239} INFO - Sync 2 DAGs
[2024-11-26T18:44:42.147+0000] {logging_mixin.py:190} INFO - [2024-11-26T18:44:42.147+0000] {dag.py:4180} INFO - Setting next_dagrun for example_external_task_marker_child to None, run_after=None
[2024-11-26T18:44:42.150+0000] {logging_mixin.py:190} INFO - [2024-11-26T18:44:42.150+0000] {dag.py:4180} INFO - Setting next_dagrun for example_external_task_marker_parent to None, run_after=None
[2024-11-26T18:44:42.163+0000] {processor.py:208} INFO - Processing /home/airflow/.local/lib/python3.12/site-packages/airflow/example_dags/example_external_task_marker_dag.py took 0.060 seconds
[2024-11-26T18:45:13.181+0000] {processor.py:186} INFO - Started process (PID=256) to work on /home/airflow/.local/lib/python3.12/site-packages/airflow/example_dags/example_external_task_marker_dag.py
[2024-11-26T18:45:13.182+0000] {processor.py:914} INFO - Processing file /home/airflow/.local/lib/python3.12/site-packages/airflow/example_dags/example_external_task_marker_dag.py for tasks to queue
[2024-11-26T18:45:13.183+0000] {logging_mixin.py:190} INFO - [2024-11-26T18:45:13.183+0000] {dagbag.py:588} INFO - Filling up the DagBag from /home/airflow/.local/lib/python3.12/site-packages/airflow/example_dags/example_external_task_marker_dag.py
[2024-11-26T18:45:13.190+0000] {processor.py:925} INFO - DAG(s) 'example_external_task_marker_parent', 'example_external_task_marker_child' retrieved from /home/airflow/.local/lib/python3.12/site-packages/airflow/example_dags/example_external_task_marker_dag.py
[2024-11-26T18:45:13.207+0000] {logging_mixin.py:190} INFO - [2024-11-26T18:45:13.207+0000] {dag.py:3239} INFO - Sync 2 DAGs
[2024-11-26T18:45:13.219+0000] {logging_mixin.py:190} INFO - [2024-11-26T18:45:13.219+0000] {dag.py:4180} INFO - Setting next_dagrun for example_external_task_marker_child to None, run_after=None
[2024-11-26T18:45:13.221+0000] {logging_mixin.py:190} INFO - [2024-11-26T18:45:13.221+0000] {dag.py:4180} INFO - Setting next_dagrun for example_external_task_marker_parent to None, run_after=None
[2024-11-26T18:45:13.233+0000] {processor.py:208} INFO - Processing /home/airflow/.local/lib/python3.12/site-packages/airflow/example_dags/example_external_task_marker_dag.py took 0.056 seconds
[2024-11-26T18:45:45.546+0000] {processor.py:186} INFO - Started process (PID=332) to work on /home/airflow/.local/lib/python3.12/site-packages/airflow/example_dags/example_external_task_marker_dag.py
[2024-11-26T18:45:45.551+0000] {processor.py:914} INFO - Processing file /home/airflow/.local/lib/python3.12/site-packages/airflow/example_dags/example_external_task_marker_dag.py for tasks to queue
[2024-11-26T18:45:45.552+0000] {logging_mixin.py:190} INFO - [2024-11-26T18:45:45.552+0000] {dagbag.py:588} INFO - Filling up the DagBag from /home/airflow/.local/lib/python3.12/site-packages/airflow/example_dags/example_external_task_marker_dag.py
[2024-11-26T18:45:45.558+0000] {processor.py:925} INFO - DAG(s) 'example_external_task_marker_parent', 'example_external_task_marker_child' retrieved from /home/airflow/.local/lib/python3.12/site-packages/airflow/example_dags/example_external_task_marker_dag.py
[2024-11-26T18:45:45.575+0000] {logging_mixin.py:190} INFO - [2024-11-26T18:45:45.575+0000] {dag.py:3239} INFO - Sync 2 DAGs
[2024-11-26T18:45:45.586+0000] {logging_mixin.py:190} INFO - [2024-11-26T18:45:45.586+0000] {dag.py:4180} INFO - Setting next_dagrun for example_external_task_marker_child to None, run_after=None
[2024-11-26T18:45:45.590+0000] {logging_mixin.py:190} INFO - [2024-11-26T18:45:45.590+0000] {dag.py:4180} INFO - Setting next_dagrun for example_external_task_marker_parent to None, run_after=None
[2024-11-26T18:45:45.603+0000] {processor.py:208} INFO - Processing /home/airflow/.local/lib/python3.12/site-packages/airflow/example_dags/example_external_task_marker_dag.py took 0.061 seconds
[2024-11-26T18:46:16.274+0000] {processor.py:186} INFO - Started process (PID=407) to work on /home/airflow/.local/lib/python3.12/site-packages/airflow/example_dags/example_external_task_marker_dag.py
[2024-11-26T18:46:16.274+0000] {processor.py:914} INFO - Processing file /home/airflow/.local/lib/python3.12/site-packages/airflow/example_dags/example_external_task_marker_dag.py for tasks to queue
[2024-11-26T18:46:16.276+0000] {logging_mixin.py:190} INFO - [2024-11-26T18:46:16.276+0000] {dagbag.py:588} INFO - Filling up the DagBag from /home/airflow/.local/lib/python3.12/site-packages/airflow/example_dags/example_external_task_marker_dag.py
[2024-11-26T18:46:16.282+0000] {processor.py:925} INFO - DAG(s) 'example_external_task_marker_child', 'example_external_task_marker_parent' retrieved from /home/airflow/.local/lib/python3.12/site-packages/airflow/example_dags/example_external_task_marker_dag.py
[2024-11-26T18:46:16.300+0000] {logging_mixin.py:190} INFO - [2024-11-26T18:46:16.300+0000] {dag.py:3239} INFO - Sync 2 DAGs
[2024-11-26T18:46:16.314+0000] {logging_mixin.py:190} INFO - [2024-11-26T18:46:16.314+0000] {dag.py:4180} INFO - Setting next_dagrun for example_external_task_marker_child to None, run_after=None
[2024-11-26T18:46:16.317+0000] {logging_mixin.py:190} INFO - [2024-11-26T18:46:16.317+0000] {dag.py:4180} INFO - Setting next_dagrun for example_external_task_marker_parent to None, run_after=None
[2024-11-26T18:46:16.330+0000] {processor.py:208} INFO - Processing /home/airflow/.local/lib/python3.12/site-packages/airflow/example_dags/example_external_task_marker_dag.py took 0.060 seconds
