[2024-11-26T17:53:56.241+0000] {processor.py:186} INFO - Started process (PID=81) to work on /home/airflow/.local/lib/python3.12/site-packages/airflow/example_dags/example_dataset_alias.py
[2024-11-26T17:53:56.242+0000] {processor.py:914} INFO - Processing file /home/airflow/.local/lib/python3.12/site-packages/airflow/example_dags/example_dataset_alias.py for tasks to queue
[2024-11-26T17:53:56.244+0000] {logging_mixin.py:190} INFO - [2024-11-26T17:53:56.244+0000] {dagbag.py:588} INFO - Filling up the DagBag from /home/airflow/.local/lib/python3.12/site-packages/airflow/example_dags/example_dataset_alias.py
[2024-11-26T17:53:56.838+0000] {processor.py:925} INFO - DAG(s) 'dataset_alias_example_alias_consumer', 'dataset_alias_example_alias_producer', 'dataset_s3_bucket_producer', 'dataset_s3_bucket_consumer' retrieved from /home/airflow/.local/lib/python3.12/site-packages/airflow/example_dags/example_dataset_alias.py
[2024-11-26T17:53:56.920+0000] {logging_mixin.py:190} INFO - [2024-11-26T17:53:56.919+0000] {override.py:1911} INFO - Created Permission View: can read on DAG:dataset_alias_example_alias_consumer
[2024-11-26T17:53:56.931+0000] {logging_mixin.py:190} INFO - [2024-11-26T17:53:56.931+0000] {override.py:1911} INFO - Created Permission View: can delete on DAG:dataset_alias_example_alias_consumer
[2024-11-26T17:53:56.938+0000] {logging_mixin.py:190} INFO - [2024-11-26T17:53:56.938+0000] {override.py:1911} INFO - Created Permission View: can edit on DAG:dataset_alias_example_alias_consumer
[2024-11-26T17:53:56.948+0000] {logging_mixin.py:190} INFO - [2024-11-26T17:53:56.948+0000] {override.py:1911} INFO - Created Permission View: can create on DAG Run:dataset_alias_example_alias_consumer
[2024-11-26T17:53:56.955+0000] {logging_mixin.py:190} INFO - [2024-11-26T17:53:56.955+0000] {override.py:1911} INFO - Created Permission View: can read on DAG Run:dataset_alias_example_alias_consumer
[2024-11-26T17:53:56.964+0000] {logging_mixin.py:190} INFO - [2024-11-26T17:53:56.964+0000] {override.py:1911} INFO - Created Permission View: can delete on DAG Run:dataset_alias_example_alias_consumer
[2024-11-26T17:53:56.971+0000] {logging_mixin.py:190} INFO - [2024-11-26T17:53:56.970+0000] {override.py:1911} INFO - Created Permission View: menu access on DAG Run:dataset_alias_example_alias_consumer
[2024-11-26T17:53:56.986+0000] {logging_mixin.py:190} INFO - [2024-11-26T17:53:56.986+0000] {override.py:1911} INFO - Created Permission View: can read on DAG:dataset_alias_example_alias_producer
[2024-11-26T17:53:56.994+0000] {logging_mixin.py:190} INFO - [2024-11-26T17:53:56.994+0000] {override.py:1911} INFO - Created Permission View: can delete on DAG:dataset_alias_example_alias_producer
[2024-11-26T17:53:57.001+0000] {logging_mixin.py:190} INFO - [2024-11-26T17:53:57.000+0000] {override.py:1911} INFO - Created Permission View: can edit on DAG:dataset_alias_example_alias_producer
[2024-11-26T17:53:57.010+0000] {logging_mixin.py:190} INFO - [2024-11-26T17:53:57.010+0000] {override.py:1911} INFO - Created Permission View: can create on DAG Run:dataset_alias_example_alias_producer
[2024-11-26T17:53:57.017+0000] {logging_mixin.py:190} INFO - [2024-11-26T17:53:57.016+0000] {override.py:1911} INFO - Created Permission View: can read on DAG Run:dataset_alias_example_alias_producer
[2024-11-26T17:53:57.024+0000] {logging_mixin.py:190} INFO - [2024-11-26T17:53:57.024+0000] {override.py:1911} INFO - Created Permission View: can delete on DAG Run:dataset_alias_example_alias_producer
[2024-11-26T17:53:57.030+0000] {logging_mixin.py:190} INFO - [2024-11-26T17:53:57.030+0000] {override.py:1911} INFO - Created Permission View: menu access on DAG Run:dataset_alias_example_alias_producer
[2024-11-26T17:53:57.044+0000] {logging_mixin.py:190} INFO - [2024-11-26T17:53:57.044+0000] {override.py:1911} INFO - Created Permission View: can read on DAG:dataset_s3_bucket_producer
[2024-11-26T17:53:57.051+0000] {logging_mixin.py:190} INFO - [2024-11-26T17:53:57.051+0000] {override.py:1911} INFO - Created Permission View: can delete on DAG:dataset_s3_bucket_producer
[2024-11-26T17:53:57.058+0000] {logging_mixin.py:190} INFO - [2024-11-26T17:53:57.058+0000] {override.py:1911} INFO - Created Permission View: can edit on DAG:dataset_s3_bucket_producer
[2024-11-26T17:53:57.066+0000] {logging_mixin.py:190} INFO - [2024-11-26T17:53:57.066+0000] {override.py:1911} INFO - Created Permission View: can create on DAG Run:dataset_s3_bucket_producer
[2024-11-26T17:53:57.075+0000] {logging_mixin.py:190} INFO - [2024-11-26T17:53:57.074+0000] {override.py:1911} INFO - Created Permission View: can read on DAG Run:dataset_s3_bucket_producer
[2024-11-26T17:53:57.082+0000] {logging_mixin.py:190} INFO - [2024-11-26T17:53:57.082+0000] {override.py:1911} INFO - Created Permission View: can delete on DAG Run:dataset_s3_bucket_producer
[2024-11-26T17:53:57.089+0000] {logging_mixin.py:190} INFO - [2024-11-26T17:53:57.088+0000] {override.py:1911} INFO - Created Permission View: menu access on DAG Run:dataset_s3_bucket_producer
[2024-11-26T17:53:57.102+0000] {logging_mixin.py:190} INFO - [2024-11-26T17:53:57.101+0000] {override.py:1911} INFO - Created Permission View: can read on DAG:dataset_s3_bucket_consumer
[2024-11-26T17:53:57.109+0000] {logging_mixin.py:190} INFO - [2024-11-26T17:53:57.109+0000] {override.py:1911} INFO - Created Permission View: can delete on DAG:dataset_s3_bucket_consumer
[2024-11-26T17:53:57.116+0000] {logging_mixin.py:190} INFO - [2024-11-26T17:53:57.116+0000] {override.py:1911} INFO - Created Permission View: can edit on DAG:dataset_s3_bucket_consumer
[2024-11-26T17:53:57.125+0000] {logging_mixin.py:190} INFO - [2024-11-26T17:53:57.125+0000] {override.py:1911} INFO - Created Permission View: can create on DAG Run:dataset_s3_bucket_consumer
[2024-11-26T17:53:57.131+0000] {logging_mixin.py:190} INFO - [2024-11-26T17:53:57.131+0000] {override.py:1911} INFO - Created Permission View: can read on DAG Run:dataset_s3_bucket_consumer
[2024-11-26T17:53:57.138+0000] {logging_mixin.py:190} INFO - [2024-11-26T17:53:57.137+0000] {override.py:1911} INFO - Created Permission View: can delete on DAG Run:dataset_s3_bucket_consumer
[2024-11-26T17:53:57.145+0000] {logging_mixin.py:190} INFO - [2024-11-26T17:53:57.145+0000] {override.py:1911} INFO - Created Permission View: menu access on DAG Run:dataset_s3_bucket_consumer
[2024-11-26T17:53:57.146+0000] {logging_mixin.py:190} INFO - [2024-11-26T17:53:57.146+0000] {dag.py:3239} INFO - Sync 4 DAGs
[2024-11-26T17:53:57.157+0000] {logging_mixin.py:190} INFO - [2024-11-26T17:53:57.157+0000] {dag.py:3262} INFO - Creating ORM DAG for dataset_s3_bucket_producer
[2024-11-26T17:53:57.158+0000] {logging_mixin.py:190} INFO - [2024-11-26T17:53:57.158+0000] {dag.py:3262} INFO - Creating ORM DAG for dataset_alias_example_alias_consumer
[2024-11-26T17:53:57.159+0000] {logging_mixin.py:190} INFO - [2024-11-26T17:53:57.159+0000] {dag.py:3262} INFO - Creating ORM DAG for dataset_s3_bucket_consumer
[2024-11-26T17:53:57.159+0000] {logging_mixin.py:190} INFO - [2024-11-26T17:53:57.159+0000] {dag.py:3262} INFO - Creating ORM DAG for dataset_alias_example_alias_producer
[2024-11-26T17:53:57.167+0000] {logging_mixin.py:190} INFO - [2024-11-26T17:53:57.167+0000] {dag.py:4180} INFO - Setting next_dagrun for dataset_alias_example_alias_consumer to None, run_after=None
[2024-11-26T17:53:57.168+0000] {logging_mixin.py:190} INFO - [2024-11-26T17:53:57.168+0000] {dag.py:4180} INFO - Setting next_dagrun for dataset_alias_example_alias_producer to None, run_after=None
[2024-11-26T17:53:57.169+0000] {logging_mixin.py:190} INFO - [2024-11-26T17:53:57.169+0000] {dag.py:4180} INFO - Setting next_dagrun for dataset_s3_bucket_consumer to None, run_after=None
[2024-11-26T17:53:57.169+0000] {logging_mixin.py:190} INFO - [2024-11-26T17:53:57.169+0000] {dag.py:4180} INFO - Setting next_dagrun for dataset_s3_bucket_producer to None, run_after=None
[2024-11-26T17:53:57.197+0000] {processor.py:208} INFO - Processing /home/airflow/.local/lib/python3.12/site-packages/airflow/example_dags/example_dataset_alias.py took 0.960 seconds
[2024-11-26T17:54:28.084+0000] {processor.py:186} INFO - Started process (PID=152) to work on /home/airflow/.local/lib/python3.12/site-packages/airflow/example_dags/example_dataset_alias.py
[2024-11-26T17:54:28.085+0000] {processor.py:914} INFO - Processing file /home/airflow/.local/lib/python3.12/site-packages/airflow/example_dags/example_dataset_alias.py for tasks to queue
[2024-11-26T17:54:28.087+0000] {logging_mixin.py:190} INFO - [2024-11-26T17:54:28.086+0000] {dagbag.py:588} INFO - Filling up the DagBag from /home/airflow/.local/lib/python3.12/site-packages/airflow/example_dags/example_dataset_alias.py
[2024-11-26T17:54:28.866+0000] {processor.py:925} INFO - DAG(s) 'dataset_alias_example_alias_producer', 'dataset_s3_bucket_producer', 'dataset_s3_bucket_consumer', 'dataset_alias_example_alias_consumer' retrieved from /home/airflow/.local/lib/python3.12/site-packages/airflow/example_dags/example_dataset_alias.py
[2024-11-26T17:54:28.890+0000] {logging_mixin.py:190} INFO - [2024-11-26T17:54:28.889+0000] {dag.py:3239} INFO - Sync 4 DAGs
[2024-11-26T17:54:28.914+0000] {logging_mixin.py:190} INFO - [2024-11-26T17:54:28.914+0000] {dag.py:4180} INFO - Setting next_dagrun for dataset_alias_example_alias_consumer to None, run_after=None
[2024-11-26T17:54:28.917+0000] {logging_mixin.py:190} INFO - [2024-11-26T17:54:28.916+0000] {dag.py:4180} INFO - Setting next_dagrun for dataset_alias_example_alias_producer to None, run_after=None
[2024-11-26T17:54:28.918+0000] {logging_mixin.py:190} INFO - [2024-11-26T17:54:28.918+0000] {dag.py:4180} INFO - Setting next_dagrun for dataset_s3_bucket_consumer to None, run_after=None
[2024-11-26T17:54:28.919+0000] {logging_mixin.py:190} INFO - [2024-11-26T17:54:28.919+0000] {dag.py:4180} INFO - Setting next_dagrun for dataset_s3_bucket_producer to None, run_after=None
[2024-11-26T17:54:28.940+0000] {processor.py:208} INFO - Processing /home/airflow/.local/lib/python3.12/site-packages/airflow/example_dags/example_dataset_alias.py took 0.861 seconds
[2024-11-26T17:54:59.007+0000] {processor.py:186} INFO - Started process (PID=221) to work on /home/airflow/.local/lib/python3.12/site-packages/airflow/example_dags/example_dataset_alias.py
[2024-11-26T17:54:59.008+0000] {processor.py:914} INFO - Processing file /home/airflow/.local/lib/python3.12/site-packages/airflow/example_dags/example_dataset_alias.py for tasks to queue
[2024-11-26T17:54:59.009+0000] {logging_mixin.py:190} INFO - [2024-11-26T17:54:59.009+0000] {dagbag.py:588} INFO - Filling up the DagBag from /home/airflow/.local/lib/python3.12/site-packages/airflow/example_dags/example_dataset_alias.py
[2024-11-26T17:54:59.462+0000] {processor.py:925} INFO - DAG(s) 'dataset_s3_bucket_producer', 'dataset_s3_bucket_consumer', 'dataset_alias_example_alias_consumer', 'dataset_alias_example_alias_producer' retrieved from /home/airflow/.local/lib/python3.12/site-packages/airflow/example_dags/example_dataset_alias.py
[2024-11-26T17:54:59.479+0000] {logging_mixin.py:190} INFO - [2024-11-26T17:54:59.478+0000] {dag.py:3239} INFO - Sync 4 DAGs
[2024-11-26T17:54:59.496+0000] {logging_mixin.py:190} INFO - [2024-11-26T17:54:59.496+0000] {dag.py:4180} INFO - Setting next_dagrun for dataset_alias_example_alias_consumer to None, run_after=None
[2024-11-26T17:54:59.498+0000] {logging_mixin.py:190} INFO - [2024-11-26T17:54:59.498+0000] {dag.py:4180} INFO - Setting next_dagrun for dataset_alias_example_alias_producer to None, run_after=None
[2024-11-26T17:54:59.500+0000] {logging_mixin.py:190} INFO - [2024-11-26T17:54:59.500+0000] {dag.py:4180} INFO - Setting next_dagrun for dataset_s3_bucket_consumer to None, run_after=None
[2024-11-26T17:54:59.501+0000] {logging_mixin.py:190} INFO - [2024-11-26T17:54:59.501+0000] {dag.py:4180} INFO - Setting next_dagrun for dataset_s3_bucket_producer to None, run_after=None
[2024-11-26T17:54:59.517+0000] {processor.py:208} INFO - Processing /home/airflow/.local/lib/python3.12/site-packages/airflow/example_dags/example_dataset_alias.py took 0.514 seconds
[2024-11-26T17:55:29.555+0000] {processor.py:186} INFO - Started process (PID=278) to work on /home/airflow/.local/lib/python3.12/site-packages/airflow/example_dags/example_dataset_alias.py
[2024-11-26T17:55:29.556+0000] {processor.py:914} INFO - Processing file /home/airflow/.local/lib/python3.12/site-packages/airflow/example_dags/example_dataset_alias.py for tasks to queue
[2024-11-26T17:55:29.558+0000] {logging_mixin.py:190} INFO - [2024-11-26T17:55:29.557+0000] {dagbag.py:588} INFO - Filling up the DagBag from /home/airflow/.local/lib/python3.12/site-packages/airflow/example_dags/example_dataset_alias.py
[2024-11-26T17:55:30.104+0000] {processor.py:925} INFO - DAG(s) 'dataset_s3_bucket_producer', 'dataset_alias_example_alias_producer', 'dataset_s3_bucket_consumer', 'dataset_alias_example_alias_consumer' retrieved from /home/airflow/.local/lib/python3.12/site-packages/airflow/example_dags/example_dataset_alias.py
[2024-11-26T17:55:30.124+0000] {logging_mixin.py:190} INFO - [2024-11-26T17:55:30.123+0000] {dag.py:3239} INFO - Sync 4 DAGs
[2024-11-26T17:55:30.144+0000] {logging_mixin.py:190} INFO - [2024-11-26T17:55:30.144+0000] {dag.py:4180} INFO - Setting next_dagrun for dataset_alias_example_alias_consumer to None, run_after=None
[2024-11-26T17:55:30.147+0000] {logging_mixin.py:190} INFO - [2024-11-26T17:55:30.147+0000] {dag.py:4180} INFO - Setting next_dagrun for dataset_alias_example_alias_producer to None, run_after=None
[2024-11-26T17:55:30.148+0000] {logging_mixin.py:190} INFO - [2024-11-26T17:55:30.148+0000] {dag.py:4180} INFO - Setting next_dagrun for dataset_s3_bucket_consumer to None, run_after=None
[2024-11-26T17:55:30.150+0000] {logging_mixin.py:190} INFO - [2024-11-26T17:55:30.149+0000] {dag.py:4180} INFO - Setting next_dagrun for dataset_s3_bucket_producer to None, run_after=None
[2024-11-26T17:55:30.170+0000] {processor.py:208} INFO - Processing /home/airflow/.local/lib/python3.12/site-packages/airflow/example_dags/example_dataset_alias.py took 0.620 seconds
[2024-11-26T17:56:00.293+0000] {processor.py:186} INFO - Started process (PID=347) to work on /home/airflow/.local/lib/python3.12/site-packages/airflow/example_dags/example_dataset_alias.py
[2024-11-26T17:56:00.293+0000] {processor.py:914} INFO - Processing file /home/airflow/.local/lib/python3.12/site-packages/airflow/example_dags/example_dataset_alias.py for tasks to queue
[2024-11-26T17:56:00.295+0000] {logging_mixin.py:190} INFO - [2024-11-26T17:56:00.295+0000] {dagbag.py:588} INFO - Filling up the DagBag from /home/airflow/.local/lib/python3.12/site-packages/airflow/example_dags/example_dataset_alias.py
[2024-11-26T17:56:00.801+0000] {processor.py:925} INFO - DAG(s) 'dataset_alias_example_alias_producer', 'dataset_s3_bucket_producer', 'dataset_alias_example_alias_consumer', 'dataset_s3_bucket_consumer' retrieved from /home/airflow/.local/lib/python3.12/site-packages/airflow/example_dags/example_dataset_alias.py
[2024-11-26T17:56:00.827+0000] {logging_mixin.py:190} INFO - [2024-11-26T17:56:00.827+0000] {dag.py:3239} INFO - Sync 4 DAGs
[2024-11-26T17:56:00.848+0000] {logging_mixin.py:190} INFO - [2024-11-26T17:56:00.848+0000] {dag.py:4180} INFO - Setting next_dagrun for dataset_alias_example_alias_consumer to None, run_after=None
[2024-11-26T17:56:00.851+0000] {logging_mixin.py:190} INFO - [2024-11-26T17:56:00.851+0000] {dag.py:4180} INFO - Setting next_dagrun for dataset_alias_example_alias_producer to None, run_after=None
[2024-11-26T17:56:00.853+0000] {logging_mixin.py:190} INFO - [2024-11-26T17:56:00.853+0000] {dag.py:4180} INFO - Setting next_dagrun for dataset_s3_bucket_consumer to None, run_after=None
[2024-11-26T17:56:00.855+0000] {logging_mixin.py:190} INFO - [2024-11-26T17:56:00.855+0000] {dag.py:4180} INFO - Setting next_dagrun for dataset_s3_bucket_producer to None, run_after=None
[2024-11-26T17:56:00.875+0000] {processor.py:208} INFO - Processing /home/airflow/.local/lib/python3.12/site-packages/airflow/example_dags/example_dataset_alias.py took 0.587 seconds
[2024-11-26T17:56:31.352+0000] {processor.py:186} INFO - Started process (PID=410) to work on /home/airflow/.local/lib/python3.12/site-packages/airflow/example_dags/example_dataset_alias.py
[2024-11-26T17:56:31.353+0000] {processor.py:914} INFO - Processing file /home/airflow/.local/lib/python3.12/site-packages/airflow/example_dags/example_dataset_alias.py for tasks to queue
[2024-11-26T17:56:31.355+0000] {logging_mixin.py:190} INFO - [2024-11-26T17:56:31.355+0000] {dagbag.py:588} INFO - Filling up the DagBag from /home/airflow/.local/lib/python3.12/site-packages/airflow/example_dags/example_dataset_alias.py
[2024-11-26T17:56:31.843+0000] {processor.py:925} INFO - DAG(s) 'dataset_alias_example_alias_consumer', 'dataset_s3_bucket_consumer', 'dataset_s3_bucket_producer', 'dataset_alias_example_alias_producer' retrieved from /home/airflow/.local/lib/python3.12/site-packages/airflow/example_dags/example_dataset_alias.py
[2024-11-26T17:56:31.861+0000] {logging_mixin.py:190} INFO - [2024-11-26T17:56:31.861+0000] {dag.py:3239} INFO - Sync 4 DAGs
[2024-11-26T17:56:31.880+0000] {logging_mixin.py:190} INFO - [2024-11-26T17:56:31.879+0000] {dag.py:4180} INFO - Setting next_dagrun for dataset_alias_example_alias_consumer to None, run_after=None
[2024-11-26T17:56:31.882+0000] {logging_mixin.py:190} INFO - [2024-11-26T17:56:31.882+0000] {dag.py:4180} INFO - Setting next_dagrun for dataset_alias_example_alias_producer to None, run_after=None
[2024-11-26T17:56:31.883+0000] {logging_mixin.py:190} INFO - [2024-11-26T17:56:31.883+0000] {dag.py:4180} INFO - Setting next_dagrun for dataset_s3_bucket_consumer to None, run_after=None
[2024-11-26T17:56:31.884+0000] {logging_mixin.py:190} INFO - [2024-11-26T17:56:31.884+0000] {dag.py:4180} INFO - Setting next_dagrun for dataset_s3_bucket_producer to None, run_after=None
[2024-11-26T17:56:31.902+0000] {processor.py:208} INFO - Processing /home/airflow/.local/lib/python3.12/site-packages/airflow/example_dags/example_dataset_alias.py took 0.555 seconds
[2024-11-26T17:57:02.243+0000] {processor.py:186} INFO - Started process (PID=473) to work on /home/airflow/.local/lib/python3.12/site-packages/airflow/example_dags/example_dataset_alias.py
[2024-11-26T17:57:02.243+0000] {processor.py:914} INFO - Processing file /home/airflow/.local/lib/python3.12/site-packages/airflow/example_dags/example_dataset_alias.py for tasks to queue
[2024-11-26T17:57:02.245+0000] {logging_mixin.py:190} INFO - [2024-11-26T17:57:02.245+0000] {dagbag.py:588} INFO - Filling up the DagBag from /home/airflow/.local/lib/python3.12/site-packages/airflow/example_dags/example_dataset_alias.py
[2024-11-26T17:57:02.786+0000] {processor.py:925} INFO - DAG(s) 'dataset_alias_example_alias_producer', 'dataset_alias_example_alias_consumer', 'dataset_s3_bucket_producer', 'dataset_s3_bucket_consumer' retrieved from /home/airflow/.local/lib/python3.12/site-packages/airflow/example_dags/example_dataset_alias.py
[2024-11-26T17:57:02.805+0000] {logging_mixin.py:190} INFO - [2024-11-26T17:57:02.804+0000] {dag.py:3239} INFO - Sync 4 DAGs
[2024-11-26T17:57:02.824+0000] {logging_mixin.py:190} INFO - [2024-11-26T17:57:02.824+0000] {dag.py:4180} INFO - Setting next_dagrun for dataset_alias_example_alias_consumer to None, run_after=None
[2024-11-26T17:57:02.826+0000] {logging_mixin.py:190} INFO - [2024-11-26T17:57:02.826+0000] {dag.py:4180} INFO - Setting next_dagrun for dataset_alias_example_alias_producer to None, run_after=None
[2024-11-26T17:57:02.827+0000] {logging_mixin.py:190} INFO - [2024-11-26T17:57:02.827+0000] {dag.py:4180} INFO - Setting next_dagrun for dataset_s3_bucket_consumer to None, run_after=None
[2024-11-26T17:57:02.828+0000] {logging_mixin.py:190} INFO - [2024-11-26T17:57:02.828+0000] {dag.py:4180} INFO - Setting next_dagrun for dataset_s3_bucket_producer to None, run_after=None
[2024-11-26T17:57:02.848+0000] {processor.py:208} INFO - Processing /home/airflow/.local/lib/python3.12/site-packages/airflow/example_dags/example_dataset_alias.py took 0.610 seconds
[2024-11-26T17:57:33.188+0000] {processor.py:186} INFO - Started process (PID=536) to work on /home/airflow/.local/lib/python3.12/site-packages/airflow/example_dags/example_dataset_alias.py
[2024-11-26T17:57:33.225+0000] {processor.py:914} INFO - Processing file /home/airflow/.local/lib/python3.12/site-packages/airflow/example_dags/example_dataset_alias.py for tasks to queue
[2024-11-26T17:57:33.227+0000] {logging_mixin.py:190} INFO - [2024-11-26T17:57:33.227+0000] {dagbag.py:588} INFO - Filling up the DagBag from /home/airflow/.local/lib/python3.12/site-packages/airflow/example_dags/example_dataset_alias.py
[2024-11-26T17:57:33.705+0000] {processor.py:925} INFO - DAG(s) 'dataset_s3_bucket_consumer', 'dataset_alias_example_alias_producer', 'dataset_s3_bucket_producer', 'dataset_alias_example_alias_consumer' retrieved from /home/airflow/.local/lib/python3.12/site-packages/airflow/example_dags/example_dataset_alias.py
[2024-11-26T17:57:33.724+0000] {logging_mixin.py:190} INFO - [2024-11-26T17:57:33.724+0000] {dag.py:3239} INFO - Sync 4 DAGs
[2024-11-26T17:57:33.743+0000] {logging_mixin.py:190} INFO - [2024-11-26T17:57:33.743+0000] {dag.py:4180} INFO - Setting next_dagrun for dataset_alias_example_alias_consumer to None, run_after=None
[2024-11-26T17:57:33.745+0000] {logging_mixin.py:190} INFO - [2024-11-26T17:57:33.745+0000] {dag.py:4180} INFO - Setting next_dagrun for dataset_alias_example_alias_producer to None, run_after=None
[2024-11-26T17:57:33.746+0000] {logging_mixin.py:190} INFO - [2024-11-26T17:57:33.746+0000] {dag.py:4180} INFO - Setting next_dagrun for dataset_s3_bucket_consumer to None, run_after=None
[2024-11-26T17:57:33.747+0000] {logging_mixin.py:190} INFO - [2024-11-26T17:57:33.747+0000] {dag.py:4180} INFO - Setting next_dagrun for dataset_s3_bucket_producer to None, run_after=None
[2024-11-26T17:57:33.765+0000] {processor.py:208} INFO - Processing /home/airflow/.local/lib/python3.12/site-packages/airflow/example_dags/example_dataset_alias.py took 0.581 seconds
[2024-11-26T17:58:03.868+0000] {processor.py:186} INFO - Started process (PID=599) to work on /home/airflow/.local/lib/python3.12/site-packages/airflow/example_dags/example_dataset_alias.py
[2024-11-26T17:58:03.868+0000] {processor.py:914} INFO - Processing file /home/airflow/.local/lib/python3.12/site-packages/airflow/example_dags/example_dataset_alias.py for tasks to queue
[2024-11-26T17:58:03.870+0000] {logging_mixin.py:190} INFO - [2024-11-26T17:58:03.870+0000] {dagbag.py:588} INFO - Filling up the DagBag from /home/airflow/.local/lib/python3.12/site-packages/airflow/example_dags/example_dataset_alias.py
[2024-11-26T17:58:04.385+0000] {processor.py:925} INFO - DAG(s) 'dataset_s3_bucket_producer', 'dataset_alias_example_alias_consumer', 'dataset_s3_bucket_consumer', 'dataset_alias_example_alias_producer' retrieved from /home/airflow/.local/lib/python3.12/site-packages/airflow/example_dags/example_dataset_alias.py
[2024-11-26T17:58:04.401+0000] {logging_mixin.py:190} INFO - [2024-11-26T17:58:04.400+0000] {dag.py:3239} INFO - Sync 4 DAGs
[2024-11-26T17:58:04.420+0000] {logging_mixin.py:190} INFO - [2024-11-26T17:58:04.420+0000] {dag.py:4180} INFO - Setting next_dagrun for dataset_alias_example_alias_consumer to None, run_after=None
[2024-11-26T17:58:04.422+0000] {logging_mixin.py:190} INFO - [2024-11-26T17:58:04.422+0000] {dag.py:4180} INFO - Setting next_dagrun for dataset_alias_example_alias_producer to None, run_after=None
[2024-11-26T17:58:04.424+0000] {logging_mixin.py:190} INFO - [2024-11-26T17:58:04.424+0000] {dag.py:4180} INFO - Setting next_dagrun for dataset_s3_bucket_consumer to None, run_after=None
[2024-11-26T17:58:04.425+0000] {logging_mixin.py:190} INFO - [2024-11-26T17:58:04.425+0000] {dag.py:4180} INFO - Setting next_dagrun for dataset_s3_bucket_producer to None, run_after=None
[2024-11-26T17:58:04.442+0000] {processor.py:208} INFO - Processing /home/airflow/.local/lib/python3.12/site-packages/airflow/example_dags/example_dataset_alias.py took 0.578 seconds
[2024-11-26T17:58:34.538+0000] {processor.py:186} INFO - Started process (PID=666) to work on /home/airflow/.local/lib/python3.12/site-packages/airflow/example_dags/example_dataset_alias.py
[2024-11-26T17:58:34.539+0000] {processor.py:914} INFO - Processing file /home/airflow/.local/lib/python3.12/site-packages/airflow/example_dags/example_dataset_alias.py for tasks to queue
[2024-11-26T17:58:34.540+0000] {logging_mixin.py:190} INFO - [2024-11-26T17:58:34.540+0000] {dagbag.py:588} INFO - Filling up the DagBag from /home/airflow/.local/lib/python3.12/site-packages/airflow/example_dags/example_dataset_alias.py
[2024-11-26T17:58:35.028+0000] {processor.py:925} INFO - DAG(s) 'dataset_alias_example_alias_producer', 'dataset_alias_example_alias_consumer', 'dataset_s3_bucket_consumer', 'dataset_s3_bucket_producer' retrieved from /home/airflow/.local/lib/python3.12/site-packages/airflow/example_dags/example_dataset_alias.py
[2024-11-26T17:58:35.045+0000] {logging_mixin.py:190} INFO - [2024-11-26T17:58:35.045+0000] {dag.py:3239} INFO - Sync 4 DAGs
[2024-11-26T17:58:35.065+0000] {logging_mixin.py:190} INFO - [2024-11-26T17:58:35.064+0000] {dag.py:4180} INFO - Setting next_dagrun for dataset_alias_example_alias_consumer to None, run_after=None
[2024-11-26T17:58:35.067+0000] {logging_mixin.py:190} INFO - [2024-11-26T17:58:35.066+0000] {dag.py:4180} INFO - Setting next_dagrun for dataset_alias_example_alias_producer to None, run_after=None
[2024-11-26T17:58:35.068+0000] {logging_mixin.py:190} INFO - [2024-11-26T17:58:35.068+0000] {dag.py:4180} INFO - Setting next_dagrun for dataset_s3_bucket_consumer to None, run_after=None
[2024-11-26T17:58:35.069+0000] {logging_mixin.py:190} INFO - [2024-11-26T17:58:35.069+0000] {dag.py:4180} INFO - Setting next_dagrun for dataset_s3_bucket_producer to None, run_after=None
[2024-11-26T17:58:35.084+0000] {processor.py:208} INFO - Processing /home/airflow/.local/lib/python3.12/site-packages/airflow/example_dags/example_dataset_alias.py took 0.551 seconds
[2024-11-26T17:59:05.368+0000] {processor.py:186} INFO - Started process (PID=735) to work on /home/airflow/.local/lib/python3.12/site-packages/airflow/example_dags/example_dataset_alias.py
[2024-11-26T17:59:05.369+0000] {processor.py:914} INFO - Processing file /home/airflow/.local/lib/python3.12/site-packages/airflow/example_dags/example_dataset_alias.py for tasks to queue
[2024-11-26T17:59:05.371+0000] {logging_mixin.py:190} INFO - [2024-11-26T17:59:05.371+0000] {dagbag.py:588} INFO - Filling up the DagBag from /home/airflow/.local/lib/python3.12/site-packages/airflow/example_dags/example_dataset_alias.py
[2024-11-26T17:59:05.866+0000] {processor.py:925} INFO - DAG(s) 'dataset_s3_bucket_producer', 'dataset_alias_example_alias_consumer', 'dataset_s3_bucket_consumer', 'dataset_alias_example_alias_producer' retrieved from /home/airflow/.local/lib/python3.12/site-packages/airflow/example_dags/example_dataset_alias.py
[2024-11-26T17:59:05.890+0000] {logging_mixin.py:190} INFO - [2024-11-26T17:59:05.889+0000] {dag.py:3239} INFO - Sync 4 DAGs
[2024-11-26T17:59:05.923+0000] {logging_mixin.py:190} INFO - [2024-11-26T17:59:05.923+0000] {dag.py:4180} INFO - Setting next_dagrun for dataset_alias_example_alias_consumer to None, run_after=None
[2024-11-26T17:59:05.928+0000] {logging_mixin.py:190} INFO - [2024-11-26T17:59:05.928+0000] {dag.py:4180} INFO - Setting next_dagrun for dataset_alias_example_alias_producer to None, run_after=None
[2024-11-26T17:59:05.931+0000] {logging_mixin.py:190} INFO - [2024-11-26T17:59:05.931+0000] {dag.py:4180} INFO - Setting next_dagrun for dataset_s3_bucket_consumer to None, run_after=None
[2024-11-26T17:59:05.934+0000] {logging_mixin.py:190} INFO - [2024-11-26T17:59:05.933+0000] {dag.py:4180} INFO - Setting next_dagrun for dataset_s3_bucket_producer to None, run_after=None
[2024-11-26T17:59:05.957+0000] {processor.py:208} INFO - Processing /home/airflow/.local/lib/python3.12/site-packages/airflow/example_dags/example_dataset_alias.py took 0.593 seconds
[2024-11-26T18:06:06.373+0000] {processor.py:186} INFO - Started process (PID=82) to work on /home/airflow/.local/lib/python3.12/site-packages/airflow/example_dags/example_dataset_alias.py
[2024-11-26T18:06:06.374+0000] {processor.py:914} INFO - Processing file /home/airflow/.local/lib/python3.12/site-packages/airflow/example_dags/example_dataset_alias.py for tasks to queue
[2024-11-26T18:06:06.376+0000] {logging_mixin.py:190} INFO - [2024-11-26T18:06:06.376+0000] {dagbag.py:588} INFO - Filling up the DagBag from /home/airflow/.local/lib/python3.12/site-packages/airflow/example_dags/example_dataset_alias.py
[2024-11-26T18:06:06.865+0000] {processor.py:925} INFO - DAG(s) 'dataset_s3_bucket_producer', 'dataset_alias_example_alias_producer', 'dataset_s3_bucket_consumer', 'dataset_alias_example_alias_consumer' retrieved from /home/airflow/.local/lib/python3.12/site-packages/airflow/example_dags/example_dataset_alias.py
[2024-11-26T18:06:06.885+0000] {logging_mixin.py:190} INFO - [2024-11-26T18:06:06.884+0000] {dag.py:3239} INFO - Sync 4 DAGs
[2024-11-26T18:06:06.902+0000] {logging_mixin.py:190} INFO - [2024-11-26T18:06:06.902+0000] {dag.py:4180} INFO - Setting next_dagrun for dataset_alias_example_alias_consumer to None, run_after=None
[2024-11-26T18:06:06.905+0000] {logging_mixin.py:190} INFO - [2024-11-26T18:06:06.905+0000] {dag.py:4180} INFO - Setting next_dagrun for dataset_alias_example_alias_producer to None, run_after=None
[2024-11-26T18:06:06.906+0000] {logging_mixin.py:190} INFO - [2024-11-26T18:06:06.906+0000] {dag.py:4180} INFO - Setting next_dagrun for dataset_s3_bucket_consumer to None, run_after=None
[2024-11-26T18:06:06.907+0000] {logging_mixin.py:190} INFO - [2024-11-26T18:06:06.907+0000] {dag.py:4180} INFO - Setting next_dagrun for dataset_s3_bucket_producer to None, run_after=None
[2024-11-26T18:06:06.926+0000] {processor.py:208} INFO - Processing /home/airflow/.local/lib/python3.12/site-packages/airflow/example_dags/example_dataset_alias.py took 0.557 seconds
[2024-11-26T18:06:37.012+0000] {processor.py:186} INFO - Started process (PID=149) to work on /home/airflow/.local/lib/python3.12/site-packages/airflow/example_dags/example_dataset_alias.py
[2024-11-26T18:06:37.013+0000] {processor.py:914} INFO - Processing file /home/airflow/.local/lib/python3.12/site-packages/airflow/example_dags/example_dataset_alias.py for tasks to queue
[2024-11-26T18:06:37.015+0000] {logging_mixin.py:190} INFO - [2024-11-26T18:06:37.014+0000] {dagbag.py:588} INFO - Filling up the DagBag from /home/airflow/.local/lib/python3.12/site-packages/airflow/example_dags/example_dataset_alias.py
[2024-11-26T18:06:37.478+0000] {processor.py:925} INFO - DAG(s) 'dataset_alias_example_alias_producer', 'dataset_alias_example_alias_consumer', 'dataset_s3_bucket_consumer', 'dataset_s3_bucket_producer' retrieved from /home/airflow/.local/lib/python3.12/site-packages/airflow/example_dags/example_dataset_alias.py
[2024-11-26T18:06:37.495+0000] {logging_mixin.py:190} INFO - [2024-11-26T18:06:37.495+0000] {dag.py:3239} INFO - Sync 4 DAGs
[2024-11-26T18:06:37.513+0000] {logging_mixin.py:190} INFO - [2024-11-26T18:06:37.513+0000] {dag.py:4180} INFO - Setting next_dagrun for dataset_alias_example_alias_consumer to None, run_after=None
[2024-11-26T18:06:37.515+0000] {logging_mixin.py:190} INFO - [2024-11-26T18:06:37.515+0000] {dag.py:4180} INFO - Setting next_dagrun for dataset_alias_example_alias_producer to None, run_after=None
[2024-11-26T18:06:37.517+0000] {logging_mixin.py:190} INFO - [2024-11-26T18:06:37.517+0000] {dag.py:4180} INFO - Setting next_dagrun for dataset_s3_bucket_consumer to None, run_after=None
[2024-11-26T18:06:37.519+0000] {logging_mixin.py:190} INFO - [2024-11-26T18:06:37.519+0000] {dag.py:4180} INFO - Setting next_dagrun for dataset_s3_bucket_producer to None, run_after=None
[2024-11-26T18:06:37.535+0000] {processor.py:208} INFO - Processing /home/airflow/.local/lib/python3.12/site-packages/airflow/example_dags/example_dataset_alias.py took 0.527 seconds
[2024-11-26T18:07:07.584+0000] {processor.py:186} INFO - Started process (PID=217) to work on /home/airflow/.local/lib/python3.12/site-packages/airflow/example_dags/example_dataset_alias.py
[2024-11-26T18:07:07.584+0000] {processor.py:914} INFO - Processing file /home/airflow/.local/lib/python3.12/site-packages/airflow/example_dags/example_dataset_alias.py for tasks to queue
[2024-11-26T18:07:07.586+0000] {logging_mixin.py:190} INFO - [2024-11-26T18:07:07.586+0000] {dagbag.py:588} INFO - Filling up the DagBag from /home/airflow/.local/lib/python3.12/site-packages/airflow/example_dags/example_dataset_alias.py
[2024-11-26T18:07:08.049+0000] {processor.py:925} INFO - DAG(s) 'dataset_alias_example_alias_producer', 'dataset_s3_bucket_consumer', 'dataset_s3_bucket_producer', 'dataset_alias_example_alias_consumer' retrieved from /home/airflow/.local/lib/python3.12/site-packages/airflow/example_dags/example_dataset_alias.py
[2024-11-26T18:07:08.065+0000] {logging_mixin.py:190} INFO - [2024-11-26T18:07:08.065+0000] {dag.py:3239} INFO - Sync 4 DAGs
[2024-11-26T18:07:08.083+0000] {logging_mixin.py:190} INFO - [2024-11-26T18:07:08.083+0000] {dag.py:4180} INFO - Setting next_dagrun for dataset_alias_example_alias_consumer to None, run_after=None
[2024-11-26T18:07:08.086+0000] {logging_mixin.py:190} INFO - [2024-11-26T18:07:08.086+0000] {dag.py:4180} INFO - Setting next_dagrun for dataset_alias_example_alias_producer to None, run_after=None
[2024-11-26T18:07:08.087+0000] {logging_mixin.py:190} INFO - [2024-11-26T18:07:08.087+0000] {dag.py:4180} INFO - Setting next_dagrun for dataset_s3_bucket_consumer to None, run_after=None
[2024-11-26T18:07:08.088+0000] {logging_mixin.py:190} INFO - [2024-11-26T18:07:08.088+0000] {dag.py:4180} INFO - Setting next_dagrun for dataset_s3_bucket_producer to None, run_after=None
[2024-11-26T18:07:08.105+0000] {processor.py:208} INFO - Processing /home/airflow/.local/lib/python3.12/site-packages/airflow/example_dags/example_dataset_alias.py took 0.525 seconds
[2024-11-26T18:07:38.263+0000] {processor.py:186} INFO - Started process (PID=280) to work on /home/airflow/.local/lib/python3.12/site-packages/airflow/example_dags/example_dataset_alias.py
[2024-11-26T18:07:38.264+0000] {processor.py:914} INFO - Processing file /home/airflow/.local/lib/python3.12/site-packages/airflow/example_dags/example_dataset_alias.py for tasks to queue
[2024-11-26T18:07:38.266+0000] {logging_mixin.py:190} INFO - [2024-11-26T18:07:38.265+0000] {dagbag.py:588} INFO - Filling up the DagBag from /home/airflow/.local/lib/python3.12/site-packages/airflow/example_dags/example_dataset_alias.py
[2024-11-26T18:07:38.718+0000] {processor.py:925} INFO - DAG(s) 'dataset_s3_bucket_producer', 'dataset_s3_bucket_consumer', 'dataset_alias_example_alias_consumer', 'dataset_alias_example_alias_producer' retrieved from /home/airflow/.local/lib/python3.12/site-packages/airflow/example_dags/example_dataset_alias.py
[2024-11-26T18:07:38.734+0000] {logging_mixin.py:190} INFO - [2024-11-26T18:07:38.733+0000] {dag.py:3239} INFO - Sync 4 DAGs
[2024-11-26T18:07:38.750+0000] {logging_mixin.py:190} INFO - [2024-11-26T18:07:38.750+0000] {dag.py:4180} INFO - Setting next_dagrun for dataset_alias_example_alias_consumer to None, run_after=None
[2024-11-26T18:07:38.753+0000] {logging_mixin.py:190} INFO - [2024-11-26T18:07:38.753+0000] {dag.py:4180} INFO - Setting next_dagrun for dataset_alias_example_alias_producer to None, run_after=None
[2024-11-26T18:07:38.754+0000] {logging_mixin.py:190} INFO - [2024-11-26T18:07:38.754+0000] {dag.py:4180} INFO - Setting next_dagrun for dataset_s3_bucket_consumer to None, run_after=None
[2024-11-26T18:07:38.756+0000] {logging_mixin.py:190} INFO - [2024-11-26T18:07:38.755+0000] {dag.py:4180} INFO - Setting next_dagrun for dataset_s3_bucket_producer to None, run_after=None
[2024-11-26T18:07:38.772+0000] {processor.py:208} INFO - Processing /home/airflow/.local/lib/python3.12/site-packages/airflow/example_dags/example_dataset_alias.py took 0.513 seconds
[2024-11-26T18:08:09.211+0000] {processor.py:186} INFO - Started process (PID=344) to work on /home/airflow/.local/lib/python3.12/site-packages/airflow/example_dags/example_dataset_alias.py
[2024-11-26T18:08:09.212+0000] {processor.py:914} INFO - Processing file /home/airflow/.local/lib/python3.12/site-packages/airflow/example_dags/example_dataset_alias.py for tasks to queue
[2024-11-26T18:08:09.214+0000] {logging_mixin.py:190} INFO - [2024-11-26T18:08:09.214+0000] {dagbag.py:588} INFO - Filling up the DagBag from /home/airflow/.local/lib/python3.12/site-packages/airflow/example_dags/example_dataset_alias.py
[2024-11-26T18:08:09.705+0000] {processor.py:925} INFO - DAG(s) 'dataset_s3_bucket_consumer', 'dataset_alias_example_alias_consumer', 'dataset_s3_bucket_producer', 'dataset_alias_example_alias_producer' retrieved from /home/airflow/.local/lib/python3.12/site-packages/airflow/example_dags/example_dataset_alias.py
[2024-11-26T18:08:09.724+0000] {logging_mixin.py:190} INFO - [2024-11-26T18:08:09.723+0000] {dag.py:3239} INFO - Sync 4 DAGs
[2024-11-26T18:08:09.741+0000] {logging_mixin.py:190} INFO - [2024-11-26T18:08:09.741+0000] {dag.py:4180} INFO - Setting next_dagrun for dataset_alias_example_alias_consumer to None, run_after=None
[2024-11-26T18:08:09.743+0000] {logging_mixin.py:190} INFO - [2024-11-26T18:08:09.743+0000] {dag.py:4180} INFO - Setting next_dagrun for dataset_alias_example_alias_producer to None, run_after=None
[2024-11-26T18:08:09.745+0000] {logging_mixin.py:190} INFO - [2024-11-26T18:08:09.745+0000] {dag.py:4180} INFO - Setting next_dagrun for dataset_s3_bucket_consumer to None, run_after=None
[2024-11-26T18:08:09.746+0000] {logging_mixin.py:190} INFO - [2024-11-26T18:08:09.746+0000] {dag.py:4180} INFO - Setting next_dagrun for dataset_s3_bucket_producer to None, run_after=None
[2024-11-26T18:08:09.764+0000] {processor.py:208} INFO - Processing /home/airflow/.local/lib/python3.12/site-packages/airflow/example_dags/example_dataset_alias.py took 0.557 seconds
[2024-11-26T18:08:39.816+0000] {processor.py:186} INFO - Started process (PID=414) to work on /home/airflow/.local/lib/python3.12/site-packages/airflow/example_dags/example_dataset_alias.py
[2024-11-26T18:08:39.816+0000] {processor.py:914} INFO - Processing file /home/airflow/.local/lib/python3.12/site-packages/airflow/example_dags/example_dataset_alias.py for tasks to queue
[2024-11-26T18:08:39.818+0000] {logging_mixin.py:190} INFO - [2024-11-26T18:08:39.818+0000] {dagbag.py:588} INFO - Filling up the DagBag from /home/airflow/.local/lib/python3.12/site-packages/airflow/example_dags/example_dataset_alias.py
[2024-11-26T18:08:40.279+0000] {processor.py:925} INFO - DAG(s) 'dataset_alias_example_alias_consumer', 'dataset_s3_bucket_consumer', 'dataset_alias_example_alias_producer', 'dataset_s3_bucket_producer' retrieved from /home/airflow/.local/lib/python3.12/site-packages/airflow/example_dags/example_dataset_alias.py
[2024-11-26T18:08:40.295+0000] {logging_mixin.py:190} INFO - [2024-11-26T18:08:40.295+0000] {dag.py:3239} INFO - Sync 4 DAGs
[2024-11-26T18:08:40.313+0000] {logging_mixin.py:190} INFO - [2024-11-26T18:08:40.313+0000] {dag.py:4180} INFO - Setting next_dagrun for dataset_alias_example_alias_consumer to None, run_after=None
[2024-11-26T18:08:40.315+0000] {logging_mixin.py:190} INFO - [2024-11-26T18:08:40.315+0000] {dag.py:4180} INFO - Setting next_dagrun for dataset_alias_example_alias_producer to None, run_after=None
[2024-11-26T18:08:40.316+0000] {logging_mixin.py:190} INFO - [2024-11-26T18:08:40.316+0000] {dag.py:4180} INFO - Setting next_dagrun for dataset_s3_bucket_consumer to None, run_after=None
[2024-11-26T18:08:40.317+0000] {logging_mixin.py:190} INFO - [2024-11-26T18:08:40.317+0000] {dag.py:4180} INFO - Setting next_dagrun for dataset_s3_bucket_producer to None, run_after=None
[2024-11-26T18:08:40.334+0000] {processor.py:208} INFO - Processing /home/airflow/.local/lib/python3.12/site-packages/airflow/example_dags/example_dataset_alias.py took 0.522 seconds
[2024-11-26T18:09:10.693+0000] {processor.py:186} INFO - Started process (PID=479) to work on /home/airflow/.local/lib/python3.12/site-packages/airflow/example_dags/example_dataset_alias.py
[2024-11-26T18:09:10.694+0000] {processor.py:914} INFO - Processing file /home/airflow/.local/lib/python3.12/site-packages/airflow/example_dags/example_dataset_alias.py for tasks to queue
[2024-11-26T18:09:10.696+0000] {logging_mixin.py:190} INFO - [2024-11-26T18:09:10.695+0000] {dagbag.py:588} INFO - Filling up the DagBag from /home/airflow/.local/lib/python3.12/site-packages/airflow/example_dags/example_dataset_alias.py
[2024-11-26T18:09:11.184+0000] {processor.py:925} INFO - DAG(s) 'dataset_s3_bucket_consumer', 'dataset_alias_example_alias_consumer', 'dataset_s3_bucket_producer', 'dataset_alias_example_alias_producer' retrieved from /home/airflow/.local/lib/python3.12/site-packages/airflow/example_dags/example_dataset_alias.py
[2024-11-26T18:09:11.204+0000] {logging_mixin.py:190} INFO - [2024-11-26T18:09:11.204+0000] {dag.py:3239} INFO - Sync 4 DAGs
[2024-11-26T18:09:11.225+0000] {logging_mixin.py:190} INFO - [2024-11-26T18:09:11.225+0000] {dag.py:4180} INFO - Setting next_dagrun for dataset_alias_example_alias_consumer to None, run_after=None
[2024-11-26T18:09:11.228+0000] {logging_mixin.py:190} INFO - [2024-11-26T18:09:11.228+0000] {dag.py:4180} INFO - Setting next_dagrun for dataset_alias_example_alias_producer to None, run_after=None
[2024-11-26T18:09:11.229+0000] {logging_mixin.py:190} INFO - [2024-11-26T18:09:11.229+0000] {dag.py:4180} INFO - Setting next_dagrun for dataset_s3_bucket_consumer to None, run_after=None
[2024-11-26T18:09:11.230+0000] {logging_mixin.py:190} INFO - [2024-11-26T18:09:11.230+0000] {dag.py:4180} INFO - Setting next_dagrun for dataset_s3_bucket_producer to None, run_after=None
[2024-11-26T18:09:11.249+0000] {processor.py:208} INFO - Processing /home/airflow/.local/lib/python3.12/site-packages/airflow/example_dags/example_dataset_alias.py took 0.562 seconds
[2024-11-26T18:09:41.448+0000] {processor.py:186} INFO - Started process (PID=540) to work on /home/airflow/.local/lib/python3.12/site-packages/airflow/example_dags/example_dataset_alias.py
[2024-11-26T18:09:41.449+0000] {processor.py:914} INFO - Processing file /home/airflow/.local/lib/python3.12/site-packages/airflow/example_dags/example_dataset_alias.py for tasks to queue
[2024-11-26T18:09:41.452+0000] {logging_mixin.py:190} INFO - [2024-11-26T18:09:41.451+0000] {dagbag.py:588} INFO - Filling up the DagBag from /home/airflow/.local/lib/python3.12/site-packages/airflow/example_dags/example_dataset_alias.py
[2024-11-26T18:09:42.029+0000] {processor.py:925} INFO - DAG(s) 'dataset_s3_bucket_consumer', 'dataset_alias_example_alias_consumer', 'dataset_alias_example_alias_producer', 'dataset_s3_bucket_producer' retrieved from /home/airflow/.local/lib/python3.12/site-packages/airflow/example_dags/example_dataset_alias.py
[2024-11-26T18:09:42.048+0000] {logging_mixin.py:190} INFO - [2024-11-26T18:09:42.047+0000] {dag.py:3239} INFO - Sync 4 DAGs
[2024-11-26T18:09:42.069+0000] {logging_mixin.py:190} INFO - [2024-11-26T18:09:42.069+0000] {dag.py:4180} INFO - Setting next_dagrun for dataset_alias_example_alias_consumer to None, run_after=None
[2024-11-26T18:09:42.072+0000] {logging_mixin.py:190} INFO - [2024-11-26T18:09:42.072+0000] {dag.py:4180} INFO - Setting next_dagrun for dataset_alias_example_alias_producer to None, run_after=None
[2024-11-26T18:09:42.074+0000] {logging_mixin.py:190} INFO - [2024-11-26T18:09:42.074+0000] {dag.py:4180} INFO - Setting next_dagrun for dataset_s3_bucket_consumer to None, run_after=None
[2024-11-26T18:09:42.075+0000] {logging_mixin.py:190} INFO - [2024-11-26T18:09:42.075+0000] {dag.py:4180} INFO - Setting next_dagrun for dataset_s3_bucket_producer to None, run_after=None
[2024-11-26T18:09:42.095+0000] {processor.py:208} INFO - Processing /home/airflow/.local/lib/python3.12/site-packages/airflow/example_dags/example_dataset_alias.py took 0.652 seconds
[2024-11-26T18:10:12.427+0000] {processor.py:186} INFO - Started process (PID=609) to work on /home/airflow/.local/lib/python3.12/site-packages/airflow/example_dags/example_dataset_alias.py
[2024-11-26T18:10:12.428+0000] {processor.py:914} INFO - Processing file /home/airflow/.local/lib/python3.12/site-packages/airflow/example_dags/example_dataset_alias.py for tasks to queue
[2024-11-26T18:10:12.428+0000] {logging_mixin.py:190} INFO - [2024-11-26T18:10:12.428+0000] {dagbag.py:588} INFO - Filling up the DagBag from /home/airflow/.local/lib/python3.12/site-packages/airflow/example_dags/example_dataset_alias.py
[2024-11-26T18:10:12.908+0000] {processor.py:925} INFO - DAG(s) 'dataset_s3_bucket_producer', 'dataset_s3_bucket_consumer', 'dataset_alias_example_alias_producer', 'dataset_alias_example_alias_consumer' retrieved from /home/airflow/.local/lib/python3.12/site-packages/airflow/example_dags/example_dataset_alias.py
[2024-11-26T18:10:12.925+0000] {logging_mixin.py:190} INFO - [2024-11-26T18:10:12.925+0000] {dag.py:3239} INFO - Sync 4 DAGs
[2024-11-26T18:10:12.944+0000] {logging_mixin.py:190} INFO - [2024-11-26T18:10:12.944+0000] {dag.py:4180} INFO - Setting next_dagrun for dataset_alias_example_alias_consumer to None, run_after=None
[2024-11-26T18:10:12.947+0000] {logging_mixin.py:190} INFO - [2024-11-26T18:10:12.947+0000] {dag.py:4180} INFO - Setting next_dagrun for dataset_alias_example_alias_producer to None, run_after=None
[2024-11-26T18:10:12.948+0000] {logging_mixin.py:190} INFO - [2024-11-26T18:10:12.948+0000] {dag.py:4180} INFO - Setting next_dagrun for dataset_s3_bucket_consumer to None, run_after=None
[2024-11-26T18:10:12.950+0000] {logging_mixin.py:190} INFO - [2024-11-26T18:10:12.949+0000] {dag.py:4180} INFO - Setting next_dagrun for dataset_s3_bucket_producer to None, run_after=None
[2024-11-26T18:10:12.968+0000] {processor.py:208} INFO - Processing /home/airflow/.local/lib/python3.12/site-packages/airflow/example_dags/example_dataset_alias.py took 0.545 seconds
[2024-11-26T18:10:43.054+0000] {processor.py:186} INFO - Started process (PID=675) to work on /home/airflow/.local/lib/python3.12/site-packages/airflow/example_dags/example_dataset_alias.py
[2024-11-26T18:10:43.054+0000] {processor.py:914} INFO - Processing file /home/airflow/.local/lib/python3.12/site-packages/airflow/example_dags/example_dataset_alias.py for tasks to queue
[2024-11-26T18:10:43.055+0000] {logging_mixin.py:190} INFO - [2024-11-26T18:10:43.055+0000] {dagbag.py:588} INFO - Filling up the DagBag from /home/airflow/.local/lib/python3.12/site-packages/airflow/example_dags/example_dataset_alias.py
[2024-11-26T18:10:43.494+0000] {processor.py:925} INFO - DAG(s) 'dataset_alias_example_alias_producer', 'dataset_s3_bucket_consumer', 'dataset_s3_bucket_producer', 'dataset_alias_example_alias_consumer' retrieved from /home/airflow/.local/lib/python3.12/site-packages/airflow/example_dags/example_dataset_alias.py
[2024-11-26T18:10:43.509+0000] {logging_mixin.py:190} INFO - [2024-11-26T18:10:43.509+0000] {dag.py:3239} INFO - Sync 4 DAGs
[2024-11-26T18:10:43.527+0000] {logging_mixin.py:190} INFO - [2024-11-26T18:10:43.526+0000] {dag.py:4180} INFO - Setting next_dagrun for dataset_alias_example_alias_consumer to None, run_after=None
[2024-11-26T18:10:43.529+0000] {logging_mixin.py:190} INFO - [2024-11-26T18:10:43.528+0000] {dag.py:4180} INFO - Setting next_dagrun for dataset_alias_example_alias_producer to None, run_after=None
[2024-11-26T18:10:43.530+0000] {logging_mixin.py:190} INFO - [2024-11-26T18:10:43.530+0000] {dag.py:4180} INFO - Setting next_dagrun for dataset_s3_bucket_consumer to None, run_after=None
[2024-11-26T18:10:43.531+0000] {logging_mixin.py:190} INFO - [2024-11-26T18:10:43.531+0000] {dag.py:4180} INFO - Setting next_dagrun for dataset_s3_bucket_producer to None, run_after=None
[2024-11-26T18:10:43.546+0000] {processor.py:208} INFO - Processing /home/airflow/.local/lib/python3.12/site-packages/airflow/example_dags/example_dataset_alias.py took 0.496 seconds
[2024-11-26T18:11:13.595+0000] {processor.py:186} INFO - Started process (PID=740) to work on /home/airflow/.local/lib/python3.12/site-packages/airflow/example_dags/example_dataset_alias.py
[2024-11-26T18:11:13.596+0000] {processor.py:914} INFO - Processing file /home/airflow/.local/lib/python3.12/site-packages/airflow/example_dags/example_dataset_alias.py for tasks to queue
[2024-11-26T18:11:13.597+0000] {logging_mixin.py:190} INFO - [2024-11-26T18:11:13.596+0000] {dagbag.py:588} INFO - Filling up the DagBag from /home/airflow/.local/lib/python3.12/site-packages/airflow/example_dags/example_dataset_alias.py
[2024-11-26T18:11:14.064+0000] {processor.py:925} INFO - DAG(s) 'dataset_s3_bucket_producer', 'dataset_s3_bucket_consumer', 'dataset_alias_example_alias_producer', 'dataset_alias_example_alias_consumer' retrieved from /home/airflow/.local/lib/python3.12/site-packages/airflow/example_dags/example_dataset_alias.py
[2024-11-26T18:11:14.082+0000] {logging_mixin.py:190} INFO - [2024-11-26T18:11:14.081+0000] {dag.py:3239} INFO - Sync 4 DAGs
[2024-11-26T18:11:14.101+0000] {logging_mixin.py:190} INFO - [2024-11-26T18:11:14.101+0000] {dag.py:4180} INFO - Setting next_dagrun for dataset_alias_example_alias_consumer to None, run_after=None
[2024-11-26T18:11:14.104+0000] {logging_mixin.py:190} INFO - [2024-11-26T18:11:14.104+0000] {dag.py:4180} INFO - Setting next_dagrun for dataset_alias_example_alias_producer to None, run_after=None
[2024-11-26T18:11:14.105+0000] {logging_mixin.py:190} INFO - [2024-11-26T18:11:14.105+0000] {dag.py:4180} INFO - Setting next_dagrun for dataset_s3_bucket_consumer to None, run_after=None
[2024-11-26T18:11:14.106+0000] {logging_mixin.py:190} INFO - [2024-11-26T18:11:14.106+0000] {dag.py:4180} INFO - Setting next_dagrun for dataset_s3_bucket_producer to None, run_after=None
[2024-11-26T18:11:14.125+0000] {processor.py:208} INFO - Processing /home/airflow/.local/lib/python3.12/site-packages/airflow/example_dags/example_dataset_alias.py took 0.535 seconds
[2024-11-26T18:12:30.951+0000] {processor.py:186} INFO - Started process (PID=70) to work on /home/airflow/.local/lib/python3.12/site-packages/airflow/example_dags/example_dataset_alias.py
[2024-11-26T18:12:30.951+0000] {processor.py:914} INFO - Processing file /home/airflow/.local/lib/python3.12/site-packages/airflow/example_dags/example_dataset_alias.py for tasks to queue
[2024-11-26T18:12:30.954+0000] {logging_mixin.py:190} INFO - [2024-11-26T18:12:30.953+0000] {dagbag.py:588} INFO - Filling up the DagBag from /home/airflow/.local/lib/python3.12/site-packages/airflow/example_dags/example_dataset_alias.py
[2024-11-26T18:12:31.554+0000] {processor.py:925} INFO - DAG(s) 'dataset_s3_bucket_consumer', 'dataset_alias_example_alias_producer', 'dataset_alias_example_alias_consumer', 'dataset_s3_bucket_producer' retrieved from /home/airflow/.local/lib/python3.12/site-packages/airflow/example_dags/example_dataset_alias.py
[2024-11-26T18:12:31.584+0000] {logging_mixin.py:190} INFO - [2024-11-26T18:12:31.583+0000] {dag.py:3239} INFO - Sync 4 DAGs
[2024-11-26T18:12:31.607+0000] {logging_mixin.py:190} INFO - [2024-11-26T18:12:31.607+0000] {dag.py:4180} INFO - Setting next_dagrun for dataset_alias_example_alias_consumer to None, run_after=None
[2024-11-26T18:12:31.610+0000] {logging_mixin.py:190} INFO - [2024-11-26T18:12:31.610+0000] {dag.py:4180} INFO - Setting next_dagrun for dataset_alias_example_alias_producer to None, run_after=None
[2024-11-26T18:12:31.612+0000] {logging_mixin.py:190} INFO - [2024-11-26T18:12:31.611+0000] {dag.py:4180} INFO - Setting next_dagrun for dataset_s3_bucket_consumer to None, run_after=None
[2024-11-26T18:12:31.613+0000] {logging_mixin.py:190} INFO - [2024-11-26T18:12:31.613+0000] {dag.py:4180} INFO - Setting next_dagrun for dataset_s3_bucket_producer to None, run_after=None
[2024-11-26T18:12:31.638+0000] {processor.py:208} INFO - Processing /home/airflow/.local/lib/python3.12/site-packages/airflow/example_dags/example_dataset_alias.py took 0.693 seconds
[2024-11-26T18:13:01.719+0000] {processor.py:186} INFO - Started process (PID=138) to work on /home/airflow/.local/lib/python3.12/site-packages/airflow/example_dags/example_dataset_alias.py
[2024-11-26T18:13:01.720+0000] {processor.py:914} INFO - Processing file /home/airflow/.local/lib/python3.12/site-packages/airflow/example_dags/example_dataset_alias.py for tasks to queue
[2024-11-26T18:13:01.721+0000] {logging_mixin.py:190} INFO - [2024-11-26T18:13:01.721+0000] {dagbag.py:588} INFO - Filling up the DagBag from /home/airflow/.local/lib/python3.12/site-packages/airflow/example_dags/example_dataset_alias.py
[2024-11-26T18:13:02.248+0000] {processor.py:925} INFO - DAG(s) 'dataset_alias_example_alias_producer', 'dataset_s3_bucket_consumer', 'dataset_alias_example_alias_consumer', 'dataset_s3_bucket_producer' retrieved from /home/airflow/.local/lib/python3.12/site-packages/airflow/example_dags/example_dataset_alias.py
[2024-11-26T18:13:02.266+0000] {logging_mixin.py:190} INFO - [2024-11-26T18:13:02.266+0000] {dag.py:3239} INFO - Sync 4 DAGs
[2024-11-26T18:13:02.286+0000] {logging_mixin.py:190} INFO - [2024-11-26T18:13:02.286+0000] {dag.py:4180} INFO - Setting next_dagrun for dataset_alias_example_alias_consumer to None, run_after=None
[2024-11-26T18:13:02.288+0000] {logging_mixin.py:190} INFO - [2024-11-26T18:13:02.288+0000] {dag.py:4180} INFO - Setting next_dagrun for dataset_alias_example_alias_producer to None, run_after=None
[2024-11-26T18:13:02.290+0000] {logging_mixin.py:190} INFO - [2024-11-26T18:13:02.290+0000] {dag.py:4180} INFO - Setting next_dagrun for dataset_s3_bucket_consumer to None, run_after=None
[2024-11-26T18:13:02.291+0000] {logging_mixin.py:190} INFO - [2024-11-26T18:13:02.291+0000] {dag.py:4180} INFO - Setting next_dagrun for dataset_s3_bucket_producer to None, run_after=None
[2024-11-26T18:13:02.311+0000] {processor.py:208} INFO - Processing /home/airflow/.local/lib/python3.12/site-packages/airflow/example_dags/example_dataset_alias.py took 0.595 seconds
[2024-11-26T18:13:32.682+0000] {processor.py:186} INFO - Started process (PID=211) to work on /home/airflow/.local/lib/python3.12/site-packages/airflow/example_dags/example_dataset_alias.py
[2024-11-26T18:13:32.683+0000] {processor.py:914} INFO - Processing file /home/airflow/.local/lib/python3.12/site-packages/airflow/example_dags/example_dataset_alias.py for tasks to queue
[2024-11-26T18:13:32.684+0000] {logging_mixin.py:190} INFO - [2024-11-26T18:13:32.684+0000] {dagbag.py:588} INFO - Filling up the DagBag from /home/airflow/.local/lib/python3.12/site-packages/airflow/example_dags/example_dataset_alias.py
[2024-11-26T18:13:33.149+0000] {processor.py:925} INFO - DAG(s) 'dataset_alias_example_alias_consumer', 'dataset_alias_example_alias_producer', 'dataset_s3_bucket_producer', 'dataset_s3_bucket_consumer' retrieved from /home/airflow/.local/lib/python3.12/site-packages/airflow/example_dags/example_dataset_alias.py
[2024-11-26T18:13:33.167+0000] {logging_mixin.py:190} INFO - [2024-11-26T18:13:33.167+0000] {dag.py:3239} INFO - Sync 4 DAGs
[2024-11-26T18:13:33.186+0000] {logging_mixin.py:190} INFO - [2024-11-26T18:13:33.186+0000] {dag.py:4180} INFO - Setting next_dagrun for dataset_alias_example_alias_consumer to None, run_after=None
[2024-11-26T18:13:33.188+0000] {logging_mixin.py:190} INFO - [2024-11-26T18:13:33.188+0000] {dag.py:4180} INFO - Setting next_dagrun for dataset_alias_example_alias_producer to None, run_after=None
[2024-11-26T18:13:33.189+0000] {logging_mixin.py:190} INFO - [2024-11-26T18:13:33.189+0000] {dag.py:4180} INFO - Setting next_dagrun for dataset_s3_bucket_consumer to None, run_after=None
[2024-11-26T18:13:33.190+0000] {logging_mixin.py:190} INFO - [2024-11-26T18:13:33.190+0000] {dag.py:4180} INFO - Setting next_dagrun for dataset_s3_bucket_producer to None, run_after=None
[2024-11-26T18:13:33.207+0000] {processor.py:208} INFO - Processing /home/airflow/.local/lib/python3.12/site-packages/airflow/example_dags/example_dataset_alias.py took 0.529 seconds
[2024-11-26T18:14:03.666+0000] {processor.py:186} INFO - Started process (PID=278) to work on /home/airflow/.local/lib/python3.12/site-packages/airflow/example_dags/example_dataset_alias.py
[2024-11-26T18:14:03.667+0000] {processor.py:914} INFO - Processing file /home/airflow/.local/lib/python3.12/site-packages/airflow/example_dags/example_dataset_alias.py for tasks to queue
[2024-11-26T18:14:03.669+0000] {logging_mixin.py:190} INFO - [2024-11-26T18:14:03.668+0000] {dagbag.py:588} INFO - Filling up the DagBag from /home/airflow/.local/lib/python3.12/site-packages/airflow/example_dags/example_dataset_alias.py
[2024-11-26T18:14:04.134+0000] {processor.py:925} INFO - DAG(s) 'dataset_alias_example_alias_producer', 'dataset_alias_example_alias_consumer', 'dataset_s3_bucket_consumer', 'dataset_s3_bucket_producer' retrieved from /home/airflow/.local/lib/python3.12/site-packages/airflow/example_dags/example_dataset_alias.py
[2024-11-26T18:14:04.151+0000] {logging_mixin.py:190} INFO - [2024-11-26T18:14:04.151+0000] {dag.py:3239} INFO - Sync 4 DAGs
[2024-11-26T18:14:04.169+0000] {logging_mixin.py:190} INFO - [2024-11-26T18:14:04.169+0000] {dag.py:4180} INFO - Setting next_dagrun for dataset_alias_example_alias_consumer to None, run_after=None
[2024-11-26T18:14:04.171+0000] {logging_mixin.py:190} INFO - [2024-11-26T18:14:04.171+0000] {dag.py:4180} INFO - Setting next_dagrun for dataset_alias_example_alias_producer to None, run_after=None
[2024-11-26T18:14:04.172+0000] {logging_mixin.py:190} INFO - [2024-11-26T18:14:04.172+0000] {dag.py:4180} INFO - Setting next_dagrun for dataset_s3_bucket_consumer to None, run_after=None
[2024-11-26T18:14:04.173+0000] {logging_mixin.py:190} INFO - [2024-11-26T18:14:04.173+0000] {dag.py:4180} INFO - Setting next_dagrun for dataset_s3_bucket_producer to None, run_after=None
[2024-11-26T18:14:04.191+0000] {processor.py:208} INFO - Processing /home/airflow/.local/lib/python3.12/site-packages/airflow/example_dags/example_dataset_alias.py took 0.528 seconds
[2024-11-26T18:14:34.319+0000] {processor.py:186} INFO - Started process (PID=342) to work on /home/airflow/.local/lib/python3.12/site-packages/airflow/example_dags/example_dataset_alias.py
[2024-11-26T18:14:34.319+0000] {processor.py:914} INFO - Processing file /home/airflow/.local/lib/python3.12/site-packages/airflow/example_dags/example_dataset_alias.py for tasks to queue
[2024-11-26T18:14:34.321+0000] {logging_mixin.py:190} INFO - [2024-11-26T18:14:34.321+0000] {dagbag.py:588} INFO - Filling up the DagBag from /home/airflow/.local/lib/python3.12/site-packages/airflow/example_dags/example_dataset_alias.py
[2024-11-26T18:14:34.772+0000] {processor.py:925} INFO - DAG(s) 'dataset_alias_example_alias_producer', 'dataset_s3_bucket_producer', 'dataset_s3_bucket_consumer', 'dataset_alias_example_alias_consumer' retrieved from /home/airflow/.local/lib/python3.12/site-packages/airflow/example_dags/example_dataset_alias.py
[2024-11-26T18:14:34.789+0000] {logging_mixin.py:190} INFO - [2024-11-26T18:14:34.789+0000] {dag.py:3239} INFO - Sync 4 DAGs
[2024-11-26T18:14:34.806+0000] {logging_mixin.py:190} INFO - [2024-11-26T18:14:34.806+0000] {dag.py:4180} INFO - Setting next_dagrun for dataset_alias_example_alias_consumer to None, run_after=None
[2024-11-26T18:14:34.808+0000] {logging_mixin.py:190} INFO - [2024-11-26T18:14:34.808+0000] {dag.py:4180} INFO - Setting next_dagrun for dataset_alias_example_alias_producer to None, run_after=None
[2024-11-26T18:14:34.809+0000] {logging_mixin.py:190} INFO - [2024-11-26T18:14:34.809+0000] {dag.py:4180} INFO - Setting next_dagrun for dataset_s3_bucket_consumer to None, run_after=None
[2024-11-26T18:14:34.811+0000] {logging_mixin.py:190} INFO - [2024-11-26T18:14:34.810+0000] {dag.py:4180} INFO - Setting next_dagrun for dataset_s3_bucket_producer to None, run_after=None
[2024-11-26T18:14:34.826+0000] {processor.py:208} INFO - Processing /home/airflow/.local/lib/python3.12/site-packages/airflow/example_dags/example_dataset_alias.py took 0.511 seconds
[2024-11-26T18:15:05.804+0000] {processor.py:186} INFO - Started process (PID=406) to work on /home/airflow/.local/lib/python3.12/site-packages/airflow/example_dags/example_dataset_alias.py
[2024-11-26T18:15:05.805+0000] {processor.py:914} INFO - Processing file /home/airflow/.local/lib/python3.12/site-packages/airflow/example_dags/example_dataset_alias.py for tasks to queue
[2024-11-26T18:15:05.806+0000] {logging_mixin.py:190} INFO - [2024-11-26T18:15:05.806+0000] {dagbag.py:588} INFO - Filling up the DagBag from /home/airflow/.local/lib/python3.12/site-packages/airflow/example_dags/example_dataset_alias.py
[2024-11-26T18:15:06.302+0000] {processor.py:925} INFO - DAG(s) 'dataset_alias_example_alias_consumer', 'dataset_s3_bucket_producer', 'dataset_alias_example_alias_producer', 'dataset_s3_bucket_consumer' retrieved from /home/airflow/.local/lib/python3.12/site-packages/airflow/example_dags/example_dataset_alias.py
[2024-11-26T18:15:06.321+0000] {logging_mixin.py:190} INFO - [2024-11-26T18:15:06.321+0000] {dag.py:3239} INFO - Sync 4 DAGs
[2024-11-26T18:15:06.340+0000] {logging_mixin.py:190} INFO - [2024-11-26T18:15:06.340+0000] {dag.py:4180} INFO - Setting next_dagrun for dataset_alias_example_alias_consumer to None, run_after=None
[2024-11-26T18:15:06.342+0000] {logging_mixin.py:190} INFO - [2024-11-26T18:15:06.342+0000] {dag.py:4180} INFO - Setting next_dagrun for dataset_alias_example_alias_producer to None, run_after=None
[2024-11-26T18:15:06.343+0000] {logging_mixin.py:190} INFO - [2024-11-26T18:15:06.343+0000] {dag.py:4180} INFO - Setting next_dagrun for dataset_s3_bucket_consumer to None, run_after=None
[2024-11-26T18:15:06.345+0000] {logging_mixin.py:190} INFO - [2024-11-26T18:15:06.344+0000] {dag.py:4180} INFO - Setting next_dagrun for dataset_s3_bucket_producer to None, run_after=None
[2024-11-26T18:15:06.363+0000] {processor.py:208} INFO - Processing /home/airflow/.local/lib/python3.12/site-packages/airflow/example_dags/example_dataset_alias.py took 0.563 seconds
[2024-11-26T18:15:36.639+0000] {processor.py:186} INFO - Started process (PID=470) to work on /home/airflow/.local/lib/python3.12/site-packages/airflow/example_dags/example_dataset_alias.py
[2024-11-26T18:15:36.640+0000] {processor.py:914} INFO - Processing file /home/airflow/.local/lib/python3.12/site-packages/airflow/example_dags/example_dataset_alias.py for tasks to queue
[2024-11-26T18:15:36.642+0000] {logging_mixin.py:190} INFO - [2024-11-26T18:15:36.641+0000] {dagbag.py:588} INFO - Filling up the DagBag from /home/airflow/.local/lib/python3.12/site-packages/airflow/example_dags/example_dataset_alias.py
[2024-11-26T18:15:37.122+0000] {processor.py:925} INFO - DAG(s) 'dataset_s3_bucket_producer', 'dataset_s3_bucket_consumer', 'dataset_alias_example_alias_consumer', 'dataset_alias_example_alias_producer' retrieved from /home/airflow/.local/lib/python3.12/site-packages/airflow/example_dags/example_dataset_alias.py
[2024-11-26T18:15:37.141+0000] {logging_mixin.py:190} INFO - [2024-11-26T18:15:37.141+0000] {dag.py:3239} INFO - Sync 4 DAGs
[2024-11-26T18:15:37.159+0000] {logging_mixin.py:190} INFO - [2024-11-26T18:15:37.159+0000] {dag.py:4180} INFO - Setting next_dagrun for dataset_alias_example_alias_consumer to None, run_after=None
[2024-11-26T18:15:37.162+0000] {logging_mixin.py:190} INFO - [2024-11-26T18:15:37.161+0000] {dag.py:4180} INFO - Setting next_dagrun for dataset_alias_example_alias_producer to None, run_after=None
[2024-11-26T18:15:37.163+0000] {logging_mixin.py:190} INFO - [2024-11-26T18:15:37.163+0000] {dag.py:4180} INFO - Setting next_dagrun for dataset_s3_bucket_consumer to None, run_after=None
[2024-11-26T18:15:37.164+0000] {logging_mixin.py:190} INFO - [2024-11-26T18:15:37.164+0000] {dag.py:4180} INFO - Setting next_dagrun for dataset_s3_bucket_producer to None, run_after=None
[2024-11-26T18:15:37.182+0000] {processor.py:208} INFO - Processing /home/airflow/.local/lib/python3.12/site-packages/airflow/example_dags/example_dataset_alias.py took 0.548 seconds
[2024-11-26T18:16:07.416+0000] {processor.py:186} INFO - Started process (PID=534) to work on /home/airflow/.local/lib/python3.12/site-packages/airflow/example_dags/example_dataset_alias.py
[2024-11-26T18:16:07.416+0000] {processor.py:914} INFO - Processing file /home/airflow/.local/lib/python3.12/site-packages/airflow/example_dags/example_dataset_alias.py for tasks to queue
[2024-11-26T18:16:07.418+0000] {logging_mixin.py:190} INFO - [2024-11-26T18:16:07.418+0000] {dagbag.py:588} INFO - Filling up the DagBag from /home/airflow/.local/lib/python3.12/site-packages/airflow/example_dags/example_dataset_alias.py
[2024-11-26T18:16:07.917+0000] {processor.py:925} INFO - DAG(s) 'dataset_alias_example_alias_producer', 'dataset_s3_bucket_producer', 'dataset_alias_example_alias_consumer', 'dataset_s3_bucket_consumer' retrieved from /home/airflow/.local/lib/python3.12/site-packages/airflow/example_dags/example_dataset_alias.py
[2024-11-26T18:16:07.934+0000] {logging_mixin.py:190} INFO - [2024-11-26T18:16:07.934+0000] {dag.py:3239} INFO - Sync 4 DAGs
[2024-11-26T18:16:07.954+0000] {logging_mixin.py:190} INFO - [2024-11-26T18:16:07.954+0000] {dag.py:4180} INFO - Setting next_dagrun for dataset_alias_example_alias_consumer to None, run_after=None
[2024-11-26T18:16:07.957+0000] {logging_mixin.py:190} INFO - [2024-11-26T18:16:07.957+0000] {dag.py:4180} INFO - Setting next_dagrun for dataset_alias_example_alias_producer to None, run_after=None
[2024-11-26T18:16:07.958+0000] {logging_mixin.py:190} INFO - [2024-11-26T18:16:07.958+0000] {dag.py:4180} INFO - Setting next_dagrun for dataset_s3_bucket_consumer to None, run_after=None
[2024-11-26T18:16:07.959+0000] {logging_mixin.py:190} INFO - [2024-11-26T18:16:07.959+0000] {dag.py:4180} INFO - Setting next_dagrun for dataset_s3_bucket_producer to None, run_after=None
[2024-11-26T18:16:07.977+0000] {processor.py:208} INFO - Processing /home/airflow/.local/lib/python3.12/site-packages/airflow/example_dags/example_dataset_alias.py took 0.565 seconds
[2024-11-26T18:16:38.250+0000] {processor.py:186} INFO - Started process (PID=604) to work on /home/airflow/.local/lib/python3.12/site-packages/airflow/example_dags/example_dataset_alias.py
[2024-11-26T18:16:38.251+0000] {processor.py:914} INFO - Processing file /home/airflow/.local/lib/python3.12/site-packages/airflow/example_dags/example_dataset_alias.py for tasks to queue
[2024-11-26T18:16:38.253+0000] {logging_mixin.py:190} INFO - [2024-11-26T18:16:38.252+0000] {dagbag.py:588} INFO - Filling up the DagBag from /home/airflow/.local/lib/python3.12/site-packages/airflow/example_dags/example_dataset_alias.py
[2024-11-26T18:16:38.712+0000] {processor.py:925} INFO - DAG(s) 'dataset_s3_bucket_producer', 'dataset_s3_bucket_consumer', 'dataset_alias_example_alias_consumer', 'dataset_alias_example_alias_producer' retrieved from /home/airflow/.local/lib/python3.12/site-packages/airflow/example_dags/example_dataset_alias.py
[2024-11-26T18:16:38.727+0000] {logging_mixin.py:190} INFO - [2024-11-26T18:16:38.727+0000] {dag.py:3239} INFO - Sync 4 DAGs
[2024-11-26T18:16:38.745+0000] {logging_mixin.py:190} INFO - [2024-11-26T18:16:38.745+0000] {dag.py:4180} INFO - Setting next_dagrun for dataset_alias_example_alias_consumer to None, run_after=None
[2024-11-26T18:16:38.748+0000] {logging_mixin.py:190} INFO - [2024-11-26T18:16:38.748+0000] {dag.py:4180} INFO - Setting next_dagrun for dataset_alias_example_alias_producer to None, run_after=None
[2024-11-26T18:16:38.749+0000] {logging_mixin.py:190} INFO - [2024-11-26T18:16:38.749+0000] {dag.py:4180} INFO - Setting next_dagrun for dataset_s3_bucket_consumer to None, run_after=None
[2024-11-26T18:16:38.750+0000] {logging_mixin.py:190} INFO - [2024-11-26T18:16:38.750+0000] {dag.py:4180} INFO - Setting next_dagrun for dataset_s3_bucket_producer to None, run_after=None
[2024-11-26T18:16:38.767+0000] {processor.py:208} INFO - Processing /home/airflow/.local/lib/python3.12/site-packages/airflow/example_dags/example_dataset_alias.py took 0.520 seconds
[2024-11-26T18:17:09.075+0000] {processor.py:186} INFO - Started process (PID=671) to work on /home/airflow/.local/lib/python3.12/site-packages/airflow/example_dags/example_dataset_alias.py
[2024-11-26T18:17:09.076+0000] {processor.py:914} INFO - Processing file /home/airflow/.local/lib/python3.12/site-packages/airflow/example_dags/example_dataset_alias.py for tasks to queue
[2024-11-26T18:17:09.077+0000] {logging_mixin.py:190} INFO - [2024-11-26T18:17:09.077+0000] {dagbag.py:588} INFO - Filling up the DagBag from /home/airflow/.local/lib/python3.12/site-packages/airflow/example_dags/example_dataset_alias.py
[2024-11-26T18:17:09.522+0000] {processor.py:925} INFO - DAG(s) 'dataset_alias_example_alias_consumer', 'dataset_alias_example_alias_producer', 'dataset_s3_bucket_consumer', 'dataset_s3_bucket_producer' retrieved from /home/airflow/.local/lib/python3.12/site-packages/airflow/example_dags/example_dataset_alias.py
[2024-11-26T18:17:09.538+0000] {logging_mixin.py:190} INFO - [2024-11-26T18:17:09.537+0000] {dag.py:3239} INFO - Sync 4 DAGs
[2024-11-26T18:17:09.554+0000] {logging_mixin.py:190} INFO - [2024-11-26T18:17:09.554+0000] {dag.py:4180} INFO - Setting next_dagrun for dataset_alias_example_alias_consumer to None, run_after=None
[2024-11-26T18:17:09.556+0000] {logging_mixin.py:190} INFO - [2024-11-26T18:17:09.556+0000] {dag.py:4180} INFO - Setting next_dagrun for dataset_alias_example_alias_producer to None, run_after=None
[2024-11-26T18:17:09.559+0000] {logging_mixin.py:190} INFO - [2024-11-26T18:17:09.559+0000] {dag.py:4180} INFO - Setting next_dagrun for dataset_s3_bucket_consumer to None, run_after=None
[2024-11-26T18:17:09.561+0000] {logging_mixin.py:190} INFO - [2024-11-26T18:17:09.560+0000] {dag.py:4180} INFO - Setting next_dagrun for dataset_s3_bucket_producer to None, run_after=None
[2024-11-26T18:17:09.577+0000] {processor.py:208} INFO - Processing /home/airflow/.local/lib/python3.12/site-packages/airflow/example_dags/example_dataset_alias.py took 0.506 seconds
[2024-11-26T18:17:40.207+0000] {processor.py:186} INFO - Started process (PID=735) to work on /home/airflow/.local/lib/python3.12/site-packages/airflow/example_dags/example_dataset_alias.py
[2024-11-26T18:17:40.208+0000] {processor.py:914} INFO - Processing file /home/airflow/.local/lib/python3.12/site-packages/airflow/example_dags/example_dataset_alias.py for tasks to queue
[2024-11-26T18:17:40.209+0000] {logging_mixin.py:190} INFO - [2024-11-26T18:17:40.209+0000] {dagbag.py:588} INFO - Filling up the DagBag from /home/airflow/.local/lib/python3.12/site-packages/airflow/example_dags/example_dataset_alias.py
[2024-11-26T18:17:40.675+0000] {processor.py:925} INFO - DAG(s) 'dataset_alias_example_alias_producer', 'dataset_s3_bucket_consumer', 'dataset_s3_bucket_producer', 'dataset_alias_example_alias_consumer' retrieved from /home/airflow/.local/lib/python3.12/site-packages/airflow/example_dags/example_dataset_alias.py
[2024-11-26T18:17:40.692+0000] {logging_mixin.py:190} INFO - [2024-11-26T18:17:40.691+0000] {dag.py:3239} INFO - Sync 4 DAGs
[2024-11-26T18:17:40.709+0000] {logging_mixin.py:190} INFO - [2024-11-26T18:17:40.708+0000] {dag.py:4180} INFO - Setting next_dagrun for dataset_alias_example_alias_consumer to None, run_after=None
[2024-11-26T18:17:40.711+0000] {logging_mixin.py:190} INFO - [2024-11-26T18:17:40.711+0000] {dag.py:4180} INFO - Setting next_dagrun for dataset_alias_example_alias_producer to None, run_after=None
[2024-11-26T18:17:40.712+0000] {logging_mixin.py:190} INFO - [2024-11-26T18:17:40.712+0000] {dag.py:4180} INFO - Setting next_dagrun for dataset_s3_bucket_consumer to None, run_after=None
[2024-11-26T18:17:40.713+0000] {logging_mixin.py:190} INFO - [2024-11-26T18:17:40.713+0000] {dag.py:4180} INFO - Setting next_dagrun for dataset_s3_bucket_producer to None, run_after=None
[2024-11-26T18:17:40.731+0000] {processor.py:208} INFO - Processing /home/airflow/.local/lib/python3.12/site-packages/airflow/example_dags/example_dataset_alias.py took 0.527 seconds
[2024-11-26T18:18:10.803+0000] {processor.py:186} INFO - Started process (PID=799) to work on /home/airflow/.local/lib/python3.12/site-packages/airflow/example_dags/example_dataset_alias.py
[2024-11-26T18:18:10.803+0000] {processor.py:914} INFO - Processing file /home/airflow/.local/lib/python3.12/site-packages/airflow/example_dags/example_dataset_alias.py for tasks to queue
[2024-11-26T18:18:10.805+0000] {logging_mixin.py:190} INFO - [2024-11-26T18:18:10.805+0000] {dagbag.py:588} INFO - Filling up the DagBag from /home/airflow/.local/lib/python3.12/site-packages/airflow/example_dags/example_dataset_alias.py
[2024-11-26T18:18:11.301+0000] {processor.py:925} INFO - DAG(s) 'dataset_alias_example_alias_producer', 'dataset_s3_bucket_producer', 'dataset_s3_bucket_consumer', 'dataset_alias_example_alias_consumer' retrieved from /home/airflow/.local/lib/python3.12/site-packages/airflow/example_dags/example_dataset_alias.py
[2024-11-26T18:18:11.325+0000] {logging_mixin.py:190} INFO - [2024-11-26T18:18:11.324+0000] {dag.py:3239} INFO - Sync 4 DAGs
[2024-11-26T18:18:11.347+0000] {logging_mixin.py:190} INFO - [2024-11-26T18:18:11.346+0000] {dag.py:4180} INFO - Setting next_dagrun for dataset_alias_example_alias_consumer to None, run_after=None
[2024-11-26T18:18:11.351+0000] {logging_mixin.py:190} INFO - [2024-11-26T18:18:11.350+0000] {dag.py:4180} INFO - Setting next_dagrun for dataset_alias_example_alias_producer to None, run_after=None
[2024-11-26T18:18:11.352+0000] {logging_mixin.py:190} INFO - [2024-11-26T18:18:11.352+0000] {dag.py:4180} INFO - Setting next_dagrun for dataset_s3_bucket_consumer to None, run_after=None
[2024-11-26T18:18:11.354+0000] {logging_mixin.py:190} INFO - [2024-11-26T18:18:11.353+0000] {dag.py:4180} INFO - Setting next_dagrun for dataset_s3_bucket_producer to None, run_after=None
[2024-11-26T18:18:11.370+0000] {processor.py:208} INFO - Processing /home/airflow/.local/lib/python3.12/site-packages/airflow/example_dags/example_dataset_alias.py took 0.571 seconds
[2024-11-26T18:44:10.500+0000] {processor.py:186} INFO - Started process (PID=87) to work on /home/airflow/.local/lib/python3.12/site-packages/airflow/example_dags/example_dataset_alias.py
[2024-11-26T18:44:10.501+0000] {processor.py:914} INFO - Processing file /home/airflow/.local/lib/python3.12/site-packages/airflow/example_dags/example_dataset_alias.py for tasks to queue
[2024-11-26T18:44:10.503+0000] {logging_mixin.py:190} INFO - [2024-11-26T18:44:10.503+0000] {dagbag.py:588} INFO - Filling up the DagBag from /home/airflow/.local/lib/python3.12/site-packages/airflow/example_dags/example_dataset_alias.py
[2024-11-26T18:44:11.082+0000] {processor.py:925} INFO - DAG(s) 'dataset_s3_bucket_producer', 'dataset_alias_example_alias_producer', 'dataset_s3_bucket_consumer', 'dataset_alias_example_alias_consumer' retrieved from /home/airflow/.local/lib/python3.12/site-packages/airflow/example_dags/example_dataset_alias.py
[2024-11-26T18:44:11.103+0000] {logging_mixin.py:190} INFO - [2024-11-26T18:44:11.102+0000] {dag.py:3239} INFO - Sync 4 DAGs
[2024-11-26T18:44:11.122+0000] {logging_mixin.py:190} INFO - [2024-11-26T18:44:11.122+0000] {dag.py:4180} INFO - Setting next_dagrun for dataset_alias_example_alias_consumer to None, run_after=None
[2024-11-26T18:44:11.125+0000] {logging_mixin.py:190} INFO - [2024-11-26T18:44:11.125+0000] {dag.py:4180} INFO - Setting next_dagrun for dataset_alias_example_alias_producer to None, run_after=None
[2024-11-26T18:44:11.126+0000] {logging_mixin.py:190} INFO - [2024-11-26T18:44:11.126+0000] {dag.py:4180} INFO - Setting next_dagrun for dataset_s3_bucket_consumer to None, run_after=None
[2024-11-26T18:44:11.127+0000] {logging_mixin.py:190} INFO - [2024-11-26T18:44:11.127+0000] {dag.py:4180} INFO - Setting next_dagrun for dataset_s3_bucket_producer to None, run_after=None
[2024-11-26T18:44:11.145+0000] {processor.py:208} INFO - Processing /home/airflow/.local/lib/python3.12/site-packages/airflow/example_dags/example_dataset_alias.py took 0.648 seconds
[2024-11-26T18:44:41.226+0000] {processor.py:186} INFO - Started process (PID=169) to work on /home/airflow/.local/lib/python3.12/site-packages/airflow/example_dags/example_dataset_alias.py
[2024-11-26T18:44:41.227+0000] {processor.py:914} INFO - Processing file /home/airflow/.local/lib/python3.12/site-packages/airflow/example_dags/example_dataset_alias.py for tasks to queue
[2024-11-26T18:44:41.228+0000] {logging_mixin.py:190} INFO - [2024-11-26T18:44:41.228+0000] {dagbag.py:588} INFO - Filling up the DagBag from /home/airflow/.local/lib/python3.12/site-packages/airflow/example_dags/example_dataset_alias.py
[2024-11-26T18:44:41.695+0000] {processor.py:925} INFO - DAG(s) 'dataset_s3_bucket_producer', 'dataset_s3_bucket_consumer', 'dataset_alias_example_alias_producer', 'dataset_alias_example_alias_consumer' retrieved from /home/airflow/.local/lib/python3.12/site-packages/airflow/example_dags/example_dataset_alias.py
[2024-11-26T18:44:41.713+0000] {logging_mixin.py:190} INFO - [2024-11-26T18:44:41.712+0000] {dag.py:3239} INFO - Sync 4 DAGs
[2024-11-26T18:44:41.731+0000] {logging_mixin.py:190} INFO - [2024-11-26T18:44:41.731+0000] {dag.py:4180} INFO - Setting next_dagrun for dataset_alias_example_alias_consumer to None, run_after=None
[2024-11-26T18:44:41.734+0000] {logging_mixin.py:190} INFO - [2024-11-26T18:44:41.733+0000] {dag.py:4180} INFO - Setting next_dagrun for dataset_alias_example_alias_producer to None, run_after=None
[2024-11-26T18:44:41.735+0000] {logging_mixin.py:190} INFO - [2024-11-26T18:44:41.735+0000] {dag.py:4180} INFO - Setting next_dagrun for dataset_s3_bucket_consumer to None, run_after=None
[2024-11-26T18:44:41.736+0000] {logging_mixin.py:190} INFO - [2024-11-26T18:44:41.736+0000] {dag.py:4180} INFO - Setting next_dagrun for dataset_s3_bucket_producer to None, run_after=None
[2024-11-26T18:44:41.754+0000] {processor.py:208} INFO - Processing /home/airflow/.local/lib/python3.12/site-packages/airflow/example_dags/example_dataset_alias.py took 0.532 seconds
[2024-11-26T18:45:12.381+0000] {processor.py:186} INFO - Started process (PID=243) to work on /home/airflow/.local/lib/python3.12/site-packages/airflow/example_dags/example_dataset_alias.py
[2024-11-26T18:45:12.381+0000] {processor.py:914} INFO - Processing file /home/airflow/.local/lib/python3.12/site-packages/airflow/example_dags/example_dataset_alias.py for tasks to queue
[2024-11-26T18:45:12.383+0000] {logging_mixin.py:190} INFO - [2024-11-26T18:45:12.383+0000] {dagbag.py:588} INFO - Filling up the DagBag from /home/airflow/.local/lib/python3.12/site-packages/airflow/example_dags/example_dataset_alias.py
[2024-11-26T18:45:12.837+0000] {processor.py:925} INFO - DAG(s) 'dataset_alias_example_alias_producer', 'dataset_alias_example_alias_consumer', 'dataset_s3_bucket_consumer', 'dataset_s3_bucket_producer' retrieved from /home/airflow/.local/lib/python3.12/site-packages/airflow/example_dags/example_dataset_alias.py
[2024-11-26T18:45:12.853+0000] {logging_mixin.py:190} INFO - [2024-11-26T18:45:12.853+0000] {dag.py:3239} INFO - Sync 4 DAGs
[2024-11-26T18:45:12.874+0000] {logging_mixin.py:190} INFO - [2024-11-26T18:45:12.874+0000] {dag.py:4180} INFO - Setting next_dagrun for dataset_alias_example_alias_consumer to None, run_after=None
[2024-11-26T18:45:12.876+0000] {logging_mixin.py:190} INFO - [2024-11-26T18:45:12.876+0000] {dag.py:4180} INFO - Setting next_dagrun for dataset_alias_example_alias_producer to None, run_after=None
[2024-11-26T18:45:12.877+0000] {logging_mixin.py:190} INFO - [2024-11-26T18:45:12.877+0000] {dag.py:4180} INFO - Setting next_dagrun for dataset_s3_bucket_consumer to None, run_after=None
[2024-11-26T18:45:12.878+0000] {logging_mixin.py:190} INFO - [2024-11-26T18:45:12.878+0000] {dag.py:4180} INFO - Setting next_dagrun for dataset_s3_bucket_producer to None, run_after=None
[2024-11-26T18:45:12.895+0000] {processor.py:208} INFO - Processing /home/airflow/.local/lib/python3.12/site-packages/airflow/example_dags/example_dataset_alias.py took 0.519 seconds
[2024-11-26T18:45:44.503+0000] {processor.py:186} INFO - Started process (PID=321) to work on /home/airflow/.local/lib/python3.12/site-packages/airflow/example_dags/example_dataset_alias.py
[2024-11-26T18:45:44.504+0000] {processor.py:914} INFO - Processing file /home/airflow/.local/lib/python3.12/site-packages/airflow/example_dags/example_dataset_alias.py for tasks to queue
[2024-11-26T18:45:44.507+0000] {logging_mixin.py:190} INFO - [2024-11-26T18:45:44.506+0000] {dagbag.py:588} INFO - Filling up the DagBag from /home/airflow/.local/lib/python3.12/site-packages/airflow/example_dags/example_dataset_alias.py
[2024-11-26T18:45:45.053+0000] {processor.py:925} INFO - DAG(s) 'dataset_s3_bucket_consumer', 'dataset_s3_bucket_producer', 'dataset_alias_example_alias_producer', 'dataset_alias_example_alias_consumer' retrieved from /home/airflow/.local/lib/python3.12/site-packages/airflow/example_dags/example_dataset_alias.py
[2024-11-26T18:45:45.071+0000] {logging_mixin.py:190} INFO - [2024-11-26T18:45:45.070+0000] {dag.py:3239} INFO - Sync 4 DAGs
[2024-11-26T18:45:45.090+0000] {logging_mixin.py:190} INFO - [2024-11-26T18:45:45.090+0000] {dag.py:4180} INFO - Setting next_dagrun for dataset_alias_example_alias_consumer to None, run_after=None
[2024-11-26T18:45:45.092+0000] {logging_mixin.py:190} INFO - [2024-11-26T18:45:45.092+0000] {dag.py:4180} INFO - Setting next_dagrun for dataset_alias_example_alias_producer to None, run_after=None
[2024-11-26T18:45:45.093+0000] {logging_mixin.py:190} INFO - [2024-11-26T18:45:45.093+0000] {dag.py:4180} INFO - Setting next_dagrun for dataset_s3_bucket_consumer to None, run_after=None
[2024-11-26T18:45:45.094+0000] {logging_mixin.py:190} INFO - [2024-11-26T18:45:45.094+0000] {dag.py:4180} INFO - Setting next_dagrun for dataset_s3_bucket_producer to None, run_after=None
[2024-11-26T18:45:45.112+0000] {processor.py:208} INFO - Processing /home/airflow/.local/lib/python3.12/site-packages/airflow/example_dags/example_dataset_alias.py took 0.613 seconds
[2024-11-26T18:46:15.499+0000] {processor.py:186} INFO - Started process (PID=400) to work on /home/airflow/.local/lib/python3.12/site-packages/airflow/example_dags/example_dataset_alias.py
[2024-11-26T18:46:15.500+0000] {processor.py:914} INFO - Processing file /home/airflow/.local/lib/python3.12/site-packages/airflow/example_dags/example_dataset_alias.py for tasks to queue
[2024-11-26T18:46:15.502+0000] {logging_mixin.py:190} INFO - [2024-11-26T18:46:15.501+0000] {dagbag.py:588} INFO - Filling up the DagBag from /home/airflow/.local/lib/python3.12/site-packages/airflow/example_dags/example_dataset_alias.py
[2024-11-26T18:46:16.011+0000] {processor.py:925} INFO - DAG(s) 'dataset_alias_example_alias_producer', 'dataset_s3_bucket_consumer', 'dataset_s3_bucket_producer', 'dataset_alias_example_alias_consumer' retrieved from /home/airflow/.local/lib/python3.12/site-packages/airflow/example_dags/example_dataset_alias.py
[2024-11-26T18:46:16.027+0000] {logging_mixin.py:190} INFO - [2024-11-26T18:46:16.027+0000] {dag.py:3239} INFO - Sync 4 DAGs
[2024-11-26T18:46:16.045+0000] {logging_mixin.py:190} INFO - [2024-11-26T18:46:16.045+0000] {dag.py:4180} INFO - Setting next_dagrun for dataset_alias_example_alias_consumer to None, run_after=None
[2024-11-26T18:46:16.047+0000] {logging_mixin.py:190} INFO - [2024-11-26T18:46:16.047+0000] {dag.py:4180} INFO - Setting next_dagrun for dataset_alias_example_alias_producer to None, run_after=None
[2024-11-26T18:46:16.049+0000] {logging_mixin.py:190} INFO - [2024-11-26T18:46:16.048+0000] {dag.py:4180} INFO - Setting next_dagrun for dataset_s3_bucket_consumer to None, run_after=None
[2024-11-26T18:46:16.050+0000] {logging_mixin.py:190} INFO - [2024-11-26T18:46:16.050+0000] {dag.py:4180} INFO - Setting next_dagrun for dataset_s3_bucket_producer to None, run_after=None
[2024-11-26T18:46:16.067+0000] {processor.py:208} INFO - Processing /home/airflow/.local/lib/python3.12/site-packages/airflow/example_dags/example_dataset_alias.py took 0.572 seconds
