[2024-11-26T17:53:55.147+0000] {processor.py:186} INFO - Started process (PID=72) to work on /home/airflow/.local/lib/python3.12/site-packages/airflow/example_dags/example_dag_decorator.py
[2024-11-26T17:53:55.148+0000] {processor.py:914} INFO - Processing file /home/airflow/.local/lib/python3.12/site-packages/airflow/example_dags/example_dag_decorator.py for tasks to queue
[2024-11-26T17:53:55.150+0000] {logging_mixin.py:190} INFO - [2024-11-26T17:53:55.150+0000] {dagbag.py:588} INFO - Filling up the DagBag from /home/airflow/.local/lib/python3.12/site-packages/airflow/example_dags/example_dag_decorator.py
[2024-11-26T17:53:55.164+0000] {processor.py:925} INFO - DAG(s) 'example_dag_decorator' retrieved from /home/airflow/.local/lib/python3.12/site-packages/airflow/example_dags/example_dag_decorator.py
[2024-11-26T17:53:55.266+0000] {logging_mixin.py:190} INFO - [2024-11-26T17:53:55.265+0000] {override.py:1911} INFO - Created Permission View: can read on DAG:example_dag_decorator
[2024-11-26T17:53:55.275+0000] {logging_mixin.py:190} INFO - [2024-11-26T17:53:55.275+0000] {override.py:1911} INFO - Created Permission View: can delete on DAG:example_dag_decorator
[2024-11-26T17:53:55.282+0000] {logging_mixin.py:190} INFO - [2024-11-26T17:53:55.281+0000] {override.py:1911} INFO - Created Permission View: can edit on DAG:example_dag_decorator
[2024-11-26T17:53:55.290+0000] {logging_mixin.py:190} INFO - [2024-11-26T17:53:55.289+0000] {override.py:1911} INFO - Created Permission View: can create on DAG Run:example_dag_decorator
[2024-11-26T17:53:55.296+0000] {logging_mixin.py:190} INFO - [2024-11-26T17:53:55.296+0000] {override.py:1911} INFO - Created Permission View: can read on DAG Run:example_dag_decorator
[2024-11-26T17:53:55.302+0000] {logging_mixin.py:190} INFO - [2024-11-26T17:53:55.302+0000] {override.py:1911} INFO - Created Permission View: can delete on DAG Run:example_dag_decorator
[2024-11-26T17:53:55.309+0000] {logging_mixin.py:190} INFO - [2024-11-26T17:53:55.309+0000] {override.py:1911} INFO - Created Permission View: menu access on DAG Run:example_dag_decorator
[2024-11-26T17:53:55.310+0000] {logging_mixin.py:190} INFO - [2024-11-26T17:53:55.310+0000] {dag.py:3239} INFO - Sync 1 DAGs
[2024-11-26T17:53:55.322+0000] {logging_mixin.py:190} INFO - [2024-11-26T17:53:55.321+0000] {dag.py:3262} INFO - Creating ORM DAG for example_dag_decorator
[2024-11-26T17:53:55.323+0000] {logging_mixin.py:190} INFO - [2024-11-26T17:53:55.323+0000] {dag.py:4180} INFO - Setting next_dagrun for example_dag_decorator to None, run_after=None
[2024-11-26T17:53:55.336+0000] {processor.py:208} INFO - Processing /home/airflow/.local/lib/python3.12/site-packages/airflow/example_dags/example_dag_decorator.py took 0.193 seconds
[2024-11-26T17:54:26.224+0000] {processor.py:186} INFO - Started process (PID=135) to work on /home/airflow/.local/lib/python3.12/site-packages/airflow/example_dags/example_dag_decorator.py
[2024-11-26T17:54:26.225+0000] {processor.py:914} INFO - Processing file /home/airflow/.local/lib/python3.12/site-packages/airflow/example_dags/example_dag_decorator.py for tasks to queue
[2024-11-26T17:54:26.226+0000] {logging_mixin.py:190} INFO - [2024-11-26T17:54:26.226+0000] {dagbag.py:588} INFO - Filling up the DagBag from /home/airflow/.local/lib/python3.12/site-packages/airflow/example_dags/example_dag_decorator.py
[2024-11-26T17:54:26.234+0000] {processor.py:925} INFO - DAG(s) 'example_dag_decorator' retrieved from /home/airflow/.local/lib/python3.12/site-packages/airflow/example_dags/example_dag_decorator.py
[2024-11-26T17:54:26.323+0000] {logging_mixin.py:190} INFO - [2024-11-26T17:54:26.323+0000] {dag.py:3239} INFO - Sync 1 DAGs
[2024-11-26T17:54:26.332+0000] {logging_mixin.py:190} INFO - [2024-11-26T17:54:26.332+0000] {dag.py:4180} INFO - Setting next_dagrun for example_dag_decorator to None, run_after=None
[2024-11-26T17:54:26.352+0000] {processor.py:208} INFO - Processing /home/airflow/.local/lib/python3.12/site-packages/airflow/example_dags/example_dag_decorator.py took 0.132 seconds
[2024-11-26T17:54:56.403+0000] {processor.py:186} INFO - Started process (PID=197) to work on /home/airflow/.local/lib/python3.12/site-packages/airflow/example_dags/example_dag_decorator.py
[2024-11-26T17:54:56.404+0000] {processor.py:914} INFO - Processing file /home/airflow/.local/lib/python3.12/site-packages/airflow/example_dags/example_dag_decorator.py for tasks to queue
[2024-11-26T17:54:56.406+0000] {logging_mixin.py:190} INFO - [2024-11-26T17:54:56.406+0000] {dagbag.py:588} INFO - Filling up the DagBag from /home/airflow/.local/lib/python3.12/site-packages/airflow/example_dags/example_dag_decorator.py
[2024-11-26T17:54:56.420+0000] {processor.py:925} INFO - DAG(s) 'example_dag_decorator' retrieved from /home/airflow/.local/lib/python3.12/site-packages/airflow/example_dags/example_dag_decorator.py
[2024-11-26T17:54:56.529+0000] {logging_mixin.py:190} INFO - [2024-11-26T17:54:56.528+0000] {dag.py:3239} INFO - Sync 1 DAGs
[2024-11-26T17:54:56.538+0000] {logging_mixin.py:190} INFO - [2024-11-26T17:54:56.538+0000] {dag.py:4180} INFO - Setting next_dagrun for example_dag_decorator to None, run_after=None
[2024-11-26T17:54:56.553+0000] {processor.py:208} INFO - Processing /home/airflow/.local/lib/python3.12/site-packages/airflow/example_dags/example_dag_decorator.py took 0.154 seconds
[2024-11-26T17:55:26.782+0000] {processor.py:186} INFO - Started process (PID=266) to work on /home/airflow/.local/lib/python3.12/site-packages/airflow/example_dags/example_dag_decorator.py
[2024-11-26T17:55:26.782+0000] {processor.py:914} INFO - Processing file /home/airflow/.local/lib/python3.12/site-packages/airflow/example_dags/example_dag_decorator.py for tasks to queue
[2024-11-26T17:55:26.784+0000] {logging_mixin.py:190} INFO - [2024-11-26T17:55:26.784+0000] {dagbag.py:588} INFO - Filling up the DagBag from /home/airflow/.local/lib/python3.12/site-packages/airflow/example_dags/example_dag_decorator.py
[2024-11-26T17:55:26.793+0000] {processor.py:925} INFO - DAG(s) 'example_dag_decorator' retrieved from /home/airflow/.local/lib/python3.12/site-packages/airflow/example_dags/example_dag_decorator.py
[2024-11-26T17:55:26.881+0000] {logging_mixin.py:190} INFO - [2024-11-26T17:55:26.881+0000] {dag.py:3239} INFO - Sync 1 DAGs
[2024-11-26T17:55:26.891+0000] {logging_mixin.py:190} INFO - [2024-11-26T17:55:26.891+0000] {dag.py:4180} INFO - Setting next_dagrun for example_dag_decorator to None, run_after=None
[2024-11-26T17:55:26.906+0000] {processor.py:208} INFO - Processing /home/airflow/.local/lib/python3.12/site-packages/airflow/example_dags/example_dag_decorator.py took 0.129 seconds
[2024-11-26T17:55:57.307+0000] {processor.py:186} INFO - Started process (PID=329) to work on /home/airflow/.local/lib/python3.12/site-packages/airflow/example_dags/example_dag_decorator.py
[2024-11-26T17:55:57.308+0000] {processor.py:914} INFO - Processing file /home/airflow/.local/lib/python3.12/site-packages/airflow/example_dags/example_dag_decorator.py for tasks to queue
[2024-11-26T17:55:57.309+0000] {logging_mixin.py:190} INFO - [2024-11-26T17:55:57.309+0000] {dagbag.py:588} INFO - Filling up the DagBag from /home/airflow/.local/lib/python3.12/site-packages/airflow/example_dags/example_dag_decorator.py
[2024-11-26T17:55:57.317+0000] {processor.py:925} INFO - DAG(s) 'example_dag_decorator' retrieved from /home/airflow/.local/lib/python3.12/site-packages/airflow/example_dags/example_dag_decorator.py
[2024-11-26T17:55:57.418+0000] {logging_mixin.py:190} INFO - [2024-11-26T17:55:57.417+0000] {dag.py:3239} INFO - Sync 1 DAGs
[2024-11-26T17:55:57.427+0000] {logging_mixin.py:190} INFO - [2024-11-26T17:55:57.427+0000] {dag.py:4180} INFO - Setting next_dagrun for example_dag_decorator to None, run_after=None
[2024-11-26T17:55:57.444+0000] {processor.py:208} INFO - Processing /home/airflow/.local/lib/python3.12/site-packages/airflow/example_dags/example_dag_decorator.py took 0.141 seconds
[2024-11-26T17:56:28.121+0000] {processor.py:186} INFO - Started process (PID=392) to work on /home/airflow/.local/lib/python3.12/site-packages/airflow/example_dags/example_dag_decorator.py
[2024-11-26T17:56:28.122+0000] {processor.py:914} INFO - Processing file /home/airflow/.local/lib/python3.12/site-packages/airflow/example_dags/example_dag_decorator.py for tasks to queue
[2024-11-26T17:56:28.124+0000] {logging_mixin.py:190} INFO - [2024-11-26T17:56:28.124+0000] {dagbag.py:588} INFO - Filling up the DagBag from /home/airflow/.local/lib/python3.12/site-packages/airflow/example_dags/example_dag_decorator.py
[2024-11-26T17:56:28.133+0000] {processor.py:925} INFO - DAG(s) 'example_dag_decorator' retrieved from /home/airflow/.local/lib/python3.12/site-packages/airflow/example_dags/example_dag_decorator.py
[2024-11-26T17:56:28.220+0000] {logging_mixin.py:190} INFO - [2024-11-26T17:56:28.220+0000] {dag.py:3239} INFO - Sync 1 DAGs
[2024-11-26T17:56:28.229+0000] {logging_mixin.py:190} INFO - [2024-11-26T17:56:28.229+0000] {dag.py:4180} INFO - Setting next_dagrun for example_dag_decorator to None, run_after=None
[2024-11-26T17:56:28.244+0000] {processor.py:208} INFO - Processing /home/airflow/.local/lib/python3.12/site-packages/airflow/example_dags/example_dag_decorator.py took 0.127 seconds
[2024-11-26T17:56:59.132+0000] {processor.py:186} INFO - Started process (PID=455) to work on /home/airflow/.local/lib/python3.12/site-packages/airflow/example_dags/example_dag_decorator.py
[2024-11-26T17:56:59.133+0000] {processor.py:914} INFO - Processing file /home/airflow/.local/lib/python3.12/site-packages/airflow/example_dags/example_dag_decorator.py for tasks to queue
[2024-11-26T17:56:59.134+0000] {logging_mixin.py:190} INFO - [2024-11-26T17:56:59.134+0000] {dagbag.py:588} INFO - Filling up the DagBag from /home/airflow/.local/lib/python3.12/site-packages/airflow/example_dags/example_dag_decorator.py
[2024-11-26T17:56:59.143+0000] {processor.py:925} INFO - DAG(s) 'example_dag_decorator' retrieved from /home/airflow/.local/lib/python3.12/site-packages/airflow/example_dags/example_dag_decorator.py
[2024-11-26T17:56:59.232+0000] {logging_mixin.py:190} INFO - [2024-11-26T17:56:59.231+0000] {dag.py:3239} INFO - Sync 1 DAGs
[2024-11-26T17:56:59.242+0000] {logging_mixin.py:190} INFO - [2024-11-26T17:56:59.242+0000] {dag.py:4180} INFO - Setting next_dagrun for example_dag_decorator to None, run_after=None
[2024-11-26T17:56:59.256+0000] {processor.py:208} INFO - Processing /home/airflow/.local/lib/python3.12/site-packages/airflow/example_dags/example_dag_decorator.py took 0.128 seconds
[2024-11-26T17:57:29.926+0000] {processor.py:186} INFO - Started process (PID=518) to work on /home/airflow/.local/lib/python3.12/site-packages/airflow/example_dags/example_dag_decorator.py
[2024-11-26T17:57:29.928+0000] {processor.py:914} INFO - Processing file /home/airflow/.local/lib/python3.12/site-packages/airflow/example_dags/example_dag_decorator.py for tasks to queue
[2024-11-26T17:57:29.931+0000] {logging_mixin.py:190} INFO - [2024-11-26T17:57:29.931+0000] {dagbag.py:588} INFO - Filling up the DagBag from /home/airflow/.local/lib/python3.12/site-packages/airflow/example_dags/example_dag_decorator.py
[2024-11-26T17:57:29.946+0000] {processor.py:925} INFO - DAG(s) 'example_dag_decorator' retrieved from /home/airflow/.local/lib/python3.12/site-packages/airflow/example_dags/example_dag_decorator.py
[2024-11-26T17:57:30.079+0000] {logging_mixin.py:190} INFO - [2024-11-26T17:57:30.079+0000] {dag.py:3239} INFO - Sync 1 DAGs
[2024-11-26T17:57:30.095+0000] {logging_mixin.py:190} INFO - [2024-11-26T17:57:30.095+0000] {dag.py:4180} INFO - Setting next_dagrun for example_dag_decorator to None, run_after=None
[2024-11-26T17:57:30.117+0000] {processor.py:208} INFO - Processing /home/airflow/.local/lib/python3.12/site-packages/airflow/example_dags/example_dag_decorator.py took 0.198 seconds
[2024-11-26T17:58:00.850+0000] {processor.py:186} INFO - Started process (PID=581) to work on /home/airflow/.local/lib/python3.12/site-packages/airflow/example_dags/example_dag_decorator.py
[2024-11-26T17:58:00.851+0000] {processor.py:914} INFO - Processing file /home/airflow/.local/lib/python3.12/site-packages/airflow/example_dags/example_dag_decorator.py for tasks to queue
[2024-11-26T17:58:00.852+0000] {logging_mixin.py:190} INFO - [2024-11-26T17:58:00.852+0000] {dagbag.py:588} INFO - Filling up the DagBag from /home/airflow/.local/lib/python3.12/site-packages/airflow/example_dags/example_dag_decorator.py
[2024-11-26T17:58:00.860+0000] {processor.py:925} INFO - DAG(s) 'example_dag_decorator' retrieved from /home/airflow/.local/lib/python3.12/site-packages/airflow/example_dags/example_dag_decorator.py
[2024-11-26T17:58:00.949+0000] {logging_mixin.py:190} INFO - [2024-11-26T17:58:00.949+0000] {dag.py:3239} INFO - Sync 1 DAGs
[2024-11-26T17:58:00.958+0000] {logging_mixin.py:190} INFO - [2024-11-26T17:58:00.958+0000] {dag.py:4180} INFO - Setting next_dagrun for example_dag_decorator to None, run_after=None
[2024-11-26T17:58:00.973+0000] {processor.py:208} INFO - Processing /home/airflow/.local/lib/python3.12/site-packages/airflow/example_dags/example_dag_decorator.py took 0.127 seconds
[2024-11-26T17:58:31.077+0000] {processor.py:186} INFO - Started process (PID=644) to work on /home/airflow/.local/lib/python3.12/site-packages/airflow/example_dags/example_dag_decorator.py
[2024-11-26T17:58:31.078+0000] {processor.py:914} INFO - Processing file /home/airflow/.local/lib/python3.12/site-packages/airflow/example_dags/example_dag_decorator.py for tasks to queue
[2024-11-26T17:58:31.080+0000] {logging_mixin.py:190} INFO - [2024-11-26T17:58:31.079+0000] {dagbag.py:588} INFO - Filling up the DagBag from /home/airflow/.local/lib/python3.12/site-packages/airflow/example_dags/example_dag_decorator.py
[2024-11-26T17:58:31.088+0000] {processor.py:925} INFO - DAG(s) 'example_dag_decorator' retrieved from /home/airflow/.local/lib/python3.12/site-packages/airflow/example_dags/example_dag_decorator.py
[2024-11-26T17:58:31.170+0000] {logging_mixin.py:190} INFO - [2024-11-26T17:58:31.170+0000] {dag.py:3239} INFO - Sync 1 DAGs
[2024-11-26T17:58:31.179+0000] {logging_mixin.py:190} INFO - [2024-11-26T17:58:31.179+0000] {dag.py:4180} INFO - Setting next_dagrun for example_dag_decorator to None, run_after=None
[2024-11-26T17:58:31.193+0000] {processor.py:208} INFO - Processing /home/airflow/.local/lib/python3.12/site-packages/airflow/example_dags/example_dag_decorator.py took 0.120 seconds
[2024-11-26T17:59:01.796+0000] {processor.py:186} INFO - Started process (PID=707) to work on /home/airflow/.local/lib/python3.12/site-packages/airflow/example_dags/example_dag_decorator.py
[2024-11-26T17:59:01.796+0000] {processor.py:914} INFO - Processing file /home/airflow/.local/lib/python3.12/site-packages/airflow/example_dags/example_dag_decorator.py for tasks to queue
[2024-11-26T17:59:01.798+0000] {logging_mixin.py:190} INFO - [2024-11-26T17:59:01.798+0000] {dagbag.py:588} INFO - Filling up the DagBag from /home/airflow/.local/lib/python3.12/site-packages/airflow/example_dags/example_dag_decorator.py
[2024-11-26T17:59:01.807+0000] {processor.py:925} INFO - DAG(s) 'example_dag_decorator' retrieved from /home/airflow/.local/lib/python3.12/site-packages/airflow/example_dags/example_dag_decorator.py
[2024-11-26T17:59:01.895+0000] {logging_mixin.py:190} INFO - [2024-11-26T17:59:01.895+0000] {dag.py:3239} INFO - Sync 1 DAGs
[2024-11-26T17:59:01.905+0000] {logging_mixin.py:190} INFO - [2024-11-26T17:59:01.904+0000] {dag.py:4180} INFO - Setting next_dagrun for example_dag_decorator to None, run_after=None
[2024-11-26T17:59:01.920+0000] {processor.py:208} INFO - Processing /home/airflow/.local/lib/python3.12/site-packages/airflow/example_dags/example_dag_decorator.py took 0.129 seconds
[2024-11-26T18:06:05.600+0000] {processor.py:186} INFO - Started process (PID=73) to work on /home/airflow/.local/lib/python3.12/site-packages/airflow/example_dags/example_dag_decorator.py
[2024-11-26T18:06:05.601+0000] {processor.py:914} INFO - Processing file /home/airflow/.local/lib/python3.12/site-packages/airflow/example_dags/example_dag_decorator.py for tasks to queue
[2024-11-26T18:06:05.603+0000] {logging_mixin.py:190} INFO - [2024-11-26T18:06:05.602+0000] {dagbag.py:588} INFO - Filling up the DagBag from /home/airflow/.local/lib/python3.12/site-packages/airflow/example_dags/example_dag_decorator.py
[2024-11-26T18:06:05.614+0000] {processor.py:925} INFO - DAG(s) 'example_dag_decorator' retrieved from /home/airflow/.local/lib/python3.12/site-packages/airflow/example_dags/example_dag_decorator.py
[2024-11-26T18:06:05.719+0000] {logging_mixin.py:190} INFO - [2024-11-26T18:06:05.719+0000] {dag.py:3239} INFO - Sync 1 DAGs
[2024-11-26T18:06:05.730+0000] {logging_mixin.py:190} INFO - [2024-11-26T18:06:05.730+0000] {dag.py:4180} INFO - Setting next_dagrun for example_dag_decorator to None, run_after=None
[2024-11-26T18:06:05.745+0000] {processor.py:208} INFO - Processing /home/airflow/.local/lib/python3.12/site-packages/airflow/example_dags/example_dag_decorator.py took 0.148 seconds
[2024-11-26T18:06:36.127+0000] {processor.py:186} INFO - Started process (PID=136) to work on /home/airflow/.local/lib/python3.12/site-packages/airflow/example_dags/example_dag_decorator.py
[2024-11-26T18:06:36.128+0000] {processor.py:914} INFO - Processing file /home/airflow/.local/lib/python3.12/site-packages/airflow/example_dags/example_dag_decorator.py for tasks to queue
[2024-11-26T18:06:36.130+0000] {logging_mixin.py:190} INFO - [2024-11-26T18:06:36.129+0000] {dagbag.py:588} INFO - Filling up the DagBag from /home/airflow/.local/lib/python3.12/site-packages/airflow/example_dags/example_dag_decorator.py
[2024-11-26T18:06:36.139+0000] {processor.py:925} INFO - DAG(s) 'example_dag_decorator' retrieved from /home/airflow/.local/lib/python3.12/site-packages/airflow/example_dags/example_dag_decorator.py
[2024-11-26T18:06:36.157+0000] {logging_mixin.py:190} INFO - [2024-11-26T18:06:36.157+0000] {dag.py:3239} INFO - Sync 1 DAGs
[2024-11-26T18:06:36.168+0000] {logging_mixin.py:190} INFO - [2024-11-26T18:06:36.168+0000] {dag.py:4180} INFO - Setting next_dagrun for example_dag_decorator to None, run_after=None
[2024-11-26T18:06:36.182+0000] {processor.py:208} INFO - Processing /home/airflow/.local/lib/python3.12/site-packages/airflow/example_dags/example_dag_decorator.py took 0.060 seconds
[2024-11-26T18:07:06.256+0000] {processor.py:186} INFO - Started process (PID=200) to work on /home/airflow/.local/lib/python3.12/site-packages/airflow/example_dags/example_dag_decorator.py
[2024-11-26T18:07:06.256+0000] {processor.py:914} INFO - Processing file /home/airflow/.local/lib/python3.12/site-packages/airflow/example_dags/example_dag_decorator.py for tasks to queue
[2024-11-26T18:07:06.258+0000] {logging_mixin.py:190} INFO - [2024-11-26T18:07:06.258+0000] {dagbag.py:588} INFO - Filling up the DagBag from /home/airflow/.local/lib/python3.12/site-packages/airflow/example_dags/example_dag_decorator.py
[2024-11-26T18:07:06.265+0000] {processor.py:925} INFO - DAG(s) 'example_dag_decorator' retrieved from /home/airflow/.local/lib/python3.12/site-packages/airflow/example_dags/example_dag_decorator.py
[2024-11-26T18:07:06.350+0000] {logging_mixin.py:190} INFO - [2024-11-26T18:07:06.349+0000] {dag.py:3239} INFO - Sync 1 DAGs
[2024-11-26T18:07:06.359+0000] {logging_mixin.py:190} INFO - [2024-11-26T18:07:06.359+0000] {dag.py:4180} INFO - Setting next_dagrun for example_dag_decorator to None, run_after=None
[2024-11-26T18:07:06.374+0000] {processor.py:208} INFO - Processing /home/airflow/.local/lib/python3.12/site-packages/airflow/example_dags/example_dag_decorator.py took 0.122 seconds
[2024-11-26T18:07:37.211+0000] {processor.py:186} INFO - Started process (PID=264) to work on /home/airflow/.local/lib/python3.12/site-packages/airflow/example_dags/example_dag_decorator.py
[2024-11-26T18:07:37.212+0000] {processor.py:914} INFO - Processing file /home/airflow/.local/lib/python3.12/site-packages/airflow/example_dags/example_dag_decorator.py for tasks to queue
[2024-11-26T18:07:37.213+0000] {logging_mixin.py:190} INFO - [2024-11-26T18:07:37.213+0000] {dagbag.py:588} INFO - Filling up the DagBag from /home/airflow/.local/lib/python3.12/site-packages/airflow/example_dags/example_dag_decorator.py
[2024-11-26T18:07:37.222+0000] {processor.py:925} INFO - DAG(s) 'example_dag_decorator' retrieved from /home/airflow/.local/lib/python3.12/site-packages/airflow/example_dags/example_dag_decorator.py
[2024-11-26T18:07:37.306+0000] {logging_mixin.py:190} INFO - [2024-11-26T18:07:37.306+0000] {dag.py:3239} INFO - Sync 1 DAGs
[2024-11-26T18:07:37.315+0000] {logging_mixin.py:190} INFO - [2024-11-26T18:07:37.315+0000] {dag.py:4180} INFO - Setting next_dagrun for example_dag_decorator to None, run_after=None
[2024-11-26T18:07:37.331+0000] {processor.py:208} INFO - Processing /home/airflow/.local/lib/python3.12/site-packages/airflow/example_dags/example_dag_decorator.py took 0.124 seconds
[2024-11-26T18:08:07.815+0000] {processor.py:186} INFO - Started process (PID=328) to work on /home/airflow/.local/lib/python3.12/site-packages/airflow/example_dags/example_dag_decorator.py
[2024-11-26T18:08:07.815+0000] {processor.py:914} INFO - Processing file /home/airflow/.local/lib/python3.12/site-packages/airflow/example_dags/example_dag_decorator.py for tasks to queue
[2024-11-26T18:08:07.817+0000] {logging_mixin.py:190} INFO - [2024-11-26T18:08:07.816+0000] {dagbag.py:588} INFO - Filling up the DagBag from /home/airflow/.local/lib/python3.12/site-packages/airflow/example_dags/example_dag_decorator.py
[2024-11-26T18:08:07.824+0000] {processor.py:925} INFO - DAG(s) 'example_dag_decorator' retrieved from /home/airflow/.local/lib/python3.12/site-packages/airflow/example_dags/example_dag_decorator.py
[2024-11-26T18:08:07.906+0000] {logging_mixin.py:190} INFO - [2024-11-26T18:08:07.906+0000] {dag.py:3239} INFO - Sync 1 DAGs
[2024-11-26T18:08:07.916+0000] {logging_mixin.py:190} INFO - [2024-11-26T18:08:07.915+0000] {dag.py:4180} INFO - Setting next_dagrun for example_dag_decorator to None, run_after=None
[2024-11-26T18:08:07.930+0000] {processor.py:208} INFO - Processing /home/airflow/.local/lib/python3.12/site-packages/airflow/example_dags/example_dag_decorator.py took 0.119 seconds
[2024-11-26T18:08:38.538+0000] {processor.py:186} INFO - Started process (PID=392) to work on /home/airflow/.local/lib/python3.12/site-packages/airflow/example_dags/example_dag_decorator.py
[2024-11-26T18:08:38.539+0000] {processor.py:914} INFO - Processing file /home/airflow/.local/lib/python3.12/site-packages/airflow/example_dags/example_dag_decorator.py for tasks to queue
[2024-11-26T18:08:38.540+0000] {logging_mixin.py:190} INFO - [2024-11-26T18:08:38.540+0000] {dagbag.py:588} INFO - Filling up the DagBag from /home/airflow/.local/lib/python3.12/site-packages/airflow/example_dags/example_dag_decorator.py
[2024-11-26T18:08:38.548+0000] {processor.py:925} INFO - DAG(s) 'example_dag_decorator' retrieved from /home/airflow/.local/lib/python3.12/site-packages/airflow/example_dags/example_dag_decorator.py
[2024-11-26T18:08:38.631+0000] {logging_mixin.py:190} INFO - [2024-11-26T18:08:38.631+0000] {dag.py:3239} INFO - Sync 1 DAGs
[2024-11-26T18:08:38.640+0000] {logging_mixin.py:190} INFO - [2024-11-26T18:08:38.640+0000] {dag.py:4180} INFO - Setting next_dagrun for example_dag_decorator to None, run_after=None
[2024-11-26T18:08:38.653+0000] {processor.py:208} INFO - Processing /home/airflow/.local/lib/python3.12/site-packages/airflow/example_dags/example_dag_decorator.py took 0.119 seconds
[2024-11-26T18:09:09.351+0000] {processor.py:186} INFO - Started process (PID=457) to work on /home/airflow/.local/lib/python3.12/site-packages/airflow/example_dags/example_dag_decorator.py
[2024-11-26T18:09:09.352+0000] {processor.py:914} INFO - Processing file /home/airflow/.local/lib/python3.12/site-packages/airflow/example_dags/example_dag_decorator.py for tasks to queue
[2024-11-26T18:09:09.355+0000] {logging_mixin.py:190} INFO - [2024-11-26T18:09:09.353+0000] {dagbag.py:588} INFO - Filling up the DagBag from /home/airflow/.local/lib/python3.12/site-packages/airflow/example_dags/example_dag_decorator.py
[2024-11-26T18:09:09.363+0000] {processor.py:925} INFO - DAG(s) 'example_dag_decorator' retrieved from /home/airflow/.local/lib/python3.12/site-packages/airflow/example_dags/example_dag_decorator.py
[2024-11-26T18:09:09.467+0000] {logging_mixin.py:190} INFO - [2024-11-26T18:09:09.467+0000] {dag.py:3239} INFO - Sync 1 DAGs
[2024-11-26T18:09:09.478+0000] {logging_mixin.py:190} INFO - [2024-11-26T18:09:09.477+0000] {dag.py:4180} INFO - Setting next_dagrun for example_dag_decorator to None, run_after=None
[2024-11-26T18:09:09.492+0000] {processor.py:208} INFO - Processing /home/airflow/.local/lib/python3.12/site-packages/airflow/example_dags/example_dag_decorator.py took 0.145 seconds
[2024-11-26T18:09:39.542+0000] {processor.py:186} INFO - Started process (PID=521) to work on /home/airflow/.local/lib/python3.12/site-packages/airflow/example_dags/example_dag_decorator.py
[2024-11-26T18:09:39.543+0000] {processor.py:914} INFO - Processing file /home/airflow/.local/lib/python3.12/site-packages/airflow/example_dags/example_dag_decorator.py for tasks to queue
[2024-11-26T18:09:39.544+0000] {logging_mixin.py:190} INFO - [2024-11-26T18:09:39.544+0000] {dagbag.py:588} INFO - Filling up the DagBag from /home/airflow/.local/lib/python3.12/site-packages/airflow/example_dags/example_dag_decorator.py
[2024-11-26T18:09:39.552+0000] {processor.py:925} INFO - DAG(s) 'example_dag_decorator' retrieved from /home/airflow/.local/lib/python3.12/site-packages/airflow/example_dags/example_dag_decorator.py
[2024-11-26T18:09:39.574+0000] {logging_mixin.py:190} INFO - [2024-11-26T18:09:39.574+0000] {dag.py:3239} INFO - Sync 1 DAGs
[2024-11-26T18:09:39.587+0000] {logging_mixin.py:190} INFO - [2024-11-26T18:09:39.586+0000] {dag.py:4180} INFO - Setting next_dagrun for example_dag_decorator to None, run_after=None
[2024-11-26T18:09:39.602+0000] {processor.py:208} INFO - Processing /home/airflow/.local/lib/python3.12/site-packages/airflow/example_dags/example_dag_decorator.py took 0.064 seconds
[2024-11-26T18:10:10.251+0000] {processor.py:186} INFO - Started process (PID=584) to work on /home/airflow/.local/lib/python3.12/site-packages/airflow/example_dags/example_dag_decorator.py
[2024-11-26T18:10:10.252+0000] {processor.py:914} INFO - Processing file /home/airflow/.local/lib/python3.12/site-packages/airflow/example_dags/example_dag_decorator.py for tasks to queue
[2024-11-26T18:10:10.253+0000] {logging_mixin.py:190} INFO - [2024-11-26T18:10:10.253+0000] {dagbag.py:588} INFO - Filling up the DagBag from /home/airflow/.local/lib/python3.12/site-packages/airflow/example_dags/example_dag_decorator.py
[2024-11-26T18:10:10.261+0000] {processor.py:925} INFO - DAG(s) 'example_dag_decorator' retrieved from /home/airflow/.local/lib/python3.12/site-packages/airflow/example_dags/example_dag_decorator.py
[2024-11-26T18:10:10.346+0000] {logging_mixin.py:190} INFO - [2024-11-26T18:10:10.346+0000] {dag.py:3239} INFO - Sync 1 DAGs
[2024-11-26T18:10:10.357+0000] {logging_mixin.py:190} INFO - [2024-11-26T18:10:10.357+0000] {dag.py:4180} INFO - Setting next_dagrun for example_dag_decorator to None, run_after=None
[2024-11-26T18:10:10.376+0000] {processor.py:208} INFO - Processing /home/airflow/.local/lib/python3.12/site-packages/airflow/example_dags/example_dag_decorator.py took 0.129 seconds
[2024-11-26T18:10:40.466+0000] {processor.py:186} INFO - Started process (PID=647) to work on /home/airflow/.local/lib/python3.12/site-packages/airflow/example_dags/example_dag_decorator.py
[2024-11-26T18:10:40.467+0000] {processor.py:914} INFO - Processing file /home/airflow/.local/lib/python3.12/site-packages/airflow/example_dags/example_dag_decorator.py for tasks to queue
[2024-11-26T18:10:40.468+0000] {logging_mixin.py:190} INFO - [2024-11-26T18:10:40.468+0000] {dagbag.py:588} INFO - Filling up the DagBag from /home/airflow/.local/lib/python3.12/site-packages/airflow/example_dags/example_dag_decorator.py
[2024-11-26T18:10:40.476+0000] {processor.py:925} INFO - DAG(s) 'example_dag_decorator' retrieved from /home/airflow/.local/lib/python3.12/site-packages/airflow/example_dags/example_dag_decorator.py
[2024-11-26T18:10:40.494+0000] {logging_mixin.py:190} INFO - [2024-11-26T18:10:40.494+0000] {dag.py:3239} INFO - Sync 1 DAGs
[2024-11-26T18:10:40.505+0000] {logging_mixin.py:190} INFO - [2024-11-26T18:10:40.504+0000] {dag.py:4180} INFO - Setting next_dagrun for example_dag_decorator to None, run_after=None
[2024-11-26T18:10:40.519+0000] {processor.py:208} INFO - Processing /home/airflow/.local/lib/python3.12/site-packages/airflow/example_dags/example_dag_decorator.py took 0.056 seconds
[2024-11-26T18:11:10.563+0000] {processor.py:186} INFO - Started process (PID=711) to work on /home/airflow/.local/lib/python3.12/site-packages/airflow/example_dags/example_dag_decorator.py
[2024-11-26T18:11:10.564+0000] {processor.py:914} INFO - Processing file /home/airflow/.local/lib/python3.12/site-packages/airflow/example_dags/example_dag_decorator.py for tasks to queue
[2024-11-26T18:11:10.565+0000] {logging_mixin.py:190} INFO - [2024-11-26T18:11:10.564+0000] {dagbag.py:588} INFO - Filling up the DagBag from /home/airflow/.local/lib/python3.12/site-packages/airflow/example_dags/example_dag_decorator.py
[2024-11-26T18:11:10.573+0000] {processor.py:925} INFO - DAG(s) 'example_dag_decorator' retrieved from /home/airflow/.local/lib/python3.12/site-packages/airflow/example_dags/example_dag_decorator.py
[2024-11-26T18:11:10.659+0000] {logging_mixin.py:190} INFO - [2024-11-26T18:11:10.658+0000] {dag.py:3239} INFO - Sync 1 DAGs
[2024-11-26T18:11:10.669+0000] {logging_mixin.py:190} INFO - [2024-11-26T18:11:10.669+0000] {dag.py:4180} INFO - Setting next_dagrun for example_dag_decorator to None, run_after=None
[2024-11-26T18:11:10.685+0000] {processor.py:208} INFO - Processing /home/airflow/.local/lib/python3.12/site-packages/airflow/example_dags/example_dag_decorator.py took 0.126 seconds
[2024-11-26T18:12:30.431+0000] {processor.py:186} INFO - Started process (PID=61) to work on /home/airflow/.local/lib/python3.12/site-packages/airflow/example_dags/example_dag_decorator.py
[2024-11-26T18:12:30.432+0000] {processor.py:914} INFO - Processing file /home/airflow/.local/lib/python3.12/site-packages/airflow/example_dags/example_dag_decorator.py for tasks to queue
[2024-11-26T18:12:30.434+0000] {logging_mixin.py:190} INFO - [2024-11-26T18:12:30.434+0000] {dagbag.py:588} INFO - Filling up the DagBag from /home/airflow/.local/lib/python3.12/site-packages/airflow/example_dags/example_dag_decorator.py
[2024-11-26T18:12:30.445+0000] {processor.py:925} INFO - DAG(s) 'example_dag_decorator' retrieved from /home/airflow/.local/lib/python3.12/site-packages/airflow/example_dags/example_dag_decorator.py
[2024-11-26T18:12:30.552+0000] {logging_mixin.py:190} INFO - [2024-11-26T18:12:30.552+0000] {dag.py:3239} INFO - Sync 1 DAGs
[2024-11-26T18:12:30.564+0000] {logging_mixin.py:190} INFO - [2024-11-26T18:12:30.564+0000] {dag.py:4180} INFO - Setting next_dagrun for example_dag_decorator to None, run_after=None
[2024-11-26T18:12:30.583+0000] {processor.py:208} INFO - Processing /home/airflow/.local/lib/python3.12/site-packages/airflow/example_dags/example_dag_decorator.py took 0.158 seconds
[2024-11-26T18:13:00.858+0000] {processor.py:186} INFO - Started process (PID=125) to work on /home/airflow/.local/lib/python3.12/site-packages/airflow/example_dags/example_dag_decorator.py
[2024-11-26T18:13:00.859+0000] {processor.py:914} INFO - Processing file /home/airflow/.local/lib/python3.12/site-packages/airflow/example_dags/example_dag_decorator.py for tasks to queue
[2024-11-26T18:13:00.861+0000] {logging_mixin.py:190} INFO - [2024-11-26T18:13:00.861+0000] {dagbag.py:588} INFO - Filling up the DagBag from /home/airflow/.local/lib/python3.12/site-packages/airflow/example_dags/example_dag_decorator.py
[2024-11-26T18:13:00.869+0000] {processor.py:925} INFO - DAG(s) 'example_dag_decorator' retrieved from /home/airflow/.local/lib/python3.12/site-packages/airflow/example_dags/example_dag_decorator.py
[2024-11-26T18:13:00.955+0000] {logging_mixin.py:190} INFO - [2024-11-26T18:13:00.955+0000] {dag.py:3239} INFO - Sync 1 DAGs
[2024-11-26T18:13:00.965+0000] {logging_mixin.py:190} INFO - [2024-11-26T18:13:00.965+0000] {dag.py:4180} INFO - Setting next_dagrun for example_dag_decorator to None, run_after=None
[2024-11-26T18:13:00.981+0000] {processor.py:208} INFO - Processing /home/airflow/.local/lib/python3.12/site-packages/airflow/example_dags/example_dag_decorator.py took 0.126 seconds
[2024-11-26T18:13:31.449+0000] {processor.py:186} INFO - Started process (PID=188) to work on /home/airflow/.local/lib/python3.12/site-packages/airflow/example_dags/example_dag_decorator.py
[2024-11-26T18:13:31.450+0000] {processor.py:914} INFO - Processing file /home/airflow/.local/lib/python3.12/site-packages/airflow/example_dags/example_dag_decorator.py for tasks to queue
[2024-11-26T18:13:31.451+0000] {logging_mixin.py:190} INFO - [2024-11-26T18:13:31.451+0000] {dagbag.py:588} INFO - Filling up the DagBag from /home/airflow/.local/lib/python3.12/site-packages/airflow/example_dags/example_dag_decorator.py
[2024-11-26T18:13:31.459+0000] {processor.py:925} INFO - DAG(s) 'example_dag_decorator' retrieved from /home/airflow/.local/lib/python3.12/site-packages/airflow/example_dags/example_dag_decorator.py
[2024-11-26T18:13:31.544+0000] {logging_mixin.py:190} INFO - [2024-11-26T18:13:31.544+0000] {dag.py:3239} INFO - Sync 1 DAGs
[2024-11-26T18:13:31.553+0000] {logging_mixin.py:190} INFO - [2024-11-26T18:13:31.553+0000] {dag.py:4180} INFO - Setting next_dagrun for example_dag_decorator to None, run_after=None
[2024-11-26T18:13:31.571+0000] {processor.py:208} INFO - Processing /home/airflow/.local/lib/python3.12/site-packages/airflow/example_dags/example_dag_decorator.py took 0.126 seconds
[2024-11-26T18:14:01.642+0000] {processor.py:186} INFO - Started process (PID=252) to work on /home/airflow/.local/lib/python3.12/site-packages/airflow/example_dags/example_dag_decorator.py
[2024-11-26T18:14:01.643+0000] {processor.py:914} INFO - Processing file /home/airflow/.local/lib/python3.12/site-packages/airflow/example_dags/example_dag_decorator.py for tasks to queue
[2024-11-26T18:14:01.645+0000] {logging_mixin.py:190} INFO - [2024-11-26T18:14:01.645+0000] {dagbag.py:588} INFO - Filling up the DagBag from /home/airflow/.local/lib/python3.12/site-packages/airflow/example_dags/example_dag_decorator.py
[2024-11-26T18:14:01.653+0000] {processor.py:925} INFO - DAG(s) 'example_dag_decorator' retrieved from /home/airflow/.local/lib/python3.12/site-packages/airflow/example_dags/example_dag_decorator.py
[2024-11-26T18:14:01.674+0000] {logging_mixin.py:190} INFO - [2024-11-26T18:14:01.674+0000] {dag.py:3239} INFO - Sync 1 DAGs
[2024-11-26T18:14:01.686+0000] {logging_mixin.py:190} INFO - [2024-11-26T18:14:01.686+0000] {dag.py:4180} INFO - Setting next_dagrun for example_dag_decorator to None, run_after=None
[2024-11-26T18:14:01.704+0000] {processor.py:208} INFO - Processing /home/airflow/.local/lib/python3.12/site-packages/airflow/example_dags/example_dag_decorator.py took 0.066 seconds
[2024-11-26T18:14:31.771+0000] {processor.py:186} INFO - Started process (PID=316) to work on /home/airflow/.local/lib/python3.12/site-packages/airflow/example_dags/example_dag_decorator.py
[2024-11-26T18:14:31.771+0000] {processor.py:914} INFO - Processing file /home/airflow/.local/lib/python3.12/site-packages/airflow/example_dags/example_dag_decorator.py for tasks to queue
[2024-11-26T18:14:31.773+0000] {logging_mixin.py:190} INFO - [2024-11-26T18:14:31.773+0000] {dagbag.py:588} INFO - Filling up the DagBag from /home/airflow/.local/lib/python3.12/site-packages/airflow/example_dags/example_dag_decorator.py
[2024-11-26T18:14:31.781+0000] {processor.py:925} INFO - DAG(s) 'example_dag_decorator' retrieved from /home/airflow/.local/lib/python3.12/site-packages/airflow/example_dags/example_dag_decorator.py
[2024-11-26T18:14:31.862+0000] {logging_mixin.py:190} INFO - [2024-11-26T18:14:31.862+0000] {dag.py:3239} INFO - Sync 1 DAGs
[2024-11-26T18:14:31.871+0000] {logging_mixin.py:190} INFO - [2024-11-26T18:14:31.871+0000] {dag.py:4180} INFO - Setting next_dagrun for example_dag_decorator to None, run_after=None
[2024-11-26T18:14:31.885+0000] {processor.py:208} INFO - Processing /home/airflow/.local/lib/python3.12/site-packages/airflow/example_dags/example_dag_decorator.py took 0.118 seconds
[2024-11-26T18:15:02.612+0000] {processor.py:186} INFO - Started process (PID=386) to work on /home/airflow/.local/lib/python3.12/site-packages/airflow/example_dags/example_dag_decorator.py
[2024-11-26T18:15:02.613+0000] {processor.py:914} INFO - Processing file /home/airflow/.local/lib/python3.12/site-packages/airflow/example_dags/example_dag_decorator.py for tasks to queue
[2024-11-26T18:15:02.615+0000] {logging_mixin.py:190} INFO - [2024-11-26T18:15:02.615+0000] {dagbag.py:588} INFO - Filling up the DagBag from /home/airflow/.local/lib/python3.12/site-packages/airflow/example_dags/example_dag_decorator.py
[2024-11-26T18:15:02.626+0000] {processor.py:925} INFO - DAG(s) 'example_dag_decorator' retrieved from /home/airflow/.local/lib/python3.12/site-packages/airflow/example_dags/example_dag_decorator.py
[2024-11-26T18:15:02.725+0000] {logging_mixin.py:190} INFO - [2024-11-26T18:15:02.725+0000] {dag.py:3239} INFO - Sync 1 DAGs
[2024-11-26T18:15:02.734+0000] {logging_mixin.py:190} INFO - [2024-11-26T18:15:02.734+0000] {dag.py:4180} INFO - Setting next_dagrun for example_dag_decorator to None, run_after=None
[2024-11-26T18:15:02.750+0000] {processor.py:208} INFO - Processing /home/airflow/.local/lib/python3.12/site-packages/airflow/example_dags/example_dag_decorator.py took 0.144 seconds
[2024-11-26T18:15:33.359+0000] {processor.py:186} INFO - Started process (PID=450) to work on /home/airflow/.local/lib/python3.12/site-packages/airflow/example_dags/example_dag_decorator.py
[2024-11-26T18:15:33.360+0000] {processor.py:914} INFO - Processing file /home/airflow/.local/lib/python3.12/site-packages/airflow/example_dags/example_dag_decorator.py for tasks to queue
[2024-11-26T18:15:33.362+0000] {logging_mixin.py:190} INFO - [2024-11-26T18:15:33.361+0000] {dagbag.py:588} INFO - Filling up the DagBag from /home/airflow/.local/lib/python3.12/site-packages/airflow/example_dags/example_dag_decorator.py
[2024-11-26T18:15:33.370+0000] {processor.py:925} INFO - DAG(s) 'example_dag_decorator' retrieved from /home/airflow/.local/lib/python3.12/site-packages/airflow/example_dags/example_dag_decorator.py
[2024-11-26T18:15:33.457+0000] {logging_mixin.py:190} INFO - [2024-11-26T18:15:33.457+0000] {dag.py:3239} INFO - Sync 1 DAGs
[2024-11-26T18:15:33.466+0000] {logging_mixin.py:190} INFO - [2024-11-26T18:15:33.466+0000] {dag.py:4180} INFO - Setting next_dagrun for example_dag_decorator to None, run_after=None
[2024-11-26T18:15:33.482+0000] {processor.py:208} INFO - Processing /home/airflow/.local/lib/python3.12/site-packages/airflow/example_dags/example_dag_decorator.py took 0.127 seconds
[2024-11-26T18:16:04.241+0000] {processor.py:186} INFO - Started process (PID=514) to work on /home/airflow/.local/lib/python3.12/site-packages/airflow/example_dags/example_dag_decorator.py
[2024-11-26T18:16:04.242+0000] {processor.py:914} INFO - Processing file /home/airflow/.local/lib/python3.12/site-packages/airflow/example_dags/example_dag_decorator.py for tasks to queue
[2024-11-26T18:16:04.244+0000] {logging_mixin.py:190} INFO - [2024-11-26T18:16:04.243+0000] {dagbag.py:588} INFO - Filling up the DagBag from /home/airflow/.local/lib/python3.12/site-packages/airflow/example_dags/example_dag_decorator.py
[2024-11-26T18:16:04.252+0000] {processor.py:925} INFO - DAG(s) 'example_dag_decorator' retrieved from /home/airflow/.local/lib/python3.12/site-packages/airflow/example_dags/example_dag_decorator.py
[2024-11-26T18:16:04.339+0000] {logging_mixin.py:190} INFO - [2024-11-26T18:16:04.338+0000] {dag.py:3239} INFO - Sync 1 DAGs
[2024-11-26T18:16:04.351+0000] {logging_mixin.py:190} INFO - [2024-11-26T18:16:04.351+0000] {dag.py:4180} INFO - Setting next_dagrun for example_dag_decorator to None, run_after=None
[2024-11-26T18:16:04.367+0000] {processor.py:208} INFO - Processing /home/airflow/.local/lib/python3.12/site-packages/airflow/example_dags/example_dag_decorator.py took 0.130 seconds
[2024-11-26T18:16:34.840+0000] {processor.py:186} INFO - Started process (PID=578) to work on /home/airflow/.local/lib/python3.12/site-packages/airflow/example_dags/example_dag_decorator.py
[2024-11-26T18:16:34.840+0000] {processor.py:914} INFO - Processing file /home/airflow/.local/lib/python3.12/site-packages/airflow/example_dags/example_dag_decorator.py for tasks to queue
[2024-11-26T18:16:34.842+0000] {logging_mixin.py:190} INFO - [2024-11-26T18:16:34.842+0000] {dagbag.py:588} INFO - Filling up the DagBag from /home/airflow/.local/lib/python3.12/site-packages/airflow/example_dags/example_dag_decorator.py
[2024-11-26T18:16:34.850+0000] {processor.py:925} INFO - DAG(s) 'example_dag_decorator' retrieved from /home/airflow/.local/lib/python3.12/site-packages/airflow/example_dags/example_dag_decorator.py
[2024-11-26T18:16:34.937+0000] {logging_mixin.py:190} INFO - [2024-11-26T18:16:34.937+0000] {dag.py:3239} INFO - Sync 1 DAGs
[2024-11-26T18:16:34.946+0000] {logging_mixin.py:190} INFO - [2024-11-26T18:16:34.946+0000] {dag.py:4180} INFO - Setting next_dagrun for example_dag_decorator to None, run_after=None
[2024-11-26T18:16:34.963+0000] {processor.py:208} INFO - Processing /home/airflow/.local/lib/python3.12/site-packages/airflow/example_dags/example_dag_decorator.py took 0.128 seconds
[2024-11-26T18:17:05.652+0000] {processor.py:186} INFO - Started process (PID=642) to work on /home/airflow/.local/lib/python3.12/site-packages/airflow/example_dags/example_dag_decorator.py
[2024-11-26T18:17:05.653+0000] {processor.py:914} INFO - Processing file /home/airflow/.local/lib/python3.12/site-packages/airflow/example_dags/example_dag_decorator.py for tasks to queue
[2024-11-26T18:17:05.655+0000] {logging_mixin.py:190} INFO - [2024-11-26T18:17:05.654+0000] {dagbag.py:588} INFO - Filling up the DagBag from /home/airflow/.local/lib/python3.12/site-packages/airflow/example_dags/example_dag_decorator.py
[2024-11-26T18:17:05.663+0000] {processor.py:925} INFO - DAG(s) 'example_dag_decorator' retrieved from /home/airflow/.local/lib/python3.12/site-packages/airflow/example_dags/example_dag_decorator.py
[2024-11-26T18:17:05.753+0000] {logging_mixin.py:190} INFO - [2024-11-26T18:17:05.753+0000] {dag.py:3239} INFO - Sync 1 DAGs
[2024-11-26T18:17:05.762+0000] {logging_mixin.py:190} INFO - [2024-11-26T18:17:05.762+0000] {dag.py:4180} INFO - Setting next_dagrun for example_dag_decorator to None, run_after=None
[2024-11-26T18:17:05.778+0000] {processor.py:208} INFO - Processing /home/airflow/.local/lib/python3.12/site-packages/airflow/example_dags/example_dag_decorator.py took 0.130 seconds
[2024-11-26T18:17:36.369+0000] {processor.py:186} INFO - Started process (PID=706) to work on /home/airflow/.local/lib/python3.12/site-packages/airflow/example_dags/example_dag_decorator.py
[2024-11-26T18:17:36.370+0000] {processor.py:914} INFO - Processing file /home/airflow/.local/lib/python3.12/site-packages/airflow/example_dags/example_dag_decorator.py for tasks to queue
[2024-11-26T18:17:36.372+0000] {logging_mixin.py:190} INFO - [2024-11-26T18:17:36.371+0000] {dagbag.py:588} INFO - Filling up the DagBag from /home/airflow/.local/lib/python3.12/site-packages/airflow/example_dags/example_dag_decorator.py
[2024-11-26T18:17:36.380+0000] {processor.py:925} INFO - DAG(s) 'example_dag_decorator' retrieved from /home/airflow/.local/lib/python3.12/site-packages/airflow/example_dags/example_dag_decorator.py
[2024-11-26T18:17:36.462+0000] {logging_mixin.py:190} INFO - [2024-11-26T18:17:36.462+0000] {dag.py:3239} INFO - Sync 1 DAGs
[2024-11-26T18:17:36.471+0000] {logging_mixin.py:190} INFO - [2024-11-26T18:17:36.471+0000] {dag.py:4180} INFO - Setting next_dagrun for example_dag_decorator to None, run_after=None
[2024-11-26T18:17:36.486+0000] {processor.py:208} INFO - Processing /home/airflow/.local/lib/python3.12/site-packages/airflow/example_dags/example_dag_decorator.py took 0.121 seconds
[2024-11-26T18:18:07.330+0000] {processor.py:186} INFO - Started process (PID=770) to work on /home/airflow/.local/lib/python3.12/site-packages/airflow/example_dags/example_dag_decorator.py
[2024-11-26T18:18:07.330+0000] {processor.py:914} INFO - Processing file /home/airflow/.local/lib/python3.12/site-packages/airflow/example_dags/example_dag_decorator.py for tasks to queue
[2024-11-26T18:18:07.332+0000] {logging_mixin.py:190} INFO - [2024-11-26T18:18:07.332+0000] {dagbag.py:588} INFO - Filling up the DagBag from /home/airflow/.local/lib/python3.12/site-packages/airflow/example_dags/example_dag_decorator.py
[2024-11-26T18:18:07.340+0000] {processor.py:925} INFO - DAG(s) 'example_dag_decorator' retrieved from /home/airflow/.local/lib/python3.12/site-packages/airflow/example_dags/example_dag_decorator.py
[2024-11-26T18:18:07.358+0000] {logging_mixin.py:190} INFO - [2024-11-26T18:18:07.358+0000] {dag.py:3239} INFO - Sync 1 DAGs
[2024-11-26T18:18:07.368+0000] {logging_mixin.py:190} INFO - [2024-11-26T18:18:07.368+0000] {dag.py:4180} INFO - Setting next_dagrun for example_dag_decorator to None, run_after=None
[2024-11-26T18:18:07.382+0000] {processor.py:208} INFO - Processing /home/airflow/.local/lib/python3.12/site-packages/airflow/example_dags/example_dag_decorator.py took 0.056 seconds
[2024-11-26T18:44:10.007+0000] {processor.py:186} INFO - Started process (PID=78) to work on /home/airflow/.local/lib/python3.12/site-packages/airflow/example_dags/example_dag_decorator.py
[2024-11-26T18:44:10.007+0000] {processor.py:914} INFO - Processing file /home/airflow/.local/lib/python3.12/site-packages/airflow/example_dags/example_dag_decorator.py for tasks to queue
[2024-11-26T18:44:10.009+0000] {logging_mixin.py:190} INFO - [2024-11-26T18:44:10.009+0000] {dagbag.py:588} INFO - Filling up the DagBag from /home/airflow/.local/lib/python3.12/site-packages/airflow/example_dags/example_dag_decorator.py
[2024-11-26T18:44:10.018+0000] {processor.py:925} INFO - DAG(s) 'example_dag_decorator' retrieved from /home/airflow/.local/lib/python3.12/site-packages/airflow/example_dags/example_dag_decorator.py
[2024-11-26T18:44:10.110+0000] {logging_mixin.py:190} INFO - [2024-11-26T18:44:10.110+0000] {dag.py:3239} INFO - Sync 1 DAGs
[2024-11-26T18:44:10.121+0000] {logging_mixin.py:190} INFO - [2024-11-26T18:44:10.121+0000] {dag.py:4180} INFO - Setting next_dagrun for example_dag_decorator to None, run_after=None
[2024-11-26T18:44:10.136+0000] {processor.py:208} INFO - Processing /home/airflow/.local/lib/python3.12/site-packages/airflow/example_dags/example_dag_decorator.py took 0.135 seconds
[2024-11-26T18:44:40.710+0000] {processor.py:186} INFO - Started process (PID=153) to work on /home/airflow/.local/lib/python3.12/site-packages/airflow/example_dags/example_dag_decorator.py
[2024-11-26T18:44:40.710+0000] {processor.py:914} INFO - Processing file /home/airflow/.local/lib/python3.12/site-packages/airflow/example_dags/example_dag_decorator.py for tasks to queue
[2024-11-26T18:44:40.712+0000] {logging_mixin.py:190} INFO - [2024-11-26T18:44:40.712+0000] {dagbag.py:588} INFO - Filling up the DagBag from /home/airflow/.local/lib/python3.12/site-packages/airflow/example_dags/example_dag_decorator.py
[2024-11-26T18:44:40.720+0000] {processor.py:925} INFO - DAG(s) 'example_dag_decorator' retrieved from /home/airflow/.local/lib/python3.12/site-packages/airflow/example_dags/example_dag_decorator.py
[2024-11-26T18:44:40.742+0000] {logging_mixin.py:190} INFO - [2024-11-26T18:44:40.742+0000] {dag.py:3239} INFO - Sync 1 DAGs
[2024-11-26T18:44:40.755+0000] {logging_mixin.py:190} INFO - [2024-11-26T18:44:40.754+0000] {dag.py:4180} INFO - Setting next_dagrun for example_dag_decorator to None, run_after=None
[2024-11-26T18:44:40.771+0000] {processor.py:208} INFO - Processing /home/airflow/.local/lib/python3.12/site-packages/airflow/example_dags/example_dag_decorator.py took 0.065 seconds
[2024-11-26T18:45:11.997+0000] {processor.py:186} INFO - Started process (PID=234) to work on /home/airflow/.local/lib/python3.12/site-packages/airflow/example_dags/example_dag_decorator.py
[2024-11-26T18:45:11.998+0000] {processor.py:914} INFO - Processing file /home/airflow/.local/lib/python3.12/site-packages/airflow/example_dags/example_dag_decorator.py for tasks to queue
[2024-11-26T18:45:12.000+0000] {logging_mixin.py:190} INFO - [2024-11-26T18:45:12.000+0000] {dagbag.py:588} INFO - Filling up the DagBag from /home/airflow/.local/lib/python3.12/site-packages/airflow/example_dags/example_dag_decorator.py
[2024-11-26T18:45:12.009+0000] {processor.py:925} INFO - DAG(s) 'example_dag_decorator' retrieved from /home/airflow/.local/lib/python3.12/site-packages/airflow/example_dags/example_dag_decorator.py
[2024-11-26T18:45:12.092+0000] {logging_mixin.py:190} INFO - [2024-11-26T18:45:12.092+0000] {dag.py:3239} INFO - Sync 1 DAGs
[2024-11-26T18:45:12.103+0000] {logging_mixin.py:190} INFO - [2024-11-26T18:45:12.103+0000] {dag.py:4180} INFO - Setting next_dagrun for example_dag_decorator to None, run_after=None
[2024-11-26T18:45:12.117+0000] {processor.py:208} INFO - Processing /home/airflow/.local/lib/python3.12/site-packages/airflow/example_dags/example_dag_decorator.py took 0.124 seconds
[2024-11-26T18:45:43.729+0000] {processor.py:186} INFO - Started process (PID=309) to work on /home/airflow/.local/lib/python3.12/site-packages/airflow/example_dags/example_dag_decorator.py
[2024-11-26T18:45:43.730+0000] {processor.py:914} INFO - Processing file /home/airflow/.local/lib/python3.12/site-packages/airflow/example_dags/example_dag_decorator.py for tasks to queue
[2024-11-26T18:45:43.732+0000] {logging_mixin.py:190} INFO - [2024-11-26T18:45:43.732+0000] {dagbag.py:588} INFO - Filling up the DagBag from /home/airflow/.local/lib/python3.12/site-packages/airflow/example_dags/example_dag_decorator.py
[2024-11-26T18:45:43.742+0000] {processor.py:925} INFO - DAG(s) 'example_dag_decorator' retrieved from /home/airflow/.local/lib/python3.12/site-packages/airflow/example_dags/example_dag_decorator.py
[2024-11-26T18:45:43.845+0000] {logging_mixin.py:190} INFO - [2024-11-26T18:45:43.845+0000] {dag.py:3239} INFO - Sync 1 DAGs
[2024-11-26T18:45:43.855+0000] {logging_mixin.py:190} INFO - [2024-11-26T18:45:43.855+0000] {dag.py:4180} INFO - Setting next_dagrun for example_dag_decorator to None, run_after=None
[2024-11-26T18:45:43.875+0000] {processor.py:208} INFO - Processing /home/airflow/.local/lib/python3.12/site-packages/airflow/example_dags/example_dag_decorator.py took 0.151 seconds
[2024-11-26T18:46:14.515+0000] {processor.py:186} INFO - Started process (PID=384) to work on /home/airflow/.local/lib/python3.12/site-packages/airflow/example_dags/example_dag_decorator.py
[2024-11-26T18:46:14.515+0000] {processor.py:914} INFO - Processing file /home/airflow/.local/lib/python3.12/site-packages/airflow/example_dags/example_dag_decorator.py for tasks to queue
[2024-11-26T18:46:14.517+0000] {logging_mixin.py:190} INFO - [2024-11-26T18:46:14.517+0000] {dagbag.py:588} INFO - Filling up the DagBag from /home/airflow/.local/lib/python3.12/site-packages/airflow/example_dags/example_dag_decorator.py
[2024-11-26T18:46:14.525+0000] {processor.py:925} INFO - DAG(s) 'example_dag_decorator' retrieved from /home/airflow/.local/lib/python3.12/site-packages/airflow/example_dags/example_dag_decorator.py
[2024-11-26T18:46:14.606+0000] {logging_mixin.py:190} INFO - [2024-11-26T18:46:14.606+0000] {dag.py:3239} INFO - Sync 1 DAGs
[2024-11-26T18:46:14.616+0000] {logging_mixin.py:190} INFO - [2024-11-26T18:46:14.616+0000] {dag.py:4180} INFO - Setting next_dagrun for example_dag_decorator to None, run_after=None
[2024-11-26T18:46:14.629+0000] {processor.py:208} INFO - Processing /home/airflow/.local/lib/python3.12/site-packages/airflow/example_dags/example_dag_decorator.py took 0.119 seconds
