[2024-11-26T17:53:57.429+0000] {processor.py:186} INFO - Started process (PID=93) to work on /home/airflow/.local/lib/python3.12/site-packages/airflow/example_dags/example_complex.py
[2024-11-26T17:53:57.430+0000] {processor.py:914} INFO - Processing file /home/airflow/.local/lib/python3.12/site-packages/airflow/example_dags/example_complex.py for tasks to queue
[2024-11-26T17:53:57.432+0000] {logging_mixin.py:190} INFO - [2024-11-26T17:53:57.432+0000] {dagbag.py:588} INFO - Filling up the DagBag from /home/airflow/.local/lib/python3.12/site-packages/airflow/example_dags/example_complex.py
[2024-11-26T17:53:57.444+0000] {processor.py:925} INFO - DAG(s) 'example_complex' retrieved from /home/airflow/.local/lib/python3.12/site-packages/airflow/example_dags/example_complex.py
[2024-11-26T17:53:57.564+0000] {logging_mixin.py:190} INFO - [2024-11-26T17:53:57.563+0000] {override.py:1911} INFO - Created Permission View: can read on DAG:example_complex
[2024-11-26T17:53:57.575+0000] {logging_mixin.py:190} INFO - [2024-11-26T17:53:57.574+0000] {override.py:1911} INFO - Created Permission View: can delete on DAG:example_complex
[2024-11-26T17:53:57.582+0000] {logging_mixin.py:190} INFO - [2024-11-26T17:53:57.582+0000] {override.py:1911} INFO - Created Permission View: can edit on DAG:example_complex
[2024-11-26T17:53:57.591+0000] {logging_mixin.py:190} INFO - [2024-11-26T17:53:57.591+0000] {override.py:1911} INFO - Created Permission View: can create on DAG Run:example_complex
[2024-11-26T17:53:57.598+0000] {logging_mixin.py:190} INFO - [2024-11-26T17:53:57.598+0000] {override.py:1911} INFO - Created Permission View: can read on DAG Run:example_complex
[2024-11-26T17:53:57.605+0000] {logging_mixin.py:190} INFO - [2024-11-26T17:53:57.604+0000] {override.py:1911} INFO - Created Permission View: can delete on DAG Run:example_complex
[2024-11-26T17:53:57.613+0000] {logging_mixin.py:190} INFO - [2024-11-26T17:53:57.613+0000] {override.py:1911} INFO - Created Permission View: menu access on DAG Run:example_complex
[2024-11-26T17:53:57.613+0000] {logging_mixin.py:190} INFO - [2024-11-26T17:53:57.613+0000] {dag.py:3239} INFO - Sync 1 DAGs
[2024-11-26T17:53:57.625+0000] {logging_mixin.py:190} INFO - [2024-11-26T17:53:57.625+0000] {dag.py:3262} INFO - Creating ORM DAG for example_complex
[2024-11-26T17:53:57.626+0000] {logging_mixin.py:190} INFO - [2024-11-26T17:53:57.625+0000] {dag.py:4180} INFO - Setting next_dagrun for example_complex to None, run_after=None
[2024-11-26T17:53:57.643+0000] {processor.py:208} INFO - Processing /home/airflow/.local/lib/python3.12/site-packages/airflow/example_dags/example_complex.py took 0.218 seconds
[2024-11-26T17:54:28.432+0000] {processor.py:186} INFO - Started process (PID=156) to work on /home/airflow/.local/lib/python3.12/site-packages/airflow/example_dags/example_complex.py
[2024-11-26T17:54:28.433+0000] {processor.py:914} INFO - Processing file /home/airflow/.local/lib/python3.12/site-packages/airflow/example_dags/example_complex.py for tasks to queue
[2024-11-26T17:54:28.438+0000] {logging_mixin.py:190} INFO - [2024-11-26T17:54:28.437+0000] {dagbag.py:588} INFO - Filling up the DagBag from /home/airflow/.local/lib/python3.12/site-packages/airflow/example_dags/example_complex.py
[2024-11-26T17:54:28.482+0000] {processor.py:925} INFO - DAG(s) 'example_complex' retrieved from /home/airflow/.local/lib/python3.12/site-packages/airflow/example_dags/example_complex.py
[2024-11-26T17:54:28.571+0000] {logging_mixin.py:190} INFO - [2024-11-26T17:54:28.570+0000] {dag.py:3239} INFO - Sync 1 DAGs
[2024-11-26T17:54:28.604+0000] {logging_mixin.py:190} INFO - [2024-11-26T17:54:28.603+0000] {dag.py:4180} INFO - Setting next_dagrun for example_complex to None, run_after=None
[2024-11-26T17:54:28.648+0000] {processor.py:208} INFO - Processing /home/airflow/.local/lib/python3.12/site-packages/airflow/example_dags/example_complex.py took 0.229 seconds
[2024-11-26T17:54:58.829+0000] {processor.py:186} INFO - Started process (PID=218) to work on /home/airflow/.local/lib/python3.12/site-packages/airflow/example_dags/example_complex.py
[2024-11-26T17:54:58.830+0000] {processor.py:914} INFO - Processing file /home/airflow/.local/lib/python3.12/site-packages/airflow/example_dags/example_complex.py for tasks to queue
[2024-11-26T17:54:58.831+0000] {logging_mixin.py:190} INFO - [2024-11-26T17:54:58.831+0000] {dagbag.py:588} INFO - Filling up the DagBag from /home/airflow/.local/lib/python3.12/site-packages/airflow/example_dags/example_complex.py
[2024-11-26T17:54:58.840+0000] {processor.py:925} INFO - DAG(s) 'example_complex' retrieved from /home/airflow/.local/lib/python3.12/site-packages/airflow/example_dags/example_complex.py
[2024-11-26T17:54:58.864+0000] {logging_mixin.py:190} INFO - [2024-11-26T17:54:58.864+0000] {dag.py:3239} INFO - Sync 1 DAGs
[2024-11-26T17:54:58.875+0000] {logging_mixin.py:190} INFO - [2024-11-26T17:54:58.875+0000] {dag.py:4180} INFO - Setting next_dagrun for example_complex to None, run_after=None
[2024-11-26T17:54:58.890+0000] {processor.py:208} INFO - Processing /home/airflow/.local/lib/python3.12/site-packages/airflow/example_dags/example_complex.py took 0.065 seconds
[2024-11-26T17:55:29.856+0000] {processor.py:186} INFO - Started process (PID=282) to work on /home/airflow/.local/lib/python3.12/site-packages/airflow/example_dags/example_complex.py
[2024-11-26T17:55:29.857+0000] {processor.py:914} INFO - Processing file /home/airflow/.local/lib/python3.12/site-packages/airflow/example_dags/example_complex.py for tasks to queue
[2024-11-26T17:55:29.859+0000] {logging_mixin.py:190} INFO - [2024-11-26T17:55:29.859+0000] {dagbag.py:588} INFO - Filling up the DagBag from /home/airflow/.local/lib/python3.12/site-packages/airflow/example_dags/example_complex.py
[2024-11-26T17:55:29.871+0000] {processor.py:925} INFO - DAG(s) 'example_complex' retrieved from /home/airflow/.local/lib/python3.12/site-packages/airflow/example_dags/example_complex.py
[2024-11-26T17:55:29.899+0000] {logging_mixin.py:190} INFO - [2024-11-26T17:55:29.899+0000] {dag.py:3239} INFO - Sync 1 DAGs
[2024-11-26T17:55:29.912+0000] {logging_mixin.py:190} INFO - [2024-11-26T17:55:29.912+0000] {dag.py:4180} INFO - Setting next_dagrun for example_complex to None, run_after=None
[2024-11-26T17:55:29.929+0000] {processor.py:208} INFO - Processing /home/airflow/.local/lib/python3.12/site-packages/airflow/example_dags/example_complex.py took 0.078 seconds
[2024-11-26T17:55:59.995+0000] {processor.py:186} INFO - Started process (PID=344) to work on /home/airflow/.local/lib/python3.12/site-packages/airflow/example_dags/example_complex.py
[2024-11-26T17:55:59.996+0000] {processor.py:914} INFO - Processing file /home/airflow/.local/lib/python3.12/site-packages/airflow/example_dags/example_complex.py for tasks to queue
[2024-11-26T17:55:59.998+0000] {logging_mixin.py:190} INFO - [2024-11-26T17:55:59.997+0000] {dagbag.py:588} INFO - Filling up the DagBag from /home/airflow/.local/lib/python3.12/site-packages/airflow/example_dags/example_complex.py
[2024-11-26T17:56:00.006+0000] {processor.py:925} INFO - DAG(s) 'example_complex' retrieved from /home/airflow/.local/lib/python3.12/site-packages/airflow/example_dags/example_complex.py
[2024-11-26T17:56:00.033+0000] {logging_mixin.py:190} INFO - [2024-11-26T17:56:00.032+0000] {dag.py:3239} INFO - Sync 1 DAGs
[2024-11-26T17:56:00.045+0000] {logging_mixin.py:190} INFO - [2024-11-26T17:56:00.044+0000] {dag.py:4180} INFO - Setting next_dagrun for example_complex to None, run_after=None
[2024-11-26T17:56:00.060+0000] {processor.py:208} INFO - Processing /home/airflow/.local/lib/python3.12/site-packages/airflow/example_dags/example_complex.py took 0.069 seconds
[2024-11-26T17:56:30.188+0000] {processor.py:186} INFO - Started process (PID=407) to work on /home/airflow/.local/lib/python3.12/site-packages/airflow/example_dags/example_complex.py
[2024-11-26T17:56:30.188+0000] {processor.py:914} INFO - Processing file /home/airflow/.local/lib/python3.12/site-packages/airflow/example_dags/example_complex.py for tasks to queue
[2024-11-26T17:56:30.190+0000] {logging_mixin.py:190} INFO - [2024-11-26T17:56:30.190+0000] {dagbag.py:588} INFO - Filling up the DagBag from /home/airflow/.local/lib/python3.12/site-packages/airflow/example_dags/example_complex.py
[2024-11-26T17:56:30.199+0000] {processor.py:925} INFO - DAG(s) 'example_complex' retrieved from /home/airflow/.local/lib/python3.12/site-packages/airflow/example_dags/example_complex.py
[2024-11-26T17:56:30.225+0000] {logging_mixin.py:190} INFO - [2024-11-26T17:56:30.224+0000] {dag.py:3239} INFO - Sync 1 DAGs
[2024-11-26T17:56:30.236+0000] {logging_mixin.py:190} INFO - [2024-11-26T17:56:30.236+0000] {dag.py:4180} INFO - Setting next_dagrun for example_complex to None, run_after=None
[2024-11-26T17:56:30.252+0000] {processor.py:208} INFO - Processing /home/airflow/.local/lib/python3.12/site-packages/airflow/example_dags/example_complex.py took 0.068 seconds
[2024-11-26T17:57:01.084+0000] {processor.py:186} INFO - Started process (PID=470) to work on /home/airflow/.local/lib/python3.12/site-packages/airflow/example_dags/example_complex.py
[2024-11-26T17:57:01.085+0000] {processor.py:914} INFO - Processing file /home/airflow/.local/lib/python3.12/site-packages/airflow/example_dags/example_complex.py for tasks to queue
[2024-11-26T17:57:01.086+0000] {logging_mixin.py:190} INFO - [2024-11-26T17:57:01.086+0000] {dagbag.py:588} INFO - Filling up the DagBag from /home/airflow/.local/lib/python3.12/site-packages/airflow/example_dags/example_complex.py
[2024-11-26T17:57:01.095+0000] {processor.py:925} INFO - DAG(s) 'example_complex' retrieved from /home/airflow/.local/lib/python3.12/site-packages/airflow/example_dags/example_complex.py
[2024-11-26T17:57:01.122+0000] {logging_mixin.py:190} INFO - [2024-11-26T17:57:01.122+0000] {dag.py:3239} INFO - Sync 1 DAGs
[2024-11-26T17:57:01.136+0000] {logging_mixin.py:190} INFO - [2024-11-26T17:57:01.135+0000] {dag.py:4180} INFO - Setting next_dagrun for example_complex to None, run_after=None
[2024-11-26T17:57:01.152+0000] {processor.py:208} INFO - Processing /home/airflow/.local/lib/python3.12/site-packages/airflow/example_dags/example_complex.py took 0.073 seconds
[2024-11-26T17:57:32.077+0000] {processor.py:186} INFO - Started process (PID=533) to work on /home/airflow/.local/lib/python3.12/site-packages/airflow/example_dags/example_complex.py
[2024-11-26T17:57:32.078+0000] {processor.py:914} INFO - Processing file /home/airflow/.local/lib/python3.12/site-packages/airflow/example_dags/example_complex.py for tasks to queue
[2024-11-26T17:57:32.080+0000] {logging_mixin.py:190} INFO - [2024-11-26T17:57:32.080+0000] {dagbag.py:588} INFO - Filling up the DagBag from /home/airflow/.local/lib/python3.12/site-packages/airflow/example_dags/example_complex.py
[2024-11-26T17:57:32.089+0000] {processor.py:925} INFO - DAG(s) 'example_complex' retrieved from /home/airflow/.local/lib/python3.12/site-packages/airflow/example_dags/example_complex.py
[2024-11-26T17:57:32.115+0000] {logging_mixin.py:190} INFO - [2024-11-26T17:57:32.115+0000] {dag.py:3239} INFO - Sync 1 DAGs
[2024-11-26T17:57:32.127+0000] {logging_mixin.py:190} INFO - [2024-11-26T17:57:32.127+0000] {dag.py:4180} INFO - Setting next_dagrun for example_complex to None, run_after=None
[2024-11-26T17:57:32.143+0000] {processor.py:208} INFO - Processing /home/airflow/.local/lib/python3.12/site-packages/airflow/example_dags/example_complex.py took 0.070 seconds
[2024-11-26T17:58:02.742+0000] {processor.py:186} INFO - Started process (PID=596) to work on /home/airflow/.local/lib/python3.12/site-packages/airflow/example_dags/example_complex.py
[2024-11-26T17:58:02.742+0000] {processor.py:914} INFO - Processing file /home/airflow/.local/lib/python3.12/site-packages/airflow/example_dags/example_complex.py for tasks to queue
[2024-11-26T17:58:02.744+0000] {logging_mixin.py:190} INFO - [2024-11-26T17:58:02.744+0000] {dagbag.py:588} INFO - Filling up the DagBag from /home/airflow/.local/lib/python3.12/site-packages/airflow/example_dags/example_complex.py
[2024-11-26T17:58:02.753+0000] {processor.py:925} INFO - DAG(s) 'example_complex' retrieved from /home/airflow/.local/lib/python3.12/site-packages/airflow/example_dags/example_complex.py
[2024-11-26T17:58:02.778+0000] {logging_mixin.py:190} INFO - [2024-11-26T17:58:02.778+0000] {dag.py:3239} INFO - Sync 1 DAGs
[2024-11-26T17:58:02.790+0000] {logging_mixin.py:190} INFO - [2024-11-26T17:58:02.789+0000] {dag.py:4180} INFO - Setting next_dagrun for example_complex to None, run_after=None
[2024-11-26T17:58:02.802+0000] {processor.py:208} INFO - Processing /home/airflow/.local/lib/python3.12/site-packages/airflow/example_dags/example_complex.py took 0.065 seconds
[2024-11-26T17:58:33.000+0000] {processor.py:186} INFO - Started process (PID=659) to work on /home/airflow/.local/lib/python3.12/site-packages/airflow/example_dags/example_complex.py
[2024-11-26T17:58:33.001+0000] {processor.py:914} INFO - Processing file /home/airflow/.local/lib/python3.12/site-packages/airflow/example_dags/example_complex.py for tasks to queue
[2024-11-26T17:58:33.002+0000] {logging_mixin.py:190} INFO - [2024-11-26T17:58:33.002+0000] {dagbag.py:588} INFO - Filling up the DagBag from /home/airflow/.local/lib/python3.12/site-packages/airflow/example_dags/example_complex.py
[2024-11-26T17:58:33.012+0000] {processor.py:925} INFO - DAG(s) 'example_complex' retrieved from /home/airflow/.local/lib/python3.12/site-packages/airflow/example_dags/example_complex.py
[2024-11-26T17:58:33.038+0000] {logging_mixin.py:190} INFO - [2024-11-26T17:58:33.037+0000] {dag.py:3239} INFO - Sync 1 DAGs
[2024-11-26T17:58:33.050+0000] {logging_mixin.py:190} INFO - [2024-11-26T17:58:33.049+0000] {dag.py:4180} INFO - Setting next_dagrun for example_complex to None, run_after=None
[2024-11-26T17:58:33.065+0000] {processor.py:208} INFO - Processing /home/airflow/.local/lib/python3.12/site-packages/airflow/example_dags/example_complex.py took 0.069 seconds
[2024-11-26T17:59:03.466+0000] {processor.py:186} INFO - Started process (PID=722) to work on /home/airflow/.local/lib/python3.12/site-packages/airflow/example_dags/example_complex.py
[2024-11-26T17:59:03.467+0000] {processor.py:914} INFO - Processing file /home/airflow/.local/lib/python3.12/site-packages/airflow/example_dags/example_complex.py for tasks to queue
[2024-11-26T17:59:03.469+0000] {logging_mixin.py:190} INFO - [2024-11-26T17:59:03.469+0000] {dagbag.py:588} INFO - Filling up the DagBag from /home/airflow/.local/lib/python3.12/site-packages/airflow/example_dags/example_complex.py
[2024-11-26T17:59:03.480+0000] {processor.py:925} INFO - DAG(s) 'example_complex' retrieved from /home/airflow/.local/lib/python3.12/site-packages/airflow/example_dags/example_complex.py
[2024-11-26T17:59:03.506+0000] {logging_mixin.py:190} INFO - [2024-11-26T17:59:03.506+0000] {dag.py:3239} INFO - Sync 1 DAGs
[2024-11-26T17:59:03.518+0000] {logging_mixin.py:190} INFO - [2024-11-26T17:59:03.518+0000] {dag.py:4180} INFO - Setting next_dagrun for example_complex to None, run_after=None
[2024-11-26T17:59:03.533+0000] {processor.py:208} INFO - Processing /home/airflow/.local/lib/python3.12/site-packages/airflow/example_dags/example_complex.py took 0.072 seconds
[2024-11-26T18:06:06.966+0000] {processor.py:186} INFO - Started process (PID=88) to work on /home/airflow/.local/lib/python3.12/site-packages/airflow/example_dags/example_complex.py
[2024-11-26T18:06:06.966+0000] {processor.py:914} INFO - Processing file /home/airflow/.local/lib/python3.12/site-packages/airflow/example_dags/example_complex.py for tasks to queue
[2024-11-26T18:06:06.968+0000] {logging_mixin.py:190} INFO - [2024-11-26T18:06:06.968+0000] {dagbag.py:588} INFO - Filling up the DagBag from /home/airflow/.local/lib/python3.12/site-packages/airflow/example_dags/example_complex.py
[2024-11-26T18:06:06.978+0000] {processor.py:925} INFO - DAG(s) 'example_complex' retrieved from /home/airflow/.local/lib/python3.12/site-packages/airflow/example_dags/example_complex.py
[2024-11-26T18:06:07.013+0000] {logging_mixin.py:190} INFO - [2024-11-26T18:06:07.012+0000] {dag.py:3239} INFO - Sync 1 DAGs
[2024-11-26T18:06:07.025+0000] {logging_mixin.py:190} INFO - [2024-11-26T18:06:07.025+0000] {dag.py:4180} INFO - Setting next_dagrun for example_complex to None, run_after=None
[2024-11-26T18:06:07.052+0000] {processor.py:208} INFO - Processing /home/airflow/.local/lib/python3.12/site-packages/airflow/example_dags/example_complex.py took 0.090 seconds
[2024-11-26T18:06:37.227+0000] {processor.py:186} INFO - Started process (PID=152) to work on /home/airflow/.local/lib/python3.12/site-packages/airflow/example_dags/example_complex.py
[2024-11-26T18:06:37.228+0000] {processor.py:914} INFO - Processing file /home/airflow/.local/lib/python3.12/site-packages/airflow/example_dags/example_complex.py for tasks to queue
[2024-11-26T18:06:37.229+0000] {logging_mixin.py:190} INFO - [2024-11-26T18:06:37.229+0000] {dagbag.py:588} INFO - Filling up the DagBag from /home/airflow/.local/lib/python3.12/site-packages/airflow/example_dags/example_complex.py
[2024-11-26T18:06:37.238+0000] {processor.py:925} INFO - DAG(s) 'example_complex' retrieved from /home/airflow/.local/lib/python3.12/site-packages/airflow/example_dags/example_complex.py
[2024-11-26T18:06:37.262+0000] {logging_mixin.py:190} INFO - [2024-11-26T18:06:37.262+0000] {dag.py:3239} INFO - Sync 1 DAGs
[2024-11-26T18:06:37.274+0000] {logging_mixin.py:190} INFO - [2024-11-26T18:06:37.273+0000] {dag.py:4180} INFO - Setting next_dagrun for example_complex to None, run_after=None
[2024-11-26T18:06:37.292+0000] {processor.py:208} INFO - Processing /home/airflow/.local/lib/python3.12/site-packages/airflow/example_dags/example_complex.py took 0.069 seconds
[2024-11-26T18:07:07.461+0000] {processor.py:186} INFO - Started process (PID=215) to work on /home/airflow/.local/lib/python3.12/site-packages/airflow/example_dags/example_complex.py
[2024-11-26T18:07:07.461+0000] {processor.py:914} INFO - Processing file /home/airflow/.local/lib/python3.12/site-packages/airflow/example_dags/example_complex.py for tasks to queue
[2024-11-26T18:07:07.463+0000] {logging_mixin.py:190} INFO - [2024-11-26T18:07:07.463+0000] {dagbag.py:588} INFO - Filling up the DagBag from /home/airflow/.local/lib/python3.12/site-packages/airflow/example_dags/example_complex.py
[2024-11-26T18:07:07.472+0000] {processor.py:925} INFO - DAG(s) 'example_complex' retrieved from /home/airflow/.local/lib/python3.12/site-packages/airflow/example_dags/example_complex.py
[2024-11-26T18:07:07.496+0000] {logging_mixin.py:190} INFO - [2024-11-26T18:07:07.496+0000] {dag.py:3239} INFO - Sync 1 DAGs
[2024-11-26T18:07:07.507+0000] {logging_mixin.py:190} INFO - [2024-11-26T18:07:07.506+0000] {dag.py:4180} INFO - Setting next_dagrun for example_complex to None, run_after=None
[2024-11-26T18:07:07.521+0000] {processor.py:208} INFO - Processing /home/airflow/.local/lib/python3.12/site-packages/airflow/example_dags/example_complex.py took 0.065 seconds
[2024-11-26T18:07:38.171+0000] {processor.py:186} INFO - Started process (PID=279) to work on /home/airflow/.local/lib/python3.12/site-packages/airflow/example_dags/example_complex.py
[2024-11-26T18:07:38.172+0000] {processor.py:914} INFO - Processing file /home/airflow/.local/lib/python3.12/site-packages/airflow/example_dags/example_complex.py for tasks to queue
[2024-11-26T18:07:38.174+0000] {logging_mixin.py:190} INFO - [2024-11-26T18:07:38.174+0000] {dagbag.py:588} INFO - Filling up the DagBag from /home/airflow/.local/lib/python3.12/site-packages/airflow/example_dags/example_complex.py
[2024-11-26T18:07:38.183+0000] {processor.py:925} INFO - DAG(s) 'example_complex' retrieved from /home/airflow/.local/lib/python3.12/site-packages/airflow/example_dags/example_complex.py
[2024-11-26T18:07:38.207+0000] {logging_mixin.py:190} INFO - [2024-11-26T18:07:38.206+0000] {dag.py:3239} INFO - Sync 1 DAGs
[2024-11-26T18:07:38.217+0000] {logging_mixin.py:190} INFO - [2024-11-26T18:07:38.217+0000] {dag.py:4180} INFO - Setting next_dagrun for example_complex to None, run_after=None
[2024-11-26T18:07:38.232+0000] {processor.py:208} INFO - Processing /home/airflow/.local/lib/python3.12/site-packages/airflow/example_dags/example_complex.py took 0.065 seconds
[2024-11-26T18:08:08.595+0000] {processor.py:186} INFO - Started process (PID=343) to work on /home/airflow/.local/lib/python3.12/site-packages/airflow/example_dags/example_complex.py
[2024-11-26T18:08:08.596+0000] {processor.py:914} INFO - Processing file /home/airflow/.local/lib/python3.12/site-packages/airflow/example_dags/example_complex.py for tasks to queue
[2024-11-26T18:08:08.597+0000] {logging_mixin.py:190} INFO - [2024-11-26T18:08:08.597+0000] {dagbag.py:588} INFO - Filling up the DagBag from /home/airflow/.local/lib/python3.12/site-packages/airflow/example_dags/example_complex.py
[2024-11-26T18:08:08.606+0000] {processor.py:925} INFO - DAG(s) 'example_complex' retrieved from /home/airflow/.local/lib/python3.12/site-packages/airflow/example_dags/example_complex.py
[2024-11-26T18:08:08.630+0000] {logging_mixin.py:190} INFO - [2024-11-26T18:08:08.630+0000] {dag.py:3239} INFO - Sync 1 DAGs
[2024-11-26T18:08:08.641+0000] {logging_mixin.py:190} INFO - [2024-11-26T18:08:08.640+0000] {dag.py:4180} INFO - Setting next_dagrun for example_complex to None, run_after=None
[2024-11-26T18:08:08.655+0000] {processor.py:208} INFO - Processing /home/airflow/.local/lib/python3.12/site-packages/airflow/example_dags/example_complex.py took 0.064 seconds
[2024-11-26T18:08:39.220+0000] {processor.py:186} INFO - Started process (PID=406) to work on /home/airflow/.local/lib/python3.12/site-packages/airflow/example_dags/example_complex.py
[2024-11-26T18:08:39.221+0000] {processor.py:914} INFO - Processing file /home/airflow/.local/lib/python3.12/site-packages/airflow/example_dags/example_complex.py for tasks to queue
[2024-11-26T18:08:39.222+0000] {logging_mixin.py:190} INFO - [2024-11-26T18:08:39.222+0000] {dagbag.py:588} INFO - Filling up the DagBag from /home/airflow/.local/lib/python3.12/site-packages/airflow/example_dags/example_complex.py
[2024-11-26T18:08:39.231+0000] {processor.py:925} INFO - DAG(s) 'example_complex' retrieved from /home/airflow/.local/lib/python3.12/site-packages/airflow/example_dags/example_complex.py
[2024-11-26T18:08:39.257+0000] {logging_mixin.py:190} INFO - [2024-11-26T18:08:39.257+0000] {dag.py:3239} INFO - Sync 1 DAGs
[2024-11-26T18:08:39.270+0000] {logging_mixin.py:190} INFO - [2024-11-26T18:08:39.270+0000] {dag.py:4180} INFO - Setting next_dagrun for example_complex to None, run_after=None
[2024-11-26T18:08:39.284+0000] {processor.py:208} INFO - Processing /home/airflow/.local/lib/python3.12/site-packages/airflow/example_dags/example_complex.py took 0.068 seconds
[2024-11-26T18:09:10.227+0000] {processor.py:186} INFO - Started process (PID=472) to work on /home/airflow/.local/lib/python3.12/site-packages/airflow/example_dags/example_complex.py
[2024-11-26T18:09:10.228+0000] {processor.py:914} INFO - Processing file /home/airflow/.local/lib/python3.12/site-packages/airflow/example_dags/example_complex.py for tasks to queue
[2024-11-26T18:09:10.229+0000] {logging_mixin.py:190} INFO - [2024-11-26T18:09:10.229+0000] {dagbag.py:588} INFO - Filling up the DagBag from /home/airflow/.local/lib/python3.12/site-packages/airflow/example_dags/example_complex.py
[2024-11-26T18:09:10.239+0000] {processor.py:925} INFO - DAG(s) 'example_complex' retrieved from /home/airflow/.local/lib/python3.12/site-packages/airflow/example_dags/example_complex.py
[2024-11-26T18:09:10.265+0000] {logging_mixin.py:190} INFO - [2024-11-26T18:09:10.264+0000] {dag.py:3239} INFO - Sync 1 DAGs
[2024-11-26T18:09:10.276+0000] {logging_mixin.py:190} INFO - [2024-11-26T18:09:10.276+0000] {dag.py:4180} INFO - Setting next_dagrun for example_complex to None, run_after=None
[2024-11-26T18:09:10.293+0000] {processor.py:208} INFO - Processing /home/airflow/.local/lib/python3.12/site-packages/airflow/example_dags/example_complex.py took 0.070 seconds
[2024-11-26T18:09:40.432+0000] {processor.py:186} INFO - Started process (PID=535) to work on /home/airflow/.local/lib/python3.12/site-packages/airflow/example_dags/example_complex.py
[2024-11-26T18:09:40.438+0000] {processor.py:914} INFO - Processing file /home/airflow/.local/lib/python3.12/site-packages/airflow/example_dags/example_complex.py for tasks to queue
[2024-11-26T18:09:40.442+0000] {logging_mixin.py:190} INFO - [2024-11-26T18:09:40.441+0000] {dagbag.py:588} INFO - Filling up the DagBag from /home/airflow/.local/lib/python3.12/site-packages/airflow/example_dags/example_complex.py
[2024-11-26T18:09:40.453+0000] {processor.py:925} INFO - DAG(s) 'example_complex' retrieved from /home/airflow/.local/lib/python3.12/site-packages/airflow/example_dags/example_complex.py
[2024-11-26T18:09:40.480+0000] {logging_mixin.py:190} INFO - [2024-11-26T18:09:40.480+0000] {dag.py:3239} INFO - Sync 1 DAGs
[2024-11-26T18:09:40.492+0000] {logging_mixin.py:190} INFO - [2024-11-26T18:09:40.492+0000] {dag.py:4180} INFO - Setting next_dagrun for example_complex to None, run_after=None
[2024-11-26T18:09:40.508+0000] {processor.py:208} INFO - Processing /home/airflow/.local/lib/python3.12/site-packages/airflow/example_dags/example_complex.py took 0.081 seconds
[2024-11-26T18:10:11.126+0000] {processor.py:186} INFO - Started process (PID=598) to work on /home/airflow/.local/lib/python3.12/site-packages/airflow/example_dags/example_complex.py
[2024-11-26T18:10:11.126+0000] {processor.py:914} INFO - Processing file /home/airflow/.local/lib/python3.12/site-packages/airflow/example_dags/example_complex.py for tasks to queue
[2024-11-26T18:10:11.128+0000] {logging_mixin.py:190} INFO - [2024-11-26T18:10:11.127+0000] {dagbag.py:588} INFO - Filling up the DagBag from /home/airflow/.local/lib/python3.12/site-packages/airflow/example_dags/example_complex.py
[2024-11-26T18:10:11.139+0000] {processor.py:925} INFO - DAG(s) 'example_complex' retrieved from /home/airflow/.local/lib/python3.12/site-packages/airflow/example_dags/example_complex.py
[2024-11-26T18:10:11.175+0000] {logging_mixin.py:190} INFO - [2024-11-26T18:10:11.175+0000] {dag.py:3239} INFO - Sync 1 DAGs
[2024-11-26T18:10:11.192+0000] {logging_mixin.py:190} INFO - [2024-11-26T18:10:11.191+0000] {dag.py:4180} INFO - Setting next_dagrun for example_complex to None, run_after=None
[2024-11-26T18:10:11.210+0000] {processor.py:208} INFO - Processing /home/airflow/.local/lib/python3.12/site-packages/airflow/example_dags/example_complex.py took 0.090 seconds
[2024-11-26T18:10:41.259+0000] {processor.py:186} INFO - Started process (PID=661) to work on /home/airflow/.local/lib/python3.12/site-packages/airflow/example_dags/example_complex.py
[2024-11-26T18:10:41.259+0000] {processor.py:914} INFO - Processing file /home/airflow/.local/lib/python3.12/site-packages/airflow/example_dags/example_complex.py for tasks to queue
[2024-11-26T18:10:41.260+0000] {logging_mixin.py:190} INFO - [2024-11-26T18:10:41.260+0000] {dagbag.py:588} INFO - Filling up the DagBag from /home/airflow/.local/lib/python3.12/site-packages/airflow/example_dags/example_complex.py
[2024-11-26T18:10:41.269+0000] {processor.py:925} INFO - DAG(s) 'example_complex' retrieved from /home/airflow/.local/lib/python3.12/site-packages/airflow/example_dags/example_complex.py
[2024-11-26T18:10:41.294+0000] {logging_mixin.py:190} INFO - [2024-11-26T18:10:41.293+0000] {dag.py:3239} INFO - Sync 1 DAGs
[2024-11-26T18:10:41.305+0000] {logging_mixin.py:190} INFO - [2024-11-26T18:10:41.305+0000] {dag.py:4180} INFO - Setting next_dagrun for example_complex to None, run_after=None
[2024-11-26T18:10:41.318+0000] {processor.py:208} INFO - Processing /home/airflow/.local/lib/python3.12/site-packages/airflow/example_dags/example_complex.py took 0.063 seconds
[2024-11-26T18:11:11.452+0000] {processor.py:186} INFO - Started process (PID=725) to work on /home/airflow/.local/lib/python3.12/site-packages/airflow/example_dags/example_complex.py
[2024-11-26T18:11:11.452+0000] {processor.py:914} INFO - Processing file /home/airflow/.local/lib/python3.12/site-packages/airflow/example_dags/example_complex.py for tasks to queue
[2024-11-26T18:11:11.453+0000] {logging_mixin.py:190} INFO - [2024-11-26T18:11:11.453+0000] {dagbag.py:588} INFO - Filling up the DagBag from /home/airflow/.local/lib/python3.12/site-packages/airflow/example_dags/example_complex.py
[2024-11-26T18:11:11.462+0000] {processor.py:925} INFO - DAG(s) 'example_complex' retrieved from /home/airflow/.local/lib/python3.12/site-packages/airflow/example_dags/example_complex.py
[2024-11-26T18:11:11.487+0000] {logging_mixin.py:190} INFO - [2024-11-26T18:11:11.486+0000] {dag.py:3239} INFO - Sync 1 DAGs
[2024-11-26T18:11:11.498+0000] {logging_mixin.py:190} INFO - [2024-11-26T18:11:11.498+0000] {dag.py:4180} INFO - Setting next_dagrun for example_complex to None, run_after=None
[2024-11-26T18:11:11.513+0000] {processor.py:208} INFO - Processing /home/airflow/.local/lib/python3.12/site-packages/airflow/example_dags/example_complex.py took 0.066 seconds
[2024-11-26T18:12:31.684+0000] {processor.py:186} INFO - Started process (PID=76) to work on /home/airflow/.local/lib/python3.12/site-packages/airflow/example_dags/example_complex.py
[2024-11-26T18:12:31.685+0000] {processor.py:914} INFO - Processing file /home/airflow/.local/lib/python3.12/site-packages/airflow/example_dags/example_complex.py for tasks to queue
[2024-11-26T18:12:31.687+0000] {logging_mixin.py:190} INFO - [2024-11-26T18:12:31.687+0000] {dagbag.py:588} INFO - Filling up the DagBag from /home/airflow/.local/lib/python3.12/site-packages/airflow/example_dags/example_complex.py
[2024-11-26T18:12:31.699+0000] {processor.py:925} INFO - DAG(s) 'example_complex' retrieved from /home/airflow/.local/lib/python3.12/site-packages/airflow/example_dags/example_complex.py
[2024-11-26T18:12:31.738+0000] {logging_mixin.py:190} INFO - [2024-11-26T18:12:31.737+0000] {dag.py:3239} INFO - Sync 1 DAGs
[2024-11-26T18:12:31.753+0000] {logging_mixin.py:190} INFO - [2024-11-26T18:12:31.753+0000] {dag.py:4180} INFO - Setting next_dagrun for example_complex to None, run_after=None
[2024-11-26T18:12:31.771+0000] {processor.py:208} INFO - Processing /home/airflow/.local/lib/python3.12/site-packages/airflow/example_dags/example_complex.py took 0.091 seconds
[2024-11-26T18:13:01.854+0000] {processor.py:186} INFO - Started process (PID=140) to work on /home/airflow/.local/lib/python3.12/site-packages/airflow/example_dags/example_complex.py
[2024-11-26T18:13:01.854+0000] {processor.py:914} INFO - Processing file /home/airflow/.local/lib/python3.12/site-packages/airflow/example_dags/example_complex.py for tasks to queue
[2024-11-26T18:13:01.856+0000] {logging_mixin.py:190} INFO - [2024-11-26T18:13:01.856+0000] {dagbag.py:588} INFO - Filling up the DagBag from /home/airflow/.local/lib/python3.12/site-packages/airflow/example_dags/example_complex.py
[2024-11-26T18:13:01.864+0000] {processor.py:925} INFO - DAG(s) 'example_complex' retrieved from /home/airflow/.local/lib/python3.12/site-packages/airflow/example_dags/example_complex.py
[2024-11-26T18:13:01.889+0000] {logging_mixin.py:190} INFO - [2024-11-26T18:13:01.888+0000] {dag.py:3239} INFO - Sync 1 DAGs
[2024-11-26T18:13:01.900+0000] {logging_mixin.py:190} INFO - [2024-11-26T18:13:01.900+0000] {dag.py:4180} INFO - Setting next_dagrun for example_complex to None, run_after=None
[2024-11-26T18:13:01.915+0000] {processor.py:208} INFO - Processing /home/airflow/.local/lib/python3.12/site-packages/airflow/example_dags/example_complex.py took 0.065 seconds
[2024-11-26T18:13:32.489+0000] {processor.py:186} INFO - Started process (PID=209) to work on /home/airflow/.local/lib/python3.12/site-packages/airflow/example_dags/example_complex.py
[2024-11-26T18:13:32.490+0000] {processor.py:914} INFO - Processing file /home/airflow/.local/lib/python3.12/site-packages/airflow/example_dags/example_complex.py for tasks to queue
[2024-11-26T18:13:32.491+0000] {logging_mixin.py:190} INFO - [2024-11-26T18:13:32.491+0000] {dagbag.py:588} INFO - Filling up the DagBag from /home/airflow/.local/lib/python3.12/site-packages/airflow/example_dags/example_complex.py
[2024-11-26T18:13:32.503+0000] {processor.py:925} INFO - DAG(s) 'example_complex' retrieved from /home/airflow/.local/lib/python3.12/site-packages/airflow/example_dags/example_complex.py
[2024-11-26T18:13:32.532+0000] {logging_mixin.py:190} INFO - [2024-11-26T18:13:32.531+0000] {dag.py:3239} INFO - Sync 1 DAGs
[2024-11-26T18:13:32.543+0000] {logging_mixin.py:190} INFO - [2024-11-26T18:13:32.543+0000] {dag.py:4180} INFO - Setting next_dagrun for example_complex to None, run_after=None
[2024-11-26T18:13:32.558+0000] {processor.py:208} INFO - Processing /home/airflow/.local/lib/python3.12/site-packages/airflow/example_dags/example_complex.py took 0.072 seconds
[2024-11-26T18:14:03.390+0000] {processor.py:186} INFO - Started process (PID=273) to work on /home/airflow/.local/lib/python3.12/site-packages/airflow/example_dags/example_complex.py
[2024-11-26T18:14:03.391+0000] {processor.py:914} INFO - Processing file /home/airflow/.local/lib/python3.12/site-packages/airflow/example_dags/example_complex.py for tasks to queue
[2024-11-26T18:14:03.393+0000] {logging_mixin.py:190} INFO - [2024-11-26T18:14:03.393+0000] {dagbag.py:588} INFO - Filling up the DagBag from /home/airflow/.local/lib/python3.12/site-packages/airflow/example_dags/example_complex.py
[2024-11-26T18:14:03.401+0000] {processor.py:925} INFO - DAG(s) 'example_complex' retrieved from /home/airflow/.local/lib/python3.12/site-packages/airflow/example_dags/example_complex.py
[2024-11-26T18:14:03.427+0000] {logging_mixin.py:190} INFO - [2024-11-26T18:14:03.426+0000] {dag.py:3239} INFO - Sync 1 DAGs
[2024-11-26T18:14:03.437+0000] {logging_mixin.py:190} INFO - [2024-11-26T18:14:03.437+0000] {dag.py:4180} INFO - Setting next_dagrun for example_complex to None, run_after=None
[2024-11-26T18:14:03.453+0000] {processor.py:208} INFO - Processing /home/airflow/.local/lib/python3.12/site-packages/airflow/example_dags/example_complex.py took 0.067 seconds
[2024-11-26T18:14:33.953+0000] {processor.py:186} INFO - Started process (PID=337) to work on /home/airflow/.local/lib/python3.12/site-packages/airflow/example_dags/example_complex.py
[2024-11-26T18:14:33.955+0000] {processor.py:914} INFO - Processing file /home/airflow/.local/lib/python3.12/site-packages/airflow/example_dags/example_complex.py for tasks to queue
[2024-11-26T18:14:33.957+0000] {logging_mixin.py:190} INFO - [2024-11-26T18:14:33.957+0000] {dagbag.py:588} INFO - Filling up the DagBag from /home/airflow/.local/lib/python3.12/site-packages/airflow/example_dags/example_complex.py
[2024-11-26T18:14:33.966+0000] {processor.py:925} INFO - DAG(s) 'example_complex' retrieved from /home/airflow/.local/lib/python3.12/site-packages/airflow/example_dags/example_complex.py
[2024-11-26T18:14:33.991+0000] {logging_mixin.py:190} INFO - [2024-11-26T18:14:33.990+0000] {dag.py:3239} INFO - Sync 1 DAGs
[2024-11-26T18:14:34.002+0000] {logging_mixin.py:190} INFO - [2024-11-26T18:14:34.002+0000] {dag.py:4180} INFO - Setting next_dagrun for example_complex to None, run_after=None
[2024-11-26T18:14:34.015+0000] {processor.py:208} INFO - Processing /home/airflow/.local/lib/python3.12/site-packages/airflow/example_dags/example_complex.py took 0.066 seconds
[2024-11-26T18:15:04.579+0000] {processor.py:186} INFO - Started process (PID=401) to work on /home/airflow/.local/lib/python3.12/site-packages/airflow/example_dags/example_complex.py
[2024-11-26T18:15:04.580+0000] {processor.py:914} INFO - Processing file /home/airflow/.local/lib/python3.12/site-packages/airflow/example_dags/example_complex.py for tasks to queue
[2024-11-26T18:15:04.582+0000] {logging_mixin.py:190} INFO - [2024-11-26T18:15:04.582+0000] {dagbag.py:588} INFO - Filling up the DagBag from /home/airflow/.local/lib/python3.12/site-packages/airflow/example_dags/example_complex.py
[2024-11-26T18:15:04.591+0000] {processor.py:925} INFO - DAG(s) 'example_complex' retrieved from /home/airflow/.local/lib/python3.12/site-packages/airflow/example_dags/example_complex.py
[2024-11-26T18:15:04.616+0000] {logging_mixin.py:190} INFO - [2024-11-26T18:15:04.616+0000] {dag.py:3239} INFO - Sync 1 DAGs
[2024-11-26T18:15:04.627+0000] {logging_mixin.py:190} INFO - [2024-11-26T18:15:04.627+0000] {dag.py:4180} INFO - Setting next_dagrun for example_complex to None, run_after=None
[2024-11-26T18:15:04.641+0000] {processor.py:208} INFO - Processing /home/airflow/.local/lib/python3.12/site-packages/airflow/example_dags/example_complex.py took 0.066 seconds
[2024-11-26T18:15:35.419+0000] {processor.py:186} INFO - Started process (PID=465) to work on /home/airflow/.local/lib/python3.12/site-packages/airflow/example_dags/example_complex.py
[2024-11-26T18:15:35.421+0000] {processor.py:914} INFO - Processing file /home/airflow/.local/lib/python3.12/site-packages/airflow/example_dags/example_complex.py for tasks to queue
[2024-11-26T18:15:35.422+0000] {logging_mixin.py:190} INFO - [2024-11-26T18:15:35.422+0000] {dagbag.py:588} INFO - Filling up the DagBag from /home/airflow/.local/lib/python3.12/site-packages/airflow/example_dags/example_complex.py
[2024-11-26T18:15:35.431+0000] {processor.py:925} INFO - DAG(s) 'example_complex' retrieved from /home/airflow/.local/lib/python3.12/site-packages/airflow/example_dags/example_complex.py
[2024-11-26T18:15:35.462+0000] {logging_mixin.py:190} INFO - [2024-11-26T18:15:35.461+0000] {dag.py:3239} INFO - Sync 1 DAGs
[2024-11-26T18:15:35.473+0000] {logging_mixin.py:190} INFO - [2024-11-26T18:15:35.473+0000] {dag.py:4180} INFO - Setting next_dagrun for example_complex to None, run_after=None
[2024-11-26T18:15:35.489+0000] {processor.py:208} INFO - Processing /home/airflow/.local/lib/python3.12/site-packages/airflow/example_dags/example_complex.py took 0.075 seconds
[2024-11-26T18:16:06.176+0000] {processor.py:186} INFO - Started process (PID=529) to work on /home/airflow/.local/lib/python3.12/site-packages/airflow/example_dags/example_complex.py
[2024-11-26T18:16:06.177+0000] {processor.py:914} INFO - Processing file /home/airflow/.local/lib/python3.12/site-packages/airflow/example_dags/example_complex.py for tasks to queue
[2024-11-26T18:16:06.179+0000] {logging_mixin.py:190} INFO - [2024-11-26T18:16:06.179+0000] {dagbag.py:588} INFO - Filling up the DagBag from /home/airflow/.local/lib/python3.12/site-packages/airflow/example_dags/example_complex.py
[2024-11-26T18:16:06.188+0000] {processor.py:925} INFO - DAG(s) 'example_complex' retrieved from /home/airflow/.local/lib/python3.12/site-packages/airflow/example_dags/example_complex.py
[2024-11-26T18:16:06.212+0000] {logging_mixin.py:190} INFO - [2024-11-26T18:16:06.211+0000] {dag.py:3239} INFO - Sync 1 DAGs
[2024-11-26T18:16:06.223+0000] {logging_mixin.py:190} INFO - [2024-11-26T18:16:06.222+0000] {dag.py:4180} INFO - Setting next_dagrun for example_complex to None, run_after=None
[2024-11-26T18:16:06.237+0000] {processor.py:208} INFO - Processing /home/airflow/.local/lib/python3.12/site-packages/airflow/example_dags/example_complex.py took 0.064 seconds
[2024-11-26T18:16:36.609+0000] {processor.py:186} INFO - Started process (PID=593) to work on /home/airflow/.local/lib/python3.12/site-packages/airflow/example_dags/example_complex.py
[2024-11-26T18:16:36.610+0000] {processor.py:914} INFO - Processing file /home/airflow/.local/lib/python3.12/site-packages/airflow/example_dags/example_complex.py for tasks to queue
[2024-11-26T18:16:36.611+0000] {logging_mixin.py:190} INFO - [2024-11-26T18:16:36.611+0000] {dagbag.py:588} INFO - Filling up the DagBag from /home/airflow/.local/lib/python3.12/site-packages/airflow/example_dags/example_complex.py
[2024-11-26T18:16:36.620+0000] {processor.py:925} INFO - DAG(s) 'example_complex' retrieved from /home/airflow/.local/lib/python3.12/site-packages/airflow/example_dags/example_complex.py
[2024-11-26T18:16:36.644+0000] {logging_mixin.py:190} INFO - [2024-11-26T18:16:36.644+0000] {dag.py:3239} INFO - Sync 1 DAGs
[2024-11-26T18:16:36.655+0000] {logging_mixin.py:190} INFO - [2024-11-26T18:16:36.655+0000] {dag.py:4180} INFO - Setting next_dagrun for example_complex to None, run_after=None
[2024-11-26T18:16:36.670+0000] {processor.py:208} INFO - Processing /home/airflow/.local/lib/python3.12/site-packages/airflow/example_dags/example_complex.py took 0.065 seconds
[2024-11-26T18:17:07.287+0000] {processor.py:186} INFO - Started process (PID=656) to work on /home/airflow/.local/lib/python3.12/site-packages/airflow/example_dags/example_complex.py
[2024-11-26T18:17:07.288+0000] {processor.py:914} INFO - Processing file /home/airflow/.local/lib/python3.12/site-packages/airflow/example_dags/example_complex.py for tasks to queue
[2024-11-26T18:17:07.290+0000] {logging_mixin.py:190} INFO - [2024-11-26T18:17:07.290+0000] {dagbag.py:588} INFO - Filling up the DagBag from /home/airflow/.local/lib/python3.12/site-packages/airflow/example_dags/example_complex.py
[2024-11-26T18:17:07.300+0000] {processor.py:925} INFO - DAG(s) 'example_complex' retrieved from /home/airflow/.local/lib/python3.12/site-packages/airflow/example_dags/example_complex.py
[2024-11-26T18:17:07.327+0000] {logging_mixin.py:190} INFO - [2024-11-26T18:17:07.327+0000] {dag.py:3239} INFO - Sync 1 DAGs
[2024-11-26T18:17:07.338+0000] {logging_mixin.py:190} INFO - [2024-11-26T18:17:07.338+0000] {dag.py:4180} INFO - Setting next_dagrun for example_complex to None, run_after=None
[2024-11-26T18:17:07.353+0000] {processor.py:208} INFO - Processing /home/airflow/.local/lib/python3.12/site-packages/airflow/example_dags/example_complex.py took 0.070 seconds
[2024-11-26T18:17:37.992+0000] {processor.py:186} INFO - Started process (PID=720) to work on /home/airflow/.local/lib/python3.12/site-packages/airflow/example_dags/example_complex.py
[2024-11-26T18:17:37.992+0000] {processor.py:914} INFO - Processing file /home/airflow/.local/lib/python3.12/site-packages/airflow/example_dags/example_complex.py for tasks to queue
[2024-11-26T18:17:37.994+0000] {logging_mixin.py:190} INFO - [2024-11-26T18:17:37.994+0000] {dagbag.py:588} INFO - Filling up the DagBag from /home/airflow/.local/lib/python3.12/site-packages/airflow/example_dags/example_complex.py
[2024-11-26T18:17:38.003+0000] {processor.py:925} INFO - DAG(s) 'example_complex' retrieved from /home/airflow/.local/lib/python3.12/site-packages/airflow/example_dags/example_complex.py
[2024-11-26T18:17:38.027+0000] {logging_mixin.py:190} INFO - [2024-11-26T18:17:38.027+0000] {dag.py:3239} INFO - Sync 1 DAGs
[2024-11-26T18:17:38.037+0000] {logging_mixin.py:190} INFO - [2024-11-26T18:17:38.037+0000] {dag.py:4180} INFO - Setting next_dagrun for example_complex to None, run_after=None
[2024-11-26T18:17:38.054+0000] {processor.py:208} INFO - Processing /home/airflow/.local/lib/python3.12/site-packages/airflow/example_dags/example_complex.py took 0.066 seconds
[2024-11-26T18:18:08.920+0000] {processor.py:186} INFO - Started process (PID=784) to work on /home/airflow/.local/lib/python3.12/site-packages/airflow/example_dags/example_complex.py
[2024-11-26T18:18:08.921+0000] {processor.py:914} INFO - Processing file /home/airflow/.local/lib/python3.12/site-packages/airflow/example_dags/example_complex.py for tasks to queue
[2024-11-26T18:18:08.922+0000] {logging_mixin.py:190} INFO - [2024-11-26T18:18:08.922+0000] {dagbag.py:588} INFO - Filling up the DagBag from /home/airflow/.local/lib/python3.12/site-packages/airflow/example_dags/example_complex.py
[2024-11-26T18:18:08.932+0000] {processor.py:925} INFO - DAG(s) 'example_complex' retrieved from /home/airflow/.local/lib/python3.12/site-packages/airflow/example_dags/example_complex.py
[2024-11-26T18:18:08.955+0000] {logging_mixin.py:190} INFO - [2024-11-26T18:18:08.955+0000] {dag.py:3239} INFO - Sync 1 DAGs
[2024-11-26T18:18:08.966+0000] {logging_mixin.py:190} INFO - [2024-11-26T18:18:08.965+0000] {dag.py:4180} INFO - Setting next_dagrun for example_complex to None, run_after=None
[2024-11-26T18:18:08.979+0000] {processor.py:208} INFO - Processing /home/airflow/.local/lib/python3.12/site-packages/airflow/example_dags/example_complex.py took 0.063 seconds
[2024-11-26T18:44:11.228+0000] {processor.py:186} INFO - Started process (PID=99) to work on /home/airflow/.local/lib/python3.12/site-packages/airflow/example_dags/example_complex.py
[2024-11-26T18:44:11.229+0000] {processor.py:914} INFO - Processing file /home/airflow/.local/lib/python3.12/site-packages/airflow/example_dags/example_complex.py for tasks to queue
[2024-11-26T18:44:11.231+0000] {logging_mixin.py:190} INFO - [2024-11-26T18:44:11.231+0000] {dagbag.py:588} INFO - Filling up the DagBag from /home/airflow/.local/lib/python3.12/site-packages/airflow/example_dags/example_complex.py
[2024-11-26T18:44:11.241+0000] {processor.py:925} INFO - DAG(s) 'example_complex' retrieved from /home/airflow/.local/lib/python3.12/site-packages/airflow/example_dags/example_complex.py
[2024-11-26T18:44:11.272+0000] {logging_mixin.py:190} INFO - [2024-11-26T18:44:11.272+0000] {dag.py:3239} INFO - Sync 1 DAGs
[2024-11-26T18:44:11.285+0000] {logging_mixin.py:190} INFO - [2024-11-26T18:44:11.285+0000] {dag.py:4180} INFO - Setting next_dagrun for example_complex to None, run_after=None
[2024-11-26T18:44:11.302+0000] {processor.py:208} INFO - Processing /home/airflow/.local/lib/python3.12/site-packages/airflow/example_dags/example_complex.py took 0.079 seconds
[2024-11-26T18:44:41.585+0000] {processor.py:186} INFO - Started process (PID=174) to work on /home/airflow/.local/lib/python3.12/site-packages/airflow/example_dags/example_complex.py
[2024-11-26T18:44:41.586+0000] {processor.py:914} INFO - Processing file /home/airflow/.local/lib/python3.12/site-packages/airflow/example_dags/example_complex.py for tasks to queue
[2024-11-26T18:44:41.587+0000] {logging_mixin.py:190} INFO - [2024-11-26T18:44:41.587+0000] {dagbag.py:588} INFO - Filling up the DagBag from /home/airflow/.local/lib/python3.12/site-packages/airflow/example_dags/example_complex.py
[2024-11-26T18:44:41.596+0000] {processor.py:925} INFO - DAG(s) 'example_complex' retrieved from /home/airflow/.local/lib/python3.12/site-packages/airflow/example_dags/example_complex.py
[2024-11-26T18:44:41.622+0000] {logging_mixin.py:190} INFO - [2024-11-26T18:44:41.621+0000] {dag.py:3239} INFO - Sync 1 DAGs
[2024-11-26T18:44:41.637+0000] {logging_mixin.py:190} INFO - [2024-11-26T18:44:41.636+0000] {dag.py:4180} INFO - Setting next_dagrun for example_complex to None, run_after=None
[2024-11-26T18:44:41.653+0000] {processor.py:208} INFO - Processing /home/airflow/.local/lib/python3.12/site-packages/airflow/example_dags/example_complex.py took 0.072 seconds
[2024-11-26T18:45:12.889+0000] {processor.py:186} INFO - Started process (PID=249) to work on /home/airflow/.local/lib/python3.12/site-packages/airflow/example_dags/example_complex.py
[2024-11-26T18:45:12.890+0000] {processor.py:914} INFO - Processing file /home/airflow/.local/lib/python3.12/site-packages/airflow/example_dags/example_complex.py for tasks to queue
[2024-11-26T18:45:12.892+0000] {logging_mixin.py:190} INFO - [2024-11-26T18:45:12.891+0000] {dagbag.py:588} INFO - Filling up the DagBag from /home/airflow/.local/lib/python3.12/site-packages/airflow/example_dags/example_complex.py
[2024-11-26T18:45:12.901+0000] {processor.py:925} INFO - DAG(s) 'example_complex' retrieved from /home/airflow/.local/lib/python3.12/site-packages/airflow/example_dags/example_complex.py
[2024-11-26T18:45:12.926+0000] {logging_mixin.py:190} INFO - [2024-11-26T18:45:12.925+0000] {dag.py:3239} INFO - Sync 1 DAGs
[2024-11-26T18:45:12.936+0000] {logging_mixin.py:190} INFO - [2024-11-26T18:45:12.936+0000] {dag.py:4180} INFO - Setting next_dagrun for example_complex to None, run_after=None
[2024-11-26T18:45:12.952+0000] {processor.py:208} INFO - Processing /home/airflow/.local/lib/python3.12/site-packages/airflow/example_dags/example_complex.py took 0.067 seconds
[2024-11-26T18:45:44.734+0000] {processor.py:186} INFO - Started process (PID=324) to work on /home/airflow/.local/lib/python3.12/site-packages/airflow/example_dags/example_complex.py
[2024-11-26T18:45:44.735+0000] {processor.py:914} INFO - Processing file /home/airflow/.local/lib/python3.12/site-packages/airflow/example_dags/example_complex.py for tasks to queue
[2024-11-26T18:45:44.737+0000] {logging_mixin.py:190} INFO - [2024-11-26T18:45:44.737+0000] {dagbag.py:588} INFO - Filling up the DagBag from /home/airflow/.local/lib/python3.12/site-packages/airflow/example_dags/example_complex.py
[2024-11-26T18:45:44.746+0000] {processor.py:925} INFO - DAG(s) 'example_complex' retrieved from /home/airflow/.local/lib/python3.12/site-packages/airflow/example_dags/example_complex.py
[2024-11-26T18:45:44.773+0000] {logging_mixin.py:190} INFO - [2024-11-26T18:45:44.773+0000] {dag.py:3239} INFO - Sync 1 DAGs
[2024-11-26T18:45:44.785+0000] {logging_mixin.py:190} INFO - [2024-11-26T18:45:44.785+0000] {dag.py:4180} INFO - Setting next_dagrun for example_complex to None, run_after=None
[2024-11-26T18:45:44.802+0000] {processor.py:208} INFO - Processing /home/airflow/.local/lib/python3.12/site-packages/airflow/example_dags/example_complex.py took 0.072 seconds
[2024-11-26T18:46:15.409+0000] {processor.py:186} INFO - Started process (PID=398) to work on /home/airflow/.local/lib/python3.12/site-packages/airflow/example_dags/example_complex.py
[2024-11-26T18:46:15.409+0000] {processor.py:914} INFO - Processing file /home/airflow/.local/lib/python3.12/site-packages/airflow/example_dags/example_complex.py for tasks to queue
[2024-11-26T18:46:15.411+0000] {logging_mixin.py:190} INFO - [2024-11-26T18:46:15.411+0000] {dagbag.py:588} INFO - Filling up the DagBag from /home/airflow/.local/lib/python3.12/site-packages/airflow/example_dags/example_complex.py
[2024-11-26T18:46:15.420+0000] {processor.py:925} INFO - DAG(s) 'example_complex' retrieved from /home/airflow/.local/lib/python3.12/site-packages/airflow/example_dags/example_complex.py
[2024-11-26T18:46:15.445+0000] {logging_mixin.py:190} INFO - [2024-11-26T18:46:15.444+0000] {dag.py:3239} INFO - Sync 1 DAGs
[2024-11-26T18:46:15.456+0000] {logging_mixin.py:190} INFO - [2024-11-26T18:46:15.455+0000] {dag.py:4180} INFO - Setting next_dagrun for example_complex to None, run_after=None
[2024-11-26T18:46:15.469+0000] {processor.py:208} INFO - Processing /home/airflow/.local/lib/python3.12/site-packages/airflow/example_dags/example_complex.py took 0.065 seconds
