[2024-11-26T17:54:00.637+0000] {processor.py:186} INFO - Started process (PID=114) to work on /home/airflow/.local/lib/python3.12/site-packages/airflow/example_dags/example_trigger_target_dag.py
[2024-11-26T17:54:00.638+0000] {processor.py:914} INFO - Processing file /home/airflow/.local/lib/python3.12/site-packages/airflow/example_dags/example_trigger_target_dag.py for tasks to queue
[2024-11-26T17:54:00.641+0000] {logging_mixin.py:190} INFO - [2024-11-26T17:54:00.640+0000] {dagbag.py:588} INFO - Filling up the DagBag from /home/airflow/.local/lib/python3.12/site-packages/airflow/example_dags/example_trigger_target_dag.py
[2024-11-26T17:54:00.648+0000] {processor.py:925} INFO - DAG(s) 'example_trigger_target_dag' retrieved from /home/airflow/.local/lib/python3.12/site-packages/airflow/example_dags/example_trigger_target_dag.py
[2024-11-26T17:54:00.750+0000] {logging_mixin.py:190} INFO - [2024-11-26T17:54:00.749+0000] {override.py:1911} INFO - Created Permission View: can read on DAG:example_trigger_target_dag
[2024-11-26T17:54:00.764+0000] {logging_mixin.py:190} INFO - [2024-11-26T17:54:00.763+0000] {override.py:1911} INFO - Created Permission View: can delete on DAG:example_trigger_target_dag
[2024-11-26T17:54:00.772+0000] {logging_mixin.py:190} INFO - [2024-11-26T17:54:00.771+0000] {override.py:1911} INFO - Created Permission View: can edit on DAG:example_trigger_target_dag
[2024-11-26T17:54:00.790+0000] {logging_mixin.py:190} INFO - [2024-11-26T17:54:00.789+0000] {override.py:1911} INFO - Created Permission View: can create on DAG Run:example_trigger_target_dag
[2024-11-26T17:54:00.800+0000] {logging_mixin.py:190} INFO - [2024-11-26T17:54:00.800+0000] {override.py:1911} INFO - Created Permission View: can read on DAG Run:example_trigger_target_dag
[2024-11-26T17:54:00.808+0000] {logging_mixin.py:190} INFO - [2024-11-26T17:54:00.808+0000] {override.py:1911} INFO - Created Permission View: can delete on DAG Run:example_trigger_target_dag
[2024-11-26T17:54:00.817+0000] {logging_mixin.py:190} INFO - [2024-11-26T17:54:00.817+0000] {override.py:1911} INFO - Created Permission View: menu access on DAG Run:example_trigger_target_dag
[2024-11-26T17:54:00.818+0000] {logging_mixin.py:190} INFO - [2024-11-26T17:54:00.818+0000] {dag.py:3239} INFO - Sync 1 DAGs
[2024-11-26T17:54:00.829+0000] {logging_mixin.py:190} INFO - [2024-11-26T17:54:00.829+0000] {dag.py:3262} INFO - Creating ORM DAG for example_trigger_target_dag
[2024-11-26T17:54:00.829+0000] {logging_mixin.py:190} INFO - [2024-11-26T17:54:00.829+0000] {dag.py:4180} INFO - Setting next_dagrun for example_trigger_target_dag to None, run_after=None
[2024-11-26T17:54:00.848+0000] {processor.py:208} INFO - Processing /home/airflow/.local/lib/python3.12/site-packages/airflow/example_dags/example_trigger_target_dag.py took 0.215 seconds
[2024-11-26T17:54:31.226+0000] {processor.py:186} INFO - Started process (PID=177) to work on /home/airflow/.local/lib/python3.12/site-packages/airflow/example_dags/example_trigger_target_dag.py
[2024-11-26T17:54:31.227+0000] {processor.py:914} INFO - Processing file /home/airflow/.local/lib/python3.12/site-packages/airflow/example_dags/example_trigger_target_dag.py for tasks to queue
[2024-11-26T17:54:31.228+0000] {logging_mixin.py:190} INFO - [2024-11-26T17:54:31.228+0000] {dagbag.py:588} INFO - Filling up the DagBag from /home/airflow/.local/lib/python3.12/site-packages/airflow/example_dags/example_trigger_target_dag.py
[2024-11-26T17:54:31.234+0000] {processor.py:925} INFO - DAG(s) 'example_trigger_target_dag' retrieved from /home/airflow/.local/lib/python3.12/site-packages/airflow/example_dags/example_trigger_target_dag.py
[2024-11-26T17:54:31.249+0000] {logging_mixin.py:190} INFO - [2024-11-26T17:54:31.249+0000] {dag.py:3239} INFO - Sync 1 DAGs
[2024-11-26T17:54:31.260+0000] {logging_mixin.py:190} INFO - [2024-11-26T17:54:31.260+0000] {dag.py:4180} INFO - Setting next_dagrun for example_trigger_target_dag to None, run_after=None
[2024-11-26T17:54:31.274+0000] {processor.py:208} INFO - Processing /home/airflow/.local/lib/python3.12/site-packages/airflow/example_dags/example_trigger_target_dag.py took 0.053 seconds
[2024-11-26T17:55:01.828+0000] {processor.py:186} INFO - Started process (PID=240) to work on /home/airflow/.local/lib/python3.12/site-packages/airflow/example_dags/example_trigger_target_dag.py
[2024-11-26T17:55:01.828+0000] {processor.py:914} INFO - Processing file /home/airflow/.local/lib/python3.12/site-packages/airflow/example_dags/example_trigger_target_dag.py for tasks to queue
[2024-11-26T17:55:01.830+0000] {logging_mixin.py:190} INFO - [2024-11-26T17:55:01.830+0000] {dagbag.py:588} INFO - Filling up the DagBag from /home/airflow/.local/lib/python3.12/site-packages/airflow/example_dags/example_trigger_target_dag.py
[2024-11-26T17:55:01.836+0000] {processor.py:925} INFO - DAG(s) 'example_trigger_target_dag' retrieved from /home/airflow/.local/lib/python3.12/site-packages/airflow/example_dags/example_trigger_target_dag.py
[2024-11-26T17:55:01.851+0000] {logging_mixin.py:190} INFO - [2024-11-26T17:55:01.851+0000] {dag.py:3239} INFO - Sync 1 DAGs
[2024-11-26T17:55:01.863+0000] {logging_mixin.py:190} INFO - [2024-11-26T17:55:01.863+0000] {dag.py:4180} INFO - Setting next_dagrun for example_trigger_target_dag to None, run_after=None
[2024-11-26T17:55:01.878+0000] {processor.py:208} INFO - Processing /home/airflow/.local/lib/python3.12/site-packages/airflow/example_dags/example_trigger_target_dag.py took 0.055 seconds
[2024-11-26T17:55:32.349+0000] {processor.py:186} INFO - Started process (PID=303) to work on /home/airflow/.local/lib/python3.12/site-packages/airflow/example_dags/example_trigger_target_dag.py
[2024-11-26T17:55:32.349+0000] {processor.py:914} INFO - Processing file /home/airflow/.local/lib/python3.12/site-packages/airflow/example_dags/example_trigger_target_dag.py for tasks to queue
[2024-11-26T17:55:32.351+0000] {logging_mixin.py:190} INFO - [2024-11-26T17:55:32.351+0000] {dagbag.py:588} INFO - Filling up the DagBag from /home/airflow/.local/lib/python3.12/site-packages/airflow/example_dags/example_trigger_target_dag.py
[2024-11-26T17:55:32.356+0000] {processor.py:925} INFO - DAG(s) 'example_trigger_target_dag' retrieved from /home/airflow/.local/lib/python3.12/site-packages/airflow/example_dags/example_trigger_target_dag.py
[2024-11-26T17:55:32.371+0000] {logging_mixin.py:190} INFO - [2024-11-26T17:55:32.371+0000] {dag.py:3239} INFO - Sync 1 DAGs
[2024-11-26T17:55:32.382+0000] {logging_mixin.py:190} INFO - [2024-11-26T17:55:32.382+0000] {dag.py:4180} INFO - Setting next_dagrun for example_trigger_target_dag to None, run_after=None
[2024-11-26T17:55:32.399+0000] {processor.py:208} INFO - Processing /home/airflow/.local/lib/python3.12/site-packages/airflow/example_dags/example_trigger_target_dag.py took 0.054 seconds
[2024-11-26T17:56:03.215+0000] {processor.py:186} INFO - Started process (PID=366) to work on /home/airflow/.local/lib/python3.12/site-packages/airflow/example_dags/example_trigger_target_dag.py
[2024-11-26T17:56:03.216+0000] {processor.py:914} INFO - Processing file /home/airflow/.local/lib/python3.12/site-packages/airflow/example_dags/example_trigger_target_dag.py for tasks to queue
[2024-11-26T17:56:03.218+0000] {logging_mixin.py:190} INFO - [2024-11-26T17:56:03.217+0000] {dagbag.py:588} INFO - Filling up the DagBag from /home/airflow/.local/lib/python3.12/site-packages/airflow/example_dags/example_trigger_target_dag.py
[2024-11-26T17:56:03.224+0000] {processor.py:925} INFO - DAG(s) 'example_trigger_target_dag' retrieved from /home/airflow/.local/lib/python3.12/site-packages/airflow/example_dags/example_trigger_target_dag.py
[2024-11-26T17:56:03.238+0000] {logging_mixin.py:190} INFO - [2024-11-26T17:56:03.238+0000] {dag.py:3239} INFO - Sync 1 DAGs
[2024-11-26T17:56:03.248+0000] {logging_mixin.py:190} INFO - [2024-11-26T17:56:03.248+0000] {dag.py:4180} INFO - Setting next_dagrun for example_trigger_target_dag to None, run_after=None
[2024-11-26T17:56:03.261+0000] {processor.py:208} INFO - Processing /home/airflow/.local/lib/python3.12/site-packages/airflow/example_dags/example_trigger_target_dag.py took 0.050 seconds
[2024-11-26T17:56:34.116+0000] {processor.py:186} INFO - Started process (PID=429) to work on /home/airflow/.local/lib/python3.12/site-packages/airflow/example_dags/example_trigger_target_dag.py
[2024-11-26T17:56:34.116+0000] {processor.py:914} INFO - Processing file /home/airflow/.local/lib/python3.12/site-packages/airflow/example_dags/example_trigger_target_dag.py for tasks to queue
[2024-11-26T17:56:34.118+0000] {logging_mixin.py:190} INFO - [2024-11-26T17:56:34.118+0000] {dagbag.py:588} INFO - Filling up the DagBag from /home/airflow/.local/lib/python3.12/site-packages/airflow/example_dags/example_trigger_target_dag.py
[2024-11-26T17:56:34.123+0000] {processor.py:925} INFO - DAG(s) 'example_trigger_target_dag' retrieved from /home/airflow/.local/lib/python3.12/site-packages/airflow/example_dags/example_trigger_target_dag.py
[2024-11-26T17:56:34.138+0000] {logging_mixin.py:190} INFO - [2024-11-26T17:56:34.138+0000] {dag.py:3239} INFO - Sync 1 DAGs
[2024-11-26T17:56:34.149+0000] {logging_mixin.py:190} INFO - [2024-11-26T17:56:34.149+0000] {dag.py:4180} INFO - Setting next_dagrun for example_trigger_target_dag to None, run_after=None
[2024-11-26T17:56:34.164+0000] {processor.py:208} INFO - Processing /home/airflow/.local/lib/python3.12/site-packages/airflow/example_dags/example_trigger_target_dag.py took 0.052 seconds
[2024-11-26T17:57:05.032+0000] {processor.py:186} INFO - Started process (PID=492) to work on /home/airflow/.local/lib/python3.12/site-packages/airflow/example_dags/example_trigger_target_dag.py
[2024-11-26T17:57:05.033+0000] {processor.py:914} INFO - Processing file /home/airflow/.local/lib/python3.12/site-packages/airflow/example_dags/example_trigger_target_dag.py for tasks to queue
[2024-11-26T17:57:05.034+0000] {logging_mixin.py:190} INFO - [2024-11-26T17:57:05.034+0000] {dagbag.py:588} INFO - Filling up the DagBag from /home/airflow/.local/lib/python3.12/site-packages/airflow/example_dags/example_trigger_target_dag.py
[2024-11-26T17:57:05.041+0000] {processor.py:925} INFO - DAG(s) 'example_trigger_target_dag' retrieved from /home/airflow/.local/lib/python3.12/site-packages/airflow/example_dags/example_trigger_target_dag.py
[2024-11-26T17:57:05.055+0000] {logging_mixin.py:190} INFO - [2024-11-26T17:57:05.055+0000] {dag.py:3239} INFO - Sync 1 DAGs
[2024-11-26T17:57:05.065+0000] {logging_mixin.py:190} INFO - [2024-11-26T17:57:05.065+0000] {dag.py:4180} INFO - Setting next_dagrun for example_trigger_target_dag to None, run_after=None
[2024-11-26T17:57:05.079+0000] {processor.py:208} INFO - Processing /home/airflow/.local/lib/python3.12/site-packages/airflow/example_dags/example_trigger_target_dag.py took 0.052 seconds
[2024-11-26T17:57:36.006+0000] {processor.py:186} INFO - Started process (PID=555) to work on /home/airflow/.local/lib/python3.12/site-packages/airflow/example_dags/example_trigger_target_dag.py
[2024-11-26T17:57:36.009+0000] {processor.py:914} INFO - Processing file /home/airflow/.local/lib/python3.12/site-packages/airflow/example_dags/example_trigger_target_dag.py for tasks to queue
[2024-11-26T17:57:36.011+0000] {logging_mixin.py:190} INFO - [2024-11-26T17:57:36.011+0000] {dagbag.py:588} INFO - Filling up the DagBag from /home/airflow/.local/lib/python3.12/site-packages/airflow/example_dags/example_trigger_target_dag.py
[2024-11-26T17:57:36.019+0000] {processor.py:925} INFO - DAG(s) 'example_trigger_target_dag' retrieved from /home/airflow/.local/lib/python3.12/site-packages/airflow/example_dags/example_trigger_target_dag.py
[2024-11-26T17:57:36.035+0000] {logging_mixin.py:190} INFO - [2024-11-26T17:57:36.034+0000] {dag.py:3239} INFO - Sync 1 DAGs
[2024-11-26T17:57:36.046+0000] {logging_mixin.py:190} INFO - [2024-11-26T17:57:36.046+0000] {dag.py:4180} INFO - Setting next_dagrun for example_trigger_target_dag to None, run_after=None
[2024-11-26T17:57:36.064+0000] {processor.py:208} INFO - Processing /home/airflow/.local/lib/python3.12/site-packages/airflow/example_dags/example_trigger_target_dag.py took 0.061 seconds
[2024-11-26T17:58:07.026+0000] {processor.py:186} INFO - Started process (PID=618) to work on /home/airflow/.local/lib/python3.12/site-packages/airflow/example_dags/example_trigger_target_dag.py
[2024-11-26T17:58:07.027+0000] {processor.py:914} INFO - Processing file /home/airflow/.local/lib/python3.12/site-packages/airflow/example_dags/example_trigger_target_dag.py for tasks to queue
[2024-11-26T17:58:07.030+0000] {logging_mixin.py:190} INFO - [2024-11-26T17:58:07.029+0000] {dagbag.py:588} INFO - Filling up the DagBag from /home/airflow/.local/lib/python3.12/site-packages/airflow/example_dags/example_trigger_target_dag.py
[2024-11-26T17:58:07.038+0000] {processor.py:925} INFO - DAG(s) 'example_trigger_target_dag' retrieved from /home/airflow/.local/lib/python3.12/site-packages/airflow/example_dags/example_trigger_target_dag.py
[2024-11-26T17:58:07.053+0000] {logging_mixin.py:190} INFO - [2024-11-26T17:58:07.053+0000] {dag.py:3239} INFO - Sync 1 DAGs
[2024-11-26T17:58:07.066+0000] {logging_mixin.py:190} INFO - [2024-11-26T17:58:07.065+0000] {dag.py:4180} INFO - Setting next_dagrun for example_trigger_target_dag to None, run_after=None
[2024-11-26T17:58:07.081+0000] {processor.py:208} INFO - Processing /home/airflow/.local/lib/python3.12/site-packages/airflow/example_dags/example_trigger_target_dag.py took 0.060 seconds
[2024-11-26T17:58:37.895+0000] {processor.py:186} INFO - Started process (PID=681) to work on /home/airflow/.local/lib/python3.12/site-packages/airflow/example_dags/example_trigger_target_dag.py
[2024-11-26T17:58:37.895+0000] {processor.py:914} INFO - Processing file /home/airflow/.local/lib/python3.12/site-packages/airflow/example_dags/example_trigger_target_dag.py for tasks to queue
[2024-11-26T17:58:37.898+0000] {logging_mixin.py:190} INFO - [2024-11-26T17:58:37.897+0000] {dagbag.py:588} INFO - Filling up the DagBag from /home/airflow/.local/lib/python3.12/site-packages/airflow/example_dags/example_trigger_target_dag.py
[2024-11-26T17:58:37.903+0000] {processor.py:925} INFO - DAG(s) 'example_trigger_target_dag' retrieved from /home/airflow/.local/lib/python3.12/site-packages/airflow/example_dags/example_trigger_target_dag.py
[2024-11-26T17:58:37.919+0000] {logging_mixin.py:190} INFO - [2024-11-26T17:58:37.919+0000] {dag.py:3239} INFO - Sync 1 DAGs
[2024-11-26T17:58:37.930+0000] {logging_mixin.py:190} INFO - [2024-11-26T17:58:37.929+0000] {dag.py:4180} INFO - Setting next_dagrun for example_trigger_target_dag to None, run_after=None
[2024-11-26T17:58:37.943+0000] {processor.py:208} INFO - Processing /home/airflow/.local/lib/python3.12/site-packages/airflow/example_dags/example_trigger_target_dag.py took 0.053 seconds
[2024-11-26T17:59:08.582+0000] {processor.py:186} INFO - Started process (PID=744) to work on /home/airflow/.local/lib/python3.12/site-packages/airflow/example_dags/example_trigger_target_dag.py
[2024-11-26T17:59:08.583+0000] {processor.py:914} INFO - Processing file /home/airflow/.local/lib/python3.12/site-packages/airflow/example_dags/example_trigger_target_dag.py for tasks to queue
[2024-11-26T17:59:08.584+0000] {logging_mixin.py:190} INFO - [2024-11-26T17:59:08.584+0000] {dagbag.py:588} INFO - Filling up the DagBag from /home/airflow/.local/lib/python3.12/site-packages/airflow/example_dags/example_trigger_target_dag.py
[2024-11-26T17:59:08.590+0000] {processor.py:925} INFO - DAG(s) 'example_trigger_target_dag' retrieved from /home/airflow/.local/lib/python3.12/site-packages/airflow/example_dags/example_trigger_target_dag.py
[2024-11-26T17:59:08.604+0000] {logging_mixin.py:190} INFO - [2024-11-26T17:59:08.604+0000] {dag.py:3239} INFO - Sync 1 DAGs
[2024-11-26T17:59:08.615+0000] {logging_mixin.py:190} INFO - [2024-11-26T17:59:08.615+0000] {dag.py:4180} INFO - Setting next_dagrun for example_trigger_target_dag to None, run_after=None
[2024-11-26T17:59:08.628+0000] {processor.py:208} INFO - Processing /home/airflow/.local/lib/python3.12/site-packages/airflow/example_dags/example_trigger_target_dag.py took 0.050 seconds
[2024-11-26T18:06:09.019+0000] {processor.py:186} INFO - Started process (PID=109) to work on /home/airflow/.local/lib/python3.12/site-packages/airflow/example_dags/example_trigger_target_dag.py
[2024-11-26T18:06:09.019+0000] {processor.py:914} INFO - Processing file /home/airflow/.local/lib/python3.12/site-packages/airflow/example_dags/example_trigger_target_dag.py for tasks to queue
[2024-11-26T18:06:09.021+0000] {logging_mixin.py:190} INFO - [2024-11-26T18:06:09.021+0000] {dagbag.py:588} INFO - Filling up the DagBag from /home/airflow/.local/lib/python3.12/site-packages/airflow/example_dags/example_trigger_target_dag.py
[2024-11-26T18:06:09.027+0000] {processor.py:925} INFO - DAG(s) 'example_trigger_target_dag' retrieved from /home/airflow/.local/lib/python3.12/site-packages/airflow/example_dags/example_trigger_target_dag.py
[2024-11-26T18:06:09.043+0000] {logging_mixin.py:190} INFO - [2024-11-26T18:06:09.042+0000] {dag.py:3239} INFO - Sync 1 DAGs
[2024-11-26T18:06:09.055+0000] {logging_mixin.py:190} INFO - [2024-11-26T18:06:09.054+0000] {dag.py:4180} INFO - Setting next_dagrun for example_trigger_target_dag to None, run_after=None
[2024-11-26T18:06:09.070+0000] {processor.py:208} INFO - Processing /home/airflow/.local/lib/python3.12/site-packages/airflow/example_dags/example_trigger_target_dag.py took 0.055 seconds
[2024-11-26T18:06:40.208+0000] {processor.py:186} INFO - Started process (PID=173) to work on /home/airflow/.local/lib/python3.12/site-packages/airflow/example_dags/example_trigger_target_dag.py
[2024-11-26T18:06:40.209+0000] {processor.py:914} INFO - Processing file /home/airflow/.local/lib/python3.12/site-packages/airflow/example_dags/example_trigger_target_dag.py for tasks to queue
[2024-11-26T18:06:40.211+0000] {logging_mixin.py:190} INFO - [2024-11-26T18:06:40.210+0000] {dagbag.py:588} INFO - Filling up the DagBag from /home/airflow/.local/lib/python3.12/site-packages/airflow/example_dags/example_trigger_target_dag.py
[2024-11-26T18:06:40.217+0000] {processor.py:925} INFO - DAG(s) 'example_trigger_target_dag' retrieved from /home/airflow/.local/lib/python3.12/site-packages/airflow/example_dags/example_trigger_target_dag.py
[2024-11-26T18:06:40.238+0000] {logging_mixin.py:190} INFO - [2024-11-26T18:06:40.237+0000] {dag.py:3239} INFO - Sync 1 DAGs
[2024-11-26T18:06:40.251+0000] {logging_mixin.py:190} INFO - [2024-11-26T18:06:40.250+0000] {dag.py:4180} INFO - Setting next_dagrun for example_trigger_target_dag to None, run_after=None
[2024-11-26T18:06:40.272+0000] {processor.py:208} INFO - Processing /home/airflow/.local/lib/python3.12/site-packages/airflow/example_dags/example_trigger_target_dag.py took 0.068 seconds
[2024-11-26T18:07:11.255+0000] {processor.py:186} INFO - Started process (PID=237) to work on /home/airflow/.local/lib/python3.12/site-packages/airflow/example_dags/example_trigger_target_dag.py
[2024-11-26T18:07:11.256+0000] {processor.py:914} INFO - Processing file /home/airflow/.local/lib/python3.12/site-packages/airflow/example_dags/example_trigger_target_dag.py for tasks to queue
[2024-11-26T18:07:11.258+0000] {logging_mixin.py:190} INFO - [2024-11-26T18:07:11.258+0000] {dagbag.py:588} INFO - Filling up the DagBag from /home/airflow/.local/lib/python3.12/site-packages/airflow/example_dags/example_trigger_target_dag.py
[2024-11-26T18:07:11.263+0000] {processor.py:925} INFO - DAG(s) 'example_trigger_target_dag' retrieved from /home/airflow/.local/lib/python3.12/site-packages/airflow/example_dags/example_trigger_target_dag.py
[2024-11-26T18:07:11.277+0000] {logging_mixin.py:190} INFO - [2024-11-26T18:07:11.277+0000] {dag.py:3239} INFO - Sync 1 DAGs
[2024-11-26T18:07:11.288+0000] {logging_mixin.py:190} INFO - [2024-11-26T18:07:11.287+0000] {dag.py:4180} INFO - Setting next_dagrun for example_trigger_target_dag to None, run_after=None
[2024-11-26T18:07:11.302+0000] {processor.py:208} INFO - Processing /home/airflow/.local/lib/python3.12/site-packages/airflow/example_dags/example_trigger_target_dag.py took 0.051 seconds
[2024-11-26T18:07:41.873+0000] {processor.py:186} INFO - Started process (PID=301) to work on /home/airflow/.local/lib/python3.12/site-packages/airflow/example_dags/example_trigger_target_dag.py
[2024-11-26T18:07:41.874+0000] {processor.py:914} INFO - Processing file /home/airflow/.local/lib/python3.12/site-packages/airflow/example_dags/example_trigger_target_dag.py for tasks to queue
[2024-11-26T18:07:41.876+0000] {logging_mixin.py:190} INFO - [2024-11-26T18:07:41.875+0000] {dagbag.py:588} INFO - Filling up the DagBag from /home/airflow/.local/lib/python3.12/site-packages/airflow/example_dags/example_trigger_target_dag.py
[2024-11-26T18:07:41.881+0000] {processor.py:925} INFO - DAG(s) 'example_trigger_target_dag' retrieved from /home/airflow/.local/lib/python3.12/site-packages/airflow/example_dags/example_trigger_target_dag.py
[2024-11-26T18:07:41.896+0000] {logging_mixin.py:190} INFO - [2024-11-26T18:07:41.895+0000] {dag.py:3239} INFO - Sync 1 DAGs
[2024-11-26T18:07:41.906+0000] {logging_mixin.py:190} INFO - [2024-11-26T18:07:41.906+0000] {dag.py:4180} INFO - Setting next_dagrun for example_trigger_target_dag to None, run_after=None
[2024-11-26T18:07:41.921+0000] {processor.py:208} INFO - Processing /home/airflow/.local/lib/python3.12/site-packages/airflow/example_dags/example_trigger_target_dag.py took 0.052 seconds
[2024-11-26T18:08:12.592+0000] {processor.py:186} INFO - Started process (PID=365) to work on /home/airflow/.local/lib/python3.12/site-packages/airflow/example_dags/example_trigger_target_dag.py
[2024-11-26T18:08:12.593+0000] {processor.py:914} INFO - Processing file /home/airflow/.local/lib/python3.12/site-packages/airflow/example_dags/example_trigger_target_dag.py for tasks to queue
[2024-11-26T18:08:12.594+0000] {logging_mixin.py:190} INFO - [2024-11-26T18:08:12.594+0000] {dagbag.py:588} INFO - Filling up the DagBag from /home/airflow/.local/lib/python3.12/site-packages/airflow/example_dags/example_trigger_target_dag.py
[2024-11-26T18:08:12.600+0000] {processor.py:925} INFO - DAG(s) 'example_trigger_target_dag' retrieved from /home/airflow/.local/lib/python3.12/site-packages/airflow/example_dags/example_trigger_target_dag.py
[2024-11-26T18:08:12.613+0000] {logging_mixin.py:190} INFO - [2024-11-26T18:08:12.613+0000] {dag.py:3239} INFO - Sync 1 DAGs
[2024-11-26T18:08:12.623+0000] {logging_mixin.py:190} INFO - [2024-11-26T18:08:12.623+0000] {dag.py:4180} INFO - Setting next_dagrun for example_trigger_target_dag to None, run_after=None
[2024-11-26T18:08:12.637+0000] {processor.py:208} INFO - Processing /home/airflow/.local/lib/python3.12/site-packages/airflow/example_dags/example_trigger_target_dag.py took 0.049 seconds
[2024-11-26T18:08:43.349+0000] {processor.py:186} INFO - Started process (PID=429) to work on /home/airflow/.local/lib/python3.12/site-packages/airflow/example_dags/example_trigger_target_dag.py
[2024-11-26T18:08:43.349+0000] {processor.py:914} INFO - Processing file /home/airflow/.local/lib/python3.12/site-packages/airflow/example_dags/example_trigger_target_dag.py for tasks to queue
[2024-11-26T18:08:43.351+0000] {logging_mixin.py:190} INFO - [2024-11-26T18:08:43.351+0000] {dagbag.py:588} INFO - Filling up the DagBag from /home/airflow/.local/lib/python3.12/site-packages/airflow/example_dags/example_trigger_target_dag.py
[2024-11-26T18:08:43.356+0000] {processor.py:925} INFO - DAG(s) 'example_trigger_target_dag' retrieved from /home/airflow/.local/lib/python3.12/site-packages/airflow/example_dags/example_trigger_target_dag.py
[2024-11-26T18:08:43.370+0000] {logging_mixin.py:190} INFO - [2024-11-26T18:08:43.370+0000] {dag.py:3239} INFO - Sync 1 DAGs
[2024-11-26T18:08:43.381+0000] {logging_mixin.py:190} INFO - [2024-11-26T18:08:43.380+0000] {dag.py:4180} INFO - Setting next_dagrun for example_trigger_target_dag to None, run_after=None
[2024-11-26T18:08:43.394+0000] {processor.py:208} INFO - Processing /home/airflow/.local/lib/python3.12/site-packages/airflow/example_dags/example_trigger_target_dag.py took 0.049 seconds
[2024-11-26T18:09:14.192+0000] {processor.py:186} INFO - Started process (PID=494) to work on /home/airflow/.local/lib/python3.12/site-packages/airflow/example_dags/example_trigger_target_dag.py
[2024-11-26T18:09:14.193+0000] {processor.py:914} INFO - Processing file /home/airflow/.local/lib/python3.12/site-packages/airflow/example_dags/example_trigger_target_dag.py for tasks to queue
[2024-11-26T18:09:14.194+0000] {logging_mixin.py:190} INFO - [2024-11-26T18:09:14.194+0000] {dagbag.py:588} INFO - Filling up the DagBag from /home/airflow/.local/lib/python3.12/site-packages/airflow/example_dags/example_trigger_target_dag.py
[2024-11-26T18:09:14.200+0000] {processor.py:925} INFO - DAG(s) 'example_trigger_target_dag' retrieved from /home/airflow/.local/lib/python3.12/site-packages/airflow/example_dags/example_trigger_target_dag.py
[2024-11-26T18:09:14.215+0000] {logging_mixin.py:190} INFO - [2024-11-26T18:09:14.215+0000] {dag.py:3239} INFO - Sync 1 DAGs
[2024-11-26T18:09:14.229+0000] {logging_mixin.py:190} INFO - [2024-11-26T18:09:14.229+0000] {dag.py:4180} INFO - Setting next_dagrun for example_trigger_target_dag to None, run_after=None
[2024-11-26T18:09:14.244+0000] {processor.py:208} INFO - Processing /home/airflow/.local/lib/python3.12/site-packages/airflow/example_dags/example_trigger_target_dag.py took 0.056 seconds
[2024-11-26T18:09:45.044+0000] {processor.py:186} INFO - Started process (PID=558) to work on /home/airflow/.local/lib/python3.12/site-packages/airflow/example_dags/example_trigger_target_dag.py
[2024-11-26T18:09:45.045+0000] {processor.py:914} INFO - Processing file /home/airflow/.local/lib/python3.12/site-packages/airflow/example_dags/example_trigger_target_dag.py for tasks to queue
[2024-11-26T18:09:45.047+0000] {logging_mixin.py:190} INFO - [2024-11-26T18:09:45.047+0000] {dagbag.py:588} INFO - Filling up the DagBag from /home/airflow/.local/lib/python3.12/site-packages/airflow/example_dags/example_trigger_target_dag.py
[2024-11-26T18:09:45.052+0000] {processor.py:925} INFO - DAG(s) 'example_trigger_target_dag' retrieved from /home/airflow/.local/lib/python3.12/site-packages/airflow/example_dags/example_trigger_target_dag.py
[2024-11-26T18:09:45.066+0000] {logging_mixin.py:190} INFO - [2024-11-26T18:09:45.066+0000] {dag.py:3239} INFO - Sync 1 DAGs
[2024-11-26T18:09:45.077+0000] {logging_mixin.py:190} INFO - [2024-11-26T18:09:45.076+0000] {dag.py:4180} INFO - Setting next_dagrun for example_trigger_target_dag to None, run_after=None
[2024-11-26T18:09:45.091+0000] {processor.py:208} INFO - Processing /home/airflow/.local/lib/python3.12/site-packages/airflow/example_dags/example_trigger_target_dag.py took 0.051 seconds
[2024-11-26T18:10:16.133+0000] {processor.py:186} INFO - Started process (PID=621) to work on /home/airflow/.local/lib/python3.12/site-packages/airflow/example_dags/example_trigger_target_dag.py
[2024-11-26T18:10:16.134+0000] {processor.py:914} INFO - Processing file /home/airflow/.local/lib/python3.12/site-packages/airflow/example_dags/example_trigger_target_dag.py for tasks to queue
[2024-11-26T18:10:16.136+0000] {logging_mixin.py:190} INFO - [2024-11-26T18:10:16.135+0000] {dagbag.py:588} INFO - Filling up the DagBag from /home/airflow/.local/lib/python3.12/site-packages/airflow/example_dags/example_trigger_target_dag.py
[2024-11-26T18:10:16.142+0000] {processor.py:925} INFO - DAG(s) 'example_trigger_target_dag' retrieved from /home/airflow/.local/lib/python3.12/site-packages/airflow/example_dags/example_trigger_target_dag.py
[2024-11-26T18:10:16.158+0000] {logging_mixin.py:190} INFO - [2024-11-26T18:10:16.158+0000] {dag.py:3239} INFO - Sync 1 DAGs
[2024-11-26T18:10:16.170+0000] {logging_mixin.py:190} INFO - [2024-11-26T18:10:16.169+0000] {dag.py:4180} INFO - Setting next_dagrun for example_trigger_target_dag to None, run_after=None
[2024-11-26T18:10:16.189+0000] {processor.py:208} INFO - Processing /home/airflow/.local/lib/python3.12/site-packages/airflow/example_dags/example_trigger_target_dag.py took 0.060 seconds
[2024-11-26T18:10:47.453+0000] {processor.py:186} INFO - Started process (PID=684) to work on /home/airflow/.local/lib/python3.12/site-packages/airflow/example_dags/example_trigger_target_dag.py
[2024-11-26T18:10:47.453+0000] {processor.py:914} INFO - Processing file /home/airflow/.local/lib/python3.12/site-packages/airflow/example_dags/example_trigger_target_dag.py for tasks to queue
[2024-11-26T18:10:47.454+0000] {logging_mixin.py:190} INFO - [2024-11-26T18:10:47.454+0000] {dagbag.py:588} INFO - Filling up the DagBag from /home/airflow/.local/lib/python3.12/site-packages/airflow/example_dags/example_trigger_target_dag.py
[2024-11-26T18:10:47.460+0000] {processor.py:925} INFO - DAG(s) 'example_trigger_target_dag' retrieved from /home/airflow/.local/lib/python3.12/site-packages/airflow/example_dags/example_trigger_target_dag.py
[2024-11-26T18:10:47.474+0000] {logging_mixin.py:190} INFO - [2024-11-26T18:10:47.474+0000] {dag.py:3239} INFO - Sync 1 DAGs
[2024-11-26T18:10:47.485+0000] {logging_mixin.py:190} INFO - [2024-11-26T18:10:47.485+0000] {dag.py:4180} INFO - Setting next_dagrun for example_trigger_target_dag to None, run_after=None
[2024-11-26T18:10:47.498+0000] {processor.py:208} INFO - Processing /home/airflow/.local/lib/python3.12/site-packages/airflow/example_dags/example_trigger_target_dag.py took 0.049 seconds
[2024-11-26T18:11:17.954+0000] {processor.py:186} INFO - Started process (PID=748) to work on /home/airflow/.local/lib/python3.12/site-packages/airflow/example_dags/example_trigger_target_dag.py
[2024-11-26T18:11:17.955+0000] {processor.py:914} INFO - Processing file /home/airflow/.local/lib/python3.12/site-packages/airflow/example_dags/example_trigger_target_dag.py for tasks to queue
[2024-11-26T18:11:17.956+0000] {logging_mixin.py:190} INFO - [2024-11-26T18:11:17.956+0000] {dagbag.py:588} INFO - Filling up the DagBag from /home/airflow/.local/lib/python3.12/site-packages/airflow/example_dags/example_trigger_target_dag.py
[2024-11-26T18:11:17.961+0000] {processor.py:925} INFO - DAG(s) 'example_trigger_target_dag' retrieved from /home/airflow/.local/lib/python3.12/site-packages/airflow/example_dags/example_trigger_target_dag.py
[2024-11-26T18:11:17.976+0000] {logging_mixin.py:190} INFO - [2024-11-26T18:11:17.976+0000] {dag.py:3239} INFO - Sync 1 DAGs
[2024-11-26T18:11:17.989+0000] {logging_mixin.py:190} INFO - [2024-11-26T18:11:17.988+0000] {dag.py:4180} INFO - Setting next_dagrun for example_trigger_target_dag to None, run_after=None
[2024-11-26T18:11:18.003+0000] {processor.py:208} INFO - Processing /home/airflow/.local/lib/python3.12/site-packages/airflow/example_dags/example_trigger_target_dag.py took 0.053 seconds
[2024-11-26T18:12:33.786+0000] {processor.py:186} INFO - Started process (PID=103) to work on /home/airflow/.local/lib/python3.12/site-packages/airflow/example_dags/example_trigger_target_dag.py
[2024-11-26T18:12:33.787+0000] {processor.py:914} INFO - Processing file /home/airflow/.local/lib/python3.12/site-packages/airflow/example_dags/example_trigger_target_dag.py for tasks to queue
[2024-11-26T18:12:33.789+0000] {logging_mixin.py:190} INFO - [2024-11-26T18:12:33.788+0000] {dagbag.py:588} INFO - Filling up the DagBag from /home/airflow/.local/lib/python3.12/site-packages/airflow/example_dags/example_trigger_target_dag.py
[2024-11-26T18:12:33.794+0000] {processor.py:925} INFO - DAG(s) 'example_trigger_target_dag' retrieved from /home/airflow/.local/lib/python3.12/site-packages/airflow/example_dags/example_trigger_target_dag.py
[2024-11-26T18:12:33.809+0000] {logging_mixin.py:190} INFO - [2024-11-26T18:12:33.809+0000] {dag.py:3239} INFO - Sync 1 DAGs
[2024-11-26T18:12:33.819+0000] {logging_mixin.py:190} INFO - [2024-11-26T18:12:33.819+0000] {dag.py:4180} INFO - Setting next_dagrun for example_trigger_target_dag to None, run_after=None
[2024-11-26T18:12:33.834+0000] {processor.py:208} INFO - Processing /home/airflow/.local/lib/python3.12/site-packages/airflow/example_dags/example_trigger_target_dag.py took 0.052 seconds
[2024-11-26T18:13:04.403+0000] {processor.py:186} INFO - Started process (PID=167) to work on /home/airflow/.local/lib/python3.12/site-packages/airflow/example_dags/example_trigger_target_dag.py
[2024-11-26T18:13:04.404+0000] {processor.py:914} INFO - Processing file /home/airflow/.local/lib/python3.12/site-packages/airflow/example_dags/example_trigger_target_dag.py for tasks to queue
[2024-11-26T18:13:04.406+0000] {logging_mixin.py:190} INFO - [2024-11-26T18:13:04.406+0000] {dagbag.py:588} INFO - Filling up the DagBag from /home/airflow/.local/lib/python3.12/site-packages/airflow/example_dags/example_trigger_target_dag.py
[2024-11-26T18:13:04.411+0000] {processor.py:925} INFO - DAG(s) 'example_trigger_target_dag' retrieved from /home/airflow/.local/lib/python3.12/site-packages/airflow/example_dags/example_trigger_target_dag.py
[2024-11-26T18:13:04.428+0000] {logging_mixin.py:190} INFO - [2024-11-26T18:13:04.428+0000] {dag.py:3239} INFO - Sync 1 DAGs
[2024-11-26T18:13:04.440+0000] {logging_mixin.py:190} INFO - [2024-11-26T18:13:04.440+0000] {dag.py:4180} INFO - Setting next_dagrun for example_trigger_target_dag to None, run_after=None
[2024-11-26T18:13:04.456+0000] {processor.py:208} INFO - Processing /home/airflow/.local/lib/python3.12/site-packages/airflow/example_dags/example_trigger_target_dag.py took 0.057 seconds
[2024-11-26T18:13:35.600+0000] {processor.py:186} INFO - Started process (PID=231) to work on /home/airflow/.local/lib/python3.12/site-packages/airflow/example_dags/example_trigger_target_dag.py
[2024-11-26T18:13:35.601+0000] {processor.py:914} INFO - Processing file /home/airflow/.local/lib/python3.12/site-packages/airflow/example_dags/example_trigger_target_dag.py for tasks to queue
[2024-11-26T18:13:35.602+0000] {logging_mixin.py:190} INFO - [2024-11-26T18:13:35.602+0000] {dagbag.py:588} INFO - Filling up the DagBag from /home/airflow/.local/lib/python3.12/site-packages/airflow/example_dags/example_trigger_target_dag.py
[2024-11-26T18:13:35.607+0000] {processor.py:925} INFO - DAG(s) 'example_trigger_target_dag' retrieved from /home/airflow/.local/lib/python3.12/site-packages/airflow/example_dags/example_trigger_target_dag.py
[2024-11-26T18:13:35.621+0000] {logging_mixin.py:190} INFO - [2024-11-26T18:13:35.621+0000] {dag.py:3239} INFO - Sync 1 DAGs
[2024-11-26T18:13:35.632+0000] {logging_mixin.py:190} INFO - [2024-11-26T18:13:35.632+0000] {dag.py:4180} INFO - Setting next_dagrun for example_trigger_target_dag to None, run_after=None
[2024-11-26T18:13:35.647+0000] {processor.py:208} INFO - Processing /home/airflow/.local/lib/python3.12/site-packages/airflow/example_dags/example_trigger_target_dag.py took 0.051 seconds
[2024-11-26T18:14:06.746+0000] {processor.py:186} INFO - Started process (PID=295) to work on /home/airflow/.local/lib/python3.12/site-packages/airflow/example_dags/example_trigger_target_dag.py
[2024-11-26T18:14:06.747+0000] {processor.py:914} INFO - Processing file /home/airflow/.local/lib/python3.12/site-packages/airflow/example_dags/example_trigger_target_dag.py for tasks to queue
[2024-11-26T18:14:06.749+0000] {logging_mixin.py:190} INFO - [2024-11-26T18:14:06.749+0000] {dagbag.py:588} INFO - Filling up the DagBag from /home/airflow/.local/lib/python3.12/site-packages/airflow/example_dags/example_trigger_target_dag.py
[2024-11-26T18:14:06.754+0000] {processor.py:925} INFO - DAG(s) 'example_trigger_target_dag' retrieved from /home/airflow/.local/lib/python3.12/site-packages/airflow/example_dags/example_trigger_target_dag.py
[2024-11-26T18:14:06.770+0000] {logging_mixin.py:190} INFO - [2024-11-26T18:14:06.770+0000] {dag.py:3239} INFO - Sync 1 DAGs
[2024-11-26T18:14:06.781+0000] {logging_mixin.py:190} INFO - [2024-11-26T18:14:06.781+0000] {dag.py:4180} INFO - Setting next_dagrun for example_trigger_target_dag to None, run_after=None
[2024-11-26T18:14:06.797+0000] {processor.py:208} INFO - Processing /home/airflow/.local/lib/python3.12/site-packages/airflow/example_dags/example_trigger_target_dag.py took 0.055 seconds
[2024-11-26T18:14:37.641+0000] {processor.py:186} INFO - Started process (PID=359) to work on /home/airflow/.local/lib/python3.12/site-packages/airflow/example_dags/example_trigger_target_dag.py
[2024-11-26T18:14:37.642+0000] {processor.py:914} INFO - Processing file /home/airflow/.local/lib/python3.12/site-packages/airflow/example_dags/example_trigger_target_dag.py for tasks to queue
[2024-11-26T18:14:37.644+0000] {logging_mixin.py:190} INFO - [2024-11-26T18:14:37.644+0000] {dagbag.py:588} INFO - Filling up the DagBag from /home/airflow/.local/lib/python3.12/site-packages/airflow/example_dags/example_trigger_target_dag.py
[2024-11-26T18:14:37.650+0000] {processor.py:925} INFO - DAG(s) 'example_trigger_target_dag' retrieved from /home/airflow/.local/lib/python3.12/site-packages/airflow/example_dags/example_trigger_target_dag.py
[2024-11-26T18:14:37.666+0000] {logging_mixin.py:190} INFO - [2024-11-26T18:14:37.666+0000] {dag.py:3239} INFO - Sync 1 DAGs
[2024-11-26T18:14:37.678+0000] {logging_mixin.py:190} INFO - [2024-11-26T18:14:37.677+0000] {dag.py:4180} INFO - Setting next_dagrun for example_trigger_target_dag to None, run_after=None
[2024-11-26T18:14:37.695+0000] {processor.py:208} INFO - Processing /home/airflow/.local/lib/python3.12/site-packages/airflow/example_dags/example_trigger_target_dag.py took 0.059 seconds
[2024-11-26T18:15:08.389+0000] {processor.py:186} INFO - Started process (PID=423) to work on /home/airflow/.local/lib/python3.12/site-packages/airflow/example_dags/example_trigger_target_dag.py
[2024-11-26T18:15:08.390+0000] {processor.py:914} INFO - Processing file /home/airflow/.local/lib/python3.12/site-packages/airflow/example_dags/example_trigger_target_dag.py for tasks to queue
[2024-11-26T18:15:08.392+0000] {logging_mixin.py:190} INFO - [2024-11-26T18:15:08.392+0000] {dagbag.py:588} INFO - Filling up the DagBag from /home/airflow/.local/lib/python3.12/site-packages/airflow/example_dags/example_trigger_target_dag.py
[2024-11-26T18:15:08.397+0000] {processor.py:925} INFO - DAG(s) 'example_trigger_target_dag' retrieved from /home/airflow/.local/lib/python3.12/site-packages/airflow/example_dags/example_trigger_target_dag.py
[2024-11-26T18:15:08.414+0000] {logging_mixin.py:190} INFO - [2024-11-26T18:15:08.414+0000] {dag.py:3239} INFO - Sync 1 DAGs
[2024-11-26T18:15:08.426+0000] {logging_mixin.py:190} INFO - [2024-11-26T18:15:08.425+0000] {dag.py:4180} INFO - Setting next_dagrun for example_trigger_target_dag to None, run_after=None
[2024-11-26T18:15:08.442+0000] {processor.py:208} INFO - Processing /home/airflow/.local/lib/python3.12/site-packages/airflow/example_dags/example_trigger_target_dag.py took 0.057 seconds
[2024-11-26T18:15:39.244+0000] {processor.py:186} INFO - Started process (PID=487) to work on /home/airflow/.local/lib/python3.12/site-packages/airflow/example_dags/example_trigger_target_dag.py
[2024-11-26T18:15:39.245+0000] {processor.py:914} INFO - Processing file /home/airflow/.local/lib/python3.12/site-packages/airflow/example_dags/example_trigger_target_dag.py for tasks to queue
[2024-11-26T18:15:39.247+0000] {logging_mixin.py:190} INFO - [2024-11-26T18:15:39.246+0000] {dagbag.py:588} INFO - Filling up the DagBag from /home/airflow/.local/lib/python3.12/site-packages/airflow/example_dags/example_trigger_target_dag.py
[2024-11-26T18:15:39.252+0000] {processor.py:925} INFO - DAG(s) 'example_trigger_target_dag' retrieved from /home/airflow/.local/lib/python3.12/site-packages/airflow/example_dags/example_trigger_target_dag.py
[2024-11-26T18:15:39.267+0000] {logging_mixin.py:190} INFO - [2024-11-26T18:15:39.267+0000] {dag.py:3239} INFO - Sync 1 DAGs
[2024-11-26T18:15:39.279+0000] {logging_mixin.py:190} INFO - [2024-11-26T18:15:39.279+0000] {dag.py:4180} INFO - Setting next_dagrun for example_trigger_target_dag to None, run_after=None
[2024-11-26T18:15:39.294+0000] {processor.py:208} INFO - Processing /home/airflow/.local/lib/python3.12/site-packages/airflow/example_dags/example_trigger_target_dag.py took 0.056 seconds
[2024-11-26T18:16:09.911+0000] {processor.py:186} INFO - Started process (PID=551) to work on /home/airflow/.local/lib/python3.12/site-packages/airflow/example_dags/example_trigger_target_dag.py
[2024-11-26T18:16:09.912+0000] {processor.py:914} INFO - Processing file /home/airflow/.local/lib/python3.12/site-packages/airflow/example_dags/example_trigger_target_dag.py for tasks to queue
[2024-11-26T18:16:09.913+0000] {logging_mixin.py:190} INFO - [2024-11-26T18:16:09.913+0000] {dagbag.py:588} INFO - Filling up the DagBag from /home/airflow/.local/lib/python3.12/site-packages/airflow/example_dags/example_trigger_target_dag.py
[2024-11-26T18:16:09.919+0000] {processor.py:925} INFO - DAG(s) 'example_trigger_target_dag' retrieved from /home/airflow/.local/lib/python3.12/site-packages/airflow/example_dags/example_trigger_target_dag.py
[2024-11-26T18:16:09.933+0000] {logging_mixin.py:190} INFO - [2024-11-26T18:16:09.933+0000] {dag.py:3239} INFO - Sync 1 DAGs
[2024-11-26T18:16:09.943+0000] {logging_mixin.py:190} INFO - [2024-11-26T18:16:09.943+0000] {dag.py:4180} INFO - Setting next_dagrun for example_trigger_target_dag to None, run_after=None
[2024-11-26T18:16:09.958+0000] {processor.py:208} INFO - Processing /home/airflow/.local/lib/python3.12/site-packages/airflow/example_dags/example_trigger_target_dag.py took 0.051 seconds
[2024-11-26T18:16:40.558+0000] {processor.py:186} INFO - Started process (PID=615) to work on /home/airflow/.local/lib/python3.12/site-packages/airflow/example_dags/example_trigger_target_dag.py
[2024-11-26T18:16:40.559+0000] {processor.py:914} INFO - Processing file /home/airflow/.local/lib/python3.12/site-packages/airflow/example_dags/example_trigger_target_dag.py for tasks to queue
[2024-11-26T18:16:40.561+0000] {logging_mixin.py:190} INFO - [2024-11-26T18:16:40.560+0000] {dagbag.py:588} INFO - Filling up the DagBag from /home/airflow/.local/lib/python3.12/site-packages/airflow/example_dags/example_trigger_target_dag.py
[2024-11-26T18:16:40.566+0000] {processor.py:925} INFO - DAG(s) 'example_trigger_target_dag' retrieved from /home/airflow/.local/lib/python3.12/site-packages/airflow/example_dags/example_trigger_target_dag.py
[2024-11-26T18:16:40.581+0000] {logging_mixin.py:190} INFO - [2024-11-26T18:16:40.581+0000] {dag.py:3239} INFO - Sync 1 DAGs
[2024-11-26T18:16:40.592+0000] {logging_mixin.py:190} INFO - [2024-11-26T18:16:40.591+0000] {dag.py:4180} INFO - Setting next_dagrun for example_trigger_target_dag to None, run_after=None
[2024-11-26T18:16:40.607+0000] {processor.py:208} INFO - Processing /home/airflow/.local/lib/python3.12/site-packages/airflow/example_dags/example_trigger_target_dag.py took 0.053 seconds
[2024-11-26T18:17:11.407+0000] {processor.py:186} INFO - Started process (PID=679) to work on /home/airflow/.local/lib/python3.12/site-packages/airflow/example_dags/example_trigger_target_dag.py
[2024-11-26T18:17:11.408+0000] {processor.py:914} INFO - Processing file /home/airflow/.local/lib/python3.12/site-packages/airflow/example_dags/example_trigger_target_dag.py for tasks to queue
[2024-11-26T18:17:11.409+0000] {logging_mixin.py:190} INFO - [2024-11-26T18:17:11.409+0000] {dagbag.py:588} INFO - Filling up the DagBag from /home/airflow/.local/lib/python3.12/site-packages/airflow/example_dags/example_trigger_target_dag.py
[2024-11-26T18:17:11.415+0000] {processor.py:925} INFO - DAG(s) 'example_trigger_target_dag' retrieved from /home/airflow/.local/lib/python3.12/site-packages/airflow/example_dags/example_trigger_target_dag.py
[2024-11-26T18:17:11.429+0000] {logging_mixin.py:190} INFO - [2024-11-26T18:17:11.429+0000] {dag.py:3239} INFO - Sync 1 DAGs
[2024-11-26T18:17:11.439+0000] {logging_mixin.py:190} INFO - [2024-11-26T18:17:11.439+0000] {dag.py:4180} INFO - Setting next_dagrun for example_trigger_target_dag to None, run_after=None
[2024-11-26T18:17:11.454+0000] {processor.py:208} INFO - Processing /home/airflow/.local/lib/python3.12/site-packages/airflow/example_dags/example_trigger_target_dag.py took 0.051 seconds
[2024-11-26T18:17:42.470+0000] {processor.py:186} INFO - Started process (PID=743) to work on /home/airflow/.local/lib/python3.12/site-packages/airflow/example_dags/example_trigger_target_dag.py
[2024-11-26T18:17:42.471+0000] {processor.py:914} INFO - Processing file /home/airflow/.local/lib/python3.12/site-packages/airflow/example_dags/example_trigger_target_dag.py for tasks to queue
[2024-11-26T18:17:42.473+0000] {logging_mixin.py:190} INFO - [2024-11-26T18:17:42.473+0000] {dagbag.py:588} INFO - Filling up the DagBag from /home/airflow/.local/lib/python3.12/site-packages/airflow/example_dags/example_trigger_target_dag.py
[2024-11-26T18:17:42.478+0000] {processor.py:925} INFO - DAG(s) 'example_trigger_target_dag' retrieved from /home/airflow/.local/lib/python3.12/site-packages/airflow/example_dags/example_trigger_target_dag.py
[2024-11-26T18:17:42.492+0000] {logging_mixin.py:190} INFO - [2024-11-26T18:17:42.492+0000] {dag.py:3239} INFO - Sync 1 DAGs
[2024-11-26T18:17:42.503+0000] {logging_mixin.py:190} INFO - [2024-11-26T18:17:42.503+0000] {dag.py:4180} INFO - Setting next_dagrun for example_trigger_target_dag to None, run_after=None
[2024-11-26T18:17:42.517+0000] {processor.py:208} INFO - Processing /home/airflow/.local/lib/python3.12/site-packages/airflow/example_dags/example_trigger_target_dag.py took 0.051 seconds
[2024-11-26T18:18:13.128+0000] {processor.py:186} INFO - Started process (PID=807) to work on /home/airflow/.local/lib/python3.12/site-packages/airflow/example_dags/example_trigger_target_dag.py
[2024-11-26T18:18:13.129+0000] {processor.py:914} INFO - Processing file /home/airflow/.local/lib/python3.12/site-packages/airflow/example_dags/example_trigger_target_dag.py for tasks to queue
[2024-11-26T18:18:13.131+0000] {logging_mixin.py:190} INFO - [2024-11-26T18:18:13.130+0000] {dagbag.py:588} INFO - Filling up the DagBag from /home/airflow/.local/lib/python3.12/site-packages/airflow/example_dags/example_trigger_target_dag.py
[2024-11-26T18:18:13.136+0000] {processor.py:925} INFO - DAG(s) 'example_trigger_target_dag' retrieved from /home/airflow/.local/lib/python3.12/site-packages/airflow/example_dags/example_trigger_target_dag.py
[2024-11-26T18:18:13.152+0000] {logging_mixin.py:190} INFO - [2024-11-26T18:18:13.152+0000] {dag.py:3239} INFO - Sync 1 DAGs
[2024-11-26T18:18:13.163+0000] {logging_mixin.py:190} INFO - [2024-11-26T18:18:13.163+0000] {dag.py:4180} INFO - Setting next_dagrun for example_trigger_target_dag to None, run_after=None
[2024-11-26T18:18:13.181+0000] {processor.py:208} INFO - Processing /home/airflow/.local/lib/python3.12/site-packages/airflow/example_dags/example_trigger_target_dag.py took 0.056 seconds
[2024-11-26T18:44:13.178+0000] {processor.py:186} INFO - Started process (PID=120) to work on /home/airflow/.local/lib/python3.12/site-packages/airflow/example_dags/example_trigger_target_dag.py
[2024-11-26T18:44:13.179+0000] {processor.py:914} INFO - Processing file /home/airflow/.local/lib/python3.12/site-packages/airflow/example_dags/example_trigger_target_dag.py for tasks to queue
[2024-11-26T18:44:13.181+0000] {logging_mixin.py:190} INFO - [2024-11-26T18:44:13.180+0000] {dagbag.py:588} INFO - Filling up the DagBag from /home/airflow/.local/lib/python3.12/site-packages/airflow/example_dags/example_trigger_target_dag.py
[2024-11-26T18:44:13.187+0000] {processor.py:925} INFO - DAG(s) 'example_trigger_target_dag' retrieved from /home/airflow/.local/lib/python3.12/site-packages/airflow/example_dags/example_trigger_target_dag.py
[2024-11-26T18:44:13.202+0000] {logging_mixin.py:190} INFO - [2024-11-26T18:44:13.202+0000] {dag.py:3239} INFO - Sync 1 DAGs
[2024-11-26T18:44:13.213+0000] {logging_mixin.py:190} INFO - [2024-11-26T18:44:13.213+0000] {dag.py:4180} INFO - Setting next_dagrun for example_trigger_target_dag to None, run_after=None
[2024-11-26T18:44:13.228+0000] {processor.py:208} INFO - Processing /home/airflow/.local/lib/python3.12/site-packages/airflow/example_dags/example_trigger_target_dag.py took 0.054 seconds
[2024-11-26T18:44:44.409+0000] {processor.py:186} INFO - Started process (PID=195) to work on /home/airflow/.local/lib/python3.12/site-packages/airflow/example_dags/example_trigger_target_dag.py
[2024-11-26T18:44:44.409+0000] {processor.py:914} INFO - Processing file /home/airflow/.local/lib/python3.12/site-packages/airflow/example_dags/example_trigger_target_dag.py for tasks to queue
[2024-11-26T18:44:44.411+0000] {logging_mixin.py:190} INFO - [2024-11-26T18:44:44.411+0000] {dagbag.py:588} INFO - Filling up the DagBag from /home/airflow/.local/lib/python3.12/site-packages/airflow/example_dags/example_trigger_target_dag.py
[2024-11-26T18:44:44.416+0000] {processor.py:925} INFO - DAG(s) 'example_trigger_target_dag' retrieved from /home/airflow/.local/lib/python3.12/site-packages/airflow/example_dags/example_trigger_target_dag.py
[2024-11-26T18:44:44.430+0000] {logging_mixin.py:190} INFO - [2024-11-26T18:44:44.430+0000] {dag.py:3239} INFO - Sync 1 DAGs
[2024-11-26T18:44:44.441+0000] {logging_mixin.py:190} INFO - [2024-11-26T18:44:44.441+0000] {dag.py:4180} INFO - Setting next_dagrun for example_trigger_target_dag to None, run_after=None
[2024-11-26T18:44:44.455+0000] {processor.py:208} INFO - Processing /home/airflow/.local/lib/python3.12/site-packages/airflow/example_dags/example_trigger_target_dag.py took 0.050 seconds
[2024-11-26T18:45:15.754+0000] {processor.py:186} INFO - Started process (PID=270) to work on /home/airflow/.local/lib/python3.12/site-packages/airflow/example_dags/example_trigger_target_dag.py
[2024-11-26T18:45:15.755+0000] {processor.py:914} INFO - Processing file /home/airflow/.local/lib/python3.12/site-packages/airflow/example_dags/example_trigger_target_dag.py for tasks to queue
[2024-11-26T18:45:15.757+0000] {logging_mixin.py:190} INFO - [2024-11-26T18:45:15.756+0000] {dagbag.py:588} INFO - Filling up the DagBag from /home/airflow/.local/lib/python3.12/site-packages/airflow/example_dags/example_trigger_target_dag.py
[2024-11-26T18:45:15.762+0000] {processor.py:925} INFO - DAG(s) 'example_trigger_target_dag' retrieved from /home/airflow/.local/lib/python3.12/site-packages/airflow/example_dags/example_trigger_target_dag.py
[2024-11-26T18:45:15.780+0000] {logging_mixin.py:190} INFO - [2024-11-26T18:45:15.780+0000] {dag.py:3239} INFO - Sync 1 DAGs
[2024-11-26T18:45:15.793+0000] {logging_mixin.py:190} INFO - [2024-11-26T18:45:15.792+0000] {dag.py:4180} INFO - Setting next_dagrun for example_trigger_target_dag to None, run_after=None
[2024-11-26T18:45:15.810+0000] {processor.py:208} INFO - Processing /home/airflow/.local/lib/python3.12/site-packages/airflow/example_dags/example_trigger_target_dag.py took 0.062 seconds
[2024-11-26T18:45:46.648+0000] {processor.py:186} INFO - Started process (PID=345) to work on /home/airflow/.local/lib/python3.12/site-packages/airflow/example_dags/example_trigger_target_dag.py
[2024-11-26T18:45:46.649+0000] {processor.py:914} INFO - Processing file /home/airflow/.local/lib/python3.12/site-packages/airflow/example_dags/example_trigger_target_dag.py for tasks to queue
[2024-11-26T18:45:46.651+0000] {logging_mixin.py:190} INFO - [2024-11-26T18:45:46.651+0000] {dagbag.py:588} INFO - Filling up the DagBag from /home/airflow/.local/lib/python3.12/site-packages/airflow/example_dags/example_trigger_target_dag.py
[2024-11-26T18:45:46.657+0000] {processor.py:925} INFO - DAG(s) 'example_trigger_target_dag' retrieved from /home/airflow/.local/lib/python3.12/site-packages/airflow/example_dags/example_trigger_target_dag.py
[2024-11-26T18:45:46.674+0000] {logging_mixin.py:190} INFO - [2024-11-26T18:45:46.674+0000] {dag.py:3239} INFO - Sync 1 DAGs
[2024-11-26T18:45:46.687+0000] {logging_mixin.py:190} INFO - [2024-11-26T18:45:46.686+0000] {dag.py:4180} INFO - Setting next_dagrun for example_trigger_target_dag to None, run_after=None
[2024-11-26T18:45:46.707+0000] {processor.py:208} INFO - Processing /home/airflow/.local/lib/python3.12/site-packages/airflow/example_dags/example_trigger_target_dag.py took 0.064 seconds
[2024-11-26T18:46:17.469+0000] {processor.py:186} INFO - Started process (PID=420) to work on /home/airflow/.local/lib/python3.12/site-packages/airflow/example_dags/example_trigger_target_dag.py
[2024-11-26T18:46:17.470+0000] {processor.py:914} INFO - Processing file /home/airflow/.local/lib/python3.12/site-packages/airflow/example_dags/example_trigger_target_dag.py for tasks to queue
[2024-11-26T18:46:17.471+0000] {logging_mixin.py:190} INFO - [2024-11-26T18:46:17.471+0000] {dagbag.py:588} INFO - Filling up the DagBag from /home/airflow/.local/lib/python3.12/site-packages/airflow/example_dags/example_trigger_target_dag.py
[2024-11-26T18:46:17.478+0000] {processor.py:925} INFO - DAG(s) 'example_trigger_target_dag' retrieved from /home/airflow/.local/lib/python3.12/site-packages/airflow/example_dags/example_trigger_target_dag.py
[2024-11-26T18:46:17.492+0000] {logging_mixin.py:190} INFO - [2024-11-26T18:46:17.492+0000] {dag.py:3239} INFO - Sync 1 DAGs
[2024-11-26T18:46:17.502+0000] {logging_mixin.py:190} INFO - [2024-11-26T18:46:17.502+0000] {dag.py:4180} INFO - Setting next_dagrun for example_trigger_target_dag to None, run_after=None
[2024-11-26T18:46:17.517+0000] {processor.py:208} INFO - Processing /home/airflow/.local/lib/python3.12/site-packages/airflow/example_dags/example_trigger_target_dag.py took 0.052 seconds
