[2024-11-26T17:53:56.072+0000] {processor.py:186} INFO - Started process (PID=80) to work on /home/airflow/.local/lib/python3.12/site-packages/airflow/example_dags/tutorial.py
[2024-11-26T17:53:56.073+0000] {processor.py:914} INFO - Processing file /home/airflow/.local/lib/python3.12/site-packages/airflow/example_dags/tutorial.py for tasks to queue
[2024-11-26T17:53:56.075+0000] {logging_mixin.py:190} INFO - [2024-11-26T17:53:56.075+0000] {dagbag.py:588} INFO - Filling up the DagBag from /home/airflow/.local/lib/python3.12/site-packages/airflow/example_dags/tutorial.py
[2024-11-26T17:53:56.081+0000] {processor.py:925} INFO - DAG(s) 'tutorial' retrieved from /home/airflow/.local/lib/python3.12/site-packages/airflow/example_dags/tutorial.py
[2024-11-26T17:53:56.179+0000] {logging_mixin.py:190} INFO - [2024-11-26T17:53:56.178+0000] {override.py:1911} INFO - Created Permission View: can read on DAG:tutorial
[2024-11-26T17:53:56.191+0000] {logging_mixin.py:190} INFO - [2024-11-26T17:53:56.190+0000] {override.py:1911} INFO - Created Permission View: can delete on DAG:tutorial
[2024-11-26T17:53:56.198+0000] {logging_mixin.py:190} INFO - [2024-11-26T17:53:56.198+0000] {override.py:1911} INFO - Created Permission View: can edit on DAG:tutorial
[2024-11-26T17:53:56.209+0000] {logging_mixin.py:190} INFO - [2024-11-26T17:53:56.208+0000] {override.py:1911} INFO - Created Permission View: can create on DAG Run:tutorial
[2024-11-26T17:53:56.217+0000] {logging_mixin.py:190} INFO - [2024-11-26T17:53:56.217+0000] {override.py:1911} INFO - Created Permission View: can read on DAG Run:tutorial
[2024-11-26T17:53:56.226+0000] {logging_mixin.py:190} INFO - [2024-11-26T17:53:56.226+0000] {override.py:1911} INFO - Created Permission View: can delete on DAG Run:tutorial
[2024-11-26T17:53:56.234+0000] {logging_mixin.py:190} INFO - [2024-11-26T17:53:56.233+0000] {override.py:1911} INFO - Created Permission View: menu access on DAG Run:tutorial
[2024-11-26T17:53:56.234+0000] {logging_mixin.py:190} INFO - [2024-11-26T17:53:56.234+0000] {dag.py:3239} INFO - Sync 1 DAGs
[2024-11-26T17:53:56.248+0000] {logging_mixin.py:190} INFO - [2024-11-26T17:53:56.248+0000] {dag.py:3262} INFO - Creating ORM DAG for tutorial
[2024-11-26T17:53:56.257+0000] {logging_mixin.py:190} INFO - [2024-11-26T17:53:56.257+0000] {dag.py:4180} INFO - Setting next_dagrun for tutorial to 2024-11-25 00:00:00+00:00, run_after=2024-11-26 00:00:00+00:00
[2024-11-26T17:53:56.272+0000] {processor.py:208} INFO - Processing /home/airflow/.local/lib/python3.12/site-packages/airflow/example_dags/tutorial.py took 0.204 seconds
[2024-11-26T17:54:26.914+0000] {processor.py:186} INFO - Started process (PID=149) to work on /home/airflow/.local/lib/python3.12/site-packages/airflow/example_dags/tutorial.py
[2024-11-26T17:54:26.915+0000] {processor.py:914} INFO - Processing file /home/airflow/.local/lib/python3.12/site-packages/airflow/example_dags/tutorial.py for tasks to queue
[2024-11-26T17:54:26.917+0000] {logging_mixin.py:190} INFO - [2024-11-26T17:54:26.917+0000] {dagbag.py:588} INFO - Filling up the DagBag from /home/airflow/.local/lib/python3.12/site-packages/airflow/example_dags/tutorial.py
[2024-11-26T17:54:26.923+0000] {processor.py:925} INFO - DAG(s) 'tutorial' retrieved from /home/airflow/.local/lib/python3.12/site-packages/airflow/example_dags/tutorial.py
[2024-11-26T17:54:26.938+0000] {logging_mixin.py:190} INFO - [2024-11-26T17:54:26.938+0000] {dag.py:3239} INFO - Sync 1 DAGs
[2024-11-26T17:54:26.956+0000] {logging_mixin.py:190} INFO - [2024-11-26T17:54:26.956+0000] {dag.py:4180} INFO - Setting next_dagrun for tutorial to 2024-11-25 00:00:00+00:00, run_after=2024-11-26 00:00:00+00:00
[2024-11-26T17:54:26.972+0000] {processor.py:208} INFO - Processing /home/airflow/.local/lib/python3.12/site-packages/airflow/example_dags/tutorial.py took 0.062 seconds
[2024-11-26T17:54:57.592+0000] {processor.py:186} INFO - Started process (PID=212) to work on /home/airflow/.local/lib/python3.12/site-packages/airflow/example_dags/tutorial.py
[2024-11-26T17:54:57.593+0000] {processor.py:914} INFO - Processing file /home/airflow/.local/lib/python3.12/site-packages/airflow/example_dags/tutorial.py for tasks to queue
[2024-11-26T17:54:57.595+0000] {logging_mixin.py:190} INFO - [2024-11-26T17:54:57.595+0000] {dagbag.py:588} INFO - Filling up the DagBag from /home/airflow/.local/lib/python3.12/site-packages/airflow/example_dags/tutorial.py
[2024-11-26T17:54:57.601+0000] {processor.py:925} INFO - DAG(s) 'tutorial' retrieved from /home/airflow/.local/lib/python3.12/site-packages/airflow/example_dags/tutorial.py
[2024-11-26T17:54:57.615+0000] {logging_mixin.py:190} INFO - [2024-11-26T17:54:57.615+0000] {dag.py:3239} INFO - Sync 1 DAGs
[2024-11-26T17:54:57.632+0000] {logging_mixin.py:190} INFO - [2024-11-26T17:54:57.631+0000] {dag.py:4180} INFO - Setting next_dagrun for tutorial to 2024-11-25 00:00:00+00:00, run_after=2024-11-26 00:00:00+00:00
[2024-11-26T17:54:57.646+0000] {processor.py:208} INFO - Processing /home/airflow/.local/lib/python3.12/site-packages/airflow/example_dags/tutorial.py took 0.058 seconds
[2024-11-26T17:55:28.242+0000] {processor.py:186} INFO - Started process (PID=275) to work on /home/airflow/.local/lib/python3.12/site-packages/airflow/example_dags/tutorial.py
[2024-11-26T17:55:28.243+0000] {processor.py:914} INFO - Processing file /home/airflow/.local/lib/python3.12/site-packages/airflow/example_dags/tutorial.py for tasks to queue
[2024-11-26T17:55:28.245+0000] {logging_mixin.py:190} INFO - [2024-11-26T17:55:28.245+0000] {dagbag.py:588} INFO - Filling up the DagBag from /home/airflow/.local/lib/python3.12/site-packages/airflow/example_dags/tutorial.py
[2024-11-26T17:55:28.251+0000] {processor.py:925} INFO - DAG(s) 'tutorial' retrieved from /home/airflow/.local/lib/python3.12/site-packages/airflow/example_dags/tutorial.py
[2024-11-26T17:55:28.266+0000] {logging_mixin.py:190} INFO - [2024-11-26T17:55:28.266+0000] {dag.py:3239} INFO - Sync 1 DAGs
[2024-11-26T17:55:28.283+0000] {logging_mixin.py:190} INFO - [2024-11-26T17:55:28.282+0000] {dag.py:4180} INFO - Setting next_dagrun for tutorial to 2024-11-25 00:00:00+00:00, run_after=2024-11-26 00:00:00+00:00
[2024-11-26T17:55:28.297+0000] {processor.py:208} INFO - Processing /home/airflow/.local/lib/python3.12/site-packages/airflow/example_dags/tutorial.py took 0.059 seconds
[2024-11-26T17:55:58.661+0000] {processor.py:186} INFO - Started process (PID=337) to work on /home/airflow/.local/lib/python3.12/site-packages/airflow/example_dags/tutorial.py
[2024-11-26T17:55:58.662+0000] {processor.py:914} INFO - Processing file /home/airflow/.local/lib/python3.12/site-packages/airflow/example_dags/tutorial.py for tasks to queue
[2024-11-26T17:55:58.663+0000] {logging_mixin.py:190} INFO - [2024-11-26T17:55:58.663+0000] {dagbag.py:588} INFO - Filling up the DagBag from /home/airflow/.local/lib/python3.12/site-packages/airflow/example_dags/tutorial.py
[2024-11-26T17:55:58.671+0000] {processor.py:925} INFO - DAG(s) 'tutorial' retrieved from /home/airflow/.local/lib/python3.12/site-packages/airflow/example_dags/tutorial.py
[2024-11-26T17:55:58.688+0000] {logging_mixin.py:190} INFO - [2024-11-26T17:55:58.688+0000] {dag.py:3239} INFO - Sync 1 DAGs
[2024-11-26T17:55:58.706+0000] {logging_mixin.py:190} INFO - [2024-11-26T17:55:58.706+0000] {dag.py:4180} INFO - Setting next_dagrun for tutorial to 2024-11-25 00:00:00+00:00, run_after=2024-11-26 00:00:00+00:00
[2024-11-26T17:55:58.722+0000] {processor.py:208} INFO - Processing /home/airflow/.local/lib/python3.12/site-packages/airflow/example_dags/tutorial.py took 0.065 seconds
[2024-11-26T17:56:29.614+0000] {processor.py:186} INFO - Started process (PID=401) to work on /home/airflow/.local/lib/python3.12/site-packages/airflow/example_dags/tutorial.py
[2024-11-26T17:56:29.616+0000] {processor.py:914} INFO - Processing file /home/airflow/.local/lib/python3.12/site-packages/airflow/example_dags/tutorial.py for tasks to queue
[2024-11-26T17:56:29.619+0000] {logging_mixin.py:190} INFO - [2024-11-26T17:56:29.618+0000] {dagbag.py:588} INFO - Filling up the DagBag from /home/airflow/.local/lib/python3.12/site-packages/airflow/example_dags/tutorial.py
[2024-11-26T17:56:29.625+0000] {processor.py:925} INFO - DAG(s) 'tutorial' retrieved from /home/airflow/.local/lib/python3.12/site-packages/airflow/example_dags/tutorial.py
[2024-11-26T17:56:29.640+0000] {logging_mixin.py:190} INFO - [2024-11-26T17:56:29.640+0000] {dag.py:3239} INFO - Sync 1 DAGs
[2024-11-26T17:56:29.658+0000] {logging_mixin.py:190} INFO - [2024-11-26T17:56:29.658+0000] {dag.py:4180} INFO - Setting next_dagrun for tutorial to 2024-11-25 00:00:00+00:00, run_after=2024-11-26 00:00:00+00:00
[2024-11-26T17:56:29.675+0000] {processor.py:208} INFO - Processing /home/airflow/.local/lib/python3.12/site-packages/airflow/example_dags/tutorial.py took 0.067 seconds
[2024-11-26T17:57:00.571+0000] {processor.py:186} INFO - Started process (PID=464) to work on /home/airflow/.local/lib/python3.12/site-packages/airflow/example_dags/tutorial.py
[2024-11-26T17:57:00.571+0000] {processor.py:914} INFO - Processing file /home/airflow/.local/lib/python3.12/site-packages/airflow/example_dags/tutorial.py for tasks to queue
[2024-11-26T17:57:00.573+0000] {logging_mixin.py:190} INFO - [2024-11-26T17:57:00.573+0000] {dagbag.py:588} INFO - Filling up the DagBag from /home/airflow/.local/lib/python3.12/site-packages/airflow/example_dags/tutorial.py
[2024-11-26T17:57:00.579+0000] {processor.py:925} INFO - DAG(s) 'tutorial' retrieved from /home/airflow/.local/lib/python3.12/site-packages/airflow/example_dags/tutorial.py
[2024-11-26T17:57:00.595+0000] {logging_mixin.py:190} INFO - [2024-11-26T17:57:00.595+0000] {dag.py:3239} INFO - Sync 1 DAGs
[2024-11-26T17:57:00.614+0000] {logging_mixin.py:190} INFO - [2024-11-26T17:57:00.614+0000] {dag.py:4180} INFO - Setting next_dagrun for tutorial to 2024-11-25 00:00:00+00:00, run_after=2024-11-26 00:00:00+00:00
[2024-11-26T17:57:00.630+0000] {processor.py:208} INFO - Processing /home/airflow/.local/lib/python3.12/site-packages/airflow/example_dags/tutorial.py took 0.063 seconds
[2024-11-26T17:57:31.529+0000] {processor.py:186} INFO - Started process (PID=527) to work on /home/airflow/.local/lib/python3.12/site-packages/airflow/example_dags/tutorial.py
[2024-11-26T17:57:31.531+0000] {processor.py:914} INFO - Processing file /home/airflow/.local/lib/python3.12/site-packages/airflow/example_dags/tutorial.py for tasks to queue
[2024-11-26T17:57:31.533+0000] {logging_mixin.py:190} INFO - [2024-11-26T17:57:31.532+0000] {dagbag.py:588} INFO - Filling up the DagBag from /home/airflow/.local/lib/python3.12/site-packages/airflow/example_dags/tutorial.py
[2024-11-26T17:57:31.538+0000] {processor.py:925} INFO - DAG(s) 'tutorial' retrieved from /home/airflow/.local/lib/python3.12/site-packages/airflow/example_dags/tutorial.py
[2024-11-26T17:57:31.554+0000] {logging_mixin.py:190} INFO - [2024-11-26T17:57:31.554+0000] {dag.py:3239} INFO - Sync 1 DAGs
[2024-11-26T17:57:31.573+0000] {logging_mixin.py:190} INFO - [2024-11-26T17:57:31.573+0000] {dag.py:4180} INFO - Setting next_dagrun for tutorial to 2024-11-25 00:00:00+00:00, run_after=2024-11-26 00:00:00+00:00
[2024-11-26T17:57:31.588+0000] {processor.py:208} INFO - Processing /home/airflow/.local/lib/python3.12/site-packages/airflow/example_dags/tutorial.py took 0.063 seconds
[2024-11-26T17:58:02.267+0000] {processor.py:186} INFO - Started process (PID=590) to work on /home/airflow/.local/lib/python3.12/site-packages/airflow/example_dags/tutorial.py
[2024-11-26T17:58:02.267+0000] {processor.py:914} INFO - Processing file /home/airflow/.local/lib/python3.12/site-packages/airflow/example_dags/tutorial.py for tasks to queue
[2024-11-26T17:58:02.269+0000] {logging_mixin.py:190} INFO - [2024-11-26T17:58:02.269+0000] {dagbag.py:588} INFO - Filling up the DagBag from /home/airflow/.local/lib/python3.12/site-packages/airflow/example_dags/tutorial.py
[2024-11-26T17:58:02.274+0000] {processor.py:925} INFO - DAG(s) 'tutorial' retrieved from /home/airflow/.local/lib/python3.12/site-packages/airflow/example_dags/tutorial.py
[2024-11-26T17:58:02.289+0000] {logging_mixin.py:190} INFO - [2024-11-26T17:58:02.289+0000] {dag.py:3239} INFO - Sync 1 DAGs
[2024-11-26T17:58:02.306+0000] {logging_mixin.py:190} INFO - [2024-11-26T17:58:02.306+0000] {dag.py:4180} INFO - Setting next_dagrun for tutorial to 2024-11-25 00:00:00+00:00, run_after=2024-11-26 00:00:00+00:00
[2024-11-26T17:58:02.322+0000] {processor.py:208} INFO - Processing /home/airflow/.local/lib/python3.12/site-packages/airflow/example_dags/tutorial.py took 0.059 seconds
[2024-11-26T17:58:32.402+0000] {processor.py:186} INFO - Started process (PID=652) to work on /home/airflow/.local/lib/python3.12/site-packages/airflow/example_dags/tutorial.py
[2024-11-26T17:58:32.403+0000] {processor.py:914} INFO - Processing file /home/airflow/.local/lib/python3.12/site-packages/airflow/example_dags/tutorial.py for tasks to queue
[2024-11-26T17:58:32.405+0000] {logging_mixin.py:190} INFO - [2024-11-26T17:58:32.405+0000] {dagbag.py:588} INFO - Filling up the DagBag from /home/airflow/.local/lib/python3.12/site-packages/airflow/example_dags/tutorial.py
[2024-11-26T17:58:32.411+0000] {processor.py:925} INFO - DAG(s) 'tutorial' retrieved from /home/airflow/.local/lib/python3.12/site-packages/airflow/example_dags/tutorial.py
[2024-11-26T17:58:32.428+0000] {logging_mixin.py:190} INFO - [2024-11-26T17:58:32.428+0000] {dag.py:3239} INFO - Sync 1 DAGs
[2024-11-26T17:58:32.448+0000] {logging_mixin.py:190} INFO - [2024-11-26T17:58:32.448+0000] {dag.py:4180} INFO - Setting next_dagrun for tutorial to 2024-11-25 00:00:00+00:00, run_after=2024-11-26 00:00:00+00:00
[2024-11-26T17:58:32.463+0000] {processor.py:208} INFO - Processing /home/airflow/.local/lib/python3.12/site-packages/airflow/example_dags/tutorial.py took 0.066 seconds
[2024-11-26T17:59:03.140+0000] {processor.py:186} INFO - Started process (PID=715) to work on /home/airflow/.local/lib/python3.12/site-packages/airflow/example_dags/tutorial.py
[2024-11-26T17:59:03.141+0000] {processor.py:914} INFO - Processing file /home/airflow/.local/lib/python3.12/site-packages/airflow/example_dags/tutorial.py for tasks to queue
[2024-11-26T17:59:03.143+0000] {logging_mixin.py:190} INFO - [2024-11-26T17:59:03.143+0000] {dagbag.py:588} INFO - Filling up the DagBag from /home/airflow/.local/lib/python3.12/site-packages/airflow/example_dags/tutorial.py
[2024-11-26T17:59:03.149+0000] {processor.py:925} INFO - DAG(s) 'tutorial' retrieved from /home/airflow/.local/lib/python3.12/site-packages/airflow/example_dags/tutorial.py
[2024-11-26T17:59:03.163+0000] {logging_mixin.py:190} INFO - [2024-11-26T17:59:03.163+0000] {dag.py:3239} INFO - Sync 1 DAGs
[2024-11-26T17:59:03.181+0000] {logging_mixin.py:190} INFO - [2024-11-26T17:59:03.180+0000] {dag.py:4180} INFO - Setting next_dagrun for tutorial to 2024-11-25 00:00:00+00:00, run_after=2024-11-26 00:00:00+00:00
[2024-11-26T17:59:03.195+0000] {processor.py:208} INFO - Processing /home/airflow/.local/lib/python3.12/site-packages/airflow/example_dags/tutorial.py took 0.059 seconds
[2024-11-26T18:06:06.344+0000] {processor.py:186} INFO - Started process (PID=81) to work on /home/airflow/.local/lib/python3.12/site-packages/airflow/example_dags/tutorial.py
[2024-11-26T18:06:06.344+0000] {processor.py:914} INFO - Processing file /home/airflow/.local/lib/python3.12/site-packages/airflow/example_dags/tutorial.py for tasks to queue
[2024-11-26T18:06:06.346+0000] {logging_mixin.py:190} INFO - [2024-11-26T18:06:06.346+0000] {dagbag.py:588} INFO - Filling up the DagBag from /home/airflow/.local/lib/python3.12/site-packages/airflow/example_dags/tutorial.py
[2024-11-26T18:06:06.353+0000] {processor.py:925} INFO - DAG(s) 'tutorial' retrieved from /home/airflow/.local/lib/python3.12/site-packages/airflow/example_dags/tutorial.py
[2024-11-26T18:06:06.373+0000] {logging_mixin.py:190} INFO - [2024-11-26T18:06:06.373+0000] {dag.py:3239} INFO - Sync 1 DAGs
[2024-11-26T18:06:06.392+0000] {logging_mixin.py:190} INFO - [2024-11-26T18:06:06.391+0000] {dag.py:4180} INFO - Setting next_dagrun for tutorial to 2024-11-25 00:00:00+00:00, run_after=2024-11-26 00:00:00+00:00
[2024-11-26T18:06:06.410+0000] {processor.py:208} INFO - Processing /home/airflow/.local/lib/python3.12/site-packages/airflow/example_dags/tutorial.py took 0.070 seconds
[2024-11-26T18:06:36.793+0000] {processor.py:186} INFO - Started process (PID=145) to work on /home/airflow/.local/lib/python3.12/site-packages/airflow/example_dags/tutorial.py
[2024-11-26T18:06:36.794+0000] {processor.py:914} INFO - Processing file /home/airflow/.local/lib/python3.12/site-packages/airflow/example_dags/tutorial.py for tasks to queue
[2024-11-26T18:06:36.795+0000] {logging_mixin.py:190} INFO - [2024-11-26T18:06:36.795+0000] {dagbag.py:588} INFO - Filling up the DagBag from /home/airflow/.local/lib/python3.12/site-packages/airflow/example_dags/tutorial.py
[2024-11-26T18:06:36.801+0000] {processor.py:925} INFO - DAG(s) 'tutorial' retrieved from /home/airflow/.local/lib/python3.12/site-packages/airflow/example_dags/tutorial.py
[2024-11-26T18:06:36.815+0000] {logging_mixin.py:190} INFO - [2024-11-26T18:06:36.815+0000] {dag.py:3239} INFO - Sync 1 DAGs
[2024-11-26T18:06:36.832+0000] {logging_mixin.py:190} INFO - [2024-11-26T18:06:36.832+0000] {dag.py:4180} INFO - Setting next_dagrun for tutorial to 2024-11-25 00:00:00+00:00, run_after=2024-11-26 00:00:00+00:00
[2024-11-26T18:06:36.846+0000] {processor.py:208} INFO - Processing /home/airflow/.local/lib/python3.12/site-packages/airflow/example_dags/tutorial.py took 0.057 seconds
[2024-11-26T18:07:06.904+0000] {processor.py:186} INFO - Started process (PID=208) to work on /home/airflow/.local/lib/python3.12/site-packages/airflow/example_dags/tutorial.py
[2024-11-26T18:07:06.905+0000] {processor.py:914} INFO - Processing file /home/airflow/.local/lib/python3.12/site-packages/airflow/example_dags/tutorial.py for tasks to queue
[2024-11-26T18:07:06.906+0000] {logging_mixin.py:190} INFO - [2024-11-26T18:07:06.906+0000] {dagbag.py:588} INFO - Filling up the DagBag from /home/airflow/.local/lib/python3.12/site-packages/airflow/example_dags/tutorial.py
[2024-11-26T18:07:06.912+0000] {processor.py:925} INFO - DAG(s) 'tutorial' retrieved from /home/airflow/.local/lib/python3.12/site-packages/airflow/example_dags/tutorial.py
[2024-11-26T18:07:06.927+0000] {logging_mixin.py:190} INFO - [2024-11-26T18:07:06.926+0000] {dag.py:3239} INFO - Sync 1 DAGs
[2024-11-26T18:07:06.943+0000] {logging_mixin.py:190} INFO - [2024-11-26T18:07:06.943+0000] {dag.py:4180} INFO - Setting next_dagrun for tutorial to 2024-11-25 00:00:00+00:00, run_after=2024-11-26 00:00:00+00:00
[2024-11-26T18:07:06.957+0000] {processor.py:208} INFO - Processing /home/airflow/.local/lib/python3.12/site-packages/airflow/example_dags/tutorial.py took 0.057 seconds
[2024-11-26T18:07:37.609+0000] {processor.py:186} INFO - Started process (PID=272) to work on /home/airflow/.local/lib/python3.12/site-packages/airflow/example_dags/tutorial.py
[2024-11-26T18:07:37.610+0000] {processor.py:914} INFO - Processing file /home/airflow/.local/lib/python3.12/site-packages/airflow/example_dags/tutorial.py for tasks to queue
[2024-11-26T18:07:37.612+0000] {logging_mixin.py:190} INFO - [2024-11-26T18:07:37.611+0000] {dagbag.py:588} INFO - Filling up the DagBag from /home/airflow/.local/lib/python3.12/site-packages/airflow/example_dags/tutorial.py
[2024-11-26T18:07:37.617+0000] {processor.py:925} INFO - DAG(s) 'tutorial' retrieved from /home/airflow/.local/lib/python3.12/site-packages/airflow/example_dags/tutorial.py
[2024-11-26T18:07:37.632+0000] {logging_mixin.py:190} INFO - [2024-11-26T18:07:37.632+0000] {dag.py:3239} INFO - Sync 1 DAGs
[2024-11-26T18:07:37.649+0000] {logging_mixin.py:190} INFO - [2024-11-26T18:07:37.648+0000] {dag.py:4180} INFO - Setting next_dagrun for tutorial to 2024-11-25 00:00:00+00:00, run_after=2024-11-26 00:00:00+00:00
[2024-11-26T18:07:37.664+0000] {processor.py:208} INFO - Processing /home/airflow/.local/lib/python3.12/site-packages/airflow/example_dags/tutorial.py took 0.059 seconds
[2024-11-26T18:08:08.218+0000] {processor.py:186} INFO - Started process (PID=336) to work on /home/airflow/.local/lib/python3.12/site-packages/airflow/example_dags/tutorial.py
[2024-11-26T18:08:08.219+0000] {processor.py:914} INFO - Processing file /home/airflow/.local/lib/python3.12/site-packages/airflow/example_dags/tutorial.py for tasks to queue
[2024-11-26T18:08:08.221+0000] {logging_mixin.py:190} INFO - [2024-11-26T18:08:08.220+0000] {dagbag.py:588} INFO - Filling up the DagBag from /home/airflow/.local/lib/python3.12/site-packages/airflow/example_dags/tutorial.py
[2024-11-26T18:08:08.226+0000] {processor.py:925} INFO - DAG(s) 'tutorial' retrieved from /home/airflow/.local/lib/python3.12/site-packages/airflow/example_dags/tutorial.py
[2024-11-26T18:08:08.241+0000] {logging_mixin.py:190} INFO - [2024-11-26T18:08:08.241+0000] {dag.py:3239} INFO - Sync 1 DAGs
[2024-11-26T18:08:08.259+0000] {logging_mixin.py:190} INFO - [2024-11-26T18:08:08.259+0000] {dag.py:4180} INFO - Setting next_dagrun for tutorial to 2024-11-25 00:00:00+00:00, run_after=2024-11-26 00:00:00+00:00
[2024-11-26T18:08:08.273+0000] {processor.py:208} INFO - Processing /home/airflow/.local/lib/python3.12/site-packages/airflow/example_dags/tutorial.py took 0.059 seconds
[2024-11-26T18:08:38.937+0000] {processor.py:186} INFO - Started process (PID=400) to work on /home/airflow/.local/lib/python3.12/site-packages/airflow/example_dags/tutorial.py
[2024-11-26T18:08:38.938+0000] {processor.py:914} INFO - Processing file /home/airflow/.local/lib/python3.12/site-packages/airflow/example_dags/tutorial.py for tasks to queue
[2024-11-26T18:08:38.940+0000] {logging_mixin.py:190} INFO - [2024-11-26T18:08:38.939+0000] {dagbag.py:588} INFO - Filling up the DagBag from /home/airflow/.local/lib/python3.12/site-packages/airflow/example_dags/tutorial.py
[2024-11-26T18:08:38.945+0000] {processor.py:925} INFO - DAG(s) 'tutorial' retrieved from /home/airflow/.local/lib/python3.12/site-packages/airflow/example_dags/tutorial.py
[2024-11-26T18:08:38.959+0000] {logging_mixin.py:190} INFO - [2024-11-26T18:08:38.959+0000] {dag.py:3239} INFO - Sync 1 DAGs
[2024-11-26T18:08:38.976+0000] {logging_mixin.py:190} INFO - [2024-11-26T18:08:38.975+0000] {dag.py:4180} INFO - Setting next_dagrun for tutorial to 2024-11-25 00:00:00+00:00, run_after=2024-11-26 00:00:00+00:00
[2024-11-26T18:08:38.989+0000] {processor.py:208} INFO - Processing /home/airflow/.local/lib/python3.12/site-packages/airflow/example_dags/tutorial.py took 0.056 seconds
[2024-11-26T18:09:09.780+0000] {processor.py:186} INFO - Started process (PID=465) to work on /home/airflow/.local/lib/python3.12/site-packages/airflow/example_dags/tutorial.py
[2024-11-26T18:09:09.781+0000] {processor.py:914} INFO - Processing file /home/airflow/.local/lib/python3.12/site-packages/airflow/example_dags/tutorial.py for tasks to queue
[2024-11-26T18:09:09.783+0000] {logging_mixin.py:190} INFO - [2024-11-26T18:09:09.783+0000] {dagbag.py:588} INFO - Filling up the DagBag from /home/airflow/.local/lib/python3.12/site-packages/airflow/example_dags/tutorial.py
[2024-11-26T18:09:09.789+0000] {processor.py:925} INFO - DAG(s) 'tutorial' retrieved from /home/airflow/.local/lib/python3.12/site-packages/airflow/example_dags/tutorial.py
[2024-11-26T18:09:09.804+0000] {logging_mixin.py:190} INFO - [2024-11-26T18:09:09.804+0000] {dag.py:3239} INFO - Sync 1 DAGs
[2024-11-26T18:09:09.821+0000] {logging_mixin.py:190} INFO - [2024-11-26T18:09:09.821+0000] {dag.py:4180} INFO - Setting next_dagrun for tutorial to 2024-11-25 00:00:00+00:00, run_after=2024-11-26 00:00:00+00:00
[2024-11-26T18:09:09.835+0000] {processor.py:208} INFO - Processing /home/airflow/.local/lib/python3.12/site-packages/airflow/example_dags/tutorial.py took 0.058 seconds
[2024-11-26T18:09:40.116+0000] {processor.py:186} INFO - Started process (PID=529) to work on /home/airflow/.local/lib/python3.12/site-packages/airflow/example_dags/tutorial.py
[2024-11-26T18:09:40.117+0000] {processor.py:914} INFO - Processing file /home/airflow/.local/lib/python3.12/site-packages/airflow/example_dags/tutorial.py for tasks to queue
[2024-11-26T18:09:40.120+0000] {logging_mixin.py:190} INFO - [2024-11-26T18:09:40.119+0000] {dagbag.py:588} INFO - Filling up the DagBag from /home/airflow/.local/lib/python3.12/site-packages/airflow/example_dags/tutorial.py
[2024-11-26T18:09:40.126+0000] {processor.py:925} INFO - DAG(s) 'tutorial' retrieved from /home/airflow/.local/lib/python3.12/site-packages/airflow/example_dags/tutorial.py
[2024-11-26T18:09:40.144+0000] {logging_mixin.py:190} INFO - [2024-11-26T18:09:40.144+0000] {dag.py:3239} INFO - Sync 1 DAGs
[2024-11-26T18:09:40.162+0000] {logging_mixin.py:190} INFO - [2024-11-26T18:09:40.162+0000] {dag.py:4180} INFO - Setting next_dagrun for tutorial to 2024-11-25 00:00:00+00:00, run_after=2024-11-26 00:00:00+00:00
[2024-11-26T18:09:40.178+0000] {processor.py:208} INFO - Processing /home/airflow/.local/lib/python3.12/site-packages/airflow/example_dags/tutorial.py took 0.066 seconds
[2024-11-26T18:10:10.757+0000] {processor.py:186} INFO - Started process (PID=592) to work on /home/airflow/.local/lib/python3.12/site-packages/airflow/example_dags/tutorial.py
[2024-11-26T18:10:10.757+0000] {processor.py:914} INFO - Processing file /home/airflow/.local/lib/python3.12/site-packages/airflow/example_dags/tutorial.py for tasks to queue
[2024-11-26T18:10:10.758+0000] {logging_mixin.py:190} INFO - [2024-11-26T18:10:10.758+0000] {dagbag.py:588} INFO - Filling up the DagBag from /home/airflow/.local/lib/python3.12/site-packages/airflow/example_dags/tutorial.py
[2024-11-26T18:10:10.764+0000] {processor.py:925} INFO - DAG(s) 'tutorial' retrieved from /home/airflow/.local/lib/python3.12/site-packages/airflow/example_dags/tutorial.py
[2024-11-26T18:10:10.778+0000] {logging_mixin.py:190} INFO - [2024-11-26T18:10:10.778+0000] {dag.py:3239} INFO - Sync 1 DAGs
[2024-11-26T18:10:10.795+0000] {logging_mixin.py:190} INFO - [2024-11-26T18:10:10.794+0000] {dag.py:4180} INFO - Setting next_dagrun for tutorial to 2024-11-25 00:00:00+00:00, run_after=2024-11-26 00:00:00+00:00
[2024-11-26T18:10:10.808+0000] {processor.py:208} INFO - Processing /home/airflow/.local/lib/python3.12/site-packages/airflow/example_dags/tutorial.py took 0.055 seconds
[2024-11-26T18:10:40.895+0000] {processor.py:186} INFO - Started process (PID=655) to work on /home/airflow/.local/lib/python3.12/site-packages/airflow/example_dags/tutorial.py
[2024-11-26T18:10:40.895+0000] {processor.py:914} INFO - Processing file /home/airflow/.local/lib/python3.12/site-packages/airflow/example_dags/tutorial.py for tasks to queue
[2024-11-26T18:10:40.896+0000] {logging_mixin.py:190} INFO - [2024-11-26T18:10:40.896+0000] {dagbag.py:588} INFO - Filling up the DagBag from /home/airflow/.local/lib/python3.12/site-packages/airflow/example_dags/tutorial.py
[2024-11-26T18:10:40.904+0000] {processor.py:925} INFO - DAG(s) 'tutorial' retrieved from /home/airflow/.local/lib/python3.12/site-packages/airflow/example_dags/tutorial.py
[2024-11-26T18:10:40.917+0000] {logging_mixin.py:190} INFO - [2024-11-26T18:10:40.917+0000] {dag.py:3239} INFO - Sync 1 DAGs
[2024-11-26T18:10:40.934+0000] {logging_mixin.py:190} INFO - [2024-11-26T18:10:40.934+0000] {dag.py:4180} INFO - Setting next_dagrun for tutorial to 2024-11-25 00:00:00+00:00, run_after=2024-11-26 00:00:00+00:00
[2024-11-26T18:10:40.949+0000] {processor.py:208} INFO - Processing /home/airflow/.local/lib/python3.12/site-packages/airflow/example_dags/tutorial.py took 0.057 seconds
[2024-11-26T18:11:11.058+0000] {processor.py:186} INFO - Started process (PID=719) to work on /home/airflow/.local/lib/python3.12/site-packages/airflow/example_dags/tutorial.py
[2024-11-26T18:11:11.059+0000] {processor.py:914} INFO - Processing file /home/airflow/.local/lib/python3.12/site-packages/airflow/example_dags/tutorial.py for tasks to queue
[2024-11-26T18:11:11.060+0000] {logging_mixin.py:190} INFO - [2024-11-26T18:11:11.060+0000] {dagbag.py:588} INFO - Filling up the DagBag from /home/airflow/.local/lib/python3.12/site-packages/airflow/example_dags/tutorial.py
[2024-11-26T18:11:11.066+0000] {processor.py:925} INFO - DAG(s) 'tutorial' retrieved from /home/airflow/.local/lib/python3.12/site-packages/airflow/example_dags/tutorial.py
[2024-11-26T18:11:11.080+0000] {logging_mixin.py:190} INFO - [2024-11-26T18:11:11.080+0000] {dag.py:3239} INFO - Sync 1 DAGs
[2024-11-26T18:11:11.098+0000] {logging_mixin.py:190} INFO - [2024-11-26T18:11:11.098+0000] {dag.py:4180} INFO - Setting next_dagrun for tutorial to 2024-11-25 00:00:00+00:00, run_after=2024-11-26 00:00:00+00:00
[2024-11-26T18:11:11.114+0000] {processor.py:208} INFO - Processing /home/airflow/.local/lib/python3.12/site-packages/airflow/example_dags/tutorial.py took 0.059 seconds
[2024-11-26T18:12:30.885+0000] {processor.py:186} INFO - Started process (PID=69) to work on /home/airflow/.local/lib/python3.12/site-packages/airflow/example_dags/tutorial.py
[2024-11-26T18:12:30.886+0000] {processor.py:914} INFO - Processing file /home/airflow/.local/lib/python3.12/site-packages/airflow/example_dags/tutorial.py for tasks to queue
[2024-11-26T18:12:30.888+0000] {logging_mixin.py:190} INFO - [2024-11-26T18:12:30.887+0000] {dagbag.py:588} INFO - Filling up the DagBag from /home/airflow/.local/lib/python3.12/site-packages/airflow/example_dags/tutorial.py
[2024-11-26T18:12:30.894+0000] {processor.py:925} INFO - DAG(s) 'tutorial' retrieved from /home/airflow/.local/lib/python3.12/site-packages/airflow/example_dags/tutorial.py
[2024-11-26T18:12:30.916+0000] {logging_mixin.py:190} INFO - [2024-11-26T18:12:30.916+0000] {dag.py:3239} INFO - Sync 1 DAGs
[2024-11-26T18:12:30.934+0000] {logging_mixin.py:190} INFO - [2024-11-26T18:12:30.934+0000] {dag.py:4180} INFO - Setting next_dagrun for tutorial to 2024-11-25 00:00:00+00:00, run_after=2024-11-26 00:00:00+00:00
[2024-11-26T18:12:30.951+0000] {processor.py:208} INFO - Processing /home/airflow/.local/lib/python3.12/site-packages/airflow/example_dags/tutorial.py took 0.070 seconds
[2024-11-26T18:13:01.467+0000] {processor.py:186} INFO - Started process (PID=133) to work on /home/airflow/.local/lib/python3.12/site-packages/airflow/example_dags/tutorial.py
[2024-11-26T18:13:01.467+0000] {processor.py:914} INFO - Processing file /home/airflow/.local/lib/python3.12/site-packages/airflow/example_dags/tutorial.py for tasks to queue
[2024-11-26T18:13:01.469+0000] {logging_mixin.py:190} INFO - [2024-11-26T18:13:01.469+0000] {dagbag.py:588} INFO - Filling up the DagBag from /home/airflow/.local/lib/python3.12/site-packages/airflow/example_dags/tutorial.py
[2024-11-26T18:13:01.475+0000] {processor.py:925} INFO - DAG(s) 'tutorial' retrieved from /home/airflow/.local/lib/python3.12/site-packages/airflow/example_dags/tutorial.py
[2024-11-26T18:13:01.491+0000] {logging_mixin.py:190} INFO - [2024-11-26T18:13:01.491+0000] {dag.py:3239} INFO - Sync 1 DAGs
[2024-11-26T18:13:01.511+0000] {logging_mixin.py:190} INFO - [2024-11-26T18:13:01.510+0000] {dag.py:4180} INFO - Setting next_dagrun for tutorial to 2024-11-25 00:00:00+00:00, run_after=2024-11-26 00:00:00+00:00
[2024-11-26T18:13:01.525+0000] {processor.py:208} INFO - Processing /home/airflow/.local/lib/python3.12/site-packages/airflow/example_dags/tutorial.py took 0.062 seconds
[2024-11-26T18:13:32.207+0000] {processor.py:186} INFO - Started process (PID=203) to work on /home/airflow/.local/lib/python3.12/site-packages/airflow/example_dags/tutorial.py
[2024-11-26T18:13:32.208+0000] {processor.py:914} INFO - Processing file /home/airflow/.local/lib/python3.12/site-packages/airflow/example_dags/tutorial.py for tasks to queue
[2024-11-26T18:13:32.210+0000] {logging_mixin.py:190} INFO - [2024-11-26T18:13:32.210+0000] {dagbag.py:588} INFO - Filling up the DagBag from /home/airflow/.local/lib/python3.12/site-packages/airflow/example_dags/tutorial.py
[2024-11-26T18:13:32.216+0000] {processor.py:925} INFO - DAG(s) 'tutorial' retrieved from /home/airflow/.local/lib/python3.12/site-packages/airflow/example_dags/tutorial.py
[2024-11-26T18:13:32.232+0000] {logging_mixin.py:190} INFO - [2024-11-26T18:13:32.232+0000] {dag.py:3239} INFO - Sync 1 DAGs
[2024-11-26T18:13:32.252+0000] {logging_mixin.py:190} INFO - [2024-11-26T18:13:32.251+0000] {dag.py:4180} INFO - Setting next_dagrun for tutorial to 2024-11-25 00:00:00+00:00, run_after=2024-11-26 00:00:00+00:00
[2024-11-26T18:13:32.267+0000] {processor.py:208} INFO - Processing /home/airflow/.local/lib/python3.12/site-packages/airflow/example_dags/tutorial.py took 0.064 seconds
[2024-11-26T18:14:02.969+0000] {processor.py:186} INFO - Started process (PID=267) to work on /home/airflow/.local/lib/python3.12/site-packages/airflow/example_dags/tutorial.py
[2024-11-26T18:14:02.970+0000] {processor.py:914} INFO - Processing file /home/airflow/.local/lib/python3.12/site-packages/airflow/example_dags/tutorial.py for tasks to queue
[2024-11-26T18:14:02.972+0000] {logging_mixin.py:190} INFO - [2024-11-26T18:14:02.972+0000] {dagbag.py:588} INFO - Filling up the DagBag from /home/airflow/.local/lib/python3.12/site-packages/airflow/example_dags/tutorial.py
[2024-11-26T18:14:02.978+0000] {processor.py:925} INFO - DAG(s) 'tutorial' retrieved from /home/airflow/.local/lib/python3.12/site-packages/airflow/example_dags/tutorial.py
[2024-11-26T18:14:02.997+0000] {logging_mixin.py:190} INFO - [2024-11-26T18:14:02.997+0000] {dag.py:3239} INFO - Sync 1 DAGs
[2024-11-26T18:14:03.016+0000] {logging_mixin.py:190} INFO - [2024-11-26T18:14:03.016+0000] {dag.py:4180} INFO - Setting next_dagrun for tutorial to 2024-11-25 00:00:00+00:00, run_after=2024-11-26 00:00:00+00:00
[2024-11-26T18:14:03.032+0000] {processor.py:208} INFO - Processing /home/airflow/.local/lib/python3.12/site-packages/airflow/example_dags/tutorial.py took 0.070 seconds
[2024-11-26T18:14:33.365+0000] {processor.py:186} INFO - Started process (PID=331) to work on /home/airflow/.local/lib/python3.12/site-packages/airflow/example_dags/tutorial.py
[2024-11-26T18:14:33.366+0000] {processor.py:914} INFO - Processing file /home/airflow/.local/lib/python3.12/site-packages/airflow/example_dags/tutorial.py for tasks to queue
[2024-11-26T18:14:33.367+0000] {logging_mixin.py:190} INFO - [2024-11-26T18:14:33.367+0000] {dagbag.py:588} INFO - Filling up the DagBag from /home/airflow/.local/lib/python3.12/site-packages/airflow/example_dags/tutorial.py
[2024-11-26T18:14:33.374+0000] {processor.py:925} INFO - DAG(s) 'tutorial' retrieved from /home/airflow/.local/lib/python3.12/site-packages/airflow/example_dags/tutorial.py
[2024-11-26T18:14:33.390+0000] {logging_mixin.py:190} INFO - [2024-11-26T18:14:33.390+0000] {dag.py:3239} INFO - Sync 1 DAGs
[2024-11-26T18:14:33.408+0000] {logging_mixin.py:190} INFO - [2024-11-26T18:14:33.408+0000] {dag.py:4180} INFO - Setting next_dagrun for tutorial to 2024-11-25 00:00:00+00:00, run_after=2024-11-26 00:00:00+00:00
[2024-11-26T18:14:33.421+0000] {processor.py:208} INFO - Processing /home/airflow/.local/lib/python3.12/site-packages/airflow/example_dags/tutorial.py took 0.060 seconds
[2024-11-26T18:15:04.100+0000] {processor.py:186} INFO - Started process (PID=395) to work on /home/airflow/.local/lib/python3.12/site-packages/airflow/example_dags/tutorial.py
[2024-11-26T18:15:04.101+0000] {processor.py:914} INFO - Processing file /home/airflow/.local/lib/python3.12/site-packages/airflow/example_dags/tutorial.py for tasks to queue
[2024-11-26T18:15:04.102+0000] {logging_mixin.py:190} INFO - [2024-11-26T18:15:04.102+0000] {dagbag.py:588} INFO - Filling up the DagBag from /home/airflow/.local/lib/python3.12/site-packages/airflow/example_dags/tutorial.py
[2024-11-26T18:15:04.108+0000] {processor.py:925} INFO - DAG(s) 'tutorial' retrieved from /home/airflow/.local/lib/python3.12/site-packages/airflow/example_dags/tutorial.py
[2024-11-26T18:15:04.123+0000] {logging_mixin.py:190} INFO - [2024-11-26T18:15:04.123+0000] {dag.py:3239} INFO - Sync 1 DAGs
[2024-11-26T18:15:04.140+0000] {logging_mixin.py:190} INFO - [2024-11-26T18:15:04.139+0000] {dag.py:4180} INFO - Setting next_dagrun for tutorial to 2024-11-25 00:00:00+00:00, run_after=2024-11-26 00:00:00+00:00
[2024-11-26T18:15:04.155+0000] {processor.py:208} INFO - Processing /home/airflow/.local/lib/python3.12/site-packages/airflow/example_dags/tutorial.py took 0.059 seconds
[2024-11-26T18:15:34.832+0000] {processor.py:186} INFO - Started process (PID=459) to work on /home/airflow/.local/lib/python3.12/site-packages/airflow/example_dags/tutorial.py
[2024-11-26T18:15:34.833+0000] {processor.py:914} INFO - Processing file /home/airflow/.local/lib/python3.12/site-packages/airflow/example_dags/tutorial.py for tasks to queue
[2024-11-26T18:15:34.834+0000] {logging_mixin.py:190} INFO - [2024-11-26T18:15:34.834+0000] {dagbag.py:588} INFO - Filling up the DagBag from /home/airflow/.local/lib/python3.12/site-packages/airflow/example_dags/tutorial.py
[2024-11-26T18:15:34.840+0000] {processor.py:925} INFO - DAG(s) 'tutorial' retrieved from /home/airflow/.local/lib/python3.12/site-packages/airflow/example_dags/tutorial.py
[2024-11-26T18:15:34.854+0000] {logging_mixin.py:190} INFO - [2024-11-26T18:15:34.854+0000] {dag.py:3239} INFO - Sync 1 DAGs
[2024-11-26T18:15:34.871+0000] {logging_mixin.py:190} INFO - [2024-11-26T18:15:34.871+0000] {dag.py:4180} INFO - Setting next_dagrun for tutorial to 2024-11-25 00:00:00+00:00, run_after=2024-11-26 00:00:00+00:00
[2024-11-26T18:15:34.884+0000] {processor.py:208} INFO - Processing /home/airflow/.local/lib/python3.12/site-packages/airflow/example_dags/tutorial.py took 0.056 seconds
[2024-11-26T18:16:05.697+0000] {processor.py:186} INFO - Started process (PID=523) to work on /home/airflow/.local/lib/python3.12/site-packages/airflow/example_dags/tutorial.py
[2024-11-26T18:16:05.698+0000] {processor.py:914} INFO - Processing file /home/airflow/.local/lib/python3.12/site-packages/airflow/example_dags/tutorial.py for tasks to queue
[2024-11-26T18:16:05.700+0000] {logging_mixin.py:190} INFO - [2024-11-26T18:16:05.699+0000] {dagbag.py:588} INFO - Filling up the DagBag from /home/airflow/.local/lib/python3.12/site-packages/airflow/example_dags/tutorial.py
[2024-11-26T18:16:05.705+0000] {processor.py:925} INFO - DAG(s) 'tutorial' retrieved from /home/airflow/.local/lib/python3.12/site-packages/airflow/example_dags/tutorial.py
[2024-11-26T18:16:05.720+0000] {logging_mixin.py:190} INFO - [2024-11-26T18:16:05.719+0000] {dag.py:3239} INFO - Sync 1 DAGs
[2024-11-26T18:16:05.736+0000] {logging_mixin.py:190} INFO - [2024-11-26T18:16:05.736+0000] {dag.py:4180} INFO - Setting next_dagrun for tutorial to 2024-11-25 00:00:00+00:00, run_after=2024-11-26 00:00:00+00:00
[2024-11-26T18:16:05.748+0000] {processor.py:208} INFO - Processing /home/airflow/.local/lib/python3.12/site-packages/airflow/example_dags/tutorial.py took 0.055 seconds
[2024-11-26T18:16:36.213+0000] {processor.py:186} INFO - Started process (PID=586) to work on /home/airflow/.local/lib/python3.12/site-packages/airflow/example_dags/tutorial.py
[2024-11-26T18:16:36.214+0000] {processor.py:914} INFO - Processing file /home/airflow/.local/lib/python3.12/site-packages/airflow/example_dags/tutorial.py for tasks to queue
[2024-11-26T18:16:36.216+0000] {logging_mixin.py:190} INFO - [2024-11-26T18:16:36.215+0000] {dagbag.py:588} INFO - Filling up the DagBag from /home/airflow/.local/lib/python3.12/site-packages/airflow/example_dags/tutorial.py
[2024-11-26T18:16:36.222+0000] {processor.py:925} INFO - DAG(s) 'tutorial' retrieved from /home/airflow/.local/lib/python3.12/site-packages/airflow/example_dags/tutorial.py
[2024-11-26T18:16:36.237+0000] {logging_mixin.py:190} INFO - [2024-11-26T18:16:36.237+0000] {dag.py:3239} INFO - Sync 1 DAGs
[2024-11-26T18:16:36.255+0000] {logging_mixin.py:190} INFO - [2024-11-26T18:16:36.255+0000] {dag.py:4180} INFO - Setting next_dagrun for tutorial to 2024-11-25 00:00:00+00:00, run_after=2024-11-26 00:00:00+00:00
[2024-11-26T18:16:36.269+0000] {processor.py:208} INFO - Processing /home/airflow/.local/lib/python3.12/site-packages/airflow/example_dags/tutorial.py took 0.059 seconds
[2024-11-26T18:17:07.008+0000] {processor.py:186} INFO - Started process (PID=650) to work on /home/airflow/.local/lib/python3.12/site-packages/airflow/example_dags/tutorial.py
[2024-11-26T18:17:07.009+0000] {processor.py:914} INFO - Processing file /home/airflow/.local/lib/python3.12/site-packages/airflow/example_dags/tutorial.py for tasks to queue
[2024-11-26T18:17:07.010+0000] {logging_mixin.py:190} INFO - [2024-11-26T18:17:07.010+0000] {dagbag.py:588} INFO - Filling up the DagBag from /home/airflow/.local/lib/python3.12/site-packages/airflow/example_dags/tutorial.py
[2024-11-26T18:17:07.017+0000] {processor.py:925} INFO - DAG(s) 'tutorial' retrieved from /home/airflow/.local/lib/python3.12/site-packages/airflow/example_dags/tutorial.py
[2024-11-26T18:17:07.031+0000] {logging_mixin.py:190} INFO - [2024-11-26T18:17:07.031+0000] {dag.py:3239} INFO - Sync 1 DAGs
[2024-11-26T18:17:07.047+0000] {logging_mixin.py:190} INFO - [2024-11-26T18:17:07.047+0000] {dag.py:4180} INFO - Setting next_dagrun for tutorial to 2024-11-25 00:00:00+00:00, run_after=2024-11-26 00:00:00+00:00
[2024-11-26T18:17:07.060+0000] {processor.py:208} INFO - Processing /home/airflow/.local/lib/python3.12/site-packages/airflow/example_dags/tutorial.py took 0.056 seconds
[2024-11-26T18:17:37.720+0000] {processor.py:186} INFO - Started process (PID=714) to work on /home/airflow/.local/lib/python3.12/site-packages/airflow/example_dags/tutorial.py
[2024-11-26T18:17:37.721+0000] {processor.py:914} INFO - Processing file /home/airflow/.local/lib/python3.12/site-packages/airflow/example_dags/tutorial.py for tasks to queue
[2024-11-26T18:17:37.722+0000] {logging_mixin.py:190} INFO - [2024-11-26T18:17:37.722+0000] {dagbag.py:588} INFO - Filling up the DagBag from /home/airflow/.local/lib/python3.12/site-packages/airflow/example_dags/tutorial.py
[2024-11-26T18:17:37.728+0000] {processor.py:925} INFO - DAG(s) 'tutorial' retrieved from /home/airflow/.local/lib/python3.12/site-packages/airflow/example_dags/tutorial.py
[2024-11-26T18:17:37.743+0000] {logging_mixin.py:190} INFO - [2024-11-26T18:17:37.743+0000] {dag.py:3239} INFO - Sync 1 DAGs
[2024-11-26T18:17:37.760+0000] {logging_mixin.py:190} INFO - [2024-11-26T18:17:37.760+0000] {dag.py:4180} INFO - Setting next_dagrun for tutorial to 2024-11-25 00:00:00+00:00, run_after=2024-11-26 00:00:00+00:00
[2024-11-26T18:17:37.773+0000] {processor.py:208} INFO - Processing /home/airflow/.local/lib/python3.12/site-packages/airflow/example_dags/tutorial.py took 0.057 seconds
[2024-11-26T18:18:08.645+0000] {processor.py:186} INFO - Started process (PID=778) to work on /home/airflow/.local/lib/python3.12/site-packages/airflow/example_dags/tutorial.py
[2024-11-26T18:18:08.645+0000] {processor.py:914} INFO - Processing file /home/airflow/.local/lib/python3.12/site-packages/airflow/example_dags/tutorial.py for tasks to queue
[2024-11-26T18:18:08.647+0000] {logging_mixin.py:190} INFO - [2024-11-26T18:18:08.647+0000] {dagbag.py:588} INFO - Filling up the DagBag from /home/airflow/.local/lib/python3.12/site-packages/airflow/example_dags/tutorial.py
[2024-11-26T18:18:08.653+0000] {processor.py:925} INFO - DAG(s) 'tutorial' retrieved from /home/airflow/.local/lib/python3.12/site-packages/airflow/example_dags/tutorial.py
[2024-11-26T18:18:08.668+0000] {logging_mixin.py:190} INFO - [2024-11-26T18:18:08.668+0000] {dag.py:3239} INFO - Sync 1 DAGs
[2024-11-26T18:18:08.684+0000] {logging_mixin.py:190} INFO - [2024-11-26T18:18:08.684+0000] {dag.py:4180} INFO - Setting next_dagrun for tutorial to 2024-11-25 00:00:00+00:00, run_after=2024-11-26 00:00:00+00:00
[2024-11-26T18:18:08.697+0000] {processor.py:208} INFO - Processing /home/airflow/.local/lib/python3.12/site-packages/airflow/example_dags/tutorial.py took 0.056 seconds
[2024-11-26T18:44:10.423+0000] {processor.py:186} INFO - Started process (PID=86) to work on /home/airflow/.local/lib/python3.12/site-packages/airflow/example_dags/tutorial.py
[2024-11-26T18:44:10.424+0000] {processor.py:914} INFO - Processing file /home/airflow/.local/lib/python3.12/site-packages/airflow/example_dags/tutorial.py for tasks to queue
[2024-11-26T18:44:10.426+0000] {logging_mixin.py:190} INFO - [2024-11-26T18:44:10.425+0000] {dagbag.py:588} INFO - Filling up the DagBag from /home/airflow/.local/lib/python3.12/site-packages/airflow/example_dags/tutorial.py
[2024-11-26T18:44:10.434+0000] {processor.py:925} INFO - DAG(s) 'tutorial' retrieved from /home/airflow/.local/lib/python3.12/site-packages/airflow/example_dags/tutorial.py
[2024-11-26T18:44:10.457+0000] {logging_mixin.py:190} INFO - [2024-11-26T18:44:10.457+0000] {dag.py:3239} INFO - Sync 1 DAGs
[2024-11-26T18:44:10.477+0000] {logging_mixin.py:190} INFO - [2024-11-26T18:44:10.477+0000] {dag.py:4180} INFO - Setting next_dagrun for tutorial to 2024-11-25 00:00:00+00:00, run_after=2024-11-26 00:00:00+00:00
[2024-11-26T18:44:10.493+0000] {processor.py:208} INFO - Processing /home/airflow/.local/lib/python3.12/site-packages/airflow/example_dags/tutorial.py took 0.074 seconds
[2024-11-26T18:44:41.046+0000] {processor.py:186} INFO - Started process (PID=167) to work on /home/airflow/.local/lib/python3.12/site-packages/airflow/example_dags/tutorial.py
[2024-11-26T18:44:41.047+0000] {processor.py:914} INFO - Processing file /home/airflow/.local/lib/python3.12/site-packages/airflow/example_dags/tutorial.py for tasks to queue
[2024-11-26T18:44:41.049+0000] {logging_mixin.py:190} INFO - [2024-11-26T18:44:41.049+0000] {dagbag.py:588} INFO - Filling up the DagBag from /home/airflow/.local/lib/python3.12/site-packages/airflow/example_dags/tutorial.py
[2024-11-26T18:44:41.056+0000] {processor.py:925} INFO - DAG(s) 'tutorial' retrieved from /home/airflow/.local/lib/python3.12/site-packages/airflow/example_dags/tutorial.py
[2024-11-26T18:44:41.070+0000] {logging_mixin.py:190} INFO - [2024-11-26T18:44:41.070+0000] {dag.py:3239} INFO - Sync 1 DAGs
[2024-11-26T18:44:41.086+0000] {logging_mixin.py:190} INFO - [2024-11-26T18:44:41.086+0000] {dag.py:4180} INFO - Setting next_dagrun for tutorial to 2024-11-25 00:00:00+00:00, run_after=2024-11-26 00:00:00+00:00
[2024-11-26T18:44:41.099+0000] {processor.py:208} INFO - Processing /home/airflow/.local/lib/python3.12/site-packages/airflow/example_dags/tutorial.py took 0.056 seconds
[2024-11-26T18:45:12.355+0000] {processor.py:186} INFO - Started process (PID=242) to work on /home/airflow/.local/lib/python3.12/site-packages/airflow/example_dags/tutorial.py
[2024-11-26T18:45:12.356+0000] {processor.py:914} INFO - Processing file /home/airflow/.local/lib/python3.12/site-packages/airflow/example_dags/tutorial.py for tasks to queue
[2024-11-26T18:45:12.357+0000] {logging_mixin.py:190} INFO - [2024-11-26T18:45:12.357+0000] {dagbag.py:588} INFO - Filling up the DagBag from /home/airflow/.local/lib/python3.12/site-packages/airflow/example_dags/tutorial.py
[2024-11-26T18:45:12.363+0000] {processor.py:925} INFO - DAG(s) 'tutorial' retrieved from /home/airflow/.local/lib/python3.12/site-packages/airflow/example_dags/tutorial.py
[2024-11-26T18:45:12.377+0000] {logging_mixin.py:190} INFO - [2024-11-26T18:45:12.377+0000] {dag.py:3239} INFO - Sync 1 DAGs
[2024-11-26T18:45:12.394+0000] {logging_mixin.py:190} INFO - [2024-11-26T18:45:12.394+0000] {dag.py:4180} INFO - Setting next_dagrun for tutorial to 2024-11-25 00:00:00+00:00, run_after=2024-11-26 00:00:00+00:00
[2024-11-26T18:45:12.408+0000] {processor.py:208} INFO - Processing /home/airflow/.local/lib/python3.12/site-packages/airflow/example_dags/tutorial.py took 0.057 seconds
[2024-11-26T18:45:44.268+0000] {processor.py:186} INFO - Started process (PID=317) to work on /home/airflow/.local/lib/python3.12/site-packages/airflow/example_dags/tutorial.py
[2024-11-26T18:45:44.268+0000] {processor.py:914} INFO - Processing file /home/airflow/.local/lib/python3.12/site-packages/airflow/example_dags/tutorial.py for tasks to queue
[2024-11-26T18:45:44.271+0000] {logging_mixin.py:190} INFO - [2024-11-26T18:45:44.270+0000] {dagbag.py:588} INFO - Filling up the DagBag from /home/airflow/.local/lib/python3.12/site-packages/airflow/example_dags/tutorial.py
[2024-11-26T18:45:44.279+0000] {processor.py:925} INFO - DAG(s) 'tutorial' retrieved from /home/airflow/.local/lib/python3.12/site-packages/airflow/example_dags/tutorial.py
[2024-11-26T18:45:44.298+0000] {logging_mixin.py:190} INFO - [2024-11-26T18:45:44.297+0000] {dag.py:3239} INFO - Sync 1 DAGs
[2024-11-26T18:45:44.325+0000] {logging_mixin.py:190} INFO - [2024-11-26T18:45:44.324+0000] {dag.py:4180} INFO - Setting next_dagrun for tutorial to 2024-11-25 00:00:00+00:00, run_after=2024-11-26 00:00:00+00:00
[2024-11-26T18:45:44.346+0000] {processor.py:208} INFO - Processing /home/airflow/.local/lib/python3.12/site-packages/airflow/example_dags/tutorial.py took 0.083 seconds
[2024-11-26T18:46:15.106+0000] {processor.py:186} INFO - Started process (PID=392) to work on /home/airflow/.local/lib/python3.12/site-packages/airflow/example_dags/tutorial.py
[2024-11-26T18:46:15.107+0000] {processor.py:914} INFO - Processing file /home/airflow/.local/lib/python3.12/site-packages/airflow/example_dags/tutorial.py for tasks to queue
[2024-11-26T18:46:15.109+0000] {logging_mixin.py:190} INFO - [2024-11-26T18:46:15.109+0000] {dagbag.py:588} INFO - Filling up the DagBag from /home/airflow/.local/lib/python3.12/site-packages/airflow/example_dags/tutorial.py
[2024-11-26T18:46:15.115+0000] {processor.py:925} INFO - DAG(s) 'tutorial' retrieved from /home/airflow/.local/lib/python3.12/site-packages/airflow/example_dags/tutorial.py
[2024-11-26T18:46:15.133+0000] {logging_mixin.py:190} INFO - [2024-11-26T18:46:15.133+0000] {dag.py:3239} INFO - Sync 1 DAGs
[2024-11-26T18:46:15.152+0000] {logging_mixin.py:190} INFO - [2024-11-26T18:46:15.152+0000] {dag.py:4180} INFO - Setting next_dagrun for tutorial to 2024-11-25 00:00:00+00:00, run_after=2024-11-26 00:00:00+00:00
[2024-11-26T18:46:15.168+0000] {processor.py:208} INFO - Processing /home/airflow/.local/lib/python3.12/site-packages/airflow/example_dags/tutorial.py took 0.065 seconds
